101 Collins Street
1100 Louisiana
120 Collins Street
1251 Avenue of the Americas
191 Peachtree Tower
20 Exchange Place
21st Century Tower
225 South Sixth
30 Hudson Street
311 South Wacker Drive
60 Wall Street
900 North Michigan
Al Faisaliyah Center
American International Building
Aon Center
Aon Center
AT&T Corporate Center
AXA Center
Baiyoke Tower II
Bank of America Center
Bank of America Center
Bank of America Corporate Center
Bank of America Plaza
Bank of America Plaza
Bank of China Mansion
Bank of China Tower
Bank of China Tower
Bank of Shanghai Headquarters
Bank One Center
Bear Stearns World Headquarters
Beijing Yintai Centre Tower 2
Bell Atlantic Tower
Bloomberg Tower
Bocom Financial Towers
Burj Al Arab
Capital Tower
Carnegie Hall Tower
Centerpoint Energy Plaza
Central Park
Central Plaza
Chase Tower
Chase Tower
Chelsea Tower
Cheung Kong Centre
Chicago Title and Trust Building
Chifley Tower
Chongqing World Trade Center
Chrysler Building
CITIC Plaza
Citigroup Center
Citigroup Centre
City Gate
CitySpire Centre
Columbia Center
Commerce Court West
Commerzbank Tower
Conde Nast Building
Cosco Tower
Dalian World Trade Center
Dapeng International Plaza
Deutsche Bank Place
Emirates Office Tower
Empire State Building
Empire Tower
Empire Tower 1
Eureka Tower
First Canadian Place
Four Seasons Hotel & Tower
Gas Company Tower
GE Building
Golden Business Center
Governor Phillip Tower
Grand Gateway Shanghai I
Grand Gateway Shanghai II
Hangzhou No.2 Telecom Hub
Heritage Plaza
Highcliff
Hong Kong New World Tower
IDS Tower
International Ocean Shipping Building
Jiali Plaza
Jin Mao Tower
John Hancock Center
John Hancock Tower
JPMorgan Chase Tower
JR Central Hotel Tower
JR Central Office Tower
Jumeirah Emirates Towers Hotel
Key Tower
Kingdom Centre
KLI 63 Building
Langham Place Office Tower
Manulife Plaza
Maxdo Centre
Mellon Bank Center
Menara KOMTAR
Menara Maybank
Menara Telekom
MesseTurm
MetLife Building
Minsheng Bank Building
MLC Centre
Mok-dong Hyperion I Tower
Mok-dong Hyperion I Tower
Moscow State University
New Century Plaza Tower A
Nina Tower I
NTT DoCoMo Yoyogi Building
One Astor Plaza
One Atlantic Center
One Canada Square
One Chase Manhattan Plaza
One Liberty Place
One Liberty Plaza
One Penn Plaza
One Raffles Quay North Tower
One Worldwide Plaza
Osaka World Trade Center Building
OUB Centre
Palace of Culture and Science
Panglin Plaza
Park Tower
PBCOM Tower
Petronas Tower 1
Petronas Tower 2
Plaza 66
Post & Telecommunication Hub
Prudential Tower
Q1
Renaissance Tower
Republic Plaza
Rialto Towers
Rinku Gate Tower Building
Roppongi Hills Mori Tower
RSA Battlehouse Tower
Ryugyong Hotel
Samsung Tower Palace 3 - Tower G
Scotia Plaza
Sears Tower
SEG Plaza
Seven World Trade Center
Shenzhen Special Zone Press Tower
Shenzhen World Trade Center
Shimao International Plaza
Shin Kong Life Tower
Shinjuku Mitsui Building
Shinjuku Park Tower
Shun Hing Square
Sorrento 1
Sorrento 2
State Tower
Sunshine 60 Building
SunTrust Plaza
Suzhou Xindi Center
Swissotel The Stamford
Swissôtel The Stamford
Taipei 101
TD Canada Trust Tower
Temasek Tower
The Arch
The Belcher's Tower 5
The Belcher's Tower 6
The Centre
The Harbourfront Landmark
The Harbourside
The Sail @ Marina Bay
The Tower
The Trump Building
Three First National Plaza
Three World Financial Center
Tianjin Xinda Plaza
Time Warner Center North Tower
Time Warner Center South Tower
Tokyo City Hall, Tower I
Tokyo Opera City Tower
Tomorrow Square
Torre Mayor
Tower Palace One, Tower B
Trade Tower
Transamerica Pyramid
Triumph-Palace
Trump World Tower
Tuntex Sky Tower
Two California Plaza
Two International Finance Centre
Two Liberty Place
Two Prudential Plaza
Two Union Square
U.S. Steel Tower
UOB Plaza One
US Bank Tower
Wachovia Financial Center
Washington Mutual Tower
Water Tower Place
Wells Fargo Center
Wells Fargo Plaza
Williams Tower
Wisma 46
Woolworth Building
World Tower
Wuhan World Trade Tower
Yokohama Landmark Tower
