A.B.
A.G.
A/L
A/S
AB
AENP
AG
AG & COKG
AG & Co KG
AG &AMP; COKG
AG &AMP; Co KG
AMBA
ASSOCIATES
AY
Ab
Ag
Associates
Ay
B.V.
BHD
BROS
BROTHERS
BV
Bhd
Bros
Brothers
Bv
C.V.
C.de R.L.
C.por A.
CDERL
CO
COOP
COOPERATIVE
CORP
CORPORATION
COS
CPORA
CV
Co
Co-op
Co-operative
Compagnie
Company
Coop
Cooperative
Corp
Corp.
Corporation
Cos
Cos.
EGMBH
G.M.B.H.
G.S.C.
G.m.b.H.
G.m.b.H.& CO, KG
G.m.b.H.&AMP; CO, KG
GMBH
GMBH & COKG
GMBH &AMP; COKG
GSC
GmbH
Gmbh
HMIG
HVER
INC
INCORPORATED
INDUSTRIES
Inc
Incorporated
Industries
Kk
L.L.C.
L.P.
LDA
LIMITADA
LIMITED
LLC
LP
LTD
Limitada
Limited
Lp
Ltd
M.B.H.
MBH
MBH & COKG
MBH &AMP; COKG
MIJ
Mfg
N.A.
N.V.
NA
NV
Na
Nv
OY
OYAB
Oy
PERJAN
PERSERO
PERUM
PLC
PN
PP
PT
PTE LTD
PTY
PTY LTD
Plc
Pte ltd
Pty
Pty ltd
S.A.
S.A.C.
S.A.L.
S.A.R.L.
S.P.A.
S.p.A.
SA
SAC
SAL
SARL
SPA
SV
Sa
Societe
Société
Sons
Sons Co
Spa
TECHNOLOGIES
Technologies
corp
eGmbh
gGmbH
m.b.H.
m.b.H.& CO, KG
m.b.H.&AMP; CO, KG
mbH
mbh
plc
