A.S.I.
AIR FORCE
ARMY
ASI
Advanced Research Projects Agency
Aeronautica Civil
Air Force
Army
Army Corps
Army Corps of Engineers
C.S.A.
CSA
Canada Post
Canadian Space Agency
Chamber of Commerce
Chamber of Commerce and Industry
Circuit Court of Appeals
Coast Guard
Congressional Black Caucus
Conservative Party
Conservatives
Court of Appeals
DARPA
DOT
DTI
Defense Advanced Research Projects Agency
FAA
FBI
FDIC
Federal Aviation Administration
Federal Bureau of Investigation
Federal Communications Commission
Federal Emergency Management Agency
Federal Energy Regulatory Commission
Federal Mediation and Conciliation Service
Federal Reserve
Federal Reserve Bank
Financial Accounting Standards Board
Foreign Office
GCHQ
GOP
Goddard Space Flight Center
HUD
Home Office
Housing and Urban Development
IRS
Inland Revenue
Internal Revenue Service
Italian Space Agency
JPL
Jet Propulsion Laboratories
Jet Propulsion Laboratory
Jet Propulsion Labs
Labour Government
Labour Party
Liberal Democrat Party
Liberal Democrats
N.A.S.D.A.
NASA
NASDA
NAVY
NCSL
NRL
NTSB
National Aeronautics and Space Administration
National Bureau of Economic Research
National Conference of State Legislators
National Conference of State Legislatures
National Guard
National Labor Relations Board
National Mediation Board
National Mediation Service
National Ocean Service
National Space Development Agency Of Japan
National Space Development Agency of Japan
National Transportation Safety Board
National Weather Service
Naval
Naval Academy
Naval Operations
Naval Research Lab
Naval Research Laboratories
Naval Research Laboratory
Naval Research Labs
Navy
PENTAGON
Parliament
Pentagon
Police
Postal Service
SDP
S D P
SEC
S E C
Sandia
Sandia National Laboratories
Sandia National Laboratory
Sandia National Labs
Secret Service
Securities and Exchange Commission
Senate
Small Business Administration
The Fed
Tories
Tory Government
Tory Party
U.S. Naval Academy
Unicef
White House
the Fed
the House
the Police

