This file contains any messages produced by compilers while
running configure, to aid debugging if configure makes a mistake.

configure:734: checking for a BSD compatible install
configure:787: checking whether build environment is sane
configure:844: checking whether make sets ${MAKE}
configure:890: checking for working aclocal
configure:903: checking for working autoconf
configure:916: checking for working automake
configure:929: checking for working autoheader
configure:942: checking for working makeinfo
configure:970: checking for gcc
configure:1083: checking whether the C compiler (gcc  ) works
configure:1099: gcc -o conftest    conftest.c  1>&5
configure:1125: checking whether the C compiler (gcc  ) is a cross-compiler
configure:1130: checking whether we are using GNU C
configure:1158: checking whether gcc accepts -g
configure:1194: checking for c++
configure:1226: checking whether the C++ compiler (c++  ) works
configure:1242: c++ -o conftest    conftest.C  1>&5
configure:1268: checking whether the C++ compiler (c++  ) is a cross-compiler
configure:1273: checking whether we are using GNU C++
configure:1301: checking whether c++ accepts -g
configure:1350: gcc -c -g -O2  conftest.c 1>&5
configure:1367: gcc -c -g -O2  conftest.c 1>&5
configure: In function 'main':
configure:1363:1: warning: incompatible implicit declaration of built-in function 'exit' [enabled by default]
configure:1384: checking how to run the C preprocessor
configure:1465: checking whether gcc needs -traditional
configure:1511: checking whether make sets ${MAKE}
configure:1545: checking host system type
configure:1567: checking for Cygwin environment
configure:1600: checking for mingw32 environment
configure:1698: checking build system type
configure:1727: checking for ld used by GCC
configure:1795: checking if the linker (/usr/bin/ld) is GNU ld
configure:1812: checking for /usr/bin/ld option to reload object files
configure:1824: checking for BSD-compatible nm
configure:1862: checking whether ln -s works
configure:1883: checking how to recognise dependant libraries
configure:2056: checking for object suffix
configure:2082: checking for executable suffix
configure:2123: checking command to parse /usr/bin/nm -B output
configure:2299: checking for dlfcn.h
configure:2477: checking for ranlib
configure:2544: checking for strip
configure:3052: checking for objdir
configure:3079: checking for gcc option to produce PIC
configure:3231: checking if gcc PIC flag                   -fPIC works
configure:3297: checking if gcc static flag -static works
configure:3339: checking if gcc supports -c -o file.o
configure:3387: checking if gcc supports -c -o file.lo
configure:3452: checking if gcc supports -fno-rtti -fno-exceptions
configure:3465: gcc -c -g -O2 -fno-rtti -fno-exceptions -c conftest.c  conftest.c 1>&5
cc1: warning: command line option '-fno-rtti' is valid for C++/ObjC++ but not for C [enabled by default]
cc1: warning: command line option '-fno-rtti' is valid for C++/ObjC++ but not for C [enabled by default]
configure:3492: checking whether the linker (/usr/bin/ld) supports shared libraries
configure:4108: checking how to hardcode library paths into programs
configure:4136: checking whether stripping libraries is possible
configure:4150: checking dynamic linker characteristics
configure:4536: checking if libtool supports shared libraries
configure:5029: checking whether -lc should be explicitly linked in
configure:5628: checking for strerror in -lcposix
configure:5678: checking how to run the C++ preprocessor
configure:5721: checking for ANSI C header files
configure:5829: checking for stdio.h
configure:5829: checking for string.h
configure:5829: checking for math.h
configure:5829: checking for stdlib.h
configure:5829: checking for unistd.h
configure:5829: checking for ctype.h
configure:5829: checking for getopt.h
configure:5829: checking for sys/types.h
configure:5829: checking for sys/times.h
configure:5829: checking for windows.h
configure:5867: checking for pid_t
configure:5900: checking for size_t
configure:5934: checking for pow in -lm
configure:5984: checking for exp in -lm
configure:6037: checking for isspace
configure:6037: checking for getopt
configure:6037: checking for getopt_long
configure:6037: checking for memset
configure:6037: checking for bzero
configure:6037: checking for memcpy
configure:6037: checking for bcopy
configure:6094: checking whether make is GNU Make
configure:6369: checking if c++ supports template <class T> (required)
configure:6384: c++ -c -Wall -O9 -funroll-all-loops -finline -ffast-math  conftest.C 1>&5
configure:6403: checking if c++ supports const_cast<> (required)
configure:6417: c++ -c -Wall -O9 -funroll-all-loops -finline -ffast-math  conftest.C 1>&5
configure: In function 'int main()':
configure:6412:9: warning: unused variable 'c1' [-Wunused-variable]
configure:6436: checking if c++ supports static_cast<> (required)
configure:6450: c++ -c -Wall -O9 -funroll-all-loops -finline -ffast-math  conftest.C 1>&5
configure: In function 'int main()':
configure:6445:10: warning: unused variable 'c1' [-Wunused-variable]
configure:6469: checking if c++ supports dynamic_cast<> (required)
configure:6484: c++ -c -Wall -O9 -funroll-all-loops -finline -ffast-math  conftest.C 1>&5
configure: In function 'int main()':
configure:6479:9: warning: unused variable 'c1' [-Wunused-variable]
configure:6503: checking if c++ supports bool (required)
configure:6516: c++ -c -Wall -O9 -funroll-all-loops -finline -ffast-math  conftest.C 1>&5
configure: In function 'int main()':
configure:6510:9: warning: unused variable 'b' [-Wunused-variable]
configure:6511:9: warning: unused variable 'b1' [-Wunused-variable]
configure:6535: checking if c++ supports namespaces (required) 
configure:6549: c++ -c -Wall -O9 -funroll-all-loops -finline -ffast-math  conftest.C 1>&5
configure: In function 'int main()':
configure:6544:3: warning: unused variable 'a' [-Wunused-variable]
configure:6569: checking if c++ uses std namespace 
configure:6584: c++ -c -Wall -O9 -funroll-all-loops -finline -ffast-math  conftest.C 1>&5
configure:6640: checking if c++ environment provides all required features
configure:6682: checking for java
configure:6721: checking for javac
configure:6760: checking for jar
configure:6794: checking for java include file jni.h
