Aaliyah
Aba
Ababuo
Abagbe
Abaigeal
Abana
Abayomi
Abbey
Abbie
Abby
Abebi
Abegaila
Abeje
Abeke
Abelia
Abena
Abeni
Abeo
Abha
Abichayil
Abidemi
Abiela
Abigail
Abigayil
Abihail
Abikanile
Abilene
Abimbola
Abiona
Acacia
Acantha
Acenith
Achala
Achava
Achsah
Ada
Adah
Adalgisa
Adalheid
Adalina
Adaline
Adamma
Adara
Addiel
Addolorata
Adebola
Adedagbo
Adela
Adelaida
Adele
Adeleke
Adelina
Adeline
Adeola
Adesimbo
Adesina
Adhika
Adhita
Adia
Adiel
Adira
Adonia
Adora
Adorable
Adowa
Adria
Adriana
Adrianna
Adrianne
Adrienne
Adzo
Aegea
Aemilia
Aeola
Aerin
Aesha
Afafa
Afiya
Afryea
Afua
Agalia
Agata
Agatha
Agathe
Ageneti
Aghna
Agnella
Agnes
Agnieszka
Ah-lam
Ahalya
Ahavah
Ahilya
Ahonui
Ahulani
Ahyana
Aideen
Aifric
Aigneis
Aikaterine
Aiko
Aileen
Ailianna
Ailis
Aimee
Aimiliona
Aina
Ainakea
Ainalani
Ainanani
Aingeal
Airina
Airyn
Aisha
Aiyetoro
Aja
Ajalaa
Ajeya
Aka
Aka'ula
Akahana
Akahele
Akako
Akala
Akamai
Akanke
Akasuki
Akeakamai
Akemi
Akhila
Akilah
Akilina
Akosua
Akua
Akwete
Akwokwo
Alaba
Alaina
Alake
Alala
Alana
Alannah
Alannis
Alastrina
Alastriona
Alaula
Alba
Alcinda
Aldora
Alease
Alebeta
Alecx
Alei
Alekanederina
Alema
Alena
Alesa
Alessa
Alessandra
Alessia
Alethea
Aletia
Alexa
Alexandra
Alexandria
Alexia
Alexine
Alfreda
Alice
Alicia
Alida
Alile
Alina
Alinda
Aline
Alisa
Alisha
Alison
Alissa
Alitzah
Alke
Allannah
Allegra
Allegria
Allie
Allison
Ally
Allyson
Alma
Alohalani
Alohanani
Alohilani
Aloisia
Aloka
Alona
Alpha
Althaia
Althea
Althena
Aluna
Alysen
Alyson
Alyssa
Alzbeta
Ama
Amadi
Amala
Amalia
Amana
Amanda
Amarante
Amaranth
Amariah
Amarjaa
Amaryllis
Amber
Amberlee
Ambika
Ambre
Ambrosia
Ambrosina
Amee
Amelia
Amelina
Amethyst
Amice
Amidah
Amiela
Amilee
Amina
Aminah
Amira
Amisha
Amity
Amoli
Amparo
Amy
Amy-Sue
Ana
Anadaria
Anais
Anala
Analise
Anastasia
Anastazie
Anatasia
Anatolia
Anatonia
Andela
Andra
Andrea
Andria
Andriana
Andrine
Andromeda
Andromede
Anela
Anemone
Anezka
Anganaa
Angel
Angela
Angele
Angelica
Angelika
Angeliki
Angelina
Angelique
Angie
Angyalka
Angèle
Ani
Ania
Aniana
Anike
Aniko
Anila
Anima
Anise
Anisha
Anita
Anitara
Anke
Ann
Anna
Annabel
Annabelle
Annabeth
Annalee
Annaliese
Annalisa
Anne
Anneli
Annella
Annemarie
Annessa
Annette
Annick
Annie
Annis
Annitta
Annmarie
Annunziata
Anselma
Anthea
Antheia
Antje
Antoinette
Antonella
Antonia
Anuerin
Anuhea
Anuli
Anura
Anusheela
Anya
Aoi
Aolani
Aperila
Aphrael
Aphrodite
Apolline
Apollonia
Apphia
Apple
Apsara
Ara
Arabella
Aracelis
Aradhana
Aran
Arana
Arete
Aretha
Aria
Ariadne
Ariane
Arianna
Arianne
Arieh
Arielle
Arlene
Arlie
Artemisia
Artia
Aruna
Arunika
Asabi
Asako
Asceline
Asenata
Asenath
Asha
Ashling
Ashni
Ashura
Asisya
Asma
Asmee
Aspasia
Assumpta
Assunta
Asta
Astaroth
Aster
Astra
Astrid
Astrithr
Asya
Atalante
Atarah
Athalia
Athanasia
Athena
Aubrey
Aude
Audere
Audra
Auguseta
Augusta
Augusteen
Auina
Aura
Aure
Aurelia
Aurora
Aurore
Ava
Avani
Aveline
Aveza
Avia
Avila
Avra
Avril
Ayah
Ayako
Ayameko
Ayelet
Ayesha
Ayobunmi
Ayodele
Ayofemi
Ayoka
Ayoluwa
Ayoola
Ayumi
Azaria
Aziza
Azuba
Azucena
Baako
Baba
Bacall
Bachiko
Baderinwa
Badriyyah
Bahaar
Bahati
Bahija
Bahira
Bairbre
Bakara
Bakul
Bakura
Balbina
Balinka
Bambi
Bambina
Banan
Banhi
Banita
Bano
Baptista
Baptiste
Barbara
Barbie
Barbora
Barbro
Bari
Barika
Barkait
Barran
Bashiyra
Basila
Basima
Basma
Bastienne
Bat
Bateseba
Bathilda
Bathsheba
Bathshua
Batini
Batya
Batzra
Bayo
Bea
Bearnas
Beata
Beatarisa
Beate
Beatha
Beathag
Beatrice
Beatrissa
Beatrix
Bebhinn
Becca
Bechira
Becki
Becky
Bedelia
Bedriska
Beeja
Beitidh
Beitiris
Bejide
Bela
Belia
Beliarosa
Belinda
Bella
Belle
Belva
Benedetta
Benedikta
Benedykta
Benigna
Benita
Bente
Berachah
Berdine
Berecyntia
Berenadeta
Berenice
Berenike
Berent
Bereta
Bernadette
Bernardine
Berneen
Bernice
Bernita
Berrin
Berta
Bertha
Berthe
Beruchiya
Beryl
Bess
Bessie
Bet
Beta
Beth
Bethan
Bethany
Bethel
Betrys
Betsabe
Betsy
Bettina
Betty
Betuel
Betula
Betulah
Betya
Beulah
Bev
Beverley
Beverly
Beverlyn
Bevin
Bhamini
Bhanumati
Bharati
Bhavika
Bhictoria
Bhuma
Bhumika
Bianca
Bibi
Bibiane
Bich
Bidelia
Bidina
Bilhah
Billie Jo
Bina
Binali
Binyamina
Bionda
Bira
Birdie
Birgit
Birgitta
Birigita
Bithiah
Bithynia
Bjork
Blahe
Blair
Blanca
Blanche
Blanka
Blath
Blathnaid
Bliss
Blodwen
Blythe
Boadicea
Bobbie
Bobina
Bobo
Bodil
Bogdana
Bogumila
Boguslawa
Bohdana
Boinaiv
Bolade
Bolanile
Boleslawa
Bona
Bong-Cha
Bonita
Bonnie
Borbala
Borgny
Boupha
Bozidara
Braelyn
Brande
Brandi
Brandy
Branwen
Breeda
Brenda
Brenna
Bretislava
Briana
Briann
Brianna
Brianne
Bride
Bridget
Brieanna
Brigantia
Brighid
Brigida
Brigitte
Briseis
Brites
Britney
Britta
Brittany
Brittian
Bronislava
Bronwen
Bruna
Brunella
Brunette
Brunhilde
Brygid
Brylieva
Brynhild
Bryony
Bua
Buffy
Bunmi
Bunny
Buseje
Buthayna
Byhalia
Cabalina
Cachay
Caci
Cacilia
Cadi
Cai
Caimile
Cainwen
Cairistiona
Cait
Caitir
Caitlin
Caitria
Caitriona
Calandra
Calantha
Caledonia
Caleigh
Calida
Caliopa
Calla
Calle
Calli
Callie
Callifae
Calligenia
Callirrhoe
Callista
Caltha
Calumina
Camelia
Camella
Cami
Camila
Camilla
Camille
Cammi
Cammie
Cammy
Canaedea
Candace
Candee
Candelaria
Candi
Candice
Candida
Candie
Candis
Candita
Candra
Canducha
Candy
Cantara
Caparina
Capri
Caprice
Cara
Caren
Caresse
Cari
Carilla
Carin
Carina
Carine
Carisa
Carissa
Carita
Carla
Carlana
Carlee
Carleigh
Carlen
Carlene
Carley
Carlie
Carlin
Carline
Carling
Carlita
Carlota
Carlotta
Carly
Carma
Carmania
Carmea
Carmel
Carmela
Carmeli
Carmelina
Carmelita
Carmella
Carmen
Carmencita
Carmia
Carmie
Carmilina
Carmina
Carmita
Carmiya
Carmy
Carna
Carni
Carnia
Carniela
Carny
Caro
Carol
Carola
Caroliana
Carolina
Caroline
Carolyn
Caron
Caroon
Carrie
Carrol
Carrola
Carry
Carsten
Caryl
Carys
Casiphia
Cassandra
Cassandre
Cassarah
Cassia
Cassie
Castalia
Cat
Catalina
Catarina
Catava
Cate
Caterina
Cath
Catharina
Catharine
Catherine
Cathie
Cathleen
Cathlin
Cathryn
Cathweg
Cathwg
Cathy
Catie
Catlee
Catlin
Catrena
Catrin
Catrina
Catriona
Cavanna
Caye
Cayoya
Ceara
Cecca
Ceccarella
Cecelia
Cecile
Cecilia
Cecilie
Cecily
Cecina
Ceit
Ceiteag
Celadonia
Celandine
Cele
Celena
Celene
Celesta
Celeste
Celestina
Celestine
Celestyn
Celestyna
Celia
Celie
Celina
Celinda
Celinde
Celine
Celinee
Cella
Celvia
Cendrine
Cerella
Ceres
Ceridwen
Cerise
Cevanna
Chaanach
Chafsiya
Chahna
Chaitali
Chaitra
Chalcedony
Chalese
Chamania
Chameli
Chan
Chanda
Chandani
Chandelle
Chandi
Chandni
Chandra
Chandrakanta
Chandrima
Chandrjaa
Chanel
Chania
Chanina
Chanit
Channa
Channary
Chantal
Chantel
Chanterelle
Chantil
Chantou
Chantrea
Chanya
Chaonaine
Chapa
Chapawee
Charis
Charise
Charisma
Charissa
Charita
Charity
Charla
Charlaine
Charleen
Charlene
Charlie
Charlina
Charline
Charlot
Charlotta
Charlotte
Charly
Charmain
Charmaine
Charmian
Charmion
Charna
Charnette
Charron
Charu
Charumati
Charyl
Chashmona
Chasia
Chasida
Chasina
Chastity
Chau
Chausiku
Chava
Chavi
Chaya
Chazmin
Chazona
Chedra
Cheftziya
Cheifa
Cheiron
Chel
Chelle
Chelsea
Chelsey
Chemda
Chemdiah
Chenia
Chenoa
Cher
Chere
Cheri
Cherie
Cheril
Cherilyn
Cherisa
Cherise
Cherish
Cherlyn
Chermona
Cherry
Cheryl
Cheryll
Chesna
Chevonne
Chiara
Chiba
Chichi
Chika
Chikako
Chiku
Chilali
Chimalis
Chimene
Chin-Sun
Chinue
Chipo
Chiriga
Chita
Chitsa
Chiyo
Chiyoko
Chizu
Chizuko
Chloe
Chloris
Cho
Choko
Chola
Cholena
Chonsie
Choomia
Choon-Hee
Choyo
Chrislyne
Chrispy
Chrissie
Chrissy
Christa
Christabel
Christal
Christel
Christelle
Christiana
Christiane
Christianne
Christie
Christin
Christina
Christine
Christinha
Christy
Chrysanta
Chryssa
Chrystal
Chryste
Chu Hua
Chuki
Chula
Chulda
Chuma
Chumani
Chunbai
Chung-Ae
Chung-Cha
Ciannait
Ciara
Ciarra
Cicely
Cicily
Ciel
Ciera
Cierra
Cilehe
Cili
Cilicia
Cilka
Cilla
Cinda
Cindi
Cindie
Cindra
Cindy
Cinnamon
Cinofila
Cinthia
Cinzia
Cipriana
Cissie
Cissy
Claire
Clairette
Clara
Clarabelle
Clare
Clarenda
Clareta
Clarey
Claribel
Clarice
Clarin
Clarina
Clarinda
Clarine
Clarisa
Clarissa
Clarita
Clarivel
Clarotte
Clarrissa
Clary
Claudette
Claudia
Claudina
Claudine
Clea
Clematia
Clemence
Clemencia
Clementine
Cleo
Cleopatra
Cliodhna
Clo
Clorinda
Clothilde
Clotilda
Clovia
Clytie
Coahoma
Cocheta
Coelfinnia
Cohila
Colanda
Coleen
Colena
Colene
Coletta
Colette
Colie
Colleen
Collette
Colline
Colly
Colomba
Colombe
Colombina
Con
Concepcion
Concetta
Conchobarre
Concordia
Connie
Connie-Lynne
Conny
Conseja
Consilia
Consolacion
Consolata
Constacia
Constance
Constancy
Constantia
Constantina
Constantine
Constanza
Constanze
Consuela
Consuelo
Cora
Corah
Coral
Coralie
Corazon
Cordelia
Cordula
Coreen
Corene
Coretta
Corette
Cori
Corina
Corine
Corinna
Corinne
Corliss
Corn
Cornela
Cornelia
Cornella
Cornelle
Cornie
Cornilia
Corona
Corynn
Coseta
Cosima
Courteney
Cozette
Creirwy
Crescentia
Cressa
Cressida
Cressie
Crissie
Crissy
Cristen
Cristina
Cristiona
Cristy
Cruza
Crystal
Cybele
Cybil
Cybill
Cybille
Cyd
Cyma
Cymone
Cynara
Cyndel
Cyndi
Cyndie
Cyndy
Cynsa
Cynth
Cyntheria
Cynthia
Cypria
Cyra
Cyrene
Cyrille
Cytherea
Czenzi
D'Arcy
Da-xia
Daciana
Daffodil
Dagmar
Dagna
Dagny
Dahlia
Dai
Daisy
Dakarai
Dalibora
Dalila
Dalili
Dalya
Damalis
Damaris
Damayanti
Damhnait
Damia
Damiana
Danacia
Danae
Danean
Danell
Danette
Dania
Daniah
Danica
Daniela
Danielle
Danika
Danita
Danna
Dannah
Danni
Danniela
Dannii
Danuta
Danya
Dao-ming
Daphne
Dara
Darah
Darbi
Darcee
Darenda
Daria
Darice
Darie
Darla
Darleen
Darlene
Darlonna
Darpitaa
Darsey
Darsha
Darshelle
Dasha
Datiah
Davina
Daw
Dawn
Dayaa
Dayanita
Dayna
Dayo
Deandra
Deanna
Deanne
Deavon
Deb
Debbie
Debby
Deborah
Debra
Decembra
Decla
Deeann
Deema
Deena
Deianira
Deidre
Deirdre
Deitra
Dela
Delaney
Delfina
Delia
Delicia
Delilah
Delja
Della
Delores
Deloris
Delphia
Delphine
Delphinia
Delwyn
Delyth
Demetria
Demi
Dena
Denell
Denise
Deolinda
Dervila
Desiree
Desta
Destina
Destiny
Deva
Devahuti
Devaki
Deval
Devanee
Devasha
Devi
Devika
Devin
Devnet
Devorah
Devorgilla
Deyanira
Dezba
Dhanadaa
Dhara
Dharinee
Dharitri
Dhavala
Di
Diana
Diane
Dianna
Diantha
Diederike
Dieu-Kiem
Dija
Dilwen
Dilys
Dimona
Dina
Dinah
Dione
Dionisa
Dionne
Disa
Divonah
Divya
Dixie
Dmyphnah
Dobrila
Dobromila
Dobromira
Dobroslava
Dofi
Doireann
Doli
Dolly
Dolores
Dominika
Domino
Domitilla
Donalda
Donata
Donatella
Dondi
Donella
Donna
Donnag
Donoma
Donya
Dora
Dorean
Doreen
Doreka
Dores
Doretta
Doria
Dorie
Dorina
Dorinda
Dorinnia
Doris
Dorolinda
Dorota
Dorotea
Dorothea
Dorothee
Dorothy
Dorothya
Dosya
Doto
Dottie
Doveva
Dowanhowee
Downett
Drahomira
Draupadi
Drisana
Drusilla
Dularee
Dulce
Dulcie
Dulcinea
Dumia
Durga
Duriye
Dusana
Duscha
Dwynwen
Dyani
Dymphna
Dyvette
Dziko
Düriye
E'epa
Eabha
Eadaoin
Ealasaid
Ealga
Eamhair
Eanna
Earleen
Earlene
Eartha
Eavan
Ebba
Ebony
Ebun
Ecaterina
Echo
Eda
Edana
Ede
Edelmira
Eden
Edena
Edenia
Ediah
Edith
Edmee
Edna
Ednah
Eduarda
Edvige
Edwina
Edyta
Efah
Effemy
Effie
Efia
Efrata
Eglah
Ehani
Ehawee
Eibhlin
Eiddwen
Eilah
Eileanor
Eileen
Eileithyia
Eilidh
Eilis
Eilona
Eimhear
Eimile
Einmyria
Eira
Eireann
Eireen
Eirene
Eirwen
Eistir
Eithne
Ekaterina
Ela
Elaine
Elakshi
Elama
Elba
Eleanor
Electa
Electra
Eleftheria
Elektra
Elen
Elena
Eleonor
Eleonore
Eleri
Elettra
Eleu
Eleuthera
Elfa
Elfleda
Elfreda
Eliana
Eliane
Elianora
Eliavah
Eliezra
Elili
Elin
Elina
Elinor
Eliora
Elisa
Elisabet
Elisabeta
Elisabeth
Elise
Elisheba
Elissa
Eliza
Elizabeth
Elke
Ella
Ellen
Ellena
Elli
Ellice
Ellie
Ellinor
Elma
Eloisa
Eloise
Elpida
Elsa
Else
Elsie
Elspet
Eluned
Elva
Elvira
Elyse
Elzbieta
Emalia
Emalinda
Emel
Emelda
Emelia
Emelinda
Emeline
Emeny
Emer
Emerald
Emerenciana
Emerenzia
Emilia
Emily
Emma
Emmanuelle
Emmeline
Emmie
Emmylou
Emon
Emunah
Ena
Enakai
Encarnacion
Eneida
Enfiania
Enfys
Engracia
Enola
Enomwoyi
Enrica
Enriqua
Enya
Enyonyam
Eoghania
Epifania
Erela
Erendira
Erianthe
Erica
Erika
Erin
Erina
Erisha
Erma
Ermina
Erna
Ernest
Ernesta
Ernestine
Ernesztina
Erzsebet
Esenia
Esetera
Eshana
Eshe
Esi
Esmee
Esmeralda
Esperanza
Espiridiana
Estebana
Estella
Estelle
Estephania
Ester
Estera
Esther
Estrella
Esyllt
Eszter
Etain
Etel
Etela
Etenia
Ethalyn
Ethel
Etheldreda
Ethete
Ethna
Etiennette
Etni
Etsu
Etsuko
Etsuyo
Etta
Eubh
Eudora
Eudosia
Eufemia
Eufenja
Eugenia
Eugenie
Eulalia
Eulalja
Eun-Young
Euna
Eunice
Eunika
Eunike
Euphemia
Euphenia
Eutropia
Euzebia
Eva
Evadne
Evalina
Evanegelina
Evangelia
Evangeline
Evani
Evanthe
Evdokiya
Eve
Eveleen
Evelien
Evelina
Evellia
Evelyn
Evette
Evfemiya
Evgeniya
Evie
Evina
Evita
Evlaliya
Evrim
Evzenie
Ewa
Ewangelina
Ewelina
Fabia
Fabiana
Fabienne
Fabiola
Fae
Fahima
Fahimee
Faith
Faiva
Fakapelea
Fakih
Falakika
Fang
Fang-hua
Fanny
Fanua
Fanya
Faoiltiarna
Faraji
Farakika
Fardoos
Farida
Fariha
Farina
Farrah
Fathiyya
Fatima
Fatin
Fatma
Fatuimoana
Fauna
Faunia
Fausta
Faustina
Faustyna
Fawn
Fawziyya
Fay
Faye
Fayina
Fayola
Fayruz
Fayth
Fayza
Fedora
Fedosya
Feidhelm
Feige
Feigel
Felicia
Felicie
Felicite
Felicity
Felina
Felixa
Felora
Felorena
Fenella
Feng
Fenia
Fenyang
Feodoriya
Ferdinanda
Ferida
Fern
Fernanda
Fetuu
Ffleur
Ffraid
Fialka
Fiammetta
Fidela
Fidelia
Fidelja
Fidelma
Fieliki
Fifi
Fihaki
Filia
Filikitata
Filipina
Filippa
Filomena
Fina
Fineeva
Finella
Fineongo
Finola
Fiona
Fionnghuala
Fionnuala
Fiorella
Fipe
Fisi
Flannery
Flavia
Fleur
Flo
Floella
Flora
Floralia
Floramaria
Florence
Florencia
Florens
Florentina
Florentyna
Florenz
Florenza
Flower
Foluke
Fortuna
Fortunata
Fotina
Fran
Franca
Frances
Francesca
Franci
Francina
Francine
Francises
Francoise
Francziska
Frantiska
Franziska
Frayda
Freda
Frederica
Frederique
Freferika
Freida
Freya
Frida
Frieda
Friede
Friedelinde
Friederike
Fryda
Fryderyka
Fuensanta
Fujiko
Fulande
Fulangi
Fulla
Fulumirani
Fulvia
Funsani
Fusi
Fusileka
Fuyu
Fuyuko
Gabriela
Gabriell
Gabriella
Gabrielle
Gacquetta
Gaenor
Gaetane
Gafna
Gaia
Gail
Gaila
Gala
Galadriel
Galatea
Gale
Gali
Galiena
Galilani
Galina
Galya
Gambhira
Ganesa
Garima
Garnette
Garuda
Gauri
Gavriela
Gavrila
Gavrilla
Gay
Gayan
Gaye
Gayla
Gayle
Gaynor
Gayora
Gazelle
Gazit
Geela
Gefen
Gefjun
Gelilah
Gelsomina
Gelya
Gemina
Gemma
Gena
Genaida
Genea
Generosa
Genesee
Genevieve
Genevra
Genista
Gennisheyo
Genoveva
Geogiana
Geona
Georgeanna
Georgeanne
Georgeta
Georgette
Georgia
Georgianna
Georgie
Georgina
Georgine
Geralda
Geraldine
Geralyn
Gerd
Gerda
Geri
Gerlinde
Gersemi
Gerta
Gertraud
Gertrud
Gertruda
Gertrude
Gertrudes
Gertruida
Gerushah
Geva
Gevirah
Ghaliya
Ghislain
Ghislaine
Ghita
Ghufran
Gia
Giacinta
Gianina
Gianna
Giborah
Gigi
Gilada
Giladah
Gilanah
Gilberta
Gilbertina
Gilda
Giliah
Gillian
Gimra
Gin
Gina
Ginelle
Ginevra
Ginger
Ginneh
Ginnie
Ginny
Gioconda
Giovanna
Gisa
Gisela
Giselle
Gislaug
Gita
Gitana
Gitanjali
Gitel
Gitika
Giuditta
Giulia
Giulietta
Giuseppina
Giustina
Givola
Gizella
Gizem
Gjuzel
Gladi
Gladiola
Gladys
Glenda
Glenna
Glennette
Glenys
Gloria
Gloriana
Glory
Glynis
Glynn
Gobnait
Gobnata
Godeliva
Godiva
Goitsemedime
Golda
Goldarina
Goldie
Goldina
Goloria
Gosling
Goya
Gozala
Grace
Gracie
Graciela
Gracja
Grainne
Grania
Gratia
Grazia
Graziella
Grazyna
Gressa
Greta
Gretchen
Grete
Gretel
Griet
Griselda
Gráinne
Guadalupe
Gudrun
Guilhermma
Guillelmina
Guillermina
Guinevere
Gulielma
Gull
Gunda
Gundula
Gunilla
Gunnhild
Gustava
Gwen
Gwenda
Gwendolen
Gwendoline
Gwendolyn
Gweneal
Gweneth
Gwenfrewi
Gwenhwyfar
Gwenllian
Gwenola
Gwenyth
Gwyneth
Gyanda
Gyorgyi
Gypsy
Györgyi
Ha'iku
Habiba
Habibah
Hachi
Hadassah
Hadi
Hadiya
Hadley
Hadya
Hae-Won
Haemi
Hafsah
Hagan
Hagia
Hagne
Haidee
Haidi
Haimi
Haiwee
Hajar
Hajna
Hajnal
Hakumele
Hala
Halapua
Halcyon
Halcyone
Haldis
Haleakua
Haleigh
Haley
Halima
Halina
Halley
Hallie
Halolani
Halona
Hama
Hamako
Hamida
Hana
Hanaa
Hanae
Hanako
Hang
Hanh
Hanifa
Hanita
Haniyya
Hanka
Hanna
Hannah
Hansa
Hansika
Hansila
Hansine
Hantaywee
Haqikah
Haralda
Hariata
Harita
Harmonia
Harmony
Harriet
Harrietta
Harsha
Harshida
Harshika
Haru
Harue
Haruko
Harumi
Hasana
Hasanati
Hasika
Hasina
Hasna
Hateya
Hathor
Hatsu
Hattie
Hau'oli
Haukea
Haulani
Haunani
Hava
Hawa
Haya
Hayat
Hayfa
Hayley
Hazel
Heather
Hebe
Heda
Hedda
Hedia
Hediah
Hedvig
Hedviga
Hedvika
Hedwig
Hedwiga
Hee-Young
Heide
Heidi
Heidrun
Heike
Helah
Helaine
Helana
Helen
Helena
Helene
Helga
Helge
Helia
Helmine
Heloise
Hemali
Hembadoon
Hendrika
Henrietta
Henrike
Henriqueta
Henryka
Hephzibah
Hera
Herlindis
Hermia
Hermina
Hermine
Hermione
Hersilia
Hesper
Hester
Hesther
Hialeah
Hiawassee
Hiba
Hide
Hideyo
Hieronymus
Hikmat
Hikuleo
Hilalia
Hilaria
Hilary
Hilda
Hildegard
Hillary
Hillevi
Himani
Hind
Hinda
Hipakeiki
Hiral
Hirena
Hiroko
Hisa
Hisae
Hisako
Hisano
Hisayo
Hisolda
Hiva
Hiwahiwakeiki
Hjordis
Hlin
Ho'olana
Ho-Sook
Hoa
Hoaka
Hoalohalani
Hoalohanani
Hoku'alohi
Hokuao
Hokuaonani
Hokulani
Hola
Hollie
Holly
Holomakani
Honekakala
Honorata
Honoria
Honour
Honovi
Horacia
Hortencia
Hortense
Hortensia
Hoshi
Hoshiko
Hoshiyo
Hua
Huali
Huata
Huberta
Huda
Hue
Huette
Hughina
Huguette
Hui-Fang
Hulda
Huluava
Humita
Huong
Hurriyyah
Husn
Husniya
Huyana
Huynh
Hwa-Young
Hyacinth
Hyacinthe
Hyo-Sonn
Hyoun
Hypatia
Hyun-Ae
Hyun-Ok
Hyunwoo
I'tidal
Ianete
Iantha
Ianthe
Ibby
Ibtihaj
Ibtisam
Ichchani
Ida
Idaa
Idalia
Idalina
Idelle
Ides
Idesta
Idette
Idolina
Idona
Idonea
Idonia
Idony
Idowu
Idra
Idris
Idriya
Ieda
Ienipa
Ifama
Ife
Ifetayo
Ifigenia
Ihsan
Iku
Ikuko
Ikuseghan
Ila
Ilana
Ilaria
Ileana
Ilene
Ilesha
Ilia
Ilka
Ilona
Ilsa
Ilse
Ilvira
Ima
Imae
Imagina
Imako
Imala
Iman
Imelda
Imen
Imma
Immacolata
Imogen
Imogene
In'am
Ina
Inanna
Inas
Inaya
Indira
Indra
Indranee
Indrayani
Ine
Ines
Inessa
Inette
Inez
Inga
Inge
Ingeborg
Ingegerd
Ingrid
Inis
Inny
Inoa
Io
Io'ana
Ioanna
Ioke
Iola
Iolana
Iolanda
Iolanthe
Iona
Ione
Ionia
Iosepine
Iphigeneia
Irena
Irene
Irenee
Irina
Iris
Irisa
Irma
Isa
Isabeau
Isabel
Isabelita
Isabelle
Isadora
Isamu
Isaura
Iseabail
Iseult
Isha
Ishana
Ishi
Ishiko
Isibeal
Isidora
Isis
Isla
Ismat
Ismene
Isoke
Isolde
Isra
Itiah
Itinsa
Ituha
Iuana
Iudita
Iuginia
Iuile
Iulalia
Iulia
Iuliana
Iune
Iusitina
Ivana
Ivelisse
Iverem
Ivey-Lynn
Ivonne
Ivria
Ivy
Iwa
Iwalani
Iwilla
Iwona
Iza
Izabel
Izabella
Izdihar
Izegbe
JaNhea
Jaamini
Jacalyn
Jacaranda
Jacinda
Jacinta
Jacinte
Jacinthe
Jackeline
Jackelyn
Jackie
Jaclyn
Jacoba
Jacqueline
Jacqui
Jacynth
Jada
Jade
Jadelia
Jadella
Jadwiga
Jae-Hwa
Jaha
Jai
Jain
Jakova
Jala '
Jalajaa
Jalaneeli
Jaleen
Jaleesa
Jalila
Jalinda
Jalini
Jalitaa
Jamay
Jamesina
Jamika
Jamila
Jamilla
Jana
Janae
Janaki
Janan
Jane
Janel
Janelle
Janet
Janey
Janice
Janie
Janikaa
Janileny
Janina
Janine
Janis
Janita
Janna
Jannah
Janne
Jannike
Janoah
Jany
Japera
Japhet
Jarita
Jarka
Jarmila
Jarnsaxa
Jaroslava
Jasmin
Jasmine
Jassamyn
Jaswinder
Jathibiyya
Jaustin
Jawahir
Jaya
Jayamala
Jayanti
Jayashree
Jaylene
Jayma
Jayna
Jayne
Jayti
Jayvanti
Jazmin
Jean
Jeana
Jeanette
Jeanie
Jeanine
Jeanne
Jeannie
Jeannine
Jecoliah
Jeina
Jekaterina
Jelena
Jellybean
Jemima
Jemimah
Jemina
Jemma
Jemsa
Jen
Jena
Jendayi
Jenelle
Jenessa
Jenifari
Jenine
Jenna
Jenni
Jennie
Jennifer
Jenny
Jensine
Jerri
Jerrilynn
Jerusha
Jerushah
Jessa
Jessamine
Jessica
Jethra
Jetta
Jette
Jetty
Jewel
Jezebel
Jezreel
Jia
Jijabai
Jill
Jillian
Jin-Kyong
Jinan
Jindriska
Jinelle
Jinnat
Jinny
Jirina
Jivanta
Joan
Joanna
Joanne
Jocasta
Joceline
Jocelyn
Jodha
Jodi
Jodie
Joelle
Joetta
Johana
Johanna
Johna
Jolan
Jolanda
Jolanta
Joleen
Jolene
Joletta
Joline
Jonie
Jonna
Jonova
Joquina
Jordana
Jordie
Jorie
Josee
Josefa
Josepha
Josephina
Josephine
Josie
Joss
Josselyn
Jowanda
Joy
Joyce
Joyita
Joyous
Jozefa
Jozefina
Jozsefa
Juana
Juanita
Jubilee
Judit
Judita
Judith
Judy
Judyta
Juhi
Juli
Julia
Juliana
Julianja
Julianna
Julianne
Julie
Julienne
Juliet
Julieta
Juliette
Juljana
Jumana
Jumapili
Jumoke
Junia
Juniper
Justina
Justine
Justyna
Jutta
Jyllian
Jyoti
Jyotsana
Jyotsna
K'Sea
Ka'aona
Kaamilee
Kaanan
Kaasu
Kaat
Kachina
Kacia
Kadiah
Kaelyn
Kaemoxmith
Kaethe
Kagami
Kagiso
Kahlua
Kahoku
Kaia
Kailash
Kaili
Kailyn
Kaimalie
Kaitchkma-Winema
Kaitlin
Kaiya
Kajsa
Kakalina
Kakielekea
Kakra
Kalala
Kalalika
Kalama
Kalamela
Kalana
Kalani
Kalaudia
Kalaudina
Kali
Kalidas
Kaligenia
Kalika
Kalila
Kalilea
Kalilinoe
Kalina
Kalinda
Kalini
Kalino
Kaliona
Kaliska
Kalita
Kallie
Kalliope
Kalliroe
Kallisto
Kalliyan
Kallole
Kalola
Kalonice
Kalota
Kalote
Kalpana
Kaluwa
Kalyani
Kalyca
Kalysta
Kamala
Kamalika
Kamanika
Kamaniya
Kamaria
Kamata
Kameko
Kameli
Kamelia
Kamika
Kamilla
Kamla
Kamoana
Kanani
Kanara
Kandi
Kaneesha
Kanestie
Kanika
Kaniqua
Kanjanaa
Kannitha
Kanoa
Kanta
Kanti
Kantimati
Kanya
Kaori
Kaponianani
Kapua
Kapua'ula
Kara
Karas
Karayan
Karen
Karena
Karin
Karina
Karla
Karlene
Karli
Karlotta
Karly
Karma
Karmil
Karmiti
Karneetsa
Karola
Karolaina
Karolina
Karoline
Karolyn
Karpura
Karren
Karuna
Kasa
Kasi
Kasienka
Kasinda
Kasota
Kassandra
Kassia
Kasturba
Kat
Kata
Kataniya
Katarina
Katarzyna
Kate
Katelin
Katerina
Kath
Katharina
Kathe
Katherine
Kathie
Kathleen
Kathryn
Kathy
Katie
Katina
Katja
Katla
Katren
Katrina
Katrya
Katura
Katya
Katyayani
Kau-au-ointy
Kaulana
Kauluwehi
Kausalya
Kaveri
Kavindra
Kawa
Kawaimomona
Kawena
Kawena'ula
Kay
Kaya
Kayla
Kayleen
Kayleigh
Kayley
Kaylynn
Kazimiera
Kazuyo
Ke'alohi
Kea
Keahdinekeah
Kealani
Kealoha
Kedma
Keeaola
Keehabah
Keeley
Keelin
Keelynn
Keezheekoni
Kefira
Kehachiwinga
Kehinde
Kei
Keiki
Keikikalani
Keilah
Keisha
Keke
Kekilia
Kelalani
Kelda
Keleka
Keletina
Kelia
Kelila
Kelley
Kellie
Kelsi
Kendra
Kenia
Kenna
Keohi
Keola
Keolakupaianaha
Kerani
Kerem
Keren
Kerensa
Keri
Kerri
Kerrie
Kerstin
Kes
Kesava
Keshet
Keshia
Kesi
Kesia
Kessem
Kessie
Ketifa
Ketina
Keturah
Ketzia
Ketziah
Kewanee
Kezia
Khadija
Khalida
Khalila
Khapkhaponimi
Khara
Khatijah
Khloe
Khristina
Kiana
Kiara
Kibibi
Kichi
Kiele
Kielekea
Kiera
Kierce
Kierstyn
Kieu
Kifimbo
Kikelia
Kikilia
Kiku
Kiley
Kilia
Kimama
Kimaya
Kimberlee
Kimberlin
Kimberly
Kimbra
Kimi
Kimimela
Kimmi
Kimmie
Kinitia
Kinshasha
Kinta
Kira
Kiran
Kiri
Kiriah
Kiritina
Kirsi
Kirsten
Kirsti
Kirstin
Kirsty
Kisa
Kisakye
Kisha
Kishi
Kishori
Kismet
Kissa
Kitra
Kitty
Kjerstin
Klara
Klarika
Klarissa
Klarisza
Klarybel
Klarysa
Klaudia
Klaudija
Klavdiya
Klementina
Klementyna
Klesa
Klotild
Knasgowa
Kneshia
Kodelia
Kohinoor
Kokumo
Kolab
Kolenya
Kolina
Koloe
Kolour
Koma
Komal
Konstanczia
Kooskooskia
Kora
Kordelja
Kore
Korenelia
Kori
Korina
Korinna
Kornelia
Korren
Kostya
Kotha
Krislyn
Krissy
Krista
Kristal
Kristen
Kristi
Kristie
Kristin
Kristina
Kristy
KristyAnna
Krisztina
Krysia
Krysta
Krystal
Krystjana
Krystyna
Ksenia
Ksenya
Kuali
Kuali'i
Kukua
Kulani
Kuliraga
Kulsoom
Kulukulutea
Kulwa
Kulya
Kumari
Kunani
Kunigonde
Kunthea
Kunto
Kushali
Kusum
Kveta
Kwamina
Kwaniesha
Kwanita
Kyalamboka
Kyla
Kylie
Kynthia
Kyoko
Kyra
KyungSoon
Käethe
L'Abana
LaTika
LaWuan
Labhaoise
Lachelle
Lachina
Lacy
Ladawn
Ladean
Ladelle
Ladonna
Lagina
Lahonda
Laila
Lajili
Lajini
Lakeisha
Laken
Lakia
Laksha
Lakshana
Lakshmi
Lala
Lalage
Lalika
Lalita
Lamis
Lamya
Lan
Lana
Lanakila
Laneesha
Langikula
Lanie
Laniuma
Lara
Lareyna
Larisa
Larissa
Lark
Larrina
Larshell
Lashauna
Lashaunda
Lata
Latasha
Lateefa
Latisha
Latona
Latonya
Latoya
Laufeia
Laura
Lauralee
Lauralynn
Laure
Laureen
Laurel
Laurene
Laurentia
Laurenza
Lauretta
Laurie
Laurinda
Lauryn
Laverne
Lavina
Lavinia
Lavita
Lavon
Lavone
Lawahiz
Lawn
Layla
LeAnne
Lea
Lea-Ellan
Leah
Lealiki
Leandra
Leanna
Leanne
Lechsinska
Leda
Lee Ann
Leela
Leena
Lehua
Lei
Leiana
Leigh
Leiko
Leila
Leilani
Leisha
Leisi
Lelia
Lena
Lenice
Lenora
Lenore
Lenusya
Leocadia
Leokadia
Leolani
Leona
Leonarda
Leoncia
Leonne
Leonor
Leonora
Leonore
Leontine
Leopolda
Lesia
Lesieli
Leticia
Letitia
Letizia
Leto
Letycja
Levana
Leviah
Levona
Lewanna
Lexa
Lexi
Lexine
Lexy
Leyi
Li
Lia
Liadan
Lian
Liana
Liane
Lianne
Libania
Libby
Libe
Libena
Liberada
Licia
Lida
Lidiya
Lidwina
Lien
Lien-Hua
Liesa
Liesel
Lieselotte
Ligia
Lihwa
Lila
Lilavati
Lile
Lili
Lilia
Lilian
Liliana
Liliane
Lilika
Lilike
Lilith
Lilli
Lilly
Lilo
Lily
Lin
Lin Lin
Lina
Linda
Lindy
Linette
Ling
Linh
Linit
Linnea
Linnette
Linnie
Lior
Liora
Lisa
Lisabeth
Lisanne
Lisbet
Lisette
Lisha
Lissa
Litonya
Livna
Liz
Liza
Lizolet
Lizzie
Lofn
Lois
Lokomaika'i
Lokomaika'inani
Lola
Lolita
Lone
Lonna
Lora
Lore
Loreen
Lorelei
Lorena
Loretta
Lori
Lorinda
Lorna
Lorraine
Lorrie
Losa
Losaki
Losana
Lotte
Lottie
Louella
Louisa
Louise
Luan
Luana
Luanna
Luba
Lubomira
Luce
Lucerne
Lucetta
Lucia
Lucianna
Lucienne
Lucilla
Lucille
Lucina
Lucinda
Lucinde
Lucita
Lucja
Lucretia
Lucy
Lucyna
Lucza
Ludmila
Ludovica
Ludwika
Luigina
Luigseach
Luisa
Lujayn
Lujza
Lulu
Luminosa
Lumusi
Luna
Luned
Lupe
Lupita
Lurette
Luseane
Lusela
Lute
Lutricia
Luz
Luzia
Lycia
Lyda
Lydia
Lydie
Lyndsley
Lynelle
Lynette
Lynn
Lynn Anne
Lynna
Lyris
Léonie
Léonne
Léonore
Léontine
Maayan
Mabel
MacKenzie
Macaria
Machi
Mada
Madailein
Madeleine
Madeliene
Madeline
Madelyn
Madge
Madhavi
Madhulekha
Madhur
Madiha
Madonna
Mae
Maedra
Maegan
Maeve
Magaidh
Magali
Magan
Magaskawee
Magda
Magdala
Magdalena
Magdalene
Magdolna
Magena
Maggie
Magnolia
Maha
Mahala
Mahalath
Mahalia
Mahasin
Mahaska
Mahesa
Mahi
Mahika
Mahima
Mahira
Maho
Mahwah
Mai
Mai Ly
Maia
Maiba
Maidie
Maika'i
Maille
Mailse
Maira
Maire
Mairead
Mairi
Mairona
Mairsile
Maisie
Maiteryi
Maiya
Maja
Majd
Maka
Maka'alohi
Makadisa
Makaleka
Makanaakua
Makanamaika'i
Makawee
Makiko
Mala
Malak
Malalani
Malati
Malavika
Malcolmina
Maleah
Malgorzata
Malia
Malika
Malina
Malka
Malkosha
Mallaidh
Maluhia
Malvina
Mama
Mamakiaeh
Mamie
Mamiko
Mana'o'i'o
Mana'olana
Mana'olankeiki
Manaali'i
Manalani
Manawale'a
Mandara
Mandi
Mandisa
Mandy
Mangena
Manikarnika
Manjika
Manjulika
Manjusha
Manon
Mansi
Manuela
Manwangopath
Manya
Mapiya
Mapuana
Mara
Maraalika
Maraea
Marah
Maranela
Marata
Maratina
Maravilla
Marcela
Marcelina
Marceline
Marcella
Marcelline
Marci
Marcia
Marcianna
Marciannette
Marcille
Marcy
Mare
Marea
Margaret
Margarethe
Margarita
Margarite
Margarta
Marge
Margea
Margery
Margherita
Margi
Margie
Margita
Margo
Margot
Marguerite
Mari
Mari Jo
Maria
Mariabella
Mariah
Mariam
Mariamne
Marian
Mariana
Mariandre
Marianne
Maribel
Maribeth
Marie
Marie-Jose
Mariel
Mariella
Marietta
Marigold
Marija
Marijke
Marika
Mariko
Marilee
Marilena
Marilyn
Marina
Maris
Marisa
Marisha
Marisol
Marissa
Maristela
Marita
Mariya
Marja
Marjani
Marjolaine
Marjorie
Marketa
Marla
Marlena
Marlene
Marlis
Marlo
Marlyn
Marni
Marnie
Marnina
Marona
Marsaili
Marsha
Marshan
Marta
Martha
Marthe
Martina
Martine
Marva
Marwa
Mary
Mary Lou
Marya
Maryanne
Marygrace
Maryvonne
Maríandre
Masa
Masago
Masalina
Masami
Masela
Masha
Mashavu
Masika
Masilo
Maskini
Massima
Masumi
Mathilda
Mathilde
Matilda
Matoaka
Matrika
Matriona
Matsu
Matsuko
Matsuyo
Matylda
Maud
Maude
Maudisa
Maudlidi
Maudlin
Maura
Maureen
Maurini
Maurya
Mavis
Mawiyah
Mawusi
Maxie
Maximilla
Maxine
Maya
Mayalen
Maybel
Maygan
Mayim
Maysa
Mayumi
Mazhira
Mckenna
Me Jeong
Me'Shell
Mead
Meadow
Meaghan
Mechola
Mecislava
Medea
Medina
Mee-Kyong
Mee-Yon
Meena
Meenatchi
Meg
Megan
Meghan
Mehal
Mehira
Mehli
Mei
Mei-Hua
Mei-Lien
Mei-Xing
Mei-Zhen
Meinwen
Meira
Meiriona
Meirona
Mel
Melanie
Melaniya
Melba
Meli
Melia
Melice
Melina
Melinda
Melisa
Melissa
Melitta
Melodie
Melody
Melony
Melphine
Mena
Menasha
Meng
Meonah
Meoquanee
Meorah
Merav
Mercy
Merelina
Merima
Merla
Merletta
Merrielle
Merry
Merryanne
Mersera
Meryl
Mesi
Meta
Mette
Meuy
Mi-Cha
Mi-Hi
Mi-Ok
Mia
Miary
Mica
Micaela
Michaela
Michaiah
Michalina
Michela
Michelle
Michelyne
Michiko
Michiyo
Micki
Midori
Mieko
Mieu
Migina
Migisi
Miguela
Mika
Mikala
Mikayla
Mikazuki
Miki
Mikie
Mikiko
Mikilana
Mikka
Mila
Milagros
Milcah
Mildred
Milena
Mili
Mililani
Milimili
Milisena
Milka
Milla
Millicent
Millie
Miloslava
Mimiteh
Min
Mina
Minako
Minami
Mindy
Mineko
Minerva
Minette
Ming
Minnehaha
Minnie
Miquela
Mira
Mirabella
Mirabelle
Miranda
Mireio
Mirena
Miriam
Miriama
Miroslava
Miroslawa
Miryam
Misae
Misao
Misha
Mishaila
Miskaela
Misoka
Missy
Misty
Mitena
Mitra
Mitsu
Mitsuko
Mitzi
Miulana
Miyo
Miyuki
Mizuko
Mliss
Moana
Moananani
Moani
Mohala
Mohana
Mohini
Moina
Moira
Molly
Momone
Mona
Moneka
Monica
Monifa
Monika
Monique
Monisha
Monna
Monta
Mora
Morainn
Morasha
Moreen
Morgwen
Mori
Moriah
Moriko
Moriya
Moriyo
Morowa
Morwenna
Moshie
Motoko
Moweaqua
Mudiwa
Muhayya
Muhterem
Muika
Muireall
Muireann
Muirgheal
Muirne
Muliya
Muminah
Mun-Hee
Muna
Munirah
Mura
Murasaki
Murdag
Muriel
Muteteli
Mwajuma
Mwanahamisi
Mwanajuma
My-Khanh
Myfanwy
Myra
Myriam
Myrna
Myrtle
Myung-Hee
Myung-Ok
N'ura
Na'ila
Na'ima
Naamah
Naamiah
Naarah
Nabiha
Nabila
Nada
Nadezda
Nadezhda
Nadia
Nadida
Nadine
Nadira
Nadya
Nadyan
Nadzieja
Naeemah
Nafshiya
Nagida
Nahara
Nahida
Nahla
Nai'a
Nailah
Najat
Najia
Najiba
Najla
Najwa
Nalin
Nalukea
Namara
Namono
Nampeyo
Nan
Nana
Nanabah
Nanala
Nance
Nancy
Nandana
Naneki
Naneta
Nanette
Nani
Naniahiahi
Nanise
Nanyamka
Nanye-Hi
Naoko
Naomi
Nara
Naren
Naresha
Narmada
Nascha
Naseem
Nashira
Nashota
Nasrin
Nastalya
Nastasia
Nastassia
Nastassja
Nastenka
Nasya
Nata
Natala
Natalia
Natalie
Natalina
Nataliya
Natalya
Natane
Nataniah
Nataniela
Natasha
Natasja
Natesa
Nathalia
Nathalie
Nathifa
Natia
Natille
Natka
Natsu
Natsuko
Natsuyo
Natya
Nauasia
Nawal
Nayana
Nazihah
Nazira
Necedah
Nechama
Neche
Nechona
Neci
Neda
Nedaviah
Nediva
Neelay
Neema
Neenah
Neha
Nehanda
Neilina
Neima
Neka
Nekoma
Nel
Nelda
Nelia
Nelina
Nelita
Nell
Nella
Nelli
Nellie
Nelly
Nemera
Nemesio
Nenet
Neoma
Nepa
Nera
Neriah
Nerissa
Nerthus
Nerys
Nesiah
Nessa
Nest
Netana
Netaniah
Netia
Netta
Nettie
Neva
Nevara
Neves
Neviah
Neysa
Nezika
Ngoc
Ngozi
Nguyet
Ni'matu-Allah
NiYa
Niabi
Niamh
Nibal
Niccola
Nichele
Nichola
Nichole
Nicia
Nickie
Nicola
Nicole
Nicoleta
Nicolette
Nihal
Nika
Nikeesha
Niki
Nikki
Nikola
Nikoleta
Nilsine
Nima
Nimah
Nimesha
Nina
Ninel
Ninette
Ninia
Niniane
Ninochka
Ninon
Ninovan
Niobe
Niranjana
Nisha
Nishi
Nishie
Nishiko
Nishiyo
Nissa
Nisse
Nita
Nitara
Nitsa
Nituna
Niu
Niva
Njemile
Nkosazana
Nneka
Nobantu
Nobuyuki
Noelani
Noella
Noelle
Noemie
Noirin
Nola
Nolcha
Nollaig
Nomalanga
Nombeko
Nombese
Nomble
Nomusa
Nona
Nonie
Nonooktowa
Nonyameko
Noor
Nora
Norah
Noranne
Norberta
Noreen
Noriko
Norine
Norita
Noriyuki
Norlene
Norma
Normina
Noura
Nourbese
Nova
Novia
Ntsekhe
Nuala
Nudar
Nuha
Nukuluve
Numa
Nunciata
Nunzia
Nurya
Nydia
Nye
Nysa
Nyura
Obioma
Oceana
Octavia
Oddveig
Ode
Odelia
Odessa
Odette
Odila
Odile
Odina
Odiya
Ofa
Ofelia
Ofelja
Ofilia
Ofra
Oheo
Ojasvee
Ojinjintka
Okalani
Okrika
Oksana
Oktawja
Olabisi
Olaniyi
Olathe
Olaug
Olayinka
Oldriska
Olena
Olenka
Olesia
Olga
Olia
Oliana
Olicia
Olimpiada
Olisa
Olive
Olivette
Olivia
Oliwja
Olufemi
Olympe
Olympia
Oma
Omada
Omana
Omekao
Omemee
Omena
Ominotago
Omorose
Omusa
Omusupe
Ona
Onaiwah
Onawa
Oneida
Onella
Oni
Onida
Oona
Oonagh
Opal
Opalina
Opaline
Ophelia
Oprah
Ora
Oredola
Orelia
Oriana
Oriette
Orilla
Orinda
Orithyia
Orla
Orlaine
Orlena
Orlenda
Ormonda
Ornice
Orpah
Orseline
Orsolya
Ortensia
Orthia
Oseye
Oskaloosa
Oskana
Osyka
Otilie
Ottavia
Ottila
Otylia
Ourania
Ovelia
Oya
Ozera
Paavana
Paavani
Paciencia
Pacifica
Padma
Padmasundara
Padmavati
Padraigin
Paige
Paili
Paka
Palila
Pallas
Paloma
Pam
Pamela
Pandasala
Pandita
Pandora
Pangiota
Panna
Panola
Pansy
Panthea
Panya
Panyin
Paola
Paolina
Papina
Paraskeva
Parky
Parthenia
Parthenie
Parvani
Pascale
Pascuala
Pasua
Pateizia
Paterekia
Pati
Patia
Patience
Patrice
Patricia
Patrizia
Patsy
Patti
Pattie
Patty
Paula
Paulette
Paulina
Pauline
Paulita
Pausha
Pavana
Pavla
Pazia
Pearl
Pebbles
Pedzi
Pefilia
Peg
Pegah
Peggy
Peigi
Pelagia
Pelagiya
Pelcia
Peliah
Pelipa
Penelope
Peni
Penina
Pennington
Penny
Pentea
Peony
Pepita
Pepper
Peresila
Perla
Perpetua
Persephone
Persis
Peta
Petra
Petrina
Petronela
Petronilha
Petronilla
Petula
Petulia
Phaedra
Phaidra
Phanessa
Pheakkley
Phebe
Phelisiana
Phemia
Philana
Philantha
Philene
Philippa
Phillida
Phillis
Philomena
Phoebe
Photine
Phurba
Phylicia
Phyllis
Pia
Pierina
Pierrette
Pikka
Pilaka
Piliki
Pilipa
Pilisi
Pineki
Pinquana
Pipkins
Pippa
Pippy
Piroska
Pita
Pixy
Pocahontas
Pokii
Polete
Poli
Polina
Polly
Pollyam
Pollyanna
Polyxena
Pomaika'i
Poppy
Portia
Posala
Pragyata
Prairie
Prarthana
Pratibha
Preciosa
Prema
Premlata
Presencia
Presentacion
Presentación
Primrose
Prisca
Priscilla
Priscylla
Priya
Protima
Prudence
Prudencia
Prue
Prunella
Psyche
Ptolema
Pua
Puakai
Puakea
Pualani
Pukana
Pulupaki
Purificacion
Purificación
Purnima
Puta
Pyrrha
Quah Ah
Quanda
Quanna
Queen
Queena
Queenie
Quenby
Quenna
Quentilla
Querida
Quilla
Quinna
Quintana
Quintina
Ra'Idah
Ra'Keisha
Raanana
Rabi'ah
Rachael
Rachav
Rachel
Racheline
Rachelle
Radha
Radhiya
Radinka
Radmilla
Radomira
Radoslava
Raeleen
Rafya
Raghda
Ragna
Ragnhild
Rahela
Rai
Raicheal
Raiko
Rain
Raina
Raine
Raisa
Raizel
Raja
Rajalakshmi
Rajani
Rajata
Rajnandini
Rajya
Rakel
Raku
Ramaa
Ramana
Ramla
Ramona
Ran
Rana
Randa
Randelle
Rane
Rani
Rania
Ranielle
Ranita
Ranjana
Ranya
Raquel
Raschelle
Rasha
Rasheda
Rashida
Rasia
Rathnait
Rati
Ratri
Ravenna
Ravija
Rawiya
Rawni
Raya
Raylene
Rayna
Rayya
Rebecca
Rebeccanne
Rebekah
Rebekka
Reena
Reene
Regan
Regina
Regine
Reginy
Rehema
Rei
Reichana
Reina
Reine
Remaziah
Ren
Rena
Renae
Renata
Renee
Renia
Renita
Renée
Rephaela
Reseda
Resi
Reuma
Reva
Revaya
Reveka
Rexanne
Rexella
Reyna
Rhea
Rhea Silva
Rheanna
Rheba
Rhiannon
Rhoda
Rhode
Rhon
Rhonda
Ria
Rica
Riccarda
Richelle
Rickena
Ricki
Rida
Riesa
Rihana
Riju
Rikki
Riku
Rikuyo
Rimona
Rina
Rinatya
Riona
Risa
Risha
Rishona
Rissa
Rita
Ritika
Ritsa
Ritzpah
Riva
Rivka
Roanna
Robena
Roberta
Robeta
Robyn
Rochelle
Rocio
Roderica
Rohana
Rohini
Rois
Roisin
Roksana
Rokuko
Rolanda
Romaine
Romana
Ronda
Roniya
Ronna
Ronni
Ros
Rosa
Rosabel
Rosabella
Rosalba
Rosaleen
Rosalia
Rosalie
Rosalind
Rosalinda
Rosaline
Rosalyn
Rosamaria
Rosamond
Rosamund
Rosana
Rosanne
Rosarita
Roschan
Rose
Rose Angel
Rose-Marie
Roseanne
Roselani
Roselle
Rosemary
Rosemere
Rosetta
Roshanara
Rosie
Rosina
Rosita
Roslyn
Rostislava
Roswitha
Rowena
Rowyn
Roxana
Roxann
Roxanna
Roxanne
Roxie
Roxy
Roz
Roza
Rozalia
Rozele
Rozene
Rozsa
Ruana
Rubina
Ruby
Ruchi
Ruchika
Rudra
Rufina
Rukiya
Rukmini
Rumiko
Rupal
Ruperta
Rupinder
Ruqayya
Rusalka
Ruta
Ruth
Ruwaydah
Ruzena
Rya
Ryba
Régine
Saada
Saba
Sabah
Sabella
Sabetha
Sabia
Sabina
Sable
Sabra
Sabrina
Sabriyya
Sacajawae
Sachi
Sachiko
Sade
Sadella
Sadie
Sadira
Sadzi
Saed
Saeed
Safia
Safiyya
Saga
Sagara
Sage
Sagitta
Sahara
Sahpooly
Sai
Saidah
Saiphin
Sakae
Sakari
Saki
Sakura
Sala
Salali
Salama
Salamandrina
Salena
Salihah
Sally
Salma
Saloma
Samantha
Samara
Sameh
Samhaoir
Samina
Samjuana
Samya
Sana
Sananda
Sanchia
Sandi
Sandra
Sandyha
Sangita
Saniyya
Sanjana
Santavana
Santuzza
Sanura
Sanuye
Sanya
Sanyogita
Sapata
Sapphira
Sapphire
Sara
Sarada
Sarafina
Sarah
Sarala
Saraswati
Sarat
Saravanan
Sari
Saril
Sarita
Sarma
Saroja
Sarojini
Sarol
Saronna
Sasagu
Saskia
Sassacus
Satinka
Satoria
Satoshi
Satyarupa
Sauda
Saumitra
Saura
Savannah
Savena
Savina
Savitri
Sawa
Sawni
Scarlet
Scarlett
Scenanki
Schwanhild
Scout
Searlait
Sebastiana
Secunda
Seda
Sedna
Seiko
Sekanina
Sekelaga
Seki
Selda
Selena
Selene
Selima
Selina
Selma
Semeicha
Septima
Serafina
Seraphina
Seraphine
Seren
Serena
Serenity
Serita
Seshadri
Setepania
Setsu
Setsuko
Shachariya
Shafiqa
Shahar
Shahina
Shahira
Shahnaz
Shaila
Shaina
Shakiyla
Shakonda
Shakti
Shakuntala
Shaleela
Shalonda
Shalonvia
Shalvah
Shalviya
Shameena
Shameika
Shamika
Shamira
Shammara
Shana
Shanasa
Shandra
Shanee
Shani
Shaningo
Shanique
Shaniya
Shanna
Shannah
Shanta
Shantae
Shantaina
Shantal
Shantelle
Shanthi
Shapira
Sharada
Sharai
Sharama
Sharanee
Sharda
Shari
Sharifa
Sharise
Sharleen
Sharlon
Sharlotte
Sharna
Sharon
Sharron
Sharyl
Shashi
Shashibala
Shashin
Shasta
Shauna
Shaunda
Shavonda
Shawana
Shawannah
Shawna
Shawnee
Shayla
Shayleen
Shaynah
Sheauga
Sheba
Sheela
Sheena
Sheherazade
Sheila
Sheilagh
Sheilah
Sheina
Shekeda
Shela
Shelagh
Shelavya
Shelena
Sheliya
Shellie
Shelly
Shenandoah
Shenna
Sheraz
Shereen
Sheri
Sheri Lynn
Sheridan
Sheridon
Sherilyn
Sherri
Sherrie
Sherry
Sheryl
Shevon
Shiela
Shieryl
Shifa
Shifrah
Shigeshi
Shika
Shimona
Shina
Shinji
Shinya
Shiow-Chen
Shira
Shiree
Shireen
Shirell
Shiri
Shirin
Shirleen
Shirley
Shirral
Shizu
Shizuko
Shizuyo
Shlay
Shobha
Shobhana
Shona
Shoshana
Shoshannah
Shoushan
Shrilekha
Shukura
Shumana
Shura
Shuwani
Shy-Anne
Shyama
Shyla
Sian
Siani
Siany
Sibeal
Sibelan
Sibeta
Sibila
Sibongile
Sibyl
Sidony
Sidra
Siegfrida
Sieghild
Sierra
Sierre
Sigele
Sigismonda
Signa
Signy
Sigourney
Sigrid
Sigrun
Sihu
Siko
Sile
Silivia
Silpe
Silvana
Silvia
Simi
Simona
Simone
Simplicia
Sinako
Sindy
Sinead
Sineenuch
Sinopa
Siobhan
Sioned
Siri
Sisi
Sisika
Sisley
Sissey
Sissie
Sissy
Sita
Sitala
Siti
Situla
Siu
Sky
Skye
Slaine
Sloan
Slyvia
Slyvie
Sobeslava
Socks
Socorra
Sofi
Sofronia
Solana
Solange
Soledad
Soliel
Solimar
Solveig
Soma
Sommer
Sona
Sonal
Sondra
Sondya
Sonel
Sonia
Sonja
Sonje
Sonya
Sook-Joo
Sooketoo
Soon-Bok
Sopheary
Sophia
Sophie
Sophronia
Sophy
Sora
Sorcha
Soreka
Sorel
Sorrel
Soshannah
Speranza
Spica
Sree
Sri
Sriram
Srivatsan
Stacey
Staci
Stacia
Stacie
Stacy
Stanislava
Stef
Stefana
Stefania
Stefanie
Steffie
Steffy
Stella
Stellara
Steph
Stephana
Stephania
Stephanie
Stephána
Stesha
Stina
Stormy
Subira
Sudarshana
Sudhakara
Sue
Suela
Sugi
Suhailah
Sujata
Suji
Sukhtej
Sukie
Suky
Sula
Sulakhna
Suleika
Suleima
Suleta
Suma
Sumiko
Sun-Hi
Sunah
Sunayana
Sundari
Sung
Sunil
Sunita
Sunniva
Sunny
Sunshine
Suny
Suragana
Surata
Suraya
Surendra
Suri
Surina
Surya
Susan
Susana
Susanna
Susannah
Susanne
Suse
Sushanti
Sushobhana
Susie
Sutki
Suzamni
Suzanna
Suzannah
Suzanne
Suzetta
Suzie
Suzu
Suzuki
Suzume
Suzy
Svanhild
Svanni
Svea
Sveta
Svetla
Svetlana
Swanhilda
Swarup
Sybil
Sybilla
Sybille
Sydnie
Syeira
Syenna
Sylva
Sylvana
Sylvia
Syona
Sèarlait
T'anay
TaLisa
Tab
Tabatha
Tabby
Tabia
Tabita
Tabitha
Taci
Tadewi
Tadita
Taegan
Taghrid
Tahanee
Tahcawin
Tahirah
Tahiyya
Taima
Taipa
Taisiya
Taiwo
Tajuana
Takala
Takayren
Takeko
Takenya
Takiyah
Tala
Talasi
Talaya
Taletta
Talia
Taliba
Talise
Talitha
Tallie
Tallou
Tallula
Tallulah
Tally
Talma
Talula
Talulla
Talya
Tama
Tamah
Tamaki
Tamako
Tamaleni
Tamanna
Tamara
Tamary
Tamayo
Tami
Tamica
Tamika
Tamiko
Tamineh
Tammi
Tammie
Tammy
Tamohara
Tamrika
Tamsin
Tamson
Tamzen
Tanaya
Tane
Taneisha
Tanesha
Taneshea
Tania
Tanicha
Taniesha
Tanisha
Tanith
Tannishtha
Tansy
Tanvi
Tanya
Tané
Tapasya
Tara
Taral
Taralynn
Tarana
Tarani
Taravia
Tareen
Taria
Tarika
Tarja
Tarla
Tarunika
Taryn
Tasarla
Tasha
Tashanee
Tashina
Tasida
Tasina
Tasmin
Tasnima
Tassos
Tasya
Tatiana
Taulaki
Taura
Tavi
Tawia
Tawnie
Tawny
Tayanita
Tazu
Tcu Mana
Teal
Teamhair
Teasag
Teda
Teddi
Teddie
Tedra
Teena
Tegwen
Tekahionwake
Tekla
Teleri
Teleza
Temina
Temira
Tempest
Temyka
Tenecia
Tenisha
Tenuvah
Teodora
Tephania
Tera
Teresa
Teresia
Teresina
Teresita
Teressa
Tereza
Terezinha
Teri
Teriah
Terilee
Terra
Terri
Terryl
Teryn
Teshuah
Tesia
Tess
Tessa
Tessi
Tevy
Thaddea
Thais
Thalassa
Thaleia
Thana '
Thandiwe
Thao
Thea
Thekla
Thelma
Thema
Themba
Thena
Theodora
Theodosia
Theone
Theophania
Theophilia
Theresa
Thetis
Thomasina
Thongvan
Thurayya
Thyra
Tia
Tiara
Tiberia
Tifara
Tiff
Tiffany
Tigris
Tilda
Till
Timotha
Timothea
Tina
Tiponya
Tira
Tirion
Tirtha
Tirza
Tirzah
Tisa
Tish
Tisha
Tishra
Titia
Titilayo
Tivian
Tivona
Tiwa
Tobe
Tohuia
Toini
Toireasa
Toiresa
Toivo
Toletta
Tolga
Tolikna
Tomasa
Tomazja
Tomina
Toni
Tonja
Tonya
Tooka
Tookayo
Tora
Torah
Torhild
Tori
Toril
Toshala
Toshi
Tosia
Toski
Tosya
Totsi
Tovia
Tracee
Tracey
Traci
Tracie
Tracy
Trava
Treasure
Trecia
Treise
Trella
Tresa
Tresha
Tresiliana
Tri
Tria
Tricia
Trina
Trinh
Trini
Trinidad
Triona
Tripta
Trish
Trisha
Triska
Trista
Trix
Trixie
Truda
Trudie
Trudy
Tríona
Tsomah
Tsuhgu
Tsula
Tsunou
Tsuruko
Tua
Tualau
Tuhina
Tukiko
Tukiyo
Tula
Tulani
Tulann
Tulia
Tulinagwe
Tulip
Tulsi
Tupper
Tusa
Tusajigwe
Tusla
Tuyet
Twyla
Tyana
Tyche
Tyfany
Tyffany
Tyna
Tyra
Tyrene
Tzadika
Tzafra
Tzahala
Tzeira
Tzemicha
Tzeviya
Tzigana
Tzili
Tzivya
Tzofia
Uchenna
Udiya
Ujala
Ujila
Ujvala
Ula
Ulami
Ularia
Ulina
Ulla
Ulrika
Ulrike
Ulryka
Ulu
Ulyssia
Um-Kalthum
Uma
Umali
Umayma
Ume
Umeeka
Umeki
Umeko
Umiko
Umm
Umniya
Una
Undine
Uness
Unice
Unity
Unn
Unquie
Upala
Urania
Uranja
Urbana
Urbi
Uriela
Urmi
Ursa
Ursel
Ursley
Ursola
Ursula
Ursulina
Ursy
Urszula
Uschi
Usha
Ushi
Ushmil
Ushriya
Ut
Uta
Utako
Ute
Utina
Uvonda
Uwimana
Vachya
Vaclava
Vailea
Valaree
Valda
Valdis
Vale
Valeda
Valenda
Valentia
Valentina
Valeria
Valerie
Valeriya
Valery
Valeska
Valetta
Valida
Valinda
Valli
Vally
Valma
Valora
Valory
Vamana
Vana
Vanaja
Vanalika
Vanda
Vandani
Vandelia
Vanessa
Vani
Vania
Vanika
Vanja
Vanna
Vanora
Vanya
Vara
Varana
Varaza
Varenka
Varina
Varinka
Varonika
Varsha
Varuna
Varvara
Vashti
Vasilisa
Vasundhara
Vatusia
Veata
Veda
Vedis
Veera
Vega
Vegenia
Velda
Veleslava
Velia
Velinda
Velinde
Velma
Velora
Velsie
Velvet
Velvina
Venceslava
Veneranda
Venessa
Venetia
Venus
Veola
Vera
Verena
Verify
Verina
Verity
Verla
Verna
Vernadine
Vernesta
Vernetta
Veronica
Veronika
Veronique
Vesta
Vevina
Vi
Vianca
Vianna
Viatricia
Viatrix
Vica
Vicki
Vickie
Vicky
Victoire
Victoria
Victorine
Victoriya
Vidonia
Vidya
Viera
Vigdis
Vik
Vika
Vikaheilala
Viki
Vikkie
Vikky
Viktoria
Vilhelmina
Vilma
Vimala
Vina
Vincenta
Vinette
Vinya
Viola
Violante
Viole
Violet
Violeta
Violetta
Viorica
Vira
Virgee
Virginia
Virginie
Viridia
Visolela
Vita
Vitoria
Vittoria
Viv
Vivaca
Viveca
Viveka
Vivian
Viviana
Vivienne
Vivita
Vivyan
Vladimira
Vladimíra
Vladislava
Vonda
Vondila
Vreni
Vrijeda
Vrinda
Vyoma
Vyomika
Vyvian
Václava
Wachiwi
Wafa
Wafiyya
Wahchintonka
Waipshwa
Wajiha
Wakana
Wakanda
Wakenda
Walentya
Walida
Walidah
Waltraud
Wana'ao
Wana'aonani
Wanaka
Wanda
Waneta
Wanita
Wapin '
Warri
Waseme
Washta
Wasula
Watseka
Wauna
Waylahskise
Waynoka
Weayaya
Weeko
Weetamoo
Wehinahpay
Wenda
Wendeline
Wendi
Wendie
Wendy
Wenona
Wenonah
Weronikia
Whoopi
Wibeke
Wicahpi
Wicahpi Isnala
Wicahpi Wakan
Wichasta
Widad
Wiebke
Wigburg
Wihakayda
Wiktoria
Wilfreda
Wilhema
Wilhemina
Wilhemine
Wilima
Wilimina
Willa
Willabelle
Willamena
Willamina
Willann
Willemyn
Willeta
Willette
Willow
Wilma
Winda
Winema
Winifred
Winnie
Winnie-Comac
Winnifred
Winona
Wioletta
Wisia
Witashnah
Wiyaka-Wastewin
Wyanet
Wyetta
Wylma
Wyn
Wynelle
Wynn
Wynne
Wynonna
Wyome
Wyvonne
Xandra
Xandrine
Xanthe
Xantho
Xaviera
Xena
Xenia
Xiao-Niao
Xiao-Xing
Xilonen
Ximena
Xin
Xinh
Xiopara
Xuan
Xylia
Yaa
Yaara
Yachi
Yachne
Yael
Yakira
Yaluta
Yamina
Yamini
Yamka
Yamuna
Yana
Yanaha
Yardena
Yardeniya
Yarkona
Yarmilla
Yashila
Yashna
Yashodhara
Yashwina
Yasiman
Yasmeen
Yasmin
Yasmine
Yasu
Yasuko
Yawa
Yehudit
Yejide
Yekaterina
Yelda
Yelena
Yemima
Yemina
Yendelela
Yenene
Yenta
Yepa
Yerusha
Yeshara
Yetta
Yeva
Yevetha
Yi
Yin
Ynes
Ynez
Yochana
Yocheved
Yoela
Yoki
Yokkako
Yoko
Yolanda
Yolande
Yolanta
Yolathe
Yolette
Yolyvette
Yonina
Yonkela
Yori
Yosefa
Yoshe
Yoshi
Yoshiko
Yoshino
Young-Il
Young-Soon
Yovela
Yow
Yoya
Yrenia
Ysabel
Ysanne
Yseult
Ysolda
Ysonde
Yu
Yue
Yukari
Yuki
Yukie
Yukiko
Yuliya
Yumiko
Yunlong
Yusra
Yuè
Yvette
Yvonne
Yí
Yín
Zabrina
Zada
Zadee
Zafira
Zahara
Zahra
Zahrah
Zainab
Zainabu
Zaira
Zakah
Zakelina
Zakiya
Zakiyya
Zaleya
Zalika
Zaltana
Zandra
Zaneda
Zaneta
Zanna
Zannah
Zara
Zarah
Zaray
Zarifa
Zarina
Zarita
Zarya
Zawadi
Zayit
Zaylie
Zaynab
Zaza
Zbyhneva
Zbyhnêva
Zdeslava
Zea
Zeborah
Zefiryn
Zehara
Zehava
Zehira
Zel
Zelda
Zelenka
Zelfa
Zelia
Zelie
Zelma
Zelpah
Zemira
Zemorah
Zena
Zenaida
Zenaide
Zenana
Zenda
Zenevieva
Zenobia
Zenobja
Zephyra
Zephyrine
Zera
Zeraldina
Zerdali
Zeresh
Zevida
Zhane
Zhané
Zhenjian
Zhi
Zhì
Zia
Zigana
Zihna
Zil
Zillah
Zilpah
Zilpha
Zilvia
Zimriah
Zina
Zinaida
Zinnia
Zinobiya
Zinovia
Zipporah
Ziracuny
Zirah
Zita
Zitkala-Sa
Zitomira
Zitomíra
Zivanka
Zlata
Zoe
Zofia
Zofie
Zoheret
Zohra
Zoila
Zola
Zonta
Zora
Zoraida
Zorina
Zosia
Zozi
Zoë
Zsa Zsa
Zsazsa
Zsuzsanna
Zsuzsánna
Zubaida
Zubaidah
Zula
Zuleica
Zuleika
Zuljeta
Zuwena
Zuzana
Zuzanna
Zuzela
Zuzeth
Zuzi
Zuzu
Zytka
Zàn
Zéphyrine
Íde
Özge