Yorkshire
Wiltshire
Western Isles
West Yorkshire
West Yorks
West Sussex
West Midlands
West Glamorgan 
Warwickshire
Tyne and Wear
Tayside
Sussex
Surrey
Suffolk
Strathclyde
Strabane
Staffordshire
South Yorkshire
South Yorks
South Glamorgan
Somerset
Shropshire
Shetland
Rutland
Royal Berkshire
Royal Berks
Powys
Oxon
Oxfordshire
Orkney
Omagh
Nottinghamshire
Northumberland
Northants
Northamptonshire
North Yorkshire
North Yorks
North Down
Norfolk
Newtownabbey
Newry and Mourne
Moyle
Mid Glamorgan
Merseyside
Magherafelt
Lothian
Londonderry
Lisburn
Lincolnshire
Limavady
Leicestershire
Larne
Lancs
Lancashire
Kent
Isle of Wight
Isle Of Wight
Humberside
Highland
Herts
Hertfordshire
Hereford and Worcester
Hants
Hampshire
Gwynedd
Gwent
Greater Manchester
Greater London
Grampian
Gloucestershire
Fife
Fermanagh
Essex
East Sussex
East Riding
Dyfed
Durham
Dungannon
Dumfries and Galloway
Dorset
Devon
Derbyshire
Cumbria
Craigavon
County Strabane
County Omagh
County North Down
County Newtownabbey
County Newry and Mourne
County Moyle
County Magherafelt
County Londonderry
County Lisburn
County Limavady
County Larne
County Fermanagh
County Dungannon
County Down
County Craigavon
County Cookstown
County Coleraine
County Castlereagh
County Carrickfergus
County Belfast
County Banbridge
County Ballymoney
County Ballymena
County Armagh
County Ards
County Antrim
Cornwall
Cookstown
Coleraine
Clwyd
Cleveland
Cheshire
Castlereagh
Carrickfergus
Cambridgeshire
Buckinghamshire
Borders
Berkshire
Berks
Belfast
Bedfordshire
Banbridge
Ballymoney
Ballymena
Avon
Armagh
Ards
Antrim