S-PP
B-NP
I-NP
E-NP
B-PP
E-PP
S-NP
B-PRN
E-PRN
S-VP
S-PRN
O
S-ADVP
S-ADJP
B-QP
E-QP
B-VP
E-VP
I-VP
B-UCP
I-UCP
E-UCP
S-WHNP
B-ADVP
E-ADVP
S-SBAR
S-PRT
B-SINV
E-SINV
S-SINV
I-QP
B-ADJP
E-ADJP
I-ADVP
B-NAC
I-NAC
E-NAC
S-WHADVP
I-ADJP
B-SBAR
E-SBAR
S-WHPP
S-SQ
I-PP
B-SQ
E-SQ
S-UCP
B-NX
E-NX
S-NX
B-WHADVP
E-WHADVP
B-CONJP
E-CONJP
I-PRN
S-FRAG
B-WHADJP
E-WHADJP
B-WHNP
E-WHNP
I-CONJP
S-NAC
B-FRAG
E-FRAG
S-INTJ
S-SBARQ
I-NX
I-SINV
I-WHNP
B-SBARQ
E-SBARQ
I-WHADVP
S-LST
S-X
I-SBAR
B-X
E-X
I-FRAG
I-WHADJP
I-X
I-SBARQ
B-INTJ
I-INTJ
E-INTJ
S-WHADJP
B-LST
E-LST
B-PRT
I-PRT
E-PRT
I-LST
I-SQ
S-QP
B-WHPP
E-WHPP
B-RRC
E-RRC
S-RRC
I-RRC
I-WHPP
S-CONJP
PADDING
UNAVAILABLE
