!
#
$
%
&
&b
&g
&l
&p
&r
&t
'
''
'0
'd
'm
's
't
(
)
,
-
--
-a
-b
.
..
.a
.b
.c
.j
.m
.p
.s
.t
.v
.y
/0
0
00
0a
0b
0s
:
:0
;
?
NOSUFFIX
PADDING
UNAVAILABLE
\*
`
``
a
a$
a.
a0
aa
ab
ac
ad
ae
af
ag
ah
ai
ak
al
am
an
ao
ap
aq
ar
as
at
au
aw
ax
ay
az
b
b.
b0
ba
bb
bc
be
bi
bm
bo
bs
bt
by
c
c$
c.
c0
ca
cc
cd
ce
ch
ci
ck
co
cs
ct
cy
cz
d
d.
d0
da
db
dc
dd
de
di
dl
do
dp
ds
dt
du
dy
e
e.
e0
ea
eb
ec
ed
ee
ef
eg
ei
ek
el
em
en
eo
ep
er
es
et
eu
ev
ew
ex
ey
ez
f
f.
f0
fa
fe
ff
fi
fl
fm
fo
fp
fs
ft
fy
g.
ga
gb
ge
gg
gh
gi
gm
gn
go
gs
gu
gy
h.
ha
he
hi
hl
hm
hn
ho
hr
hs
ht
hy
i
i.
ia
ib
ic
id
ie
if
ig
ih
ii
ik
il
im
in
io
ip
ir
is
it
iv
ix
iz
j.
ja
ji
jo
jr
k
k$
k.
ka
ke
kf
kh
ki
kk
ko
kr
ks
ku
ky
l
l.
la
lc
ld
le
lf
li
lj
lk
ll
lm
ln
lo
lp
ls
lt
lu
ly
m$
m.
ma
mb
md
me
mi
mm
mn
mo
mp
mr
ms
mt
mu
my
n
n'
n.
n0
na
nb
nc
nd
ne
ng
nh
ni
nk
nl
nn
no
np
ns
nt
nu
nw
nx
ny
nz
o.
o0
oa
ob
oc
od
oe
of
og
oh
oi
ok
ol
om
on
oo
op
or
os
ot
ou
ov
ow
ox
oy
p.
p0
pa
pc
pe
pf
ph
pi
pn
po
pp
ps
pt
py
r
r.
r0
ra
rb
rc
rd
re
rf
rg
ri
rk
rl
rm
rn
ro
rp
rr
rs
rt
ru
ry
rz
s
s$
s.
sa
sb
sc
sd
se
sf
sh
si
sj
sk
sm
so
sp
ss
st
su
sx
sy
t.
t0
ta
tc
td
te
th
ti
tl
tm
to
ts
tt
tu
tv
tw
ty
tz
u
u0
ua
ub
ud
ue
ug
uh
ui
uk
ul
um
un
uo
up
ur
us
ut
ux
uy
uz
v.
va
ve
vi
vo
vs
vy
w.
wa
wd
we
wl
wn
wo
ws
x
xa
xi
xt
xy
y.
y0
ya
yd
ye
yl
yn
yo
ys
yu
z
z.
za
ze
zi
zo
zt
zy
zz
{
}
