A Portuguesa 
A Toast
Aash Al Maleek 
Advance Australia Fair 
Aegukga 
Aegukka 
African Union Anthem
Ala Khallidi 
alanningens sang 
All Hail, Liberia, Hail!
All Of Us! For Our Country, For Our Flag and Glory
Allah Peliharakan Sultan 
Allahu Akbar 
Al-Nasheed Al-Watani
Amar Shonar Bangla 
Amerika Samoa
Amhran na bhFiann 
Angola Avante 
Anthem of the Basque Homeland
Anthem without a title
Argentine National Anthem
Arise Congolese
Arise O Compatriots, Nigeria's Call Obey
Arisen from Ruins
Arrane Ashoonagh dy Vannin 
Arrorro
Aruba Dushi Tera 
Aruba Precious Country
As Salam al Amiri
As-salam al-malaki al-urdoni 
Asturias, Beloved Fatherland
Asturias, patria querida 
Auferstanden aus Ruinen 
Ave Maris Stella 
Awaken Thee, Romanian
Azat ou Ankakh Artsakh
Az?rbaycan marsi 
Bahrainona 
Bayernhymne 
Belau rekid
Beloved Isles Cayman
Biladi
Bilady, Bilady, Bilady 
Blessed Be The Land of Zimbabwe
Blessed Be This Noble Land
Boze Pravde 
Brazilian National Anthem
Bro Goth Agan Tasow, Trelawny 
Bro Gozh ma Zado첫 
Bugd Nairamdakh Mongol
Burundi bwacu 
Caminemos pisando la senda 
Cantico da Liberdade
cantique suisse
Chant de Ralliement 
Chilean National Anthem
Chosen Land
Civil: Der er et yndigt land 
Civil: Phleng Chat 
Come, We Shall March in Joint Endeavor
Concord
Cup of Solid Gold
Dabrowski's Mazurka
Das Lied der Deutschen, 3rd stanza 
De alde Friezen 
De Vlaamse Leeuw 
Dear Land of Guyana, of Rivers and Plains
Dear native land
Death or Freedom
Debout Congolais 
Defender of the Homeland
Desteapta-te, romane! 
Dideba zetsit kurtheuls 
Dievs, sveti Latviju! 
Dio vi Salve Regina 
Djibouti
Druk tsendhen 
Du gamla, Du fria 
Ee Mungu Nguvu Yetu 
Einigkeit und Recht und Freiheit
El Gran Carlemany 
El Himno de Riego 
Els Segadors 
Elsassisches Fahnenlied 
Eritrea, Eritrea, Eritrea
Ertra, Ertra, Ertra 
Esta e a Nossa Patria Bem Amada 
Eusko Abendaren Ereserkia 
Ey Reqib 
Fair Antigua, We Salute Thee
Famous Macedonia
Fatherland
Fatshe leno la rona 
football
football anthem
For Africa and for You, Mali
For The Gambia Our Homeland
Forever Marshall Islands
Forged from the Love of Liberty
former national anthem
Forward Angola
Fratelli d'Italia and l'Inno di Mameli
Freedom
Galician National Anthem
Gavmii mi ekuverikan matii tibegen kuriime salaam 
Gibraltar Anthem
Giubilanti d'amore fraterno 
Gloria al Bravo Pueblo 
Glory to the Brave Nation
Go ahead, the Flag of Glory
God Be With Our Suriname
God be with you, land of Bavaria
God Bless Africa
God Bless Africa & The Call of South Africa combined
God Bless Anguilla
God Bless Fiji
God Bless Latvia
God Bless Our Homeland Ghana
God Bless the Sultan
God Defend New Zealand, God Save the Queen
God Is Greatest!
God of Justice
God Save Our Solomon Islands
God Save the Queen
God Save the South 
God Save the Tsar
God the Righteous
God zij met ons Suriname 
Gong Jin'ou 
Gott mit Dir Du Land der Bayern
Great Indonesia
Grunnens Laid
Guardians of the Homeland
Guatemala national anthem
Guernsey Dear
Hail Grenada
Hail to Bermuda 
Hail to Thee in Victor's Crown
Hail to thee, land of our forefathers
Hail to You, Nicaragua
Hatikvah 
Hawai'i Pono'i 
Hawaii's Own
Heil dir im Siegerkranz 
Hej Sloveni 
Hen Wlad Fy Nhadau 
Het Wilhelmus 
Hey Guardian or "Hey Enemy"
Hey, Slavs
High Above the Young Rhine
High We Exalt Thee, Realm of the Free
Himat Al Hima 
Himno di Korsou
Himno Istmeno 
Himno Nacional Argentino 
Himno Nacional de Chile 
Himno Nacional de El Salvador 
Himno Nacional de Guatemala 
Himno Nacional de la Republica de Bolivia 
Himno Nacional de la Republica de Colombia 
Himno Nacional Mexicano 
Himnusz 
Hino Nacional Brasileiro 
Homat el Diyar 
Hymn
Hymn and Pontifical March
Hymn of Bavaria
Hymn of the Lao People
Hymn of the Republic of Tatarstan
Hymn to Freedom
Hymn to the Flag
Hymn to the Virgin Mary
Hymne Cherifien
Hymne Monegasque
Hymni i Flamurit 
I Vow to Thee, My Country 
Il Canto degli Italiani 
Imnos eis tin Eleftherian 
In National Unity Do We Salute Our Nation
In Plenty and In Time of Need
Independencia total 
Indonesia Raya 
Inno e Marcia Pontificale 
Inno Nazionale della Repubblica
Intermeco, formerly: Jedna i Jedina 
Ishe Komborera Africa 
Ishy Bilady 
Isle of Beauty, Isle of Splendour
Isle of Man National Anthem
Isthmus Hymn
Istiklal Marsi 
Ja, vi elsker dette landet 
Jamaica, Land We Love
Jana Gana Mana 
Jerusalem 
Jordanian Royal Anthem
Kaba Ma Kyei 
Kassaman 
Kde domov muj? 
Kimi Ga Yo 
Ko e fasi ?o e tu?i ?o e ?Otu Tonga
Ko e Iki he Lagi
Kongesangen
Koste Seselwa
Koullouna Lilouataan Lil Oula Lil Alam 
Kungssangen 
La Balanguera 
La bandera blanca y verde 
La Bayamesa 
La Borinquena
La Concorde 
La Congolaise
La Dessalinienne 
La Espero 
La Marseillaise
La Marseillaise 
La Nigerienne
La Renaissance 
La Tchadienne
L'Abidjanaise 
Land der Berge, Land am Strome 
Land of Hope and Glory 
Land of Mountains, Land on the River
Land of My Fathers
Land of the Free
Land of the Rising Sun
L'Aube Nouvelle 
Le Chant des Wallons 
Lesotho Fatse La Bontata Rona
Let Us Tread the Path
Liberte 
Lijepa nasa domovino 
Limba Noastra 
L-Innu Malti 
Lofsongur 
Londonderry Air 
Long Live my Homeland
Lupang Hinirang 
Ma Normandie 
Maamme/Vart land 
Majulah Singapura 
March Forward, Dear Mother Ethiopia
March of Azerbaijan
March On, Bahamaland
Marcha Real 
Mawtini 
May 1,000 Years of Happy Reign Be Yours
Mazurek Dabrowskiego 
Mening Qazaqstanym 
Mer Hayrenik 
Mexican National Anthem
Mila Rodino 
Mlungu dalitsani Malawi 
Motherland
Mu isamaa, mu 천nn ja r천천m 
Mungu ibariki Afrika 
My Belarusy 
My Country
My Golden Bengal
My Homeland
My Homeland, My Homeland, My Homeland
My Kazakhstan
My Native Land, My Pride and Joy
My Normandy
Nad Tatrou sa blyska 
Nahnu Djundulla Djundulwatan 
Namibia, Land of the Brave
Naprej zastava slave 
Nashid as-Salaam as-Sultani
National Anthem
National Anthem of El Salvador
National Anthem of Manchukuo
National Anthem of Mauritania
National Anthem of Russia
National Anthem of the Kyrgyz Republic
National Anthem of the Republic of Bolivia
National Anthem of the Republic of China 
National Anthem of the Republic of Colombia
National Anthem of the Republic of Kazakhstan
National Anthem of the Republic of Uzbekistan
National Anthem of the Soviet Union, The Internationale 
National Song
Nauru Bwiema 
Nauru Our Homeland
Negaraku 
Nkosi Sikelel iAfrica & Die Stem van Suid Afrika 
Nkulunkulu Mnikati wetibusiso temaSwati
Noble Fatherland, Your Beautiful Flag
Noble patria, tu hermosa bandera 
Nokoreach
Nunarput utoqqarsuanngoravit 
O Arise, All You Sons
O Canada 
O Faroe Islands, My Dearest Treasure
O Land of Beauty!
O sweet Saint-Martin's Land
O, bright dawn of May
Oben am jungen Rhein 
Ode "An die Freude" 
Ode "to Joy"
Ode to Newfoundland
Oh God Bless Our Land Of Malawi
Oh God of All Creation
Oh Make Eternal
Oh Uganda, Land of Beauty
Oh, Our Beloved Fatherland
Oj, svijetla majska zoro 
Onamo, 'namo! 
One and Only
One Single Night
Ons Hemecht 
Onwards Singapore
Orientales, la Patria o la tumba 
Os Pinos 
Our Bahrain
Our Beautiful Homeland
Our Burundi
Our Fatherland
Our Homeland
Our Land
Our Language
Paraguayans, the Republic or Death
Paraguayos, Republica o Muerte 
Patria 
Patria Amada, formerly Viva, Viva a FRELIMO
Patriots of Micronesia
Pheng Xat Lao 
Phleng Sansoen Phra Barami
Pincez Tous vos Koras, Frappez les Balafons 
Pluck Your Koras, Strike the Balafons
popular
Pour l'Afrique et pour toi, Mali 
Praise Be To The Heavenly Bestower of Blessings
Qaumi Tarana 
Quisqueyanos valientes 
Rallying Song
Rastriya Gaan
Rise O Voices of Rhodesia
Royal Anthem: God Save the Queen
Royal March
Rumrama
Rwanda nziza
Ry Tanindraza nay malala o 
Sakala ylemlaal
Salamatih Shah
salmo svizzero
Salut a toi, pays de nos aieux 
Salve a ti, Nicaragua 
Salve, Oh Patria 
Sarnia Cherie 
Schweizerpsalm
Se Canta
Shche ne vmerla Ukrainy 
Simudzai Mureza WeZimbabwe 
Somalia Wake Up
Somaliyaay toosoo 
Somos libres, seamoslo siempre 
Song of Abidjan
Song of Dessalines
Song of Marseille
Song of the Walloons
Sons and Daughters of St. Lucia
Soroud-e-Melli
Sorud-e Melli-e Iran, Imperial Salute 
Sri Lanka Matha
St Vincent Land So Beautiful
Stand and Sing of Zambia, Proud and Free
Stand Kiribati
Stand Ye Guamanians
Star of the Sea, We Hail Thee
Storm Over the Tatras
Surudi Milli 
Swiss Psalm 
Tajik National Anthem
Tautiska giesme 
Tavisupleba 
Te Atua Mou E
Teirake kaini Kiribati 
Tera di Solo y suave biento
The alander's Song
The Alsatian flag's song
The Balanguera
The Banner of Freedom
The Bayamo Song
The Brabanconne 
The Dawn of a New Day
The Flemish Lion
The Forest is Full of Pine Nuts
The Great Charlemagne
The Hope
The Maltese Hymn
The March of Independence
The March of the Volunteers
The March to the Front
The National Song
The Old Frisians
The Patriotic Hymn
The Patriotic Song
The Portuguese
The Reapers
The Rebirth
The Royal Anthem
The Royal Saudi Salut
The Soldier's Song
The Song of Brabant
The Song of Love for the Country
the Song of the Italians
The Star-Spangled Banner
The Thunder Dragon Kingdom
The Union of the Great Islands
The white and green flag
The William
There is a Lovely Land
This Is Our Beloved Country
Thou ancient, Thou free, Thou mountainous North
Thou Art the Ruler of the Minds of All People
Three Colours
Ti?n Quan Ca 
Till the End of the World, Myanmar
Today Over Macedonia
Tooruktug Dolgay Tangdym 
Total Independence
Trei culori 
Tu alfagra land mitt 
Tu bandera es un lampo de cielo 
Tuvalu for the Almighty
Tuvalu mo te Atua 
Ubavoj nam Crnoj Gori 
Udzima wa ya Masiwa 
Ukraine's glory has not perished
Une Seule Nuit 
United Republic
unofficial
Uruguayans, the Fatherland or the grave!
Uygur March
Vajacki mars 
Valiant Sons of Quisqueya
Virgin Islands March
We Are Free, Let Us Remain So Forever
We Are the Army of God and of Our Land
We Pledge
We Salute You Our Homeland
We Sing the Praises of Transnistria
We, the Belarusians
We, We, We
Where is My Home?
Wodefit Gesgeshi, Widd Innat Ityopp'ya 
Yes, We Love This Country
You Our Ancient Land!
Your Flag Is A Heavenly Light
Yumi, Yumi, Yumi 
Zdravljica 
