Abidjan
Abu Dhabi
Abuja
Accra
Adamstown
Addis Ababa
Algiers
Alofi
Amman
Amsterdam
Andorra la Vella
Ankara
Antananarivo
Apia
Ashgabat
Asmara
Astana
Asuncion
Athens
Avarua
Baghdad
Baku
Bamako
Bandar Seri Begawan
Bangkok
Bangui
Banjul
Basseterre
Basse-Terre
Beijing
Beirut
Belgrade
Belmopan
Berlin
Bern
Bishkek
Bissau
Bloemfontein
Bogota
Brasilia
Bratislava
Brazzaville
Bridgetown
Brussels
Bucharest
Budapest
Buenos Aires
Bujumbura
Cairo
Canberra
Cape Town
Caracas
Castries
Cayenne
Charlotte Amalie
Cockburn Town
Colombo
Conakry
Copenhagen
Cotonou
Dakar
Damascus
Dar es Salaam
Dhaka
Dili
Djibouti
Dodoma
Doha
Dublin
Dushanbe
Fagatogo
Fongafale
Freetown
Gaborone
George Town
Georgetown
Grytviken
Guatemala City
Hagatna
Hamilton
Hanoi
Harare
Havana
Helsinki
Honiara
Islamabad
Jakarta
Jamestown
Jerusalem
Kabul
Kampala
Kathmandu
Khartoum
Kiev
Kyiv
Kigali
Kingston
Kingstown
Kinshasa
Koror
Kuala Lumpur
Kuwait City
La Paz
Laayoune
El Aaiun
Libreville
Lilongwe
Lima
Lisbon
Ljubljana
Lobamba
Lome
London
Luanda
Lusaka
Luxembourg
Madrid
Majuro
Malabo
Male
Managua
Manama
Manila
Maputo
Mariehamn
Maseru
Mata-Utu
Mbabane
Mexico City
Minsk
Mogadishu
Monaco
Monrovia
Montevideo
Moroni
Moscow
Muscat
Nairobi
Nassau
Naypyidaw
N'Djamena
New Delhi
Niamey
Nicosia
Nouakchott
Noumea
Nuku'alofa
Nuuk
Oranjestad
Oslo
Ottawa
Ouagadougou
Palikir
Panama City
Papeete
Paramaribo
Paris
Phnom Penh
Podgorica
Port Louis
Port Moresby
Port of Spain
Port Vila
Port-au-Prince
Porto-Novo
Prague
Praia
Pretoria
Putrajaya
Quito
Rabat
Reykjavik
Riga
Riyadh
Road Town
Rome
Roseau
Saipan
San Jose
San Marino
San Salvador
Sanaa
Santiago
Santo Domingo
Sao Tome
Sarajevo
Seoul
Singapore
Skopje
Sofia
South Tarawa
Sri Jayawardenepura
Kotte
St. George's
St. John's
Stanley
Stockholm
Sucre
Suva
Taipei
Tallinn
Tashkent
Tbilisi
Tegucigalpa
Tehran
The Hague
The Valley
Thimphu
Tirana
Tokyo
Torshavn
Tripoli
Tunis
Ulaanbaatar
Vaduz
Valletta
Valparaiso
Vatican City
Victoria
Vienna
Vientiane
Vilnius
Warsaw
Washington
Washington, DC
Wellington
West Island
Willemstad
Windhoek
Yamoussoukro
Yaounde
Yerevan
Zagreb

Albany
Annapolis
Atlanta
Augusta
Austin
Baton Rouge
Bismarck
Boise
Boston
Carson City
Charleston
Cheyenne
Columbia
Columbus
Concord
Denver
Des Moines
Dover
Frankfort
Harrisburg
Hartford
Helena
Honolulu
Indianapolis
Jackson
Jefferson City
Juneau
Lansing
Lincoln
Little Rock
Madison
Montgomery
Montpelier
Nashville
Oklahoma City
Olympia
Phoenix
Pierre
Providence
Raleigh
Richmond
Sacramento
Saint Paul
Salem
Salt Lake City
Santa Fe
Springfield
Tallahassee
Topeka
Trenton
