ASM International
AUES - Auckland University Engineering Society
Acadia Engineering Society
Adelaide University Engineering Society student organisation
Aeronautical Society of India
American Academy of Financial Management
American Anthropological Association
American Association of Petroleum Geologists
American Bar Association
American Chemical Society
American Congress on Surveying & Mapping
American Copy Editors Society
American Council of Engineering Companies
American Counsel Association
American Dental Association
American Economic Association
American Evaluation Association
American Hospital Association
American Instititute of Architects
American Institute of Aeronautics and Astronautics
American Institute of Building Design
American Institute of Certified Public Accountants
American Institute of Chemical Engineers
American Institute of Professional Geologists
American Intellectual Property Law Association
American Library Association
American Marketing Association
American Mathematical Society
American Medical Association
American Nursing Association
American Physical Society
American Planning Association
American Political Science Association
American Psychological Association
American Public Health Association
American Public Works Association
American Road & Transportation Builders Association
American Security Association
American Society for Engineering Education
American Society for Public Administration
American Society of Agricultural and Biological Engineers
American Society of Civil Engineers
American Society of Consultant Pharmacists
American Society of Heating
American Society of Mechanical Engineers
American Society of Plumbing Engineers
American Water Resources Association
American Water Works Association
Art Museum Partnership
Association Generale des etudiants en Genie - Universite de Sherbrooke
Association des etudiants de Polytechnique
Association des etudiants en Sciences et Genie de l'Universite Laval
Association des etudiants de l'ecole de technologie superieure
Association des etudiants en genie de l'Universite du Quebec a Chicoutimi
Association des etudiants et etudiantes en genie de l'Universite de Moncton
Association for Computing Machinery
Association for Strategic Planning
Association of American Geographers
Association of Clinical Research Professionals
Association of Environmental & Engineering Geologists
Association of International Product Marketing & Management
Association of Records Managers and Administrators
Association of State Floodplain Managers
British Computer Society
British Institute of Non-Destructive Testing
Canadian Information Processing Society
Canadian Institute of Chartered Accountants
Canadian Institute of Planners
Canadian Linguistics Association
Cape Breton University Engineering Society
Carleton Student Engineering Society
Chartered Clinical Trialist Institute
Chartered Institution of Building Services Engineers
Chartered Institution of Water and Environmental Management
Chartered Secretaries New Zealand
Colegio de Ingenieros de Venezuela
Commonwealth Lawyers Association
Dalhousie Sexton Undergraduate Engineering Society
Dalhousie Undergraduate Engineering Society
Drug Information Association
EFFAS
ENSOC - University of Canterbury Engineering Society
Energy Institute
Engineering & Computer Science Association
Engineering Society at York University
Engineering Society of Multimedia University student organisation
Engineering Society of Queen's University
Engineering Undergraduate Society
Engineering Undergraduate Society of the University of British Columbia
Engineering Undergraduate Student Society of Simon Fraser University
Engineers Without Borders
European Federation of National Engineering Associations
Financial Services Institute of Australasia
Georgia Political Science Association
IPENZ - Institution of Professional Engineers New Zealand
ITR - Universite du Quebec a Trois-Rivieres
Indian Institute of Chemical Engineers
Information Systems Audit and Control Association
Institute of Acoustics
Institute of Biological Engineering
Institute of Cast Metal Engineers
Institute of Electrical and Electronics Engineers
Institute of Food Technologists
Institute of Healthcare Engineering & Estate Management
Institute of Highway Incorporated Engineers
Institute of Industrial Engineers
Institute of Internal Auditors
Institute of Management Accountants
Institute of Marine Engineering
Institute of Materials
Institute of Measurement and Control
Institute of Physics
Institute of Physics & Engineering in Medicine
Institute of Plumbing and Heating Engineering
Institute of Transportation Engineers
Institution of Agricultural Engineers
Institution of Chemical Engineers
Institution of Civil Engineers
Institution of Electrical Engineers
Institution of Engineering Designers
Institution of Engineering and Technology
Institution of Engineers
Institution of Engineers of Ireland
Institution of Fire Engineers
Institution of Highways & Transportation
Institution of Incorporated Engineers
Institution of Lighting Engineers
Institution of Mechanical Engineers
Institution of Nuclear Engineers
Institution of Railway Signal Engineers
Institution of Structural Engineers
Institution of Water Officers
International Association for Bridge & Structural Engineering
International Council of Shopping Centers
International Council on Systems Engineering
International Facility Management Association
International Federation for Information Processing
International Federation of Intellectual Property Attorneys
International Project Management Commission
International Society for Optical Engineering
Lakehead University Engineering Student Society
Latin American Studies Association
Laurentian University Engineering Students' Society
List of British professional bodies
McMaster Engineering Society
Memorial University Engineering Undergraduate Student Society
NACE International
National Academy of Forensic Engineers
National Association of Fleet Administrators
National Association of Home Builders
National Association of Industrial & Office Properties
National Association of Orthopaedic Nurses
National Council on Interpreting in Health Care
National Ground Water Association
National Rural Water Association
National Society of Accountants
National Society of Black Engineers
National Society of Professional Engineers
Naval Intelligence Professionals
Ontario Society of Professional Engineers
Order of the Engineer
Parenteral Drug Association
Pharmaceutical Society Of New Zealand
Professional Association of Intuitive Consultants
Professional Engineers Ontario
Professional Information Security Association
Professional Risk Manager's International Association
Regina Engineering Students' Society
Regroupement general des etudiants en genie de Rimouski
Regulatory Affairs Professional Society
Romanian Association of Heat-Treatment
Romanian Association of Non-Traditional Technologies
Romanian Association of Tensometry
Romanian Welding Society
Royal Aeronautical Society
Royal Institution of Naval Architects
Royal Military College of Canada Engineering Society
Ryerson Engineering Student Society
SENZ - Student Engineers of New Zealand
Saint Mary's University Engineering Society
Saskatoon Engineering Students' Society
Sigma Xi
SoSE - AUT Society of Student Engineers
Society for Applied Anthropology
Society for Clinical Data Management
Society for Marketing Professional Services
Society for Protective Coatings
Society of American Military Engineers
Society of Automotive Engineers
Society of Clinical Research Associates
Society of Environmental Engineers
Society of Fire Protection Engineers
Society of Hispanic Professional Engineers
Society of Human Resources Management
Society of Marine Port Engineers
Society of Naval Architects and Marine Engineers
Society of Operations Engineers
Society of Petroleum Engineers
Society of Professional Journalists
Society of Women Engineers
Societe des etudiants et etudiantes en genie d'Abitibi-Temiscamingue
St. Francis Xavier University Engineering Student Society
Tau Beta Pi Engineering Honor Society
The Executive Company
The Institution of Electronics and Telecommunication Engineers
The Tire Society
Turnaround Management Association
Undergraduate Engineering Society of the University of Western Ontario
University Of Ottawa Engineering Student Society
University of Alberta Engineering Students' Society
University of Calgary Engineering Students' Society
University of Guelph Engineering Society
University of Manitoba Engineering Society
University of New Brunswick Engineering Undergraduate Society
University of Prince Edward Island Engineering Society
University of Toronto Engineering Society
University of Victoria Engineering Students' Society
University of Waterloo Engineering Society
University of Windsor Engineering Society
Urban Land Institute
Usability Professionals' Association
Verein Deutscher Ingenieure
WEVA
Water Environment Federation
Welding Institute
World Organization of Web Professionals
