Zulu Standard Time
Zone Standard Time
ZST
Z.S.T.
Western time
Western Time
Western Standard Time
Western Day Time
Western Daily Time
Western Coast Time
West Day Time
West Daily Time
West Coast Time
WST
WDT
WCT
W.S.T.
W.D.T.
W.C.T.
Southern time
Southern Time
Pacific time
Pacific Time
Pacific Day Time
Pacific Daily Time
PDT
P.D.T.
Northern time
Northern Time
Middle Eastern Time
MET
M.E.T.
Greenwich Time
Greenwich Meantime
Greenwich MeanTime
Greenwich Mean Time
GMT
G.M.T.
Eastern time
Eastern Time
Eastern Standard Time
Eastern Day Time
Eastern Daily Time
Eastern Coast Time
East Day Time
East Daily Time
East Coast Time
ET
EST
EDT
ECT
E.T.
E.S.T.
E.D.T.
E.C.T.
Central Time
Central Standard Time
Central European Time
Central Day Time
Central Daily Time
CST
CET
CDT
C.S.T.
C.E.T.
C.D.T.
British Summer Time
BST
B.S.T.

