aliceblue
antiquewhite
aqua
aquamarine
azure
beige
bisque
black
blanchedalmond
blue
blueviolet
brown
burlywood
cadetblue
chartreuse
chocolate
coral
cornflowerblue
cornsilk
crimson
cyan
darkblue
darkcyan
darkgoldenrod
darkgray
darkgreen
darkkhaki
darkmagenta
darkolivegreen
darkorange
darkorchid
darkred
darksalmon
darkseagreen
darkslateblue
darkslategray
darkturquoise
darkviolet
deeppink
deepskyblue
dimgray
dodgerblue
firebrick
floralwhite
forestgreen
fuchsia
gainsboro
ghostwhite
gold
goldenrod
gray
green
greenyellow
grey
honeydew
hotpink
indianred
indigo
ivory
khaki
lavender
lavenderblush
lawngreen
lemonchiffon
lightblue
lightcoral
lightcyan
lightgoldenrod
lightgoldenrodyellow
lightgray
lightgreen
lightpink
lightsalmon
lightseagreen
lightskyblue
lightslateblue
lightslategray
lightsteelblue
lightyellow
lime
limegreen
linen
ltgoldenrodyello
magenta
maroon
mediumaquamarine
mediumblue
mediumorchid
mediumseagreen
mediumslateblue
mediumspringgreen
mediumturquoise
mediumvioletred
medspringgreen
midnightblue
mintcream
mistyrose
moccasin
navajowhite
navyblue
oldlace
olive
olivedrab
orange
orangered
orchid
palegoldenrod
palegreen
paleturquoise
palevioletred
papayawhip
peach
peachpuff
pink
plum
powderblue
purple
red
rosybrown
royalblue
saddlebrown
salmon
sandybrown
seagreen
seashell
seegreen
sienna
silver
skyblue
slateblue
slategray
springgreen
steelblue
teal
thistle
tomato
turquoise
violet
violetred
wheat
white
whitesmoke
yellow
yellowgreen
