Aasiaat Islands
Abaco Island
Abbasak
Abner Cay
Abrolhos Islands
Abu Musa island
Acklins Island
Ada Bojana
Adam Island
Adams Island
Adams Rocks
Adderley Cay
Admiralty Islands
Aegina
Agaleg
Agathonisi
Agpat
Aitutaki
Akilia
Al Muharraq
Alcarraza
Alder Cay
Alibey
Alimia
All Awash Island
Allan Cays
Allans Cay
Alluttoq
Alofi
Alonissos
Alonnisos
Ambergris Cay
Ambrym
American Samoa
Amherst Rock
Ammassalik
Amorgos
Amoy
Amsterdam Island
Amwaj Islands
amy Island
Anafi
Anatoliki Imia
Anatom
Andaman Islands
Anderson Cay
Andros
Andros Island
Anegada
Angel Cays
Angistri
Angistri Ankistrion Engiste
Angle Cay
Anglesey
Anguila Islans
Anguilla
Anguillita
Anna Cay
Annenkov Island
Anoraliuirsoq
Anthony Rock
Antigua
Antiparos
Antipaxoi
Antipodes Island
Antipodes Islands
Anzersky
Anzhu Islands
Aoba
Apolima
Araway Cay
Archer Rock
Archers Cay
Archipielago de Los Roques
Arki
Armathia
Aruba
Arwad
Arzanah
Ashmore and Cartier Islands
Asinara
Assateague Island
Astakida
Astypalia
Atafu
Atholl Island
Atiu
Atwood Cay
Auckland Island
Auckland Islands
August Cay
Auhah Island
Aunu
Austral Islands
Australia
Axel Heiberg Island
Baba Ada
Bach Long Vi
Back Cay
Bacolet Island
Baffin Island
Bagao
Bahrain
Bajo Evelyn
Bajo Nuevo Bank
Baker Island
Balearic Islands
Baliceaux Island
Bamboo Cay
Banks Island
Barataria Island
Barbados
Barbuda
Barentsoya
Barkers Cay
Barn Cay
Barracuda Island
Barrel of Beef
Barren Island
Base Line Cay
Bassas da India
Basse-Terre
Batanes
Bateau Island
Bateaux Island
Bats Island
Battowia Island
Bay Cay
Bazaruto Archipelago
Beach Cay
Beacon Cay
Beacon Rock
Beak Cay
Beauchene Island
Beaver Island
Beef Island
Belep Islands
Belkovsky Island
Bell Cay
Bellamy Cay
Belle Isle
Bellingshausen Island
Bellona
Ben Cay
Bennett Island
Bequia
Bermuda
Berry Islands
Big Ambergris Cay
Big Bersus Cay
Big Cameron Cay
Big Carters Cay
Big Cave Cay
Big Cay
Big Crab Cay
Big Cross Cay
Big Egg Island
Big Farmer's Cay
Big Fish Cay
Big Grand Cay
Big Half Moon Cay
Big Harbour Cay
Big Hog Cay
Big Jerry Cay
Big Joe Downer Cay
Big Lake Cay
Big Lloyd Cay
Big Major's Island
Big Pelican Island
Big Pigeon Cay
Big Romers Cay
Big Sand Cay
Big Thrift Harbour Cay
Big Whale Cay
Big Wood Cay
Bikini
Billy Cay
Bimini Islands
Bird Cay
Bird Island
Bisevo
Bishop Island
Bismarck Archipelago
Bitter Guana Cay
Bjonesk
Bjornoya
Black Island
Black Rock
Black Rocks
Blake Island
Blanche Rock
Bleaker Island
Blinders Rocks
Block Island
Blowing Rock
Blue Hills Island
Boa Vista
Bob Cay
Bocas Islands
Bock Cay
Bogue Islands
Bollans Island
Bolshaya Muksalma
Bolshevik Island
Bolshoy Island
Bonaire
Bonchard
Bonds Cay
Bonefish Cay
Booby Cay
Booby Island
Booby Rock
Bora Bora
Borooy
Bornholm
Bouche Island
Bougainville
Bounty Islands
Bouvet Island
Bouvetoya
Bovoni Cay
Bowe Cay
Brac
Brava
Breeches Island
Bridges Cay
Brigantine Cays
Brisant du Tamaris
Brisants de l'Heroine
Bristol Island
Brown Cay
Brush Cay
Bubiyan Island
Buck Island - Saint Croix
Buck Island - Saint Thomas
Budelli
Buena Vista Cay
Buneh island
Burnside Cay
Burroughs Cay
Burrow Cay
Bursis Cay
Bush Cay
Cabbage Cay
Cabeza de Perro
Cabrera
Caeser Cay
Caille Island
Calabash Cay
Caledonia Island
Calf of Man
Calf Rock
Calivigny Island
Cambridge Cay
Camia
Campbell Island
Campbell Island group
Canadian Arctic Archipelago
Canary Islands
Candlemas Island
Candlemas Islands
Canouan Island
Cape Breton Island
Cape Verde Islands
Capella Islands
Capraia
Caprera
Capri
Carcass Island
Cargados Carajos
Caroline Island
Caroline Islands
Carrera
Carriacou
Carter Cay
Carval Rock
Carvel Rock
Cas Cay
Cashs Cay
Castle Island
Cat Cay
Cat Island
Catal Ada
Catalina Island
Catch Island
Catholic Island
Catto Cay
Cave Cay
Cavus adasi
Cay Pinsonelle
Cayman Brac
Cayo Ahogado
Cayo Alfenique
Cayo Algodones
Cayo Arenas
Cayo Ballena
Cayo Batata
Cayo Bayo
Cayo Berberia
Cayo Botella
Cayo Buenavista
Cayo Cabritas
Cayo Caracoles
Cayo Caribe
Cayo Chiva
Cayo Coco
Cayo Collado
Cayo Corral
Cayo Cruz del Padre
Cayo de Luis Pena
Cayo de Tierra
Cayo del Agua
Cayo Diablo
Cayo Don Luis
Cayo Enrique
Cayo Esquivel
Cayo Fanduca
Cayo Fragoso
Cayo Guajaba
Cayo Guillermo
Cayo Icacos
Cayo Ines de Soto
Cayo Jalova
Cayo Jalovita
Cayo Largo
Cayo Largo del Sur
Cayo Levantado Island
Cayo Levisa
Cayo Lobito
Cayo Lobo
Cayo Lobos
Cayo Maria Langa
Cayo Mata
Cayo Mata Seca
Cayo Matojo
Cayo Morrillo
Cayo Norte
Cayo Palomas
Cayo Parguera
Cayo Pinerito
Cayo Pirata
Cayo Puerca
Cayo Punta Arenas
Cayo Raton
Cayo Ratones
Cayo Real
Cayo Rio
Cayo Romano
Cayo Saetia
Cayo Santa Maria
Cayo Santiago
Cayo Sombrerito
Cayo Terremoto
Cayo Tiburon
Cayo Verde
Cayo Vieques
Cayo Yerba
Cayos Cabezazos
Cayos Caribes
Cayos de Albuquerque
Cayos de Barca
Cayos de Cana Gorda
Cayos de Caracoles
Cayos de Este Sudeste
Cayos de Pajaros
Cayos de Ratones
Cayos Geniqui
Central and southern Dalmatia:
Chacachacare
Chagos Archipelago
Chamili
Channel Cay
Chapel Rock
Chateaubelair Island
Chatham Island
Chatham Islands
Chesterfield Islands
Cheung Chau
Children's Bay Cay
Chincoteague Island
Chios
Choc Island
Choiseul
Chongming
Christmas Island
Chryse
Chub Cay
Church Cay
Chuuk
Cinnamon Cay
Cinnamon Island
Ciovo
Cistern Cay
Clavering
Clem Cay
Clerke Rocks
Clipperton Island
Cluffs Cay
Coakley Cay
Cockroach Cay
Cockroach Island
Coco Cay
Cocoa Plum Cay
Cocos
Coculus Rock
Codrington Island
Coloane
Cololoba Cay
Column Rocks
Comfort Cay
Comino
Cominotto
Comoros
Compadre Rock
Compass Cay
Con Dao
Conception Island
Conch Cay
Conchshell Cay
Conference Island
Congo Cay
Cook Island
Cook Islands
Cook's Cay
Cooper Island
Corfu
Cormorant Cay
Corn Island
Cornish Cay
Corsica
Corvo
Cotton Cay
Cove Cay
Cow and Calf
Cow And Calves Islands
Cow Rock
Crab Cay
Craig Island
Cres
Crete
Cricket Rock
Crisby Island
Crocus Cay
Crokus Cay
Cronstadt
Crooked Island
Cross Cay
Crozet Islands
Crump Island
Cu Lao Cham
Culmer's Cay
Culpepper Island
Cunda
Cupids Cay
Curacao
Curly Cut Cays
Current Island
Current Rock
Cyclades Islands
Cyprus
Dalma
Dalzel Island
Damas Cays
Danger Cay
Daniels Cay
Dao Phu Quoc
Dara island
Darby Island
Darvill Cay
Das
Davis Island
De Long Islands
Dead Chest
Dead Mens Cays
Deadman Cay
Deadman's Cay
Dellis Cay
Delos
Dennery Island
Dent Island
D'Entrecasteaux Islands
Des Bateaux Island
Desertas
Despotiko
Devils Cay
Devon
Dia Dia Dia
Diamond Cay
Diamond Island
Diamond Rock
Dickies Cay
Diego Ramirez Islands
Dike Island
Dikish Cay
Dikson Island
Dilly Cay
Dirk Hartog Island
Disappointment Island
Disko
Djerba
Dodan Island
Dodecanese Islands
Dog Island
Dog Rocks
Dokos
Dolly's Cay
Dolphin Island
Domashnij
Dominica
Domkirk Rock
Donna Cay
Donousa
Doomey Cay
Double Breasted Cay
Double Headed Shot Cays
Dove Cay
Dove Island
Drvenik
Dry Cay
Dry Rock
Duck Cay
Duck Pond Cay
Dugi otok
Dulcina Island
Dunc Cays
Duncan Island
Dundas Island
Dupre Island
Durloe Cays
D'Urville Island
Dutchcap Cay
Duvernette Islet
Dytiki Imia
East Caicos
East Cay
East Falkland
East Jensens
Easter Island/Rapa Nui
Eden Island
Edgeoya
Edvards
efate
Egg Island
Eggers
Eila
El Ancon
El Mono
Elaphiti Islands
Elba
Elbow Cay
Eleuthera Island
Elizabeth Island
Ellesmere Island
Emerald Island
Enderby Island
Enewetak
Ernst Thalmann Island
Erromango
Espiritu Santo
Euboea
Europa Island
Eustatia Island
Evia
Ewing Island
Exchange Island
Exuma Island
Eysturoy
Fabulous Island
Factory Cays
Faddeyevsky Island
Fahie Island
Faial Island
Failaka Island
Fakaofo
Fakarava
Falcon Cays
Falkland Islands
Fallen Jerusalem Island
Fangataufa
Fanning Island
Fanny Cay
Farallon
Farallon de Pajaros
Faroe Islands
Farsi island
Fatu Hiva
Federated States of Micronesia
Fehmarn
Fener Ada
Fernandez Cay
Fernando do Noronha
Fiddle Cay
Fifteen Feet Cay
Figure of Eight I
Figurnyj
Fiji Islands
Filfla
Finger Cay
Finley Cay
Fire Island
Fish Cay
Fish Cays
Fish Hawk Cay
Fishing Cays
Five Cays
Five Islands
Five Sisters Rock
Flamingo Cay
Flanagan Island
Flat Cays
Flint Island
Flores
Florida Island
Florida Keys
Fogo
Folegandros
Folly Island
Folly Islands
Foots Cay
Formentera
Fort George Cay
Fortune Island
Forur Bozorg island
Forur Koochak island
Forurgan island
Fota Island
Fourer Island
Fournoi
Fous Island
Fowl Cay
Franz Josef Land
Frazer Hog Cay
Fregate Island
French Cay
French Cay Island
French Frigate Shoals
French Polynesia
Frenchman's Cay
Frenchs Island
Friars Island
Friday Island
Frigate Island
Frog Cay
Frozen Cay
Fugloy
Funafuti
Futuna
Gaidaros
Galliot Cay
Gambier Islands
Garden Cay
Gardner Island
Gardner Pinnacles
Garvey Island
Gary Island
Gaspar Grande
Gasparillo
Gaulding Cay
Gaulin Cay
Gavdos
Gemiler Adasi
George Dog Island
George Island
Geouge Island
Germ island
Giannutri
Gibb Cay
Gibson Cay
Gibson Hog Cay
Giglio
Gilbert Islands
Ginger Cay
Ginger Island
Glass Cay
Glorioso Islands
Glover Island
Goat Cay
Goat Island
Goat Islet
Godfred Hansens
Gold Cay
Golden Cay
Golding Cay
Goli otok
Golomyannyj
Gonave Island
Goole Cay
Gorda Cay
Gorgona
Gorret Rock
Gospa od skrpjela
Gotland
Gough Island
Gozo
Graciosa
Grad Caicos
Graham Bell Island
Gran Canaria
Grand Bahama
Grand Cay
Grand Cayman
Grand Cays
Grand ile
Grand Turk
Grande-Terre
Grass Cay
Great Barrier Island
Great Bird Island
Great Britain
Great Camanoe
Great Diomede Island
Great Dog Island
Great Exuma Island
Great Goat Island
Great Guano Cay
Great Inagua Island
Great Lyakhovsky Island
Great Ragged Island
Great Saint James Island
Great Sale Cay
Great Stirrup Cay
Great Thatch
Great Tobago Island
Greater and Lesser Tunbs
Greek islands
Green Cay
Green Island
Green Turtle Cay
Greenland
Grenada
Griffins Cay
Gros Ilet
Gros Island
Grotte Rock
Grunt Cay
Guadalcanal
Guam
Guana Cay
Guana Island
Guanahani Cay
Guanaja
Guano Cay
Guincho Ginger Cay
Guinchos Island
Gun Cay
Gut Island
Gyali
Hainan
Haines Cay
Hale Gate Island
Halki
Halls Islands
Halls Pond Cay
Hans Island
Hans Lollik Island
Hans Lollik Rock
Harbour Island
Hareon
Harvey Cay
Hassel Island
Hawaii
Hawaiian Islands
Hawar Islands
Hawes Island
Hawksbill Cay
Hawksnest Cay
Hayirsiz Ada
Hazenland
Heard Island
Hecatonessos
Hecatonessus
Hekatonisa
Helena Island
Helges Halvo
Hen and Chicken
Hendrik
Hendurabi island
Heneagua Island
Hengam island
Hengqin
Henley Cay
Henrietta Island
Henry Island
Herald Island
Herbert
Hestur
Heybeli Ada
High Cay
High Point Cay
Highas Cay
Highbourne Cay
Hiiumaa
Hilton Head Island
Hispaniola
Hiva Oa
Hoffman Cay
Hog Cay
Hog Island
Holm
Holmes Cay
Holy Island
Hong Kong Island
Hooker Island
Hope Island
Hopen
Hormuz Island
Howland Island
Huahine
Huevos
Hunter
Hvar
Hydra
HydraHydra
Ibiza
Ic ada
Icaria
Iceland
Iguana Cay
Ikaria
Ikeq
Ikiz adalar
Ildefonso Islands
ile a Vache
ile aux Cochons
Ile Chancel
Ile de France
ile de la Possession
ile de l'Est
ile des Pingouins
Ile Petite Grenade
ile Riou
iles Banks
Iles de la Petite Terre
Iles des Saintes
Iles du Vent
Iles Sous le Vent
iles Torres
Ilet A Eau
Ilet A Ramiers
Ilet A Tois Roux
Ilet Au Rat
Ilet Aubin
Ilet Baude
Ilet Boisseau
Ilet Cabrits
Ilet Chevalier
Ilet De La Rose
Ilet Des Chardons
Ilet Du Galion
Ilet Duchamp
Ilet Duquesnay
Ilet Fregate
Ilet Hardy
Ilet La Perle
Ilet Lapin
Ilet Lavigne
Ilet Lezard
Ilet Long
Ilet Madame
Ilet Metrente
Ilet Oscar
Ilet Pele
Ilet Petit Piton
Ilet Petit Vincent
Ilet Petite Martinique
Ilet Ragot
Ilet Ramville
Ilet Sainte-Marie
Ilet Tartane
Ilet Thiery
Ilets Aux Chiens
Ilha da Taipa
Ilha de Coloane
ilots des Apotres
Ilots du Mouillage
Imbros
Inaccessible Island
Inagua Island
Ince Ada
Incir Ada
India Cay
Indiaanskop
Inner Brass Island
Invercauld Rock
Ionian Islands
Ios
Ireland
Iron Cay
Ischia
Ishmael Cay
Isla Cabras
Isla Caja de Muertos
Isla Chiva
Isla Coche
Isla Cubagua
Isla Cueva
Isla Culebrita
Isla de Aves
Isla de Cabras
Isla de Cardona
Isla de Cerro Gordo
Isla de Culebra
Isla de las Palomas
Isla de Mona
Isla de Ramos
Isla de Ratones
Isla de Vieques
Isla del Erio
Isla Desecheo
Isla Guachinanga
Isla Guayacan
Isla La Cancora
Isla Magueyes
Isla Makuka
Isla Margarita
Isla Matei
Isla Monito
Isla Morrillito
Isla Palominitos
Isla Palominos
Isla Piedra
Isla Pineros
Isla Puerca
Isla San Juan
Isla Tortuga
Isla Verde
Isla Yallis
Islands of St. Paul
Isle of Man
Isle of Pines
Isletas de Garzas
Islote de Juan Perez
Islote Numero dos
Ist
Italian Islands
Ithaki
Itu Aba
Iz
Jack Adam Island
Jackson Island
Jacquemart Island
Jamaica
Jamaica Cay
James Cay
Jan Mayen
Japanese archipelago
Jardines De La Rienes
Jarvis Island
Jason Islands
Jeannette Island
Jeju Island
Jessop Island
Jewfish Cay
Joe Cay
Joe Creek Island
Joe Downer Cays
Joe Grants Cay
John Downer Cays
John Murray
Johnny's Cay
Johnson Island
Johnsons Cay
Johnston Atoll
Jonobi island
Josephs Cay
Jost Van Dyke
Joulter Cays
Juan de Nova Island
Jumento Cays
Kadoesji
Kaho
Kalkun Cay
Kalolimnos
Kalsoy
Kalymnos
Kandelioussa
Kao
Kapiti Island
Kara Ada
Kargi Adasi
Karpathos
Kassos
Kastellorizo
Kastellorizo
Katic
Kaua
Kaula
Kea
Kefalonia
Kekova
Kemp Cay
Keppel Island
Kerguelen Islands
Kermadec Islands
Key Cay
Kharg Island
Khark Island
Kick'em Jenny Rock
Kid Island
Kimolos 
Kingman Reef
Kiremit islands group
Kiritimati
Kish island
Kits Cay
Klein Bonaire
Klein Curacao
Knife Cay
Ko Chang
Ko Kham
Ko Mak
Ko Pha Ngan
Ko Samui
Ko Tao
Kocek Adasi
Koh Tang
Kokomo Island
Kolocep
Koltur
Komsomolets Island
Kong Karls Land
Korcula
Kornati archipelago
Kos 
Kotelny Island
Kotlin
Koufonisi
Krk
Kubbar Island
Kucuk tavusan adasi
Kucukbu
Kuhn
Kunoy
Kure
Kvitoya
Kwajalein
Kyra-Panagia
Kythera
Kythnos
Kythnos 
La Blanquilla
la Chandelle
La Cordillera
La Desirade
La Gomera
la Grande Aiguille
La Maddalena
La Palma
la Petite Aiguille
la Sentinelle Perdue
la Voile
Labuan
Lakshadweep Archipelago
Lampedusa
Lampione
Lamu Archipelago
Lana
Langkawi Islands
Lantau
Lantern Rocks
Lanzadera Cay
Lanzarote
Lapins Island
Larak island
Large Island
Las Cabritas
Las Cotorras
Las Cucarachas
Las Hermanas
Las Lavanderas del Este
Las Lavanderas del Oeste
Lastovo
Laughing Bird Cay
Lavan island
Lavezzi Island
Laviscounts Island
Laysan
le Caillou
le Clown
le Donjon
le Hangar
le Kiosque
le Torpilleur
Leduck Island
Lee Stocking Island
Lefkada
Leipsoi
Lemnos 
Lenagan Island
l'Enclume
Leonard Cay
Leros
Leros 
les Chaudrons de l'Enfer
les Jumeaux
les Sentinelles du Diable
Les Tantes
Les Trois Ilets
Lesbos 
Leskov Island
Lesvos
Levera Island
Levi Island
Lifou Island
Lightbourn's Cay
Lignumvitae Cay
Lime Cay
Limestone Rock
Limnos
Linder Cay
Lindhands
Line Islands
Linosa
Lipsi
Lisianski
L'Islot
Litla Dimun
Little Abaco Island
Little Ambergris Cay
Little Bell Cay
Little Bersus Cay
Little Camanoe
Little Carters Island
Little Cat Island
Little Cave Cay
Little Cay
Little Cayman
Little Cistern Cay
Little Corn Island
Little Crab Cay
Little Cuana Cay
Little Darby Island
Little Diomede Island
Little Exuma Island
Little Farmer's Cay
Little Goat Island
Little Grand Cay
Little Guana Cay
Little Half Moon Cay
Little Hans Lollik Island
Little Harbour Cay
Little Inagua Island
Little Island
Little Jerusalem Island
Little Joe Downer Cay
Little Jost Van Dyke
Little Key
Little Lloyd Cay
Little Lyakhovsky Island
Little Major's Island
Little Martinique
Little Nurse Cay
Little Pelican Island
Little Petit Cay
Little Pimlico Cay
Little Ragged Island
Little Romers Cay
Little Saint James Island
Little Sale Cay
Little San Salvador
Little Scrub Island
Little Seal Dog Island
Little Stirrup Cay
Little Thatch
Little Tobago
Little Walker Cay
Little Water Cay
Little Wax Cay
Little Whale Cay
Lively Island
Lizard Cay
Lizard Rocks
l'Obelisque
Lobos Cay
Lobster Cay
Lobster Island
L'Occidental
Lockhart Cay
Loggerhead Cay
Lokrum
Lone Pine Cay
Long Cay
Long Island
Lopud
Lord Howe Island
L'Oriental
Los Farallones
Los Gemelos
Los Negritos
Losinj
Louisiade Archipelago
Lovango Cay
Lovely Bay Cays
Low Cay
Low Water Harbour Cay
Lower Crisby Cay
Loyalty Islands
Lubbers Quarters Cay
Lucian Cay
Luzon
Lyakhovsky Islands
Lyford Cay
Lynns
Lynyard Cay
Mabouya Island
Macauley Island
Macclesfield Bank
Macquarie Island
Madagascar
Madam Dau's Cay
Maddens
Madeira
Madeira Cay
Madeira Island
Maewo
Mafia Island
Maiao
Maid Island
Maiden Cay
Main islands
Maio
Major Hill Cay
Major islands
Majorca
Major's Island
Makronisos
Mal Aborder
Malaita
Malakula
Malden Island
Maldives
Malta Island
Maltese Islands
Maly Muksalma
Maly Taymyr Island
Mamma Rhonda Cay
Mamula
Man Head Cay
Man Island
Man O' War Cay
Mangaia
Mangareva
Mangrove Cay
Mangrove Island
Manihiki
Manjack Cay
Manoel Island
Man-O-War Cay
Manuae
Maramasike
Marcus Island
Mare Island
Margaret Cay
Maria Islands
Marianas Islands
Marie-Galante
Mariguana Island
Marina Cay
Marine Cay
Marion Island
Market Fish Cay
Maro Reef
Marquesas
Marquis Island
Marshall Islands
Martha's Vineyard
Martin Vaz
Martinique
Mary Cays
Masked Island
Mastic Cay
Mat Lowe's Cay
Mata Redonda
Matsu
Matsu Islands
Matthew
Maui
Mauke
Maupiti
Mauritius
Mayaguana
Maycock Cay
Mayotte
Mayreau
McDonald Islands
Meeks Patch Island
Meeuwtje
Mehetia
Melita Cay
Melville Island
Menorca
Mentawai Islands
Mergui Archipelago
Metalik Ada
Meves Island
Mezhdusharskiy Island
Mid Cay
Middle Bight Cay
Middle Caicos
Middle Creek Cay
Middle Island
Middleton Cay
Midway
Milligan Cay
Milos
Milos 
Mindanao
Mindoro
Mingo Cay
Minor Islands in Severnaya Zemlya
Minu island
Mira Por Vos Islands
Miskan Island
Miskito Cays
Misteriosa Bank
Mitiaro
Mljet
Molara
Molat
Mollibeday Rots
Moloka
Mona Island
Money Cay
Monkey Island
Monos
Montagu Island
Montecristo
Montserrat
Monumental Island
Moor Island
Moorea
Moores Island
Moosha Cay
Mopelia
Moraine Cay
Morant Cays
Moriah Harbour Cay
Moruroa
Moshonissia
Mosquito Island
Motu One
Mount Desert Island
Mount Putuo
Mouth Of Harbou Cay
Muertos Cays
Muhu
Murter
Mushroom Island
Mustique
Mykines
Mykonos
Mykonos 
Nairn Cay
Nanny Island
Nantucket Island
Nanumanga
Nanumea
Nassau
Natuna Islands
Nauru
Navy Island
Naxos
Naxos 
Necker
Necker Island
Nelson Island
Nevis
Nevis Island
New Britain
New Caledonia
New Cay
New Georgia Islands
New Ireland
New Island
New Providence
New Siberia
New Siberian Islands
New Zealand
Newfoundland
Newton Cay
Ni
Nias Island
Nicobar Islands
Nigger Cay
Nightingale Island
Nightingale Islands
Nihoa
Nisyros
Nisyros 
Niuafo
Niuatoputapu
Niue
Niulakita
Niutao
Noah Bethel Cays
Nolsoy
Noname Cay
Nordaustlandet
Norfolk Island
Norman Cay
Norman Island
Norman's Pond Cay
North Andros
North Bimini
North Caicos
North Cat Cay
North Cay
North Coast of Trinidad
North Elbow Cay
North Halls Cay
North Island
Northbrook Island
Northern Aegean Islands
Northern Dalmatia:
Northern Eleuthera
Northern Marianas Islands
Northwest Cay
Northwestern Hawaiian Islands
Noss Mangrove Island
Novaya Zemlya
Nui
Nuku Hiva
Nukufetau
Nukulaelae
Nukunonu
Nun Jack Cay
Nurse Cay
Nurse Channel Cay
Nymark
O'Brien Cay
Ocean Cay
Ocean Island
October Revolution Island
Off Tobago
Ofu
oland
Old Yankee Cay
Olib
Olohega
Olosega
Omolkarm island
One Bush Cay
Orak Ada
Orange Cay
Others in the Gulf of Paria
Otok
Otters Island
Outer Brass Island
Outer Point Cay
Ouvea Island
Over Yonder Cay
Owen Island
Oyster Cay
Oyster Rock
Pacheia 
Packet Rock
Pag
Palagruza
Palau
Palawan
Palm Island
Palmerston
Palmyra Atoll
Papua New Guinea
Paracel Islands
Paradise Island
Paros
Paros 
Parrot Cay
Parrot Cays
Pasman
Patmos
Patmos 
Patricia Cay
Paw Paw Cay
Paxoi
Peace and Plenty Island
Pear Cay
Pearl and Hermes Reef
Pearl Cays
Pearls Rock
Pebble Island
Pedra Branca/Pulau Batu Puteh
Pedro Cays
Pela
Pelagie Islands
Pelaita
Pelican Cay
Pelican Island
Pemba
Penang
Penhryn Island
Penniston Cay
Penon Brusi
Penon de Afuera
Penon de San Jorge
Pensacola Cays
Penso
Pentecote
Perhentian Islands
Perkins Cay
Perpall's Cay
Pescadores
Peter Island
Petit Cannouan
Petit Cay
Petit Ilet
Petit Ilet Duprey
Petit Mustique
Petit Nevis
Petit Saint Vincent
Petit Tobac
Petite Dominique
Petite ile
Phi Phi Islands
Philippine archipelago
Phoenix Islands
Phuket
Pianosa
Pickersgill Islands
Pico
Piedra del Norte
Piedra Stevens
Pierre Island
Pigeon Cay
Pigeon Island
Pillar Rock
Pillories
Pimlico Cays
Pimlico Island
Pine Cay
Pine Tree Cay
Pineapple Cays
Pinnacle Rocks
Pioneer Island
Pipe Cay
Piperi
Piragua de Adentro
Piragua de Afuera
Pirasa adasi
Pitcairn Islands
Pitt Island
Plana Cays
Plandon Cay
Platy 
Plum Cays
Po Toi Islands
Pohnpei
Polyaigos
Poros
Poros 
Porpoise Rocks
Porto Santo
Pot Cay
Potter Cay
Powell Cay
Praslin Island
Pratas Islands
Prevlaka
Prickley Pear Cays
Prickley Pear Island
Prickly Pear Island
Prime Cay
Prince Edward Island
Prince Edward Islands
Princess Island
Prins Karls Forland
Procida
Protestant Cay
Providencia Island
Providenciales
Prune Island
Prvic
Psara
Pserimos 
Puerto Rico
Pukapuka
Pulau Tiga
Pumpion Cay
Punta Larga
Punta Mosquitos
Qabre Nakhoda island
Qaruh Island
Qeqertarsuatsiaq
Qeshm island
Quatre Island
Queen Elizabeth Islands
Quemoy
Quirimbas Archipelago
Quita Sueno Bank
Rab
Rabbit Island
Racoon Cay
Ragged Island
Raiatea & Tahaa
Rainbow Cay
Rakahanga
Rakiura
Ramgoat Cay
Ramier Island
Rancho
Randall's Cay
Rangiroa
Raoul Island
Rarotonga
Rat Cay
Rat Island
Rata Cay
Ratman Cay
Razzoli
Red Head Island
Red Island
Red Shank Cay
Redang Island
Redoda
Redonda
Reid Cay
Rennell
Republic of Cyprus
Reunion
Revillagigedo Islands
Rho
Rhode Island
Rhodes
Rineia
Roatan
Roca Alcatraz
Roca Cocinera
Roca Cucaracha
Roca Culumna
Roca Ola
Roca Resuello
Roca Speck
Roca Velasquez
Rocas
Roche Carree
Roche Debout
Roche Percee
Rocher de l'Arche
Rocher Fendu
Rocher Nord
Rocher Perce
Rocher Pyramidal
Rocher Sud
Rochers de la "Fortune"
Rochers de la Meurthe
Rochers des Moines
Rock Harbour Cays
Rock Island
Rodrigues
Roker Cay
Roncador Bank
Ronde Island
Rosario Bank
Rose Island
Rostam island
Rota
Rotto Cay
Rotuma
Rouche Island
Royal Island
Rudder Cut Cay
Rudolf Island
Rugen
Rum Cay
Rupert Rock
Russell Island
Russell Islands
Ruth Island
Rutter Cut Cay
Ryukyu Islands
Saaremaa
Saba
Saba Island
Saba Rock
Sable Island
Saddle Back Cay
Saddle Cay
Sail Rock Island
Sailor's Choice Cay
Saint Croix
Saint Elairs Cay
Saint Eustatius
Saint Georges Cay
Saint Helena
Saint John
Saint Kitts
Saint Lucia
Saint Matthias Group
Saint Pierre and Miquelon
Saint Thomas
Saint Vincent
Saint-Barthelemy
Saint-Martin
Saint-Paul Island
Saipan
Sal
Salamina
Salamis Sa
Sales Cay
Salih Ada
Saline Island
Salt Cay
Salt Island
Salt Pond Cay
Saltwater Money Rock
Samama Cays
Samana Cay
Samoa
Samos
Samos S
Samothrace Sau
Samothraki
Samphire Cay
Sampson Cay
San Andres and Providencia Department
San Andres Island
San Cristobal
San Diego Islands
San Pietro
San Salvador
Sand Bank Cays
Sand Cay
Sand Island
Sanders Island
Sandoy
Sandy Cay
Sandy Harbour Cay
Sandy Island
Sandy Point Rock
Sandy Spit
Santa Catalina Island
Santa Cruz Islands
Santa Isabel
Santa Luzia
Santa Maria
Sant'Antioco
Santiago
Santo Antao
Santorini
Sao Jorge
Sao Miguel
Sao Nicolau
Sao Tome and Principe
Sao Vicente
Saona Island
Sapate Eliand
Sapodilla Cay
Sardinia
Saronic Islands
Saunders Island
Saut d'Eau
Savai
Savan Island
Savana Island
Sazan
Schmidt Island
Schooner Cays
Scilly Cay
Scorpion Island
Scotland Cay
Scrub Cays
Scrub Island
Sea Islands
Seal Cay
Seal Cays
Seal Dog Island
Seal Island
Sealion Island
Sedov Archipelago
Selvagens
Semyonovsky Island
Senkaku Islands
Serifos
Serifos S
Serrana Bank
Serranilla Bank
Severnaya Zemlya
Severny Island
Seychelles
Shag Rock
Shag Rocks
Shangchuan Island
Shark Island
Shatvar island
Sheep Cay
Shif island
Ship Channel Cay
Shoe Island
Shomali island
Shortland Islands
Shot Cay
Shroud Cay
Sican Adasi
Sicily
Sifnos
Sifnos S
Sikaiana
Sikinos
Sikinos S
Silba
Silver Cay
Simeulue Island
Simms Cay
Sint Maarten
sipan
Sirri island
Sister Cays
Sisters' Rock
Sitrah
Six Hill Cays
Six Shilling Cays
Skiathos
Skiathos S
Skipper Jacob Rock
Skopelos
Skopelos S
Skyros
Skyros S
Smaller Bent island
Smaojlovich
Smith Cay
Smith Island
Snake Cay
Snapper Cay
Society Islands
Socotra Island
Soldado Rock
Soldier Cay
Solomon Islands
Solovetsky
Solovetsky Islands
solta
Sombrero
Sombrero Island, Batangas
Soubisse Island
South Bimini
South Caicos
South Cat Cay
South Cay
South Channel Cay
South Georgia
South Island
South Mangrove Cays
South Sandwich
South Sandwich Islands
South Spot Cay
South Stirrup Cay
South Wager Island
Southeast Cay
Southern Cay
Southern Thule
Spanish Cay
Spanish Wells Cay
Spargi
Speedwell Island
Spetses
Spetses Sp
Spitsbergen
Sporades Islands
Spratly Islands
Srednij
Sri Lanka
St Paul's Rocks
St. Giles Island
Staats Island
Staniard Cay
Staniel Cay
Starbuck Island
Staten Island
Steamer Cay
Steven Cay
Stewart Island
Stocking Island
Stolbovoy Island
Stoltenhoff
Stora Dimun
Strachan Cay
Stranger Cay
Streymoy
Strongili St
Stubb Cay
Suouroy
Sugar Loaf
Sugar Loaf Cay
Sugar Loaf Island
Sugar Loaf Rocks
Sugarloaf Rock
Sula Cay
Susak
Suwarrow
Svalbard Archipelago:
Sveta Nedelja
Sveti oorde
Sveti Marko
Sveti Nikola Island
Sveti Stefan
Svinoy
Swains Island
Swan Islands
Symi
Syrna
Syros
Ta
Table Au Diable
Tabuaeran Island
Tahiti
Tahuata
Taipa
Takutea
Tanna
Tarout
Tarzan Cay
Tavolara
Tear Coat Cay
Tee Cay
Telendos 
Tenedos 
Tenerife
Teraina
Terceira
Terre de Bas
Terre de Haut
Tetiaroa
Thasos
Thassos
Thatch Cay
Thatch Cays
The Black Rock
the Brijuni islands
The Island
The Shag Rocks
The Sisters
The Snares
The Stragglers
Thirasia
Thomas Cay
Thompson Cay
Three Mary Cays
Thule Island
Tiga Island
Tilloo Cay
Tilos 
Tingloy, Batangas
Tinian
Tinos 
Tioman Island
Tobago
Tobago Cays
Tobi
Tofua
Tokelau
Tonga
Tongareva
Tongareva Island
Tongatapu
Top Cay
Torres Strait Islands
Tortola
Tortuga
Tower Island
Traversay and Candlemas Islands
Traversay Islands
Tremiti islands
Tres Hermanas
Tres Hermanos
Triangle Island
Trinidad
Trinity Island
Tristan da Cunha
Trobriand Islands
Tromelin Island
Trou Terre Island
Trunk Cay
Tuamotus
Tubuai
Tulagi
Tumar Cay
Tupai
Turkish Republic of Northern Cyprus
Turner Cay
Turtleback Rock
Turtledove Cay
Tuscan Archipelago
Tutuila
Tuvalu
Twin Cays
Two Brothers
Two major rocks
Ua Huka
Ua Pou
Ugljan
Uki
Ulawa
Ulithi
Umbrella Cay
Umm al Maradim Island
Umm an Namil Island
Unije
Union Island
Upper Cay
Upper Channel Cay
Upper Samphier Cay
Upper Sandy Harbour Cay
Usedom
Utila
Vagar
Vaitupu
Vambelle Island
Vanuatu
Vava
Vaygach Island
Vernon Island
Victoria Island
Victory Cays
Vigilant Cay
Vilkitskogo Island
Vindication Island
Vir
Virgin Gorda
Vis
Visokoi Island
Vostochnyj
Vostok Island
Vostothny Island
Waderick Wells Cay
Waiheke Island
Wake Island
Walker Cay
Wallis
Wallis and Futuna
Warbah Island
Washington Island
Water Cay
Water Island
Waterlemon Cay
Watling Island
Wax Cay
Weatherford Cay
Weddell Island
Weizhou and Xieyang Islands
Weizhou Islands
Welcome Islands
Welk Rocks
Well Cay
West Caicos
West Cay
West Dog Island
West Falkland
West Point Island
West Sand Spit Island
West Shroud Cay
West York Island
Western Samoa
Wet Cay
Whale Cay
Whistling Cay
White Bay Cay
White Cay
White Island
Wicked Will Island
Wilczek Island
Willemberg
William Cay
William Island
Willis Cay
Willis Island
Willis Islands
Wilson Cay
Wiltshires Cay
Windermere Island
Wolin
Wood Cay
Woody Island
Woolen Dean Cay
Wrangel Island
Xiachuan Island
Xieyang Islands
Yalikavak
Yap
Yassi Ada
Yellow Cay
Yilancik Ada
York Island
Young Cay
Young Island
Yule Island
Yuma Island
Yuzhny Island
Zafora 
Zakynthos
Zanzibar
Zavodovski Island
Zemlya Aleksandry
Zemlya Georga
Zhokhova Island
Zhoushan Archipelago
Zhoushan Island
Zlarin
