Acetobacter aurantius
Actinobacillus actinomycetemcomitans
Actinomyces Israelii
Agrobacterium tumefaciens
Anaplasma
Anaplasma marginale
Anaplasma phagocytophilum
Azorhizobium caulinodans
Azotobacter vinelandii
Bacillus
Bacillus anthracis
Bacillus brevis
Bacillus cereus
Bacillus fusiformis
Bacillus licheniformis
Bacillus megaterium
Bacillus mycoides
Bacillus stearothermophilus
Bacillus subtilis
Bacteroides
Bacteroides fragilis
Bacteroides gingivalis
Bacteroides melaninogenicus
Bartonella
Bartonella henselae
Bartonella quintana
Bordetella
Bordetella bronchiseptica
Bordetella pertussis
Borrelia burgdorferi
Branhamella catarrhalis
Brucella
Brucella abortus
Brucella melitensis
Brucella suis
Burkholderia
Burkholderia cepacia
Burkholderia mallei
Burkholderia pseudomallei
Calymmatobacterium granulomatis
Campylobacter
Campylobacter coli
Campylobacter fetus
Campylobacter jejuni
Campylobacter pylori
Chlamydia
Chlamydia pneumoniae
Chlamydia psittaci
Chlamydia trachomatis
Chlamydophila
Chlamydophila pneumoniae
Chlamydophila psittaci
Clostridium
Clostridium botulinum
Clostridium difficile
Clostridium perfringens
Clostridium tetani
Clostridium welchii
Corynebacterium
Corynebacterium diphtheriae
Corynebacterium fusiforme
Coxiella burnetii
Ehrlichia chaffeensis
Enterococcus
Enterococcus avium
Enterococcus durans
Enterococcus faecalis
Enterococcus faecium
Enterococcus galllinarum
Enterococcus maloratus
Escherichia coli
Francisella tularensis
Fusobacterium nucleatum
Gardnerella vaginalis
Haemophilus
Haemophilus ducreyi
Haemophilus influenzae
Haemophilus parainfluenzae
Haemophilus pertussis
Haemophilus vaginalis
Helicobacter pylori
Klebsiella pneumoniae
Lactobacillus
Lactobacillus acidophilus
Lactobacillus casei
Lactococcus lactis
Legionella pneumophila
Listeria monocytogenes
Methanobacterium extroquens
Microbacterium multiforme
Micrococcus luteus
Moraxella catarrhalis
Mycobacterium
Mycobacterium avium
Mycobacterium bovis
Mycobacterium diphtheriae
Mycobacterium intracellulare
Mycobacterium leprae
Mycobacterium lepraemurium
Mycobacterium phlei
Mycobacterium smegmatis
Mycobacterium tuberculosis
Mycoplasma
Mycoplasma fermentans
Mycoplasma genitalium
Mycoplasma hominis
Mycoplasma pneumoniae
Neisseria
Neisseria gonorrhoeae
Neisseria meningitidis
Nocardia asteroides
Pasteurella
Pasteurella multocida
Pasteurella tularensis
Peptostreptococcus
Porphyromonas gingivalis
Prevotella melaninogenica
Pseudomonas aeruginosa
Rhizobium radiobacter
Rickettsia
Rickettsia prowazekii
Rickettsia psittaci
Rickettsia quintana
Rickettsia rickettsii
Rickettsia trachomae
Rochalimaea
Rochalimaea henselae
Rochalimaea quintana
Rothia dentocariosa
Salmonella
Salmonella enteritidis
Salmonella typhi
Salmonella typhimurium
Serratia marcescens
Shigella dysenteriae
Staphylococcus
Staphylococcus aureus
Staphylococcus epidermidis
Stenotrophomonas maltophilia
Streptococcus
Streptococcus agalactiae
Streptococcus avium
Streptococcus bovis
Streptococcus cricetus
Streptococcus faceium
Streptococcus faecalis
Streptococcus ferus
Streptococcus gallinarum
Streptococcus lactis
Streptococcus mitior
Streptococcus mitis
Streptococcus mutans
Streptococcus oralis
Streptococcus pneumoniae
Streptococcus pyogenes
Streptococcus rattus
Streptococcus salivarius
Streptococcus sanguis
Streptococcus sobrinus
Treponema
Treponema denticola
Treponema pallidum
Vibrio
Vibrio cholerae
Vibrio comma
Vibrio parahaemolyticus
Vibrio vulnificus
Wolbachia
Yersinia
Yersinia enterocolitica
Yersinia pestis
Yersinia pseudotuberculosis
