Abert'S Towhee
Acadian Flycatcher
Accentor
Acorn Woodpecker
Albatross
Alder Flycatcher
Aleutian Tern
Allen'S Hummingbird
Altamira Oriole
American Avocet
American Bittern
American Black Duck
American Black Oystercatcher
American Coot
American Crow
American Dipper
American Golden-Plover
American Goldfinch
American Kestrel
American Oystercatcher
American Pipit
American Redstart
American Robin
American Three-Toed Woodpecker
American Tree Sparrow
American White Ibis
American White Pelican
American Wigeon
American Woodcock
Ancient Murrelet
Anhinga
Anna'S Hummingbird
Antbird
Antillean Nighthawk
Antillean Palm-Swift
Antpitta
Antthrush
Aplomado Falcon
Apostlebird
Arctic Loon
Arctic Tern
Arctic Warbler
Arizona Woodpecker
Ash-Throated Flycatcher
Ashy Storm-Petrel
Asian Brown Flycatcher
Asitie
Atlantic Puffin
Audubon'S Oriole
Audubon'S Shearwater
Auk
Australasian Robin
Australasian Treecreeper
Avocet
Aztec Thrush
Babbler
Bachman'S Sparrow
Bachman'S Warbler
Bahama Mockingbird
Bahama Swallow
Bahama Woodstar
Baikal Teal
Baird'S Sandpiper
Baird'S Sparrow
Bald Eagle
Baltimore Oriole
Bananaquit
Band-Rumped Storm-Petrel
Band-Tailed Pigeon
Bank Swallow
Bar-Tailed Godwit
Barbet
Barn Owl
Barn Swallow
Barnacle Goose
Barred Owl
Barrow'S Goldeneye
Bay-Breasted Warbler
Bean Goose
Bee-Eater
Belcher'S Gull
Bell'S Vireo
Belted Kingfisher
Bendire'S Thrasher
Bermuda Petrel
Berrypecker
Berylline Hummingbird
Bewick'S Wren
Bicknell'S Thrush
Bird-Of-Paradise
Bittern
Black Guillemot
Black Noddy
Black Phoebe
Black Rail
Black Rosy-Finch
Black Scoter
Black Skimmer
Black Storm-Petrel
Black Swift
Black Tern
Black Turnstone
Black Vulture
Black-And-White Warbler
Black-Backed Woodpecker
Black-Bellied Plover
Black-Bellied Storm-Petrel
Black-Bellied Whistling-Duck
Black-Billed Cuckoo
Black-Billed Magpie
Black-Browed Albatross
Black-Capped Chickadee
Black-Capped Gnatcatcher
Black-Capped Petrel
Black-Capped Vireo
Black-Chinned Hummingbird
Black-Chinned Sparrow
Black-Crested Titmouse
Black-Crowned Night-Heron
Black-Faced Grassquit
Black-Footed Albatross
Black-Headed Grosbeak
Black-Headed Gull
Black-Headed Nightingale-Thrush
Black-Legged Kittiwake
Black-Necked Stilt
Black-Tailed Gnatcatcher
Black-Tailed Godwit
Black-Tailed Gull
Black-Throated Blue Warbler
Black-Throated Gray Warbler
Black-Throated Green Warbler
Black-Throated Sparrow
Black-Vented Oriole
Black-Vented Shearwater
Black-Whiskered Vireo
Black-Winged Stilt
Blackburnian Warbler
Blackpoll Warbler
Blue Bunting
Blue Grosbeak
Blue Jay
Blue Mockingbird
Blue-Footed Booby
Blue-Gray Gnatcatcher
Blue-Headed Vireo
Blue-Throated Hummingbird
Blue-Winged Teal
Blue-Winged Warbler
Bluethroat
Boat-Tailed Grackle
Boatbill
Bobolink
Bohemian Waxwing
Bonaparte'S Gull
Booby
Boreal Chickadee
Boreal Owl
Botteri'S Sparrow
Bowerbird
Brambling
Brandt'S Cormorant
Brant
Brewer'S Blackbird
Brewer'S Sparrow
Bridled Tern
Bridled Titmouse
Bristle-Thighed Curlew
Bristlehead
Broad-Billed Hummingbird
Broad-Billed Sandpiper
Broad-Tailed Hummingbird
Broad-Winged Hawk
Broadbill
Bronzed Cowbird
Brown Booby
Brown Creeper
Brown Jay
Brown Noddy
Brown Pelican
Brown Shrike
Brown Thrasher
Brown-Capped Rosy-Finch
Brown-Chested Martin
Brown-Crested Flycatcher
Brown-Headed Cowbird
Brown-Headed Nuthatch
Budgerigar
Buff-Bellied Hummingbird
Buff-Breasted Flycatcher
Buff-Breasted Sandpiper
Buff-Collared Nightjar
Bufflehead
Bulbul
Buller'S Shearwater
Bullock'S Oriole
Bulwer'S Petrel
Bumblebee Hummingbird
Bunting
Burrowing Owl
Bushshrike
Bushtit
Bustard
Butcherbird
Buttonquail
Buzzard
Cackling Goose
Cactus Wren
California Condor
California Gnatcatcher
California Gull
California Quail
California Thrasher
California Towhee
Calliope Hummingbird
Canada Goose
Canada Warbler
Canvasback
Canyon Towhee
Canyon Wren
Cape May Warbler
Cape Verde Shearwater
Cardinal
Caribbean Elaenia
Carolina Chickadee
Carolina Parakeet
Carolina Wren
Caspian Tern
Cassin'S Auklet
Cassin'S Finch
Cassin'S Kingbird
Cassin'S Sparrow
Cassin'S Vireo
Cassowary
Cattle Egret
Cave Swallow
Cedar Waxwing
Cerulean Warbler
Chachalaca
Chestnut-Backed Chickadee
Chestnut-Collared Longspur
Chestnut-Sided Warbler
Chickadee
Chihuahuan Raven
Chimney Swift
Chinese Egret
Chinese Pond-Heron
Chipping Sparrow
Chowchilla
Chuck-Will'S-Widow
Chukar
Cinnamon Hummingbird
Cinnamon Teal
Cisticola
Citrine Wagtail
Clapper Rail
Clark'S Grebe
Clark'S Nutcracker
Clay-Colored Robin
Clay-Colored Sparrow
Cliff Swallow
Cockatoo
Colima Warbler
Collared Forest-Falcon
Collared Plover
Common Black-Hawk
Common Chaffinch
Common Crane
Common Cuckoo
Common Eider
Common Goldeneye
Common Grackle
Common Greenshank
Common Ground-Dove
Common Loon
Common Merganser
Common Moorhen
Common Murre
Common Nighthawk
Common Pauraque
Common Pochard
Common Poorwill
Common Raven
Common Redpoll
Common Redshank
Common Ringed Plover
Common Rosefinch
Common Sandpiper
Common Snipe
Common Swift
Common Tern
Common Yellowthroat
Condor
Connecticut Warbler
Cook'S Petrel
Cooper'S Hawk
Coot
Cordilleran Flycatcher
Cormorant
Corn Crake
Cory'S Shearwater
Costa'S Hummingbird
Cotinga
Couch'S Kingbird
Courser
Crab Plover
Crake
Crane
Crane Hawk
Craveri'S Murrelet
Crescent-Chested Warbler
Crested Auklet
Crested Berrypecker
Crested Caracara
Crimson-Collared Grosbeak
Crissal Thrasher
Crossbill
Crow
Cuban Martin
Cuban Pewee
Cuckoo Roller
Cuckoo-Shrike
Cuckoos
Curassow
Curlew Sandpiper
Currawong
Curve-Billed Thrasher
Dark-Eyed Junco
Dark-Rumped Petrel Pterodroma Phaeopygia
Dark-Sided Flycatcher
Darters
Dickcissel
Dipper
Diving Petrel
Dodo
Double-Crested Cormorant
Double-Striped Thick-Knee
Dove
Dovekie
Downy Woodpecker
Drongo
Duck
Dunlin
Dusky Flycatcher
Dusky Grouse
Dusky Thrush
Dusky Warbler
Dusky-Capped Flycatcher
Eagle
Eared Grebe
Eared Quetzal
Eastern Bluebird
Eastern Kingbird
Eastern Meadowlark
Eastern Phoebe
Eastern Screech-Owl
Eastern Towhee
Eastern Wood-Pewee
Eastern Yellow Wagtail
Elegant Tern
Elegant Trogon
Elf Owl
Emperor Goose
Emu
Emu-Wren
Eskimo Curlew
Eurasian Blackbird
Eurasian Bullfinch
Eurasian Collared-Dove
Eurasian Coot
Eurasian Curlew
Eurasian Dotterel
Eurasian Hobby
Eurasian Hoopoe
Eurasian Jackdaw
Eurasian Kestrel
Eurasian Oystercatcher
Eurasian Siskin
Eurasian Tree Sparrow
Eurasian Wigeon
Eurasian Woodcock
Eurasian Wryneck
European Golden-Plover
European Starling
European Storm-Petrel
Evening Grosbeak
Eyebrowed Thrush
Fairy-Bluebird
Fairy-Wren
Falcated Duck
Falcon
Fan-Tailed Warbler
Far Eastern Curlew
Fea'S
Ferruginous Hawk
Ferruginous Pygmy-Owl
Field Sparrow
Fieldfare
Finche
Finfoot
Fish Crow
Five-Striped Sparrow
Flame-Colored Tanager
Flamingo
Flammulated Owl
Flesh-Footed Shearwater
Florida Scrub Jay
Flowerpecker
Fork-Tailed Flycatcher
Fork-Tailed Storm-Petrel
Fork-Tailed Swift
Forster'S Tern
Fox Sparrow
Franklin'S Gull
Frigatebird
Frogmouth
Fulmar
Fulvous Whistling-Duck
Gadfly
Gadwall
Gambel'S Quail
Gannet
Garganey
Gila Woodpecker
Gilded Flicker
Glaucous Gull
Glaucous-Winged Gull
Glossy Ibis
Gnatcatcher
Gnateater
Golden Eagle
Golden-Cheeked Warbler
Golden-Crowned Kinglet
Golden-Crowned Sparrow
Golden-Crowned Warbler
Golden-Fronted Woodpecker
Golden-Winged Warbler
Goose
Grace'S Warbler
Grasshopper Sparrow
Grasswren
Gray Bunting
Gray Catbird
Gray Flycatcher
Gray Hawk
Gray Jay
Gray Kingbird
Gray Nightjar
Gray Partridge
Gray Silky-Flycatcher
Gray Vireo
Gray-Breasted Martin
Gray-Cheeked Thrush
Gray-Crowned Rosy-Finch
Gray-Crowned Yellowthroat
Gray-Headed Chickadee
Gray-Hooded Gull
Gray-Tailed Tattler
Great Auk
Great Black-Backed Gull
Great Blue Heron
Great Cormorant
Great Crested Flycatcher
Great Egret
Great Frigatebird
Great Gray Owl
Great Horned Owl
Great Kiskadee
Great Knot
Great Skua
Great Spotted Woodpecker
Great-Tailed Grackle
Great-Winged Petrel
Greater Flamingo
Greater Pewee
Greater Prairie-Chicken
Greater Roadrunner
Greater Sage-Grouse
Greater Sand-Plover
Greater Scaup
Greater Shearwater
Greater White-Fronted Goose
Greater Yellowlegs
Grebe
Green Heron
Green Jay
Green Kingfisher
Green Parakeet
Green Sandpiper
Green Violet-Ear
Green-Breasted Mango
Green-Tailed Towhee
Green-Winged Teal
Greenish Elaenia
Grey Wagtail
Grey-Streaked Flycatcher
Groove-Billed Ani
Ground Roller
Grous
Guan
Guineafowl
Gull-Billed Tern
Gulls
Gunnison Sage-Grouse
Gyrfalcon
Hairy Woodpecker
Hammerkop
Hammond'S Flycatcher
Harlequin Duck
Harrier
Harris'S Hawk
Harris'S Sparrow
Hawaiian Honeycreeper
Hawfinch
Hawk
Heermann'S Gull
Helmetshrike
Henslow'S Sparrow
Hepatic Tanager
Herald Petrel
Hermit Thrush
Hermit Warbler
Heron
Herring Gull
Himalayan Snowcock
Hoary Redpoll
Hoatzin
Honeyeater
Honeyguide
Hooded Merganser
Hooded Oriole
Hooded Warbler
Hook-Billed Kite
Hoopoe
Hornbill
Horned Grebe
Horned Lark
Horned Puffin
House Finch
House Martin
House Sparrow
House Wren
Hudsonian Godwit
Hummingbird
Hutton'S Vireo
Hypocoliu
Ibisbill
Ibise
Iceland Gull
Inca Dove
Indigo Bunting
Indigobird
Iora
Island Scrub Jay
Ivory Gull
Ivory-Billed Woodpecker
Jabiru
Jacamar
Jacana
Jack Snipe
Juniper Titmouse
Kagu
Kelp Gull
Kentucky Warbler
Key West Quail-Dove
Killdeer
King Eider
King Rail
Kinglet
Kirtland'S Warbler
Kite
Kittlitz'S Murrelet
Kiwi
La Sagra' S Flycatcher
Labrador Duck
Ladder-Backed Woodpecker
Lanceolated Warbler
Lapland Longspur
Large-Billed Tern
Lark
Lark Bunting
Lark Sparrow
Laughing Gull
Lawrence'S Goldfinch
Laysan Albatross
Lazuli Bunting
Le Conte'S Sparrow
Le Conte'S Thrasher
Leach'S Storm-Petrel
Leafbird
Least Auklet
Least Bittern
Least Flycatcher
Least Grebe
Least Sandpiper
Least Storm-Petrel
Least Tern
Lesser Black-Backed Gull
Lesser Frigatebird
Lesser Goldfinch
Lesser Nighthawk
Lesser Prairie-Chicken
Lesser Sand-Plover
Lesser Scaup
Lesser White-Fronted Goose
Lesser Whitethroat
Lesser Yellowlegs
Lewis'S Woodpecker
Limpkin
Lincoln'S Sparrow
Little Blue Heron
Little Bunting
Little Curlew
Little Egret
Little Gull
Little Ringed Plover
Little Shearwater
Little Stint
Loggerhead Shrike
Logrunner
Long-Billed Curlew
Long-Billed Dowitcher
Long-Billed Murrelet
Long-Billed Thrasher
Long-Eared Owl
Long-Tailed Duck
Long-Tailed Jaeger
Long-Tailed Tit
Long-Toed Stint
Longbill
Loon
Louisiana Waterthrush
Lucifer Hummingbird
Lucy'S Warbler
Lyrebird
Macgillivray'S Warbler
Magellanic Plover
Magnificent Frigatebird
Magnificent Hummingbird
Magnolia Warbler
Magpie-Goose
Magpy
Mallard
Manakin
Mangrove Cuckoo
Mangrove Swallow
Manx Shearwater
Marbled Godwit
Marbled Murrelet
Marsh Sandpiper
Marsh Wren
Masked Booby
Masked Duck
Masked Tityra
Mccown'S Longspur
Mckay'S Bunting
Merlin
Mesite
Mew Gull
Mexican Chickadee
Mexican Jay
Middendorff'S Grasshopper-Warbler
Mississippi Kite
Mockingbird
Monk Parakeet
Montezuma Quail
Motmot
Mottled Duck
Mottled Owl
Mottled Petrel
Mound-Builder
Mountain Bluebird
Mountain Chickadee
Mountain Plover
Mountain Quail
Mourning Dove
Mourning Warbler
Mousebird
Mugimaki Flycatcher
Murphy'S Petrel
Muscovy Duck
Mute Swan
Narcissus Flycatcher
Nashville Warbler
Nelson'S Sharp-Tailed Sparrow
Neotropic Cormorant
New World Quail
New World Vulture
New World Warbler
New Zealand Wren
Nightjar
Northern Beardless-Tyrannulet
Northern Bobwhite
Northern Cardinal
Northern Flicker
Northern Fulmar
Northern Gannet
Northern Goshawk
Northern Harrier
Northern Hawk Owl
Northern Jacana
Northern Lapwing
Northern Mockingbird
Northern Parula
Northern Pintail
Northern Pygmy Owl
Northern Rough-Winged Swallow
Northern Saw-Whet Owl
Northern Shoveler
Northern Shrike
Northern Waterthrush
Northern Wheatear
Northwestern Crow
Nuthatche
Nuttall'S Woodpecker
Nutting'S Flycatcher
Oak Titmouse
Oilbird
Old World Flycatcher
Old World Oriole
Old World Sparrow
Old World Vulture
Old World Warbler
Olive Sparrow
Olive Warbler
Olive-Backed Pipit
Olive-Sided Flycatcher
Orange-Billed Nightingale-Thrush
Orange-Crowned Warbler
Orchard Oriole
Oriental Cuckoo
Oriental Greenfinch
Oriental Pratincole
Oriental Scops-Owl
Oriental Turtle-Dove
Oscine
Osprey
Ostrich
Ovenbird
Owl
Owlet-Nightjar
Oystercatcher
Pacific Golden-Plover
Pacific Loon
Pacific-Slope Flycatcher
Paint-Billed Crake
Painted Bunting
Painted Redstart
Painted Snipe
Pallas'S Bunting
Palm Warbler
Palmchat
Parakeet Auklet
Parasitic Jaeger
Pardalote
Parrot
Parrotbill
Partridge
Passenger Pigeon
Pechora Pipit
Pectoral Sandpiper
Pelagic Cormorant
Pelican
Penduline Tit
Penguin
Peregrine Falcon
Petrel
Phainopepla
Pheasant
Philadelphia Vireo
Philippine Creeper
Pied-Billed Grebe
Pigeon
Pigeon Guillemot
Pileated Woodpecker
Pin-Tailed Snipe
Pine Bunting
Pine Grosbeak
Pine Siskin
Pine Warbler
Pink-Footed Goose
Pink-Footed Shearwater
Pinyon Jay
Piopio
Piping Plover
Pipit
Piratic Flycatcher
Pitta
Plain Chachalaca
Plain-Capped Starthroat
Plains Wanderer
Plover
Plumbeous Vireo
Pomarine Jaeger
Potoo
Prairie Falcon
Prairie Warbler
Pratincole
Prion
Prothonotary Warbler
Pseudo-Babbler
Puffbird
Purple Finch
Purple Gallinule
Purple Martin
Purple Sandpiper
Pygmy Nuthatch
Pyrrhuloxia
Quail
Quail-Thrushe
Quetzal
Razorbill
Red Crossbill
Red Knot
Red Phalarope
Red-Bellied Woodpecker
Red-Billed Pigeon
Red-Billed Tropicbird
Red-Breasted Flycatcher
Red-Breasted Merganser
Red-Breasted Nuthatch
Red-Breasted Sapsucker
Red-Cockaded Woodpecker
Red-Crowned Parrot
Red-Eyed Vireo
Red-Faced Cormorant
Red-Faced Warbler
Red-Flanked Bluetail
Red-Footed Booby
Red-Footed Falcon
Red-Headed Woodpecker
Red-Legged Kittiwake
Red-Naped Sapsucker
Red-Necked Grebe
Red-Necked Phalarope
Red-Necked Stint
Red-Shouldered Hawk
Red-Tailed Hawk
Red-Tailed Tropicbird
Red-Throated Loon
Red-Throated Pipit
Red-Whiskered Bulbul Pycnonotus Jocosus
Red-Winged Blackbird
Reddish Egret
Redhead
Redwing
Reed Bunting
Rhea
Rhinoceros Auklet
Ring-Billed Gull
Ring-Necked Duck
Ring-Necked Pheasant
Ringed Kingfisher
Ringed Storm-Petrel
River Kingfisher
Roadside Hawk
Rock Pigeon
Rock Ptarmigan
Rock Sandpiper
Rock Wren
Rockfowl
Rose-Breasted Grosbeak
Rose-Throated Becard
Roseate Spoonbill
Roseate Tern
Ross'S Goose
Ross'S Gull
Rough-Legged Hawk
Royal Tern
Ruby-Crowned Kinglet
Ruby-Throated Hummingbird
Ruddy Duck
Ruddy Ground-Dove
Ruddy Quail-Dove
Ruddy Turnstone
Ruff
Ruffed Grouse
Rufous Hummingbird
Rufous-Backed Robin
Rufous-Capped Warbler
Rufous-Crowned Sparrow
Rufous-Winged Sparrow
Rustic Bunting
Rusty Blackbird
Sabine'S Gull
Sage Sparrow
Sage Thrasher
Saltator
Saltmarsh Sharp-Tailed Sparrow
Sanderling
Sandgrouse
Sandhill Crane
Sandwich Tern
Savannah Sparrow
Say'S Phoebe
Scaled Quail
Scaly-Naped Pigeon
Scarlet Ibis
Scarlet Tanager
Scissor-Tailed Flycatcher
Scott'S Oriole
Screamer
Scrub-Bird
Seaside Sparrow
Secretary Bird
Sedge Wren
Seedeater
Seedsnip
Semipalmated Plover
Semipalmated Sandpiper
Seriema
Sharp-Shinned Hawk
Sharp-Tailed Grouse
Sharp-Tailed Sandpiper
Shearwater
Sheathbill
Shiny Cowbird
Shoebill
Shorebird
Short-Billed Dowitcher
Short-Eared Owl
Short-Tailed Albatross
Short-Tailed Hawk
Short-Tailed Shearwater
Shrike
Shy Albatross
Siberian Accentor
Siberian Blue Robin
Siberian Rubythroat
Silky-Flycatcher
Sitella
Skimmer
Skua
Sky Lark
Slate-Throated Redstart
Slaty-Backed Gull
Slender-Billed Curlew
Smew
Smith'S Longspur
Smooth-Billed Ani
Snail Kite
Snow Bunting
Snow Goose
Snowy Egret
Snowy Owl
Snowy Plover
Social Flycatcher
Solitary Sandpiper
Song Sparrow
Sooty Grouse
Sooty Shearwater
Sooty Tern
Sora
South Polar Skua
Southern Martin
Spectacled Eider
Spiderhunter
Spoon-Billed Sandpiper
Spoonbill
Spot-Billed Duck
Spot-Breasted Oriole
Spotted Dove
Spotted Flycatcher
Spotted Owl
Spotted Rail
Spotted Redshank
Spotted Sandpiper
Spotted Towhee
Sprague'S Pipit
Spruce Grouse
Starling
Stejneger'S Petrel
Steller'S Eider
Steller'S Jay
Steller'S Sea-Eagle
Stilt
Stilt Sandpiper
Stonechat
Stork
Storm Petrel
Streak-Backed Oriole
Streaked Shearwater
Stygian Owl
Suboscine
Sugarbird
Sulphur-Bellied Flycatcher
Summer Tanager
Sunbird
Sunbittern
Sungrebe
Surf Scoter
Surfbird
Swainson'S Hawk
Swainson'S Thrush
Swainson'S Warbler
Swallow
Swallow-Tailed Kite
Swamp Sparrow
Swans
Swift
Tamaulipas Crow
Tanager
Tapaculo
Tawny-Shouldered Blackbird
Temminck'S Stint
Tennessee Warbler
Terek Sandpiper
Tern
Thayer'S Gull
Thick-Billed Kingbird
Thick-Billed Murre
Thick-Billed Parrot
Thick-Billed Vireo
Thick-Knee
Thornbill
Thrasher
Thrushe
Tinamou
Tit
Tit Berrypecker
Todie
Toucan
Townsend'S Solitaire
Townsend'S Warbler
Tree Kingfisher
Tree Pipit
Tree Swallow
Tree Swift
Treecreeper
Tricolored Blackbird
Tricolored Heron
Trogon
Tropical Kingbird
Tropical Parula
Tropicbird
Troupial
Trumpeter
Trumpeter Swan
Tufted Duck
Tufted Flycatcher
Tufted Puffin
Tufted Titmouse
Tundra Swan
Turaco
Turkey Vulture
Typical Wader
Tyrant Flycatcher
Upland Sandpiper
Vanga
Varied Bunting
Varied Thrush
Variegated Flycatcher
Vaux'S Swift
Veery
Verdin
Vermilion Flycatcher
Vesper Sparrow
Violet-Crowned Hummingbird
Violet-Green Swallow
Vireo
Virginia Rail
Virginia'S Warbler
Wagtail
Wallcreeper
Wandering Albatross
Wandering Tattler
Warbling Vireo
Water Kingfisher
Wattle-Eye
Wattlebird
Waxbill
Waxwing
Weaver
Wedge-Rumped Storm-Petrel
Wedge-Tailed Shearwater
Western Bluebird
Western Grebe
Western Gull
Western Kingbird
Western Meadowlark
Western Reef-Heron
Western Sandpiper
Western Screech-Owl
Western Scrub Jay
Western Spindalis
Western Tanager
Western Wood-Pewee
Whimbrel
Whip-Poor-Will
Whipbird
Whiskered Auklet
Whiskered Screech-Owl
Whiskered Tern
Whistler
White Wagtail
White-Breasted Nuthatch
White-Cheeked Pintail
White-Collared Seedeater
White-Collared Swift
White-Crowned Pigeon
White-Crowned Sparrow
White-Eared Hummingbird
White-Eye
White-Eyed Vireo
White-Faced Ibis
White-Faced Storm-Petrel
White-Headed Woodpecker
White-Rumped Sandpiper
White-Tailed Eagle
White-Tailed Hawk
White-Tailed Kite
White-Tailed Ptarmigan
White-Tailed Tropicbird
White-Throated Needletail Hirundapus Caudacutus
White-Throated Robin
White-Throated Sparrow
White-Throated Swift
White-Tipped Dove
White-Winged Chough
White-Winged Crossbill
White-Winged Dove
White-Winged Parakeet
White-Winged Scoter
White-Winged Tern
Whooper Swan
Whooping Crane
Wild Turkey
Willet
Williamson'S Sapsucker
Willow Flycatcher
Willow Ptarmigan
Willow Warbler
Wilson'S Phalarope
Wilson'S Plover
Wilson'S Snipe
Wilson'S Warbler
Wilson'S Storm-Petrel
Winter Wren
Wood Duck
Wood Sandpiper
Wood Stork
Wood Thrush
Wood Warbler
Woodcreeper
Woodhoopoe
Woodpecker
Woodswallow
Worm-Eating Warbler
Worthen'S Sparrow
Wren
Wrentit
Xantus'S Hummingbird
Xantus'S Murrelet
Yellow Bittern
Yellow Grosbeak
Yellow Rail
Yellow Warbler
Yellow-Bellied Flycatcher
Yellow-Bellied Sapsucker
Yellow-Billed Cuckoo
Yellow-Billed Loon
Yellow-Billed Magpie
Yellow-Breasted Bunting
Yellow-Breasted Chat
Yellow-Browed Warbler
Yellow-Crowned Night-Heron
Yellow-Eyed Junco
Yellow-Faced Grassquit
Yellow-Footed Gull
Yellow-Green Vireo
Yellow-Headed Blackbird
Yellow-Legged Gull
Yellow-Nosed Albatross
Yellow-Rumped Warbler
Yellow-Throated Bunting
Yellow-Throated Vireo
Yellow-Throated Warbler
Yucatan Vireo
Zenaida Dove
Zone-Tailed Hawk
