Afghanistan
Afrique
Aland Islands
Albania
Albanie
Alderney 
Algeria
Algerie
Allemagne
America
American Samoa
Amerique
Ameriques
Andorra
Andorre
Angleterre
Anglo-Normandes 
Angola
Anguilla
Antigua and Barbuda
Antigua et Barbuda
Antilles 
Antilles Neerlandaises
Arabie Saoudite
Argentina
Argentine
Armenia
Armenie
Aruba
Atoll de Johnston
Atoll de Palmyra
Australia
Australie
Austria
Autriche
Azerbadjan
Azerbaijan
Belarus
Benin
Bahamas
Bahrain
Bahrein 
Bangladesh
Barbade
Barbados
Bassas
Bassas da India
Belarus
Belau
Belgique
Belgium
Belize
Benin
Bermuda
Bermudes
Bhoutan
Bhutan
Bhutan 
Bielorussie
Birmanie
Bolivia
Bolivie
Bora 
Bosnia
Bosnia and Herzegovina
Bosnia-Herzegovina
Bosnie
Botswana
Brasil
Brazil
Britain
British Indian Ocean Territory
British Virgin Islands
Brunei
Brunei Darussalam
Bulgaria
Bulgarie
Burkina
Burkina Faso
Burma
Burundi
Cambodge
Cambodia
Cameroon
Cameroun
Canada
Cape Verde
CapVert
Cayman Islands
Centrafricaine
Central African Republic
Cete
Chad
Chile
Chili
China
Chine
Chypre
Cocos Islands
Colombia
Colombie
Comores
Comoros
Congo
Cook Islands
Coree
Costa Rica
Cote d'Ivoire
Croatia
Croatie
Cuba
Cyprus
Czech Republic
Czechoslovakia
Danemark
Democratic Republic of the Congo
Denmark
Djibouti
Dominica
Dominicaine
Dominican Republic
Dominique
East Germany
East Timor
Ecuador
Egypt
Egypte
El Salvador
Emirates
Equateur
Equatorial Guinea
Eritrea
Espagne
Estonia
Estonie
Etats-Unis
Ethiopia
Ethiopie
Falkland Islands
Faroe Islands
Federated States of Micronesia
Fidji
Fiji
Finland
Finlande
France
French Guiana
French Polynesia
French Southern and Antarctic Lands
Gabon
Gambia
Gambie
Gaza Strip
Georgia
Georgie
German Democratic Republic
Germany
Ghana
Gibraltar
Gibraltar 
Great Britain
Grece
Greece
Greenland
Grenada
Grenade
Groenland
Guadeloupe
Guam
Guatemala
Guernesey 
Guernsey
Guinea
Guinea-Bissau
Guinee
Guinee Equatoriale
Guinee-Bissau
Guyana
Guyane
Guyane Francaise
Haiti
Herm
Holland
Holy See
Honduras
Hong Kong
Hongkong
Hongrie
Hungary
Iceland
Ile Clipperto
Ile de la Reunion
Ile de Man 
Ile de Noel
Ile de Paque
Ile de Wake
Ile Europa
Ile Howland
Ile Jarvis
Ile Juan de Nova
Ile Navassa
Ile Norfolk
Ile Tromelin
Iles Ashmore et Cartier
Iles Baker et Howland
Iles Bouvet 
Iles Caimans 
Iles Cocos
Iles Cook 
Iles de la mer de  Corail 
Iles Feror 
Iles francaises
Iles Glorieuses
Iles Heard et  McDonald 
Iles Malouines
Iles Marianne du nord 
Iles Marshall
Iles Midway 
Iles Pitcairn
Iles Salomon
Iles Spratly
Iles Turks et Caicos
Iles Vierges americaines
Iles Vierges britanniques
Inde
India
Indonesia
Irak
Iran
Iraq
Ireland
Irlande
Islande
Isle of Man
Israel
Italie
Italy
Ivory Coast
Jamaica
Jamaique
Jan Mayen
Japan
Japon
Jersey
Jersey 
Johnston Atoll
Jordan
Jordanie
Katar
Kazakhie
Kazakhstan
Keeling Islands
Kenya
Kingman Reef
Kingman Reef 
Kirghizie
Kirghizistan
Kiribati
Korea
Koweit 
Kuwait
Kyrgyzstan
Laos
Latin America
Latvia
Lebanon
Lesotho
Lettonie
Liban
Liberia
Libya
Libye
Liechtenstein
Lithuania
Lithuanie
Lituanie
Luxembourg
Macao 
Macau
Macedoine
Macedonia
Madagascar
Malaisie
Malawi
Malaysia
Maldives
Mali
Malta
Malte
Maroc
Marshall Islands
Martinique
Maurice
Mauritania
Mauritanie
Mauritius
Mayotte
Mexico
Mexique
Micronesia
Micronesie
Miquelon 
Moldavie
Moldova
Monaco
Mongolia
Mongolie
Montenegro
Montserrat
Morocco
Mozambique
Myanmar
Namibia
Namibie
Nauru
Nepal
Netherlands
Netherlands Antilles
Nevis
New Caledonia
New Zealand
Nicaragua
Niger
Nigeria
Niue
Normandes
North Korea
Northern Mariana Islands
Norvege
Norway
Nouvelle-Caledonie
Nouvelle-Guinee
Nouvelle-Zelande
NZ
Oman
Ouganda
Ouzbekistan
Pakistan
Palau
Palestine
Palmyra Atoll
Panama
Papoua
Papouasie
Papua New Guinea
Paraguay
People's Republic of China
Perou
Peru
Philippines
Pitcairn Islands
Poland
Pologne
Polyncsie francaise
Polynesie
Polynesie Francaise
Porto Rico
Portugal
Puerto Rico
Qatar
Republic of China
Republic of Macedonia
Republic of the Congo
Republique Tcheque
Reunion
Romania
Rouanda
Roumanie
Royaume
Royaume-Uni
Ruanda 
Russia
Russie
Rwanda
Sahara Occidental
Saint Helena
Saint Kitts and Nevis
Saint Kittset
Saint Lucia
Saint Vincent
Saint Vincent and the Grenadines
Sainte-Hlene
Sainte-Lucie
Saint-Pierreet
Samoa
Samoa americaines
Samoa occidentales
San Marino
Sao Tome and Principe
Sao Tome and Principe
Sao Tome et Principe
Saudi Arabia
Senegal
Serbia
Serbie et Montenegro
Seychelles
Sierra Leone
Singapore
Singapour
Slovakia
Slovaquie
Slovenia
Slovenie
Solomon Islands
Somalia
Somalie
Souaziland
Soudan
South Africa
South Georgia and the South Sandwich Islands
South Korea
Soviet Union
Spain
Sri Lanka
SriLanka
St. Vincent-Grenadines
St.Barthelemy
Sudan
Suede
Suisse
Surinam 
Suriname
Svalbard
Svalbard 
Swaziland
Sweden
Switzerland
Syria
Syrie
Tadjikistan
Taiwan
Tajikistan
Tanzania
Tanzanie
Tchad
Tchecoslovaquie
Thailand
Thailande
The Gambia
The Netherlands
Tibet
Togo
Tokelau
Tonga
Trinidad and Tobago
Trinidad-Tobago
Trinite et Tobago
Trust Territory of the Pacific
Tunesie
Tunisia
Tunisie
Turkey
Turkmenistan
Turks and Caicos Islands
Turquie
Tuvalu
U K
U S
U S A
U S S R
U.K.
U.S.
U.S.A.
U.S.S.R.
UAE
Uganda
UK
Ukraine
United Arab Emirates
United Kingdom
United States
United States of America
United States Virgin Islands
UnitedStates
Uruguay
US
USA
USSR
Uzbekistan
Vanuatu
Vatican
Vatican City
Venezuela
Vietnam
Virgin Islands
Wallis & Futuna 
Wallis and Futuna
West Bank
West Germany
Western Sahara
Western Samoa
Yemen
Yougoslavie
Yugoslavia
Zaire
Zambia
Zambie
Zimbabwe
