AMD
AMDEA
AMT
Acid
Adjuvant 
Alcohol
Alprazolam
Amines
Aminoketones
Amphetamines
Amphetamines
Anthrax vaccine 
Antipsychotics
Atomoxetine
Atropine
Atypical antipsychotics
Barbiturates
Benzodiazepines
Betel nut
Bupropion
CBD
Caffeine
Cannabis
Caries vaccine 
Cathinone
Chloral hydrate
Chloroform
Chlorpromazine
Cholinergics
Clozapine
Cocaine
Codeine
DMT
DOM
DPT vaccine 
DXM
Deliriants
Depressants
Diazepam
Diethylpropion
Dimenhydrinate
Diphenhydramine
Dissociative anesthetics
Dissociatives
Ecstasy
Ephedrine
Ether
Ethylmercury 
Fentanyl
Flu vaccine 
FluMist 
Flunitrazepam
Fluoxetine
Fluphenazine
Fluvoxamine
Fluzone 
GHB
HIV vaccine 
HPV vaccine 
Hallucinogens
Haloperidol
Heroin
Hydrocodone
Ibogaine
Ibotenic acid
Ketamine
Ketamine
Khat
LSD
Legend
Lorazepam
MAOIs
MDM
MMR vaccine 
Maprotiline
Marijuana
Mescaline
Methadone
Methaqualone
Methylphenidate
Methylxanthines
Mirtazapine
Morphine
Muscarine
Muscimol
Narcotic Analgesics
Nicotine
Nitrous oxide
Olanzapine
Opium
Oxycodone
PCP
Paroxetine
Perphenazine
Pimozide
Pneumococcal polysaccharide vaccine 
Polio vaccine 
ProQuad vaccine
Pseudoephedrine
Psilocybin
Psychedelics
Psychedelics
Psychomotor
Quetiapine
Risperidone
Rohypnol
Rotavirus vaccine 
SSRIs
Salvinorin A
Scopolamine
Sedative Hypnotics
Sertraline
Smallpox vaccine 
Stimulants
Stimulants
Sulpiride
Sympathomimetic
TCAs
THC
TeCAs
Temazepam
Theobromine
Theophylline
Thimerosal 
Thioridazine
Tiletamine
Trazodone
Tuberculosis vaccine 
Typical antipsychotics
Ziprasidone
chickenpox vaccine
