yrs

yr

years

year

wks

wk

weeks

weekends

weekend

week

solstice

season

months

month

mnths

mnth

milleniums

millenium

millenia

half-milleniums

half-millenium

half-millenia

half-decades

half-decade

half-century

half-centuries

half milleniums

half millenium

half millenia

half decades

half decade

half century

half centuries

half - milleniums

half - millenium

half - millenia

half - decades

half - decade

half - century

half - centuries

festival

feast

eve

equinox

decades

decade

day

century

centuries

birthday

Solstice

Nameday

Name Day

Festival

Feast

Eve

Equinox

Day

Birthday

