AFC Champions League
AFL Grand Final
ATP Masters Series
Adelaide Sevens
African Cup of Nations
Air & Style
Air New Zealand Cup
Alamo Bowl
Allan Cup
Arctic Winter Games
Argentine First Division
Ashes series
Asia Cup
Asian Cup
Asian Games
Asian Indoor Games
Asian Winter Games
Australian Football League
Australian Open
Aztec Bowl
BCS National Championship Game
Belmont Stakes
Bledisloe Cup
Bolivarian Games
Boston Marathon
Brazilian Championship
Breeders' Cup
CAF Champions League
CONCACAF Champions' Cup
CONCACAF Gold Cup
Calcutta Cup
Canada Games
Capital One Bowl
Caribbean World Series
Celtic League
Central American and Caribbean Games
Challenge Cup
Champion's Cup
Champions Challenge
Champions Trophy
Chappell
Churchill Cup
Classic cycle races
College World Series
Commonwealth Games
Continental Cup of Curling
Copa America
Copa Libertadores
Copa Sudamericana
Coppa Italia
Cotton Bowl
Cricket World Cup
Currie Cup
Danish Superliga
Dave Gallaher Trophy
Davis Cup
Despite its name
Dubai Sevens
Dubai World Cup
EJ Whitten Legends Game
East Asian Games
Edinburgh Sevens
Emerald Bowl
English Premier League
Epsom Derby
Euroleague
European Challenge Cup
European Championship
European Championships in Athletics
European Curling Championships
European LC Championships
European Lacrosse Championships
European Nations Cup
European SC Championships
European Shield
FA Cup
FIBA World Championship
FIBA World Championship for Women
FIFA Club World Cup
FIFA Confederations Cup
FIFA Women's World Cup
FIFA World Cup
FINA World Championships
Fed Cup
Fiesta Bowl
Fort Worth Bowl
Founders Cup
Francophone Games
Frank Worrell Trophy
French Ligue 1
French Open
Friendship Radiosport Games
Frozen Four
GMAC Bowl
Games of the Small States of Europe
Gator Bowl
Gay Games
German Bundesliga
Giro d'Italia
Giro di Lombardia
Goodwill Games
Grand National
Grey Cup
Guinness Premiership
Hawai?i Bowl
Heartland Championship
Heineken Cup
Heritage Cup
Highland Games
Holiday Bowl
Homeless World Cup
Hong Kong First Division League
Hong Kong International Triathlon
Hong Kong Marathon
Hong Kong Sevens
Houston Bowl
Humanitarian Bowl
IAAF Golden League
IAAF World Athletics Final
IAAF World Championships in Athletics
IBF World Championships
ICC Champions Trophy
ICC Intercontinental Cup
ICC ODI Championship
ICC Test Championship
IRB Sevens World Series
ISSF World Cup
ISSF World Shooting Championships
Ice Hockey World Championships
Independence Bowl
Insight Bowl
Intercontinental Cup
International Bowl
International Cup of Australian Football
International Rules
Ironman Triathlon
Island Games
Italian Serie A
J. League
J. Ross Robertson Cup
Japan Series
Kentucky Derby
Kraft Nabisco Championship
LPGA Championship
Lamar Hunt U.S. Open Cup
Las Vegas Bowl
Liberty Bowl
Little League World Series
Liege
London Marathon
London Sevens
MLS Cup
Maccabiah Games
Major League Lacrosse All
Major League Lacrosse Championship
Mandela Challenge Plate
Mann Cup
Mediterranean Games
Meineke Car Care Bowl
Melbourne Cup
Memorial Cup
Minto Cup
Motor City Bowl
Mountain Bike World Championships
Mountain Bike World Cup
Multicultural Cup
Music City Bowl
NAB Cup
NAIA national football championship
NBA Finals
NBL
NCAA Division I Football Championship
NCAA Division II national football championship
NCAA Division III national football championship
NCAA Men's Lacrosse Championship
NCAA Tournament
NCAA Women's Lacrosse Championship
National Football League
National Hurling League
National Lacrosse League All
National Rugby League
Netherlands Eredivisie
New Mexico Bowl
New Orleans Bowl
New York City Marathon
Nordic Games
Oceania Cup
Orange Bowl
Outback Bowl
PBA fiesta
PGA Championship
PRIDE Fighting Championships
Pacific Curling Championships
Pan American Cup
Pan American Games
Pan Arab Games
Papajohns.com Bowl
Paralympic Games
Peach Bowl
Poinsettia Bowl
Portuguese Liga
Preakness Stakes
President's Cup
Presidents Cup
Primera Division de Mexico
Pro Bowl
Pro Cricket
Ranfurly Shield
Recopa Sudamericana
Romanian Liga 1
Ronde van Vlaanderen
Rose Bowl
Rugby League Tri
Rugby League World Cup
Rugby Union Tri Nations
Rugby World Cup
Rugby World Cup Sevens
Russian Premier League
Ryder Cup Matches
S.League
Scott Tournament of Hearts
Scottish Premier League
Senior Bowl
Silicon Valley Football Classic
Singapore Asian Triathlon Championship
Singapore Marathon
Singapore Open
Six Nations Championship
Solheim Cup
South Africa Sevens
South American Games
South American Youth Championship
Southeast Asian Games
Spanish La Liga
Special Olympics World Games
St. Leger Stakes
Stanley Cup playoffs
State of Origin
Sudirman Cup
Sugar Bowl
Sultan Azlan Shah Hockey Tournament
Summer Olympic Games
Sun Bowl
Super 14
Super Bowl
Super League
Super League Greece
Tangerine Bowl
Tennis Masters Cup
The Arctic Challenge
The Ashes
The Masters
The Open Championship
The Players Championship
Thomas Cup
Tiger Cup
Tim Hortons Brier
Tour de France
Tour de Suisse
Turkish Super League
Two Thousand Guineas Stakes
U.S. Open
U.S. Women's Open
UCI Road World Championships
UCI Women's Road World Cup
UEFA Champions League
UEFA Cup
UEFA Cup Winners' Cup
UEFA European Championship
UEFA European Super Cup
UEFA Intertoto Cup
USA Sevens
Uber Cup
Ultimate Fighting Championship
VB Series
Vanier Cup
Vuelta a Espana
WTA Tour Championships
Wellington Sevens
West Asian Games
Winter Olympic Games
Wisden Trophy
Women's British Open
Women's Lacrosse World Cup
Women's Rugby World Cup
World Air Games
World Baseball Classic
World Bowl
World Club Challenge
World Cup of Hockey
World Curling Championship
World Disc Games
World Games
World Hockey Cup
World Indoor Lacrosse Championship
World Lacrosse Championship
World Police and Fire Games
World Radiosport Team Championship
World Series
World Wheelchair and Amputee Games
X Games
