Department of Treasury
Department of Finance
Department of Transportation
Department of Trade and Industry
Department of Labor
Department of Justice
Department of the Interior
Department of Interior
Department of Housing and Community Development
Department of Health and Human Services
Department of Commerce
Department of Agriculture
Department of Defense
Department of State
Department of Trade and Industry
Department of Radio
Department of Posts and Telecommunications
Department of Oil Refining and Petrochemical 
Department of Oil Industry
Department of Oil
Department of Mineral Fertilizers
Department of International Trade and Industry
Department of Geology
Department of Foreign Economic Relations
Department of Electronics Industry
Department of Foreign Affairs
Ministry of Treasury
Ministry of Finance
Ministry of Transportation
Ministry of Trade and Industry
Ministry of Labor
Ministry of Justice
Ministry of the Interior
Ministry of Interior
Ministry of Housing and Community Development
Ministry of Health and Human Services
Ministry of Commerce
Ministry of Agriculture
Ministry of Defense
Ministry of State
Ministry of Trade and Industry
Ministry of Radio
Ministry of Posts and Telecommunications
Ministry of Oil Refining and Petrochemical 
Ministry of Oil Industry
Ministry of Oil
Ministry of Mineral Fertilizers
Ministry of International Trade and Industry
Ministry of Geology
Ministry of Foreign Economic Relations
Ministry of Electronics Industry
Ministry of Foreign Affairs
Treasury Department
Finance Department
Transportation Department
Trade and Industry Department
Labor Department
Justice Department
Interior Department
Housing and Community Development Department
Health and Human Services Department
Commerce Department
Agriculture Department
Defense Department
State Department
Highway Department
Trade and Industry Department
Radio Department
Posts and Telecommunications Department
Oil Refining and Petrochemical Department
Oil Industry Department
Oil Department
Mineral Fertilizers Department
International Trade and Industry Department
Geology Department
Foreign Economic Relations Department
Electronics Industry Department
Foreign Affairs Department
Foreign Department
Treasury Ministry
Finance Ministry
Transportation Ministry
Trade and Industry Ministry
Labor Ministry
Justice Ministry
Interior Ministry
Housing and Community Development Ministry
Health and Human Services Ministry
Commerce Ministry
Agriculture Ministry
Defense Ministry
State Ministry
Highway Ministry
Trade and Industry Ministry
Radio Ministry
Posts and Telecommunications Ministry
Oil Refining and Petrochemical Ministry
Oil Industry Ministry
Oil Ministry
Mineral Fertilizers Ministry
International Trade and Industry Ministry
Geology Ministry
Foreign Economic Relations Ministry
Electronics Industry Ministry
Foreign Affairs Ministry
Foreign Ministry
