Abenaki
Abkhazians
Aborigines
Acadian
Accohannock
Achang
Achomawi
Acoma
Adyghe
African-American
Afrikaners
Afro-Cuban
Afromestizos
Afro-Trinidadian
Aftsarians
Agni
Aguls
Ahtna
Aimaks
Aimaq
Ainu
Ak Chin
Akan
Akha
Alak
Albanians
Aleut
Algonquian
Altaic peoples
Amerasian
American
Americo-Liberians
Amhara
Amish
Amungme
Andorrans
Anglo-American
Anglo-Celtic Australian
Anglo-Indian
Anglo-Saxon
Annamites
Ansar
Ansarie
Antiguan
Antillean
Apaches
Apinaje
Arab
Aramean
Arapaho
Araucanian
Arawak
Arikara
Armenians
Aromanians
Arubans
Arvanites
Aryans
Asheninka
Ashkenazi Jews
Assiniboine
Assyrians
Asturians
Atikamekw
Atsina
Atsugewi
Australian aborigine
Avars
Aymaras
Azeris
Aztecs
Ba Na
Baaster
Baggara
Baguirmi
Bahamian
Bajau
Baka
Bakongo
Balkars
Baloch
Baluch
Bamar
Bambara
Bamileke
Banawa
Banda
Bandjabi
Bantu
Baoule
Bapou
Baqqarah
Barbadian
Barbudan
Bariba
Basarwa
Bashkhirs
Bashkirs
Basotho
Basques
Bassa
Bassari
Baster
Bateke
Batswana
Bavarians
Baya-Mandjia
Bedouins
Beja
Belarusians
Bengalis
Berbers
Betammaribe
Bethio
Beti-Pahuin
Bhotia
Biafrans
Blackfeet
Blackfoot
Blasian
Bo Y
Bonairean
Bonan
BORAN
Bosniaks
Bouganvilleans
Boyko
Bretons
British-Canadian
Britons
Bru-Van Kieu
Bugis
Bulang
Bulgarians
Bulgars
Bunjevci
Buryats
Bushongo
Buyi
Caddo
Cahuilla
Caingang
Cajun
Canaanites
Cape Coloured
Cape Malay
Cape Verdean
Caprivian
Caribbean
Caribs
Caripuna
Catalans
Catawba
Caymanian
Cayuga
Cayuse
Ceylon Moors
Chagga
Chamorro
Chechens
Chehalis
Chemakum
Chemehuevi
Chepang
Chere
Cherkezians
Cherokee
Cheyenne
Chicanos
Chickahominee
Chickasaw
Chilcotin
Chinese
Chinookan
Chipewyan
Chippewa
Chitimacha
Cho Ro
Choctaw
Chukchansi
Chumash
Chuvash
Ciboney
Circassians
Clayoquot
Co Ho
Co Lao
Co Tu
Coast Salish
Cochiti
Cocopah
Coeur d'Alene
Coharie
Colchians
Coloured
Colville
Comanche
Comorian
Coquille
Cornish
Corsicans
Costanoan
Coushatta
Cowichan
Cowlitz
Cree
Creek
Creole
Croats
Cupeno
Curacaoan
Czechs
Dadhich
Dakelh
Dakota
Damara
Danish
Danmin
Dargins
Daur
De'ang
Deg Hi'tan
Delaware
Dena'ina
Dendi
Derbish
Diegueno
Dinka
Diola
Dogon
Doma
Dominican
Dongxiang
Dravidians
Drung
Duala
Dutch
E De
East Indian
Egyptians
English
Enxet
Eritrean
Eshira
Eskimo
Esselen
Estonians
Ethnic Lebanese
Eurasian
Evenks
Faroese
Fijian
Filipino
Finns
Flemish
Franks
French
French American
French Canadian
Frisians
Fula
Fulani
Fulbe
Fulfulde
Fulni-o
Gagauz
Galician
Gaoshan
Garifuna
Garinagu
Geba Buru
Gelao
Georgian
Germans
Gia Rai
Giay
Gie Trieng
Gongduk
Gorani
Goshute
Goulaye
Greeks
Greenlander
Grenadian
Grenadinian
Griqua
Gros Ventre
Gruzim
Guadeloupean
Guajajara
Guarani
Gujaratis
Gurage
Guruks
Gurung
Haida
Haitian
Haitian Creole
Hakka
Haliwa-Sapponi
Hamshenis
Han Chinese
Ha-Nhi
Hani
Hausa West-Africa
Havasupai
Hawaiian
Hazara
Hercegovinian
Herero
Hesquiat
Hezhen
Hidatsa
Himba
Hispanics
Hmar
Hmong
Ho-Chunk
Hohokam
Hoklo
Holikachuk
Hopi
Houma
H'Re
Hualapai
Huastec
Hui Chinese
Hungarians
Hupa
Huron
Hutsuls
Hutu
Hyksos
Icelandic
Igbo
Incan
Indian
Indigenous Australians
Indo-Aryan
Indo-Caribbean
Indo-Europeans
Indo-Iranians
Indo-Trinidadian
Ingalik
Ingushes
Innu
Inuit
Irani
Iranian
Irish
Irish Traveller
Irish-American
Iroquois
Isaurians
Isleta
Isoko
Israeli
Istro-Romanian
Italian
Italian-American
Italkim
Jacaltec
Jamaican
Japanese
Javanese
Jemez
Jewish
Jing
Jingpo
Jino
Jivaroan
Jola
Jopadhola
Jri
Kabardin
Kabyle
Kaibartta
Kalasha
Kalispel
Karachay
Karaja
Karakalpaks
Karamanlides
Karelians
Karen
Karok
Kashubians
Katang
Kato
Katu
Katuquina
Kavango
Kaxinawa
Kazakhs
Keresan
Khakas
Khang
Khazars
Khmer
Khmu
Kho Mu
Khoikhoi
Khomani
Khomani or N/u
Kickapoo
Kinh
Kiowa
Kirghiz
Kittitian
Klallam
Klamath
Klikitat
Kolchan
Kolchians
Kootenai
Korean
Koskimo
Koyukon
Kpelle
Kraho
Kri
Kumeyaay
Kumyks
Kurds
Kuruba Gowda
Kutenai
Kwakiutl
La Chi
La Ha
La Hu
Laguna
Lahu
Laigain
Lakota
Laks
Lamet
Lanka Moors
Lao Sung
Lao Theung
Latinos
Latvians
lavae
Laven
Lavi
Lazoi
Lebou
Lemkos
Lenca
Lezgis
Lhoba
Li Chinese
Limbus
Lipovans
Lisu
Lithuanians
Livonians
Lo Lo
Lobi
Lotuko
Louisiana Creole
Low Saxon
Luiseno
Lumbee
Lummi
Lusitanian
Macedonian Slavs
Macedo-Romanians
Macuxi
Madurese
Magar
Mahican
Mahorian
Maidu
Maingtha
Maka
Makah
Makong
Makua
Malabo
Malay
Malayalee
Maliseet
Maltese
Manchu
Mandan
Mang
Manx
Maonan
Mapuche
Maratha
Maricopa
Marquesas
Martiniquais
Mashantucket Pequots
Matabele
Mattaponi
Maubere
Mauritian
Maya
M'Baka
Megleno-Romanians
Meherrin
Melungeon
Memon
Menba
Menominee
Mentawai
Metis
Me-Wuk
Miao
Miccosukee
Middle Eastern
Mi'kmaq
Mina
Minahasa
Minangkabau
Mingo
Miwok
Mixtec
Mnong
Modoc
Mohave
Mohawk
Mohegan
Moldovan
Monacan
Mongol
Montaukett
Montenegrin
Moravians
Moriori
Muckleshoot
Mulam
Mundas
Muong
Mursi
Museu
Myene
Nahanni
Namaqua
Nansemond
Narragansett
Native Americans
Nauruan
Navajo
Naxi
Ndau
Neapolitans
Nenets
Nepalese
Nespelim
Nevisian
Newar
Nez Perce
Ngac'ang
Ngae
Nhahuen
Nhuon
Niominka
Nipmuc
Nishka
Nisqually
Niuean
Ni-Vanuatu
Njem
Nogais
Nomlaki
Nooksack
Nubians
Nuu-chah-nulth
O Du
Occitans
Oglala
Ojibwa
Okamba
Okande
Olmec
Oneida
Onondangua
Orkney Islander
Oromo
Oroqin
Osage
Ossetians
Otoe-Missouria
Ottoman Turks
Ovambo
Pa Then
Paiute
Pakoh
Palestinian
Pamunkey
Panoan
Pa-O
Parsi
Pashtun
Passamaquoddy
Patagonian
Pataxo
Pathan
Paugusset
Pawnee
Pennsylvania Dutch
Pennsylvania German
Penobscot
Peoria
Persians
Phong
Phu La
Phu Noi
Phu Thai
Piegan
Pima
Pit River Indians
Pitcairn-Norfolk
Polish
Pomaks
Pomo
Ponca
Poospatuck
Portuguese
Potawatomi
Potiguara
Powhatan
Proto-Indo-Europeans
Pu Peo
Pueblo people
Puelche
Puget Sound Salish
Pumi
Punjabis
Puyallup
Qashqai
Qiang
Quahatika
Quapaw
Quechan
Quiche
Quileute
Quinault
Ra Glai
Rakhine
Ramapough Mountain Indians
Rappahannock
Rashaida
Reunionnaise
Ro Mam
Rohingya
Romanian
Russian
Rusyns
Ruthenes
Rutuls
Ryukyuans
Sadang
Saek
Salar
Salish
Samaritan
Sami
Samoans
Samtao
San Chay
San Diu
Saponi
Sardinians
Sauk
Sauk-Suiattle
Scandinavian
Scotch-Irish
Scottish
Sekani
Seminole
Sena
Seneca
Serbs
Serer
Serer-Ndut
Seychellois
Shangaan
Shasta tribe
Shawnee
Sherpa
Shetlander Islanders
Shinnecock
Shoalwater Bay Tribe
Shoshone
Shui
Si La
Sicilian
Sidamo
Siddi
Siksika
Silesian
Siletz
Sindhis
Singmun
Sinhalese
Sinti
Sioux
Siuslaw
S'Klallam
Skokomish
Slavic
Slovak
Slovene
Slovincian
Somali
Somba
Sorbic
Soso
Souei
Spanish
Spokane
Squaxin Island Tribe
Stillaguamish
Sundanese
Suquamish
Swazi
Swinomish
Ta Oi
Tabasarans
Tache
Tachi
Tagalog
Tagish
Tahitian
Taino
Tajik
Taliang
Tamil
Tanaina
Tanana
Taos
Tapuia
Tarascan
Tatars
Tehuelche
Tejano
Teotihuacan
Terena
Tetons
Tewa
Texan
Thai
Tharu
Tibetan
Ticuna
Tigre
Tigua
Tlakluit
Tlingit
Tobagonian
Tocharian
Tohono O'odham
Tokelauan
Tolowa
Toltec
Tongan
Tongva
Tonkawa
Topachula
Totonac
Trinidadian
Tsakhurs
Tsetsaut
Tsimishian
Tsonga
Tsuu T'ina
Tswana
Tualalip
Tuareg
Tujia
Tukanoan
Tukolor
Tulutni
Tumbuka
Tungus
Tunica-Biloxi
Tupian
Turkmen
Turks
Tutchone
Tutsi
Tuvaluan
Tuvan
Tzigane
Ubykh
Ukrainian
Ulster-Scots
Umatilla
Umpqua
Upper Skagit
Uyghur
Uzbek
Vacceos
Vaturanga
Venda
Vietnamese
Visyan
Waccamaw
Wailaki
Walla Walla
Wampanoag
Wasco
Washoe
Welsh
West Indian
White Mountain Apache
Wichita
Wintun
Wiyot
Wolof
Wyandot
Xacriaba
Xavante
Xerente
Xhosa
Xibe
Xinh Mun
Xo Dang
Xtieng
Xucuru
Xueda
Yakama
Yakima
Yakut
Yanomami
Yavapai
Yavapai-Apache
Yavapai-Prescott
Yawanawa
Yezidi
Yocha-Dehe
Yokut
Yoruba
Yugoslavs
Yugur
Yuki
Yuma
Yumbri
Yupik
Yurok
Zaghawa
Zapotec
Zaza
Zeibeks
Zhonghua minzu
Zhuang
Zomi
Zulu
Zuni
