Action film
Actuality film
Adult film
Adventure
Adventure film
Amateur film
Anarchic comedy film
Animation
Anime
Anthology film
Art film
B movie
Bavarian
Beach Party film
Bildungsroman
Biographical film
Black meets white
Blaxploitation
Buddy cop film
Buddy film
Cannibal film
Caper story
Cartoon
Chanchada
Chick flick
Children's film
Chinese animation
Cinematic style of Abbas Kiarostami
Comedy film
Comedy of remarriage
Comedy western
Compilation movie
Conspiracy fiction
Cop comedy
Costume drama
Crime film
Cult film
Dance film
Disaster film
Docudrama
Documentary 
Documentary film
Doomsday film
Drama film
Dreamlike pictures
Educational film
Epic Western
Epic film
Erotic death
Exploitation film
Family film
Fantasy
Fantasy film
Fictional film
Film noir
Florida Western
Gendaigeki
German underground horror
Giallo
Golden Age of the Western
Gross out
Guerrilla filmmaking
Heimatfilmen
Heist film
Heroic bloodshed
Hip hop film
Hollywood cycles
Home movies
Hood film
Horror
Horror film
Huis
Hyperlink cinema
Independent film
Interstitial art
Jidaigeki
Karl May movies
Kino
Legal drama
Live action 
Mafia comedy
Martial arts film
Masala
Meet cute
Message picture
Metafilm
Microcinema
Mo lei tau
Mockumentary
Mondo film
Monster movie
Mountain film
Mouth of Garbage Cinema
Musical film
Mystery
Mystery film
Mythopoeia
Naturalism
Nazi exploitation
New Hollywood
New Queer Cinema
Oneiric
Ostern
Outlaw biker film
Paracinema
Political cinema
Poliziotteschi
Porno
Pornochanchada
Postmodernist film
Propaganda film
Psycho
Psychological horror
Psychological thriller
Race movie
Red curtain
Remodernist film
Retrospective
Revisionist Western
Road movie
Romance
Romance film
Romantic comedy
Romantic comedy film
Romantic drama film
Samurai cinema
Science fiction
Science fiction Western
Science fiction film
Screwball comedy film
Semidocumentary
Sexploitation
Shomingeki
Slapstick film
Slasher film
Snuff film
Social guidance film
Social problem film
Space Opera Noir
Space Western
Spaghetti Western
Spiritual film
Splatter film
Sponsored film
Spy film
Stoner film
Submarine films
Superhero film
Surf film
Swashbuckler films
Sword and sandal
Teen film
Thriller
Training film
Underground film
Universal Horror
War Film
War film
Weird West
World cinema
Wuxia
Yakuza film
Z movie
Zombie
Zombie comedy
