Abanyom
Abaza
Abkhaz
Abkhazian
Abujmaria
Acehnese
Adamorobe Sign Language
Adele
Adyghe
Afaan Oromoo
Afrikaans
Afro-Asiatic
Agul
Aimaq
Aini
Ainu
Akan
Akawaio
Akkadian
Aklanon
Albanian
Aleman Coloneiro
Aleut
Algonquian
Algonquin
Alsatian
Altaic
Altay
Alutor
Amdang
American Sign Language
Amharic
Ammonite
Amorite
Anatolian
Andalusian
Angaur
Angika
Anglo-Saxon
Arabic
Aragonese
Aramaic
Argobba
Armenian
Arpitan
Arvanitic
Ashkenazi Hebrew
Ashkun
Assamese
Assyrian Neo-Aramaic
Asturian
Ateso
Athabascan
Athabaskan
Athapaskan
Atlantic
Auslan
Austro-Asiatic
Austroasiatic
Avar
Avestan
Awadhi
Aymara
Aymaran
Azerbaijani
Badaga
Badeshi
Bahnar
Bajelani
Balinese
Balochi
Balti
Baltic
Baltic-Finnic
Bamanankan
Bambara
Bangri
Banjar
Banjari
Bantu
Banyumasan
Barbari
Basaa
Bashkir
Batak Dairi
Batak Karo
Batak Mandailing
Batak Simalungun
Batak Toba
Bavarian
Beja
Belarusian
Belhare
Bella Coola
Bellari
Bemba
Bengali
Beothuk
Berber
Berber
Berta
Bete
Bezhta
Bhili
Bhojpuri
Biafra
Bijil Neo-Aramaic
Bikol
Bikya
Bisaya
Biyabanak
Blackfoot
Boholano
Bohtan Neo-Aramaic
Bokmal Nynorsk Riksmal
Bolgar
Bonan
Bororo
Bororoan
Bosnian
Brahui
Brazil extinct
Breton
British Sign Language
Bua
Buginese
Bukusu
Bulgarian
Burmese
Burushaski
Buryat
Caluyanon
Caluyanun
Camunic
Cantonese
Carian
Carib
Catalan
Catawba
Cayuga
Cebuano
Celtic
Chabacano
Chadic
Chagatai
Chaldean Neo-Aramaic
Chamorro
Chaouia
Chavacano
Chechen
Chemakum
Chenchu
Chenoua
Cheremis
Cherokee
Cheyenne
Chhattisgarhi
Chhintang
Chichewa
Chikaonde
Chilunda
Chimakuan
Chinese
Chipewyan
Chippewa
Chiricahua
Chittagonian
Choctaw
Chon
Chorasmian
Chukchi
Chukot
Chukotko-Kamchatkan
Chulym
Church Slavonic
Chuukese
Chuvash
Clallam
Cocama
Cocoma
Cocopa
Coeur d'Alene
Comorian
Coorgi
Coptic
Cornish
Corsican
Cree
Creole
Crimean Tatar
Crimean Turkish
Croatian
Cuman
Cumbric
Curonian
Cushitic
Cuyonon
Czech
Dacian
Dagur
Dahlik
Dalecarlian
Dalmatian
Dameli
Danish
Dargin
Dari
Dari-Persian
Darkhat
Daur
Delaware
Dena'ina
Dhatki
Dida
Dioula
Dirwali
Divehi
Dogri
Dogrib
Dolgan
Domaaki
Dongxiang
Dravidian
Duala
Dumaki
Dungan
Duruwa
Dutch
Dzhidi
Dzongkha
East Papuan
Eastern Yugur
Eblaite
Ebon
Edomite
Egyptian
Egyptian
Egyptian Arabic
Ekoti
Elamite
Endegen
Enets
English
English-Tahitian
Ennemor
Erzya
Eskimo-Aleut
Esperanto
Estonian
Etruscan
Evenk
Evenki
Ewe
Eyak
Faeroese
Fijian
Filipino
Finnish
Finnish Sign Language
Finno-Ugric
Franco-Provencal
Francoprovencal
French
French Creole
French Sign Language
French based Creole
Frisian
Friulian
Fula
Fulani
Fulfulde
Furu
Gadaba
Gaelic
Gafat
Gagauz
Galician
Gangte
Garhwali
Gaulish
Gawar-Bati
Gawri
Gayo
Gazi
Ge'ez
Gelangali
Gen
Georgian
Geral
German
German Sign Language
Germanic
Ghomara
Gikuyu
Gilbertese
Gileki
Gilyak
Goaria
Gondi
Gothic
Gowari
Grangali
Greek
Greenlandic
Guanche
Guarane
Gujarati
Gula Iro
Gusii
Hadramautic
Hadza
Haida
Haitian Creole
Hakka
Han
Harari
Harauti
Harsusi
Haryanavi
Harzani
Hatsa
Hattic
Hausa
Havasupai
Hawaii Pidgin Sign Language
Hawaiian
Hazaragi
Hebrew
Herero
Hertevin
Hiligaynon
Hindi
Hiraya
Hiri Motu
Hittite
Hixkaryana
Hmong
Hmong Mien
Hobyet
Hokan
Hopi
Hsiang
Hulaule
Hunanese
Hungarian
Hurrian
Hurro-Urartian
Hutterite German
Iban
Ibanag
Ibibio
Ibo
Icelandic
Igbo
Ikalanga
Ili Turki
Illinois
Ilocano
Ilokano
Ilonggo
Inari Sami
Indic
Indo-Aryan
Indo-Aryan
Indo-European
Indo-Iranian
Indonesian
Ingrian
Ingush
Inor
Inuktitut
Inupiaq
Inuvialuktun
Iranian
Iranian
Iraqw
Irish
Irish Gaelic
Irish Sign Language
Iroquoian
Irula
Isan
Istro-Romanian
Italian
Itelmen
Izhorian
Jacaltec
Jakalteko
Jalaa
Japanese
Jaqaru
Jatu
Javanese
Jibbali
Jicarilla Apache
Jingpo
Juang
Judeo-Aramaic
Judeo-Crimean Tatar
Judeo-Persian
Judeo-Spanish
Jula
Jurchen
Kabardian
Kabyle
Kachin
Kalaallisut
Kalami
Kalanga
Kalasha
Kalmyk
Kalto
Kamas
Kamchadal
Kankanaey
Kankanai
Kannada
Kaonde
Kapampangan
Karachay-Balkar
Karagas
Karaim
Karakalpak
Karelian
Kashmiri
Kashubian
Kawi
Kazakh
Kemi Sami
Kensiu
Kerek
Khakas
Khalaj
Kham
Khandeshi
Khanty
Khasi
Khazar
Khili
Khirwar
Khmer
Khmu
Khoisan
Khowar
Khunsari
Khwarezmian
Kichagga
Kikongo
Kikuyu
Kildin Sami
Kimatuumbi
Kinaray-a
Kinyarwanda
Kirghiz
Kiribati
Kirombo
Kirundi
Kistane
Kivunjo
Klallam
Kodagu
Kodava Takk
Kohistani
Kolami
Komi
Komi-Zyrian
Konda
Kongo
Konkani
Koraga
Korandje
Korean
Korku
Korowai
Korwa
Koryak
Kosraean
Kota
Koy Sanjaq Surat
Koya
Koyra Chiini
Krymchak
Kujarge
Kulaal
Kumauni
Kumyk
Kumzari
Kurdish
Kurukh
Kurumba
Kurux
Kusunda
Kuvi
Kwa
Kwanyama
Kyrgyz
Laal
Ladakhi
Ladin
Ladino
Lakhota
Lakota
Lallans
Lamani
Lambadi
Lao
Laotian
Lappish
Latin
Latvian
Laz
Lazuri
Lenape 
Lepontic
Lezgi
Ligbi
Ligby
Lingala
Lipan Apache
Lishana Deni
Lishana Didan
Lishanid Noshan
Lithuanian
Liv
Liv
Livonian
Livvi
Lotha
Low German
Low Saxon
Lower Sorbian
Lozi
Ludian
Ludic
Luganda
Lunda
Luri
Lushootseed
Lusoga
Luvale
Luvian
Luwati
Luwian
Luxembourgish
Lycian
Lydian
Macedonian
Macedonian Ancient
Magadhi
Maguindanao
Mahican
Mahri
Maithili
Makasar
Makhuwa-Meetto
Makua
Malagasy
Malavi
Malay
Malayalam
Malayo-Polynesian
Malaysian Sign Language
Maltese
Malto
Malvi
Manchurian
Manda
Mandaic
Mandarin
Mande
Mandinka
Manipuri
Mansi
Manx
Manyika
Maori
Mapuche
Mapudungun
Maranao
Marathi
Mari
Maria
Marquesan
Marshallese
Martha's Vineyard Sign Language
Masaba
Masbatenyo
Masqan
Masset
Mator
Mauritian Creole
Maya
Mayan
Mazandarani
Megleno-Romanian
Megrelian
Mehri
Meinkieli
Meitei
Meithei
Menominee
Mentawai
Meroitic
Merya
Mescalero Apache
Mescalero-Chiricahua Apache
Mesmes
Mesqan
Messapian
Mi'kmaq
Miami
Michif
Micmac
Mina
Minaean
Minangkabau
Minasbate
Mingrelian
Mixe-Zoquean
Mlahsi
Moabite
Mobilian Jargon
Modern Tupi
Moghol
Mohawk
Mohegan
Moksha
Molengue
Mongolian
Mongolic
Mongolic Sari Uyghur
Mongolic Yellow Uyghur
Monguor
Mono
Montagnais
Morisyen
Motu
Motu-based Pidgin
Mpre
Muher
Mundari
Munji
Mura
Muria
Muromian
Murut
Muskogean
Na-Deni
Nafaanra
Nagarchal
Nahali
Nahuatl
Naiki
Nama
Nanai
Narsati
Natanzi
Nauruan
Navaho
Navajo
Nayini
Ndau
Ndebele
Ndonga
Neapolitan
Negidal
Nenets
Nepal Bhasa
Nepali
New Zealand Sign Language
Newari
Nganasan
Ngumba
Nheengatu
Nicaraguan Sign Language
Niellim
Niger-Congo
Nigerian Pidgin
Nilo-Saharan
Nilotic
Niue
Niuean
Nivkh
Nogai
Norfolk
Norfuk
Norman
Norman-French
Norn
North Caucasian
Northeast Caucasian
Northeastern Thai
Northern Sami
Northern Sotho
Northern Yukaghir
Northwest Caucasian
Norwegian
Nuer
Nuxalk
Nyabwa
Nyah Kur
Nyangumarta
Nyanja
Nyoro
Occitan
Oirat
Ojibwa
Ojibwe
Old Church Slavonic
Old English
Old French
Old French Sign Language
Old High German
Old Norse
Old Nubian
Old Persian
Old Prussian
Old Saxon
Old South Arabic
Olonets Karelian
Omagua
Ongota
Oriya
Ormuri
Oroch
Orok
Oromo
Oropom
Ossetian
Ossetic
Ostyak
Ostyak Samoyed
Oto-Manguean
Ottoman Turkish
Ovambo
Pahari
Pahlavi
Palaic
Palauan
Paleosiberian
Pali
Pama-Nyungan
Pangasinan
Paoan
Papiamento
Parachi
Parauk
Pardhan
Parji
Parya
Pashayi
Pashto
Passamaquoddy
Pecheneg
Pemon
Pengo
Pennsylvania German
Persian
Phalura
Phoenician
Phrygian
Phuthi
Picard
Pictish
Pidgin
Piraha
Pisidian
Pitcairn-Norfolk
Plattdeutsch
Plautdietsch Mennonite Low German
Polabian
Polish
Polynesian
Portuguese
Potiguara
Pradhan
Prasuni
Proto-Greek
Proto-Indo-European
Proven?al
Pucikwar
Puelche
Punjabi
Qashqai
Qatabanian
Quebec Sign Language
Quechua
R?union Creole
Rajasthani
Rappahanock
Ratagnon
Rhaeto-Romance
Romance
Romanian
Romansh
Romany
Romblomanon
Rotokas
Runyankole
Russenorsk
Russian
Russian Sign Language
Ruthenian
Sabaean
Salar
Salchuq
Salishan
Salishan
Samaritan Hebrew
Sami
Samoan
Samoyedic
Sandawe
Sangisari
Sanglechi
Sanskrit
Santa
Santali
Saparoan
Saramaccan
Sardinian
Sarikoli
Sauria Paharia
Savara
Savi
Sawai
Scanian
Scots
Scots Gaelic
Scottish Gaelic
Selangor Sign Language
Selchuk
Selkup
Selonian
Selti
Seminole
Semitic
Semnani
Senaya
Sened
Senhaja de Srair
Sepedi
Sepedi
Sephardi Hebrew
Serbian
Serbo-Croatian
Sesotho
Setswana
Seychellois Creole
Shahrudi
Shehri
Sheshi
Shimaore
Shina
Shona
Shor
Shughni
Shumashti
Sicilian
Sidamo
Sidetic
Signing
Sika
Silesian
Silozi
Silt'e
Sindarin
Sindhi
Sinhalese
Sinitic
Siouan
Sioux
Siraiki
Siswati
Sivandi
Skolt Sami
Slavey
Slavic
Slovak
Slovenian
Soddo
Soga
Somali
Sonjo
Sonsoral
Sonsorol
Sonsorolese
Soqotri
Sora
Sorbian
Sotho
South Caucasian
South Estonian
South Yukaghir
Southeast Shona
Southern Sami
Spanish
Sranan
Suba
Sucite
Sudovian
Sumerian
Sundanese
Supyire
Surigaonon
Suryoyo
Svan
Swabian
Swahili
Swati
Swedish
Swiss German
Syriac
Tabari
Tabasaran
Tachawit
Tachelhit
Tagalog
Tahitian
Tai-Kadai
Taiwanese Sign Language
Tajik
Takestani
Talysh
Tamil
Tanacross
Tanaina
Tangut
Tarifit
Tatar Kazan Tatar
Tausug
Tavgi
Tehuelche
Telugu
Temiar Northern Sakai
Teso
Teton
Tetum
Thai
Tharu
Thracian
Tibetan
Tibeto-Burman
Tigre
Tigrinya
Tirahi
Tli Cho
Tlingit
Tobian
Tocharian
Toda
Tok Pisin
Tokelauan
Tonga
Tongan
Tongva
Tornedalen Finnish
Torwali
Trans-New Guinea
Trasianka
Tregami
Trukese
Tsat
Tsez
Tshiluba
Tshivenda
Tshivenda
Tsimshian
Tsonga
Tswana
Tu
Tuareg
Tulu
Tumbuka
Tungusic
Tupian
Tupinamba
Tupinkin
Turkic
Turkic
Turkic Yellow Uyghur
Turkicic Saragh Uyghur
Turkish
Turkmen
Turoyo
Turvali
Tuvaluan
Tuvan
Tuvin
Tyrsenian
Uatakass?
Ubykh
Udege
Udmurt
Ugaritic
Ujjaini
Ukrainian
Ulbare
Ullans
Unami
Unserdeutsch
Upland Yuman
Upper Sorbian
Urdu
Uripiv
Urum
Uto-Aztecan
Uyghur
Uzbek
V?ro
Vafsi
Valencian Sign Language
Venda
Veps
Vietnamese
Visayan or
Vogul
Volta-Congo
Vote
Votyak
Waddar
Waima
Wakhi
Walloon
Waneci
Wapishana
Waray-Waray
Washo
Wasi-weri
Welsh
Western Neo-Aramaic
Western Songhay
Weyto
Wolane
Wolof
Wotapuri-katarqalai
Xam
Xhosa
Xiang
Xibe
Xoke
Xukuri
Yaaku
Yaeyama
Yakut
Yankunytjatjara
Yanomami
Yanyuwa
Yapese
Yaqui
Yauma
Yavapai
Yazdi
Yemenite Hebrew
Yeni
Yenisey Samoyed
Yevanic
Yiddish
Yoghur
Yogur
Yokutsan
Yonaguni
Yorabe
Yucatec Maya
Yucatec Maya Sign Language
Yuchi
Yughur
Yugur
Yukaghir
Yupik
Yurak
Yurats
Yurok
Z?paro
Zapotec
Zay
Zazaki
Zenzontepec
Zhuang
Zoque
Zoroastrian
Zulu
Zuni
Zway
