110 in the Shade
1600 Pennsylvania Avenue
1776
25th Annual Putnam County Spelling Bee
42nd Street
A Bedtime Story
A Broken Idol
A Chinese Honeymoon
A Chorus Line
A Class Act
A Connecticut Yankee
A Connecticut Yankee in King Arthur's Court
A Damsel In Distress
A Date with Judy
A Day at the Races
A Day in Hollywood
A Doll's Life
A Family Affair
A Funny Thing Happened on the Way to the Forum
A Grand Night for Singing
A Greek Slave
A Little Night Music
A New Brain
A Runaway Girl
A Tree Grows in Brooklyn
A Very Merry Unauthorized Children's Scientology Pageant
A Year with Frog and Toad
Aaron Slick from Punkin Crick
Abbacadabra
About Face
Abyssinia
Ace of Clubs
Adonis
Adele
Affair in Trinidad
Afgar
Africana
Aida
Ain't Misbehavin'
Ain't Supposed To Die A Natural Death
Aladdin
Ali Baba
Alice in Wonderland
Alice with Kisses
Alice's Adventures in Wonderland
Alive and Kicking
All Hands on Deck
All Shook Up
All That Jazz
All in Fun
All in Love
All the King's Horses
Allegro
Alma
Alone At Last
Along Fifth Avenue
Amen Corner
America's Sweetheart
American Pop
Amorous Flea
Amour
Amphitryon
An Alligator Named Daisy
An American In Paris
An Evening with Beatrice Lillie
An Evening with Max Morath at the Turn of the Century
Anastasia
Anchors Aweigh
And the Angels Sing
And the World Goes 'Round
Andy Hardy's Private Secretary
Angel
Angel in the Wings
Animal Crackers
Ankles Aweigh
Anne & Gilbert
Anne of Green Gables
Annie
Annie Get Your Gun
Annie Warbucks
Anya
Anyone Can Whistle
Anything Goes
Applause
Apple Blossoms
April Love
April in Paris
Arabian Nights
Archy and Mehitabel
Are You With It?
Argentine Nights
Arms and the Girl
Around the World
Around the World in 80 Days
Arthur! Arthur!
Artists and Models
As Long As They're Happy
As Thousands Cheer
As the Girls Go
Aspects of Love
Assassins
At Home Abroad
At Long Last Love
At War with the Army
At the Circus
At the Drop of Another Hat
At the Drop of a Hat
Athena
Aunt Sally
Avenue Q Broadway musical
Babes in Toyland
Babes on Broadway
Babette
Bajour
Baker Street
Ball im Savoy Berlin
Ballad For Bimshire
Ballroom
Bambi
Band Waggon film
Bandanna Land
Banjo Eyes
Banker's Daughter Off Broadway
Bar Mitzvah Boy
Barbarella
Bare
Bare Facts of 1926
Barefoot Boy With Cheek
Barnum
Baron Trenek
Baroness Fiddlesticks
Bat Boy: The Musical
Bats
Battle Of Paris
Be Yourself film
Beat The Band
Beautiful Dreamer Off Broadway
Beauty World
Beauty and the Beast
Because You're Mine film
Bedknobs and Broomsticks
Beg
Beggar's Holiday
Bell Bottom George
Belle Of The Nineties
Belle of The Yukon
Bells Are Ringing
Belmont Varieties
Below The Belt Off Broadway
Ben Franklin in Paris
Berlin Is Mine
Berlin To Broadway With Kurt Weill
Bernardine
Besame Mucho El Musical
Best Foot Forward
Betjemania
Bette Midler's Clams On The Half Shell
Bette! Divine Madness
Better Tunes
Betty
Between The Devil
Beyond The Fringe London
Bible Salesman Off Broadway
Big Boy
Big Fella
Big River
Billboard Girl
Billie
Billie
Billion Dollar Baby
Billy Elliot the Musical
Billy Noname
Bingo
Birds Of Paradise
Bitter Sweet
Bittersuite
Black Bart
Black Nativity
Black and Blue
Blackbirds
Bleach
Bless The Bride
Bless You All
Blitz!
Blondel
Blondie Goes Latin
Blood Brothers
Blood Red Roses
Bloomer Girl
Blossom Time
Blue Bell In Fairyland
Blue Hawaii
Blue Holiday
Blue Rhythm
Blue Skies
Blue of The Night
Boccaccio
Bombay Dreams
Bombo
Boots
Boots And Saddles
Born To Dance
Born Yesterday
Borscht Capades
Bottoms Up
Bounce
Boy Meets Boy
Bravo Giovanni
Breakfast at Tiffany's
Brecht on Brecht
Brewster's Millions
Bridget: The Musical
Brigadoon
Bright Eyes
Bring Back Birdie
Bring Your Smile Along
Bring in 'da Noise
Bring on the Girls
Britannia of Billingsgate
Broadway Gondolier
Broadway Hostess
Broadway Melody
Broadway Through A Keyhole
Bubbling Brown Sugar
Buck Benny Rides Again
Buck Privates
Buddies
Buddy: The Buddy Holly Story
Bugs Bunny On Broadway
Bugsy Malone
Bundle of Joy
Bus Stop
By Hex
By Jeeves
By Jupiter
By The Light Of The Silvery Moon film 1953
By the Beautiful Sea
By the Way
Bye Bye Birdie
Cab Calloway's Hi
Cabaret
Cabin in the Sky
Calamity Jane
Call Me Madam
Call Me Mister
Call of the Flesh
Calling All Stars
Calypso Heat Wave
Camelot
Can't Help Singing
Candide
Cannibal! the Musical
Canterbury Tales
Canticle of the Plains
Captain January
Captain Jinks
Captain of the Guard
Carefree
Carib Song
Carmelina
Carmen Jones
Carnival In Costa Rica
Carnival In Flanders
Carnival!
Carolina Blues
Caroline
Carousel
Carrie
Casbah
Castles in the Air
Cats
Cats Don't Dance animated
Cavalcade
Caviar
Centennial Summer
Champagne Charlie
Charley Moon
Charlie Girl
Charlie and the Chocolate Factory
Charlotte Sweet
Charlotte's Web
Chasing Rainbows
Chee
Cheer Up And Smile
Chess
Children Of Pleasure
Children of Eden
Chin
Chitty
Chitty Chitty Bang Bang
Chris And The Wonderful
Christine
Chronicle of a Death Foretold
Chu Chin Chow
Ciboulette
Cinderella
Cinders
Cindy
Cindy: Cendrillon
City of Angels
Clambake film
Cleavage
Close Harmony
Closer Than Ever
Clue
Coco
Colleen
College Humor
College Rhythm
Collegiate
Collette Collage Off Broadway
Come Out Of The Pantry
Comin' Round the Mountain
Coney Island
Conversation Piece
Copacabana
Copacabana
Copper and Brass
Coronado
Corpse Bride
Cotton Patch Gospel
Count To Ten
Countess Maritza
Cover Girl
Cowardy Custard London
Cowboy From Brooklyn
Cradle Will Rock
Cranks
Crazy for You
Cry
Cry For Us All
Cuban Love Song film 1931
Cuban Pete musical film 1946
Curley McDimple
Curly Top film 1935
Curtains
Cyrano
Cyrano: The Musical
Daddy Cool
Daddy Long Legs film 1955
Dames at Sea
Dames
Damn Yankees
Dance A Little Closer
Dance With Me
Dance of the Vampires Vienna
Dancer in the Dark
Dancin'
Dancing Around 1914
Dancing Lady
Dancing On A Dime
Dangerous When Wet
Darling Lili
Darling of the Day
Darwin's Theories Off Broadway
Das Blaue Vom Himmel
Dear World
Dearest Enemy
Debbie Does Dallas the Musical
Deep In My Heart
Delicious
Delightfully Dangerous
Der Kleine Horrorladen
Destry Rides Again
Destry Rides Again
Devil May Care
Diamond Studs!
Diamonds
Dick Tracy
Die Blonde Nachtigall
Die Dollarprinzessin Vienna
Die Drei Von Der Tankstelle
Die Dubarry Berlin
Different Times
Dimples
Dirty Rotten Scoundrels
Disc Jockey
Disco Inferno: The Devilish New 70's Musical Hit Musical Comedy by Justin Sepple
Divorce Me
Dixiana
Dixie
Do Black Patent Leather Shoes Really Reflect Up?
Do I Hear a Waltz?
Do Re Mi
Do You Love Me?
Doctor Dolittle
Doctor Selavy's Magic Theatre
Doing Our Bit Revue
Doll Face
Don't Bother Me
Don't Play Us Cheap
Donnybrook!
Doonesbury
Double Or Nothing
Double Trouble
Down Argentine Way
Down to Earth
Dr. Seuss' How The Grinch Stole Christmas!
Dracula
Dracula: Entre L'amour et la Mort
Drat! The Cat!
Dream House
Dreamgirls
Dreams Come True
DuBarry Was a Lady
Duck Soup
Dude
Duffy's Tavern
Dumbo
Eadie Was a Lady
Earl Carroll Vanities of 1931
Earl of Ruston
Early to Bed
Easter Parade
Easy to Love
Eating Raoul Off Broadway
Ed Wynn Carnival
Edit:Undo
Eileen 1917
Ein Blonder Traum
Einbrecher
El Capitan
Elisabeth
Elixier
Elsa Lanchester
Elsie
Erminie
Ernest in Love Off Broadway
Eubie!
Evangeline
Evening Primrose
Ever Green London
Every Night at Eight
Everybody Sing
Everybody's Welcome
Everyone Says I Love You
Everything I Have Is Yours
Everything Is Rhythm
Evie and the Birdman
Evita
Falsettos
Fanny
Fellowship!
Fiddler on the Roof
Fields of Ambrosia
Fings Ain't Wot They Used T'Be
Finian's Rainbow
Fiorello!
First Impressions
Five Guys Named Moe
Flahooley
Florodora
Flower Drum Song
Follies
Follow That Girl
Follow the Boys
Follow the Girls
Footloose the Musical
Fosse
Foxy
Free as Air
Free to Be ... You and Me
From Justin to Kelly Music
From the Top
Funny Face
Funny Girl
Funny Lady
Fusia A musical
Gay Divorce
Gay Purr
Gentlemen Prefer Blondes
Gigi
Girl Crazy
Goblin Market
Godspell
Golden Boy
Goldilocks
Good Vibrations
Grab Me A Gondola
Grand Hotel
Grass Harp
Grease
Great Lady
Greenwillow
Grey Gardens
Grind
Guys and Dolls
Gypsy
Hairspray
Half a Sixpence
Hallelujah
Hans Christian Andersen
Happy End
Happy Hunting
Hazel Flagg
Hedwig and the Angry Inch
Hello
Here Comes The Groom
Here's Love
High Button Shoes Lyrics by Sammy Cahn
High School Musical
High Society
High Spirits
House of Flowers
How Now
How to Succeed in Business Without Really Trying
Hoy No Me Puedo Levantar
Hunchback of Notre Dame
I Can Get It for You Wholesale
I Could Go On Singing
I Do! I Do!
I Love My Wife
I Love You
I Love You Because
I Married An Angel
I and Albert
Illya
Imagine Tap!
In Dahomey
Into the Woods
Irma la douche
It Ain't Nothin' But the Blues
Jacques Brel Is Alive and Well and Living in Paris
James Joyce's The Dead
Jane Eyre
Jekyll & Hyde
Jelly's Last Jam
Jericho Jim Crow
Jerome Robbins' Broadway
Jerry Springer
Jerry's Girls
Jesus Christ Superstar
Jo
John Henry
Johnny Johnson
Joseph McCarthy is Alive and Living in Dade County
Joseph and the Amazing Technicolor Dreamcoat
Juan Darien
Jubilee
Jumbo
Jump For Joy
Juno
Kean
Ken Hill's The Phantom of the Opera
Kismet
Kiss Me
Kiss of the Spider Woman
Knickerbocker Holiday
Kristina fran Duvemala
Kwamina
La Belle Helene Paris
La Belle Meuniere
La Cage aux Folles
La Plume de Ma Tante
La Revolution Francaise
Lady Be Good
Lady and the Tramp
Lady in the Dark
Laughing Room Only
Lautrec
Le Blues du Businessman
Le Capitaine Craddock
Le Petit Prince
Le roi Soleil
Leader of the Pack
Legally Blonde: The Musical
Legs Diamond
Lennon
Leonard Sillman's New Faces
Les Demoiselles de Rochefort
Les Dix Commandements
Les Miserables
Lestat: The Musical
Let It Ride
Let My People Come
Letters From Lehrer
Li'l Abner
Little By Little
Little Fish
Little Johnny Jones
Little Mary Sunshine
Little Me
Little Nemo: Adventures In Slumberland
Little Shop of Horrors
Little Tramp
Little Women
Lock Up Your Daughters
Look to the Lilies
Lost in the Stars
Louisiana Purchase Broadway
Love From Judy
Love Life
Ludwig II
Mack and Mabel
Maggie May
Magic Tree House the Musical
Mam'zelle Champagne
Mame
Mamma Mia!
Man of La Mancha
Margie
Marie Christine
Marinka
Martin Guerre
Mary Poppins
Matador
Me and Juliet
Me and My Girl
Medora Musical
Meet Me in St. Louis
Menopause the Musical
Merlin
Merrily We Roll Along
Metropolis
Mexican Hayride
Milk and Honey
Miss Liberty
Miss Saigon
Mizuiro Jidai
Moby Dick! The Musical
Mongoose Play
More Than You Deserve
Moulin Rouge!
Movin' Out
Mozart!
Mr. Cinders
Mr. President
Mr. Wonderful
Mrs. Patterson
Much Ado
Musical Chairs
My Fair Lady
My Favorite Year
My One and Only
Napoleon
Netru
Never Gonna Dance
New Faces of 1952
New Girl In Town
Nightingale
No Strings
Nord
Nosferatu The Vampire
Notre Dame de Paris
Nunsense
Nymph Errant
O Marry Me! Off
O Say Can You See! Off
Of Thee I Sing
Of V We Sing
Oh! What a Lovely War Devised by Joan Littlewood for Theatre Workshop
Oil City Symphony
Oklahoma!
Oliver!
Olympus On My Mind
On Your Toes
On a Clear Day You Can See Forever
On the Level
On the Record
On the Town
On the Twentieth Century
Once Upon a Mattress
Once on This Island
One Touch of Venus
Only the Lonely
Our House
Our Miss Gibbs
Out of This World
Over Here!
Pacific Overtures
Paint Your Wagon
Pal Joey
Panama Hattie
Passion Flower Hotel
Pennies from Heaven
Perchance to Dream
Pete's Dragon
Peter Pan
Phi
Pickwick
Pinocchio
Pins and Needles
Pipe Dream
Pippin
Plain and Fancy
Platinum
Play On
Pocahontas
Polonaise
Pom
Pomme d'amour
Poor Little Rich Girl
Popeye
Porgy and Bess
Portofino
Pot O'Gold
Pride and Prejudice
Pump Boys and Dinettes
Purlie
Puteri Gunung Ledang
Quilters
Rags
Ragtime
Raisin
Randy Newman's Faust
Rebecca
Redhead
Reefer Madness
Return to the Forbidden Planet
Riverwind
Robert and Elizabeth
Roberta
Romance
Romeo et Juliette
Rootin' Tootin' Rhythm
Rosalie
Royal Wedding
Runaways
Salad Days
Sally Jerome Kern
Saludos Amigos
Salvation Off
San Francisco
Sarafina!
Saratoga
Say It with Songs
Say One for Me
Say When
Scrooge
See What I Wanna See
See You Later
Seesaw
Sergeant Brue Book
Seussical
Seven Brides for Seven Brothers
She Loves Me
Shenandoah
Shockheaded Peter
Show Boat
Showtune
Side By Side
Side Show
Silk Stockings
Sing as We Go
Singin' in the Rain Film with Gene Kelly
Skippy & Liska A musical
Skyscraper. Book by Peter Stone
Slice of Saturday Night
Smike
Smile!
Smokey Joe's Cafe
Snoopy Come Home
Snoopy!!! The Musical
Snow White and the Seven Dwarfs
Someone Like You
Song and Dance
Song of Norway
Songs for a New World
Sophisticated Ladies
South Pacific
South Park: Bigger
Spamalot
Spring Awakening music by Duncan Sheik
Starlight Express
Starmania
Starmites
State Fair
Steel Pier
Stop the World
Street Scene
Strike Up the Band
Subways Are For Sleeping
Sugar Babies
Sunday in the Park with George
Sunset Boulevard
Sweeney Todd
Sweet Charity
Sweet Smell of Success
Swing Time
Swing!
Swinging on a Star
Taboo
Take Five
Take Me Along
Taking My Turn
Tango Argentino
Tanz der Vampire
Tarzan
Tenderloin
Texas Li'l Darlin'
That Midnight Kiss
The Act
The Adventures of Huckleberry Finn
The Adventures of Priscilla
The Adventures of Tom Sawyer
The Affairs of Dobie Gillis
The Apple Tree
The Arcadians
The Aristocats
The Athenian Touch
The Baker's Wife
The Balkan Princess
The Band Wagon
The Barkleys of Broadway
The Beautiful Game
The Beauty Shop
The Beauty Spot
The Beggar Student
The Beggar's Opera
The Believers
The Belle of Brittany
The Belle of Broadway
The Belle of New York
The Beloved Vagabond film
The Best Little Whorehouse Goes Public
The Best Little Whorehouse in Texas
The Best Things in Life Are Free
The Better 'Ole London
The Big Beat
The Big Broadcast
The Billy Barnes Revue
The Bing Boys Are Here
The Bing Boys On Broadway
The Bing Girls Are There
The Black Crook
The Black Rider
The Blonde In Black
The Blue Angel
The Blue Kitten
The Blue Mazurka
The Blue Paradise
The Body Beautiful
The Bohemian Girl
The Boy Friend
The Boy from Oz
The Boys from Syracuse
The Broadway Melody
The Candy Shop
The Capeman
The Card
The Casino Girl
The Cat and the Fiddle
The Catch of the Season London
The Century Girl
The Chaperons
The Chocolate Dandies
The Chocolate Soldier
The Cingalee
The City Chap
The Civil War
The Co
The Cocoanut Grove film
The Cocoanuts
The Cotton Club film
The Count Of Luxembourg
The Court Jester
The Cradle Will Rock
The Cuckoos film
The Dance Of Life film
The Dancing Years
The Day Before Spring
The Decline and Fall of the Entire World as Seen Through the Eyes of Cole Porter Revisited
The Delivery Boy
The Desert Song
The District Leader
The Doll Girl
The Dolly Sisters film
The Drowsy Chaperone
The Duchess
The Duchess Of Dantzig London
The Duchess Of Idaho film
The Earl and the Girl
The East Side of Heaven film
The Eddie Cantor Story film
The Eddy Duchin Story film
The Education of HYMAN KAPLAN
The Emperor Waltz
The Enchantress
The Fantasticks
The Five O'Clock Girl
The Four Musketeers
The Frogs
The Full Monty
The Gay Divorcee
The Gay Life
The Girl Who Came to Supper
The Golden Apple
The Goodbye Girl
The Grand Tour
The Great Waltz
The Guy Who Could Fly
The Happiest Girl in the World
The Happiest Millionaire
The Happy Time
The Harvey Girls
The Hatpin
The Hot Mikado
The Human Comedy
The Hunting of the Snark
The Immigrant
The Jazz Singer
The Jungle Book
The King and I
The Last Empress
The Last Five Years
The Last Session
The Lieutenant
The Life
The Life and Adventures of Nicholas Nickleby
The Light in the Piazza
The Lion King
The Little Mermaid
The Lord of the Rings
The Mad Show
The Magic of Lassie
The Maid of the Mountains
The Man With a Load of Mischief
The Man from Snowy River: Arena Spectacular
The Many Adventures of Winnie the Pooh
The Me Nobody Knows
The Mighty Kong
The Most Happy Fella
The Muppet Movie
The Music Man
The Mystery of Edwin Drood
The Nightmare Before Christmas
The One and Only
The Pajama Game
The Phantom of the Opera
The Pirate Queen
The Producers
The Roar of the Greasepaint-the Smell of the Crowd
The Robber Bridegroom
The Rocky Horror Picture Show
The Rocky Horror Show
The Rothschilds
The Sap Of Life Off
The Scarlet Pimpernel
The Secret Garden
The Slipper and the Rose
The Sound of Music
The Spitfire Grill
The Student Prince in Old Heidelberg
The Swing Mikado
The Sword in the Stone
The Tap Dance Kid
The Ten Commandments
The Three Caballeros
The Threepenny Opera
The Tigger Movie
The Umbrellas of Cherbourg
The Unsinkable Molly Brown
The Utter Glory of Morrissey Hall
The Wedding Singer
The Wild Party
The Will Rogers Follies
The Wiz
The Wizard of Oz
The Woman in White
The Yeomen of the Guard
The Zoo
They're Playing Our Song
Thoroughly Modern Millie
Thou Shalt Not
Three Wishes For Jamie
Timbuktu!
Tintypes
Tommy
Tonight's the Night
Too Many Girls
Top Banana
Top Hat
Tovarich
Toxic Avenger: The Musikill
Tristan et Iseult
Triumph of Love
Two Gentlemen of Verona
Two by Two
Two on the Aisle
Two's Company
Taltprojektet
Urban Cowboy
Urinetown The Musical
Very Good
Very Warm For May
Vivir Intentando
Walking Happy
We Will Rock You
Welcome to the Voice
West Side Story
Where's Charley?
Whistle Down The Wind
Whoopee
Wicked
Winnie the Pooh and Tigger Too
Winnie the Pooh and a Day for Eeyore
Winnie the Pooh and the Blustery Day
Winnie the Pooh and the Honey Tree
Wish You Were Here
Woman of the Year
Wonderful Town
Xanadu
Yes Nurse
You're a Good Man
Your Own Thing
Zanna
Zenda
Ziegfeld Follies
Ziegfeld Girls
Ziegfeld Midnight Frolic
Zig
Zip Goes a Million
Zombie Prom
Zombies from The Beyond book
Zorba
Zuleika
