2 tone
2Step
4-beat
A cappella
Aak
Aaroubi
Abaimajani
Abajenos
Aboriginal rock
Abstract hip hop
Abwe
Acid croft
Acid groove
Acid house
Acid jazz
Acid rap
Acid rock
Acid techno
Acoustic Punk
Acoustic Rock
Acoustic Techno Fusion
Adai-adai
Aduk-aduk
Adult contemporary
Afoxe
African blues
African jazz
Afrobeat
Afro-Cuban jazz
Afro-Cuban rumba
Afro-juju
Afroma
Afro-Manding blues
Afro-Punk
Afro-reggae
Afro-soul
Afro-zouk
Aguinaldo
Ahidus
Ahouach
Air
Akyn
Al-ala
Alb-pop
Aleatoric music
Algerias
Alomaco
Alpine New Wave
Alpunk
Alternative country
Alternative hip hop
Alternative metal
Alternative rock
Alternative synth
Amanedhes
Ambient
Ambient acoustic
Ambient breakbeat
Ambient dub
Ambient groove
Ambient house
Ambient techno
Ambient trance
American fingerstyle guitar
Americana
Anadolu rock
Anarcho-punk
Andartika
Andean New Age
Angklung
Angolan merengue
Anti-folk
Antiphonal
Anti-Serious Music
Apala
Appalachian folk
Arabesk
Areito
Arena rock
Argentinean rock
Arpa grande
Arribeno
Ars antiqua
Ars nova
Art metal
Art punk
Art rock
Ashiq
Ashoug
Asian Underground
Australian country music
Australian hip hop
Australian humour
Australian pub rock
Australian warmetal
Avant-garde jazz
Avant-garde music
Axe
Bachata
Bagad
Baiao
Baiao
Baila
Baisha xiyue
Bajourou
Bakersfield sound
Bakou
Bakshy
Bal granmoun
Balakadri
Balkan music
Ballad
Ballad calypso
Ballata
Ballet
Bal-musette
Balss
Bamberas
Bamboo band
Bamboula wake
Bambuco
Banda
Bangsawan
Bantowbol
Barbarian black metal
Barbershop music
Barndance
Baroque metal
Baroque music
Bass music
Bastard Pop
Bata
Bata-rumba
Batucada
Batuco
Bayin
Beach music
Beat
Beatboxing
Bebop
Bedoui
Bedoui citadinise
Beguine
Beguine moderne
Beguine vide
Beiguan
Bel canto
Belair
Bend-skin
Benga
Bhajan
Bhakti
Bhangra
Bhangragga
Bhangramuffin
Bhangra-wine
Big band music
Big Beat
Big Drum Dance
Big Hip
Bigono duu
Biguine
Biguine moderne
Bikutsi
Bitchcore
Bitpop
Black metal
Bloco afro
Blue-eyed soul
Bluegrass
Blues
Blues ballad
Blues-rock
Blurcore
Bocet
Bohemian Dub
Boi
Bolero
Bomba
Bombay pop
Bongo
Bongo wake
Boogaloo
Boogie rock
Boogie woogie
Booty bass
Borbangnadyr
Borbannadir
Border ballad
Bossa nova
Bouncy techno
Boy band
Brass band
Brass Hop
Brazilian funk
Brazilian jazz
Breakbeat
Breakbeat hardcore
Breakcore
Bright disco
Brill Building Pop
Britfunk
British blues
British folk
British Invasion
Britpop
Broadside ballad
Broken beat
Brown-eyed soul
Broxa
Brukdown
Bubblegum pop
Buiasche
Bulerias
Bumba-meu-boi
Bunggul
Bunraku
Burger-highlife
Burgundian School
Ca din tulnic
Ca pe lunca
Ca tru
Cabaret
Cadence
Cadence rampa
Cadence-lypso
Cafe-aman
Cai luong
Cajun music
Cakewalk
Calenda
Calentanos
Calgia
Calipso
Calypso
Calypso-style baila
Campillaneros
Campursari
Cana
Candombe
Caninecore
Canon
Cante chico
Cante jondo
Canterbury Scene
Cantiga
Cantinas
Cantique
Canto livre
Canto nuevo
Canto popular
Cantopop
Canzone napoletana
Capoeira music
Caracoles
Carceleras
Cardas
Caribbean
Carimbo
Cariso
Carnatic music
Carol
Cartageneras
Casse-co
Cassette culture
Castilian
Cavacha
CCM
Celempungan
Cello rock
Celtic
Celtic fusion
Celtic metal
Celtic punk
Celtic reggae
Celtic rock
Cha-cha-cha
Chakacha
Chamame
Chamber jazz
Chamber music
Chamber pop
Champeta
Champloo
Changui
Chanson
Charanga
Charanga-vallenato
Charikawi
Chastushki
Chau van
Chemical breaks
Cheo
Chicago blues
Chicago house
Chicago house
Chicago jazz
Chicago soul
Chicha
Chicken scratch
Chill-Out
Chimurenga
Chinese music
Chinese rock
Chip music
Choctaw Social Dance
Cho-kantrum
Chongak
Chorinho
Choro
Chouval bwa
Chowtal
Christian alternative
Christian Hardcore
Christian hip hop
Christian metal
Christian rock
Christmas carol
Chumba
Chut-kai-pang
Chutney
Chutney-bhangra
Chutney-hip hop
Chutney-soca
Chylandyk
Ciganyzene
Cind ciobanu s-i a pierdut oile
Cintec batrinesc
Ciobanul
Classic female blues
Classic metal
Classical music
Clicks n Cuts
Close harmony
Cocobale
Cocorrido
Codecore
Coimbra fado
Coladeira
Coldwave
Colombianas
Combined Rhythm
Comedy rock
Comic opera
Comparsa
Compas direct
Compas meringue
Concert overture
Concerto
Concerto grosso
Congo
Congolese sound
Conjunto
Conscious Reggae
Contemporary Christian Music
Contonbley
Contradanza
Cool jazz
Corsican polyphonic song
Cothoza mfana
Country blues
Country music
Country rock
Countrypolitan
Couple de sonneurs
Cow punk
Creative jazz
Creole
Crossover music
Crunk
Crust punk
Csardas
Cuarteto
Cueca
Cumbia
Cumbia panamena
Cumbia villera
Cumfa
Cyber grindgore
Dabka
Dadra
Daina
Daino
Dalauna
Dance
Dance music
Dancehall
Dance-pop
Dance-punk
Dangdut
Danube New Wave
Danza
Danzon
Dark ambient
Dark trance
Darkwave
De codru
De dragoste
De jale
De pahar
Death industrial
Death metal
Death rock
Death techno
Deathcore
Deblas
Deboche
Decima
Deep house
Deep soul
Degung
Delta blues
Dementia
Dementia
Desi
Detroit blues
Detroit techno
Dhamar
Dhimotika
Dhrupad
Dhun
Dialect rock
Digital hardcore
Din Dain- Ambient blues trance
Dirge
Dirty rap
Dirty South
Disco
Disco house
Disco Polo
Dixieland jazz
Djambadon
Dodompa
Doina
Dombola
Dondang sayang
Donegal fiddle tradition
Dongjing
Doo wop
Doom metal
Dope
Douche Metal
Downtempo
Dream pop
Drill and bass
Dronology
Drum and bass
Dub
Dub techno
Dubstep
Dunedin Sound
Dunun
Dutch jazz
Dutch trance
Dziesma
Dzoke
Early music
East Coast blues
East Coast hip hop
Eastern Tradition of Sephardic music
Easy listening
Ecocore
El pasacalle
Elafrolaiko
Electric blues
Electric Fetus
Electro
Electro Backbeat
Electro hop
Electroclash
Electrofunk
Electronic art music
Electronic body music
Electronic luk thung
Electronic music
Electronica
Electropop
Elektro
Elevator music
Emeba
Emo
Endecasillabo
English funk
English madrigal
Enka
Entekhno
Entropy
Eremwu eu
Euba
Eurobeat
Eurodance
Europop
Eurotrance
Exotica
Experimental music
Experimental noise
Experimental rock
Extreme Computer Music
Ezengileer
Fado
Fag
Falak
Fandango
Farruca
Filk
Film scores
Filmi
Filmi-ghazal
Finger-style
Fjatpangarri
Flamenco
Flower power
Foaie verde
Fofa
Folk metal
Folk music
Folk pop
Folk punk
Folk rock
Folktronica
Fonn Mall
Forro
Foxcore
Franco-country
Freakbeat
Freak-folk
Free improvisation
Free jazz
Free music
Freestyle house
Freetekno
Frevo
Fricote
F-Step
Fubar
Fuji
Fulia
Funacola
Funana
Funk
Funk metal
Funky breaks
Funky highlife
Furniture music
Fusion bhangra
Fusion jazz
Future jazz
Futurepop
Gabba
Gabber
Gaga
Gagaku
Gaikyoku
Gaita
Galant
Gamad
Gambang kromong
Gamelan
Gamelan angklung
Gamelan bang
Gamelan bebonangan
Gamelan buh
Gamelan degung
Gamelan gede
Gamelan kebyar
Gamelan salendro
Gamelan selunding
Gamelan semar pegulingan
Gammeldan
Gandrung
Gangsta folk
Gangsta rap
Gar
Garage
Garage rock
Garage techno
Garrotin
Gavotte
Gay
Gelugpa chanting
Gender wayang
Gending
G-funk
Gharbi
Gharnati
Ghazal
Ghazal-song
Ghetto house
Ghettotech
Girl group
Glam rock
Glitch
Gnawa
Go go
Goa
Golden Period of Karnatic classical music
Goombay
Gore Metal
Goregrind
Goshu ondo
Gospel music
Gospel-soca
Gothenburg sound
Gothic metal
Gothic rock
Granadinas
Gregorian chant
Grime
Grindcore
Group Sounds
Grunge
Grupera
Guaguanbo
Guajira
Guitarra baiana
Guitarradas
Gumbe
Gunchei
Gunka
Guoyue
Gwerz
Gwo ka
Gwo ka moderne
Gypsy jazz
Gyu ke
Habanera
Haiducesti
Hair metal
Hajnali
Hakka
Half calypso
Hambo
Hapa haole
Happy hardcore
Haqibah
Hard bop
Hard house
Hard rock
Hard Style
Hard techno
Hard trance
Hardcore
Hardcore hip hop
Hardcore punk
Hardcore techno
Harepa
Harmonica blues
Hasaposerviko
Hat a dao
Hat boi
Hat cai luong
Hat chau van
Hat cheo
Hat tuong
Hauntology
Hawaiian steel guitar
Hawzi
Hazzanut
Heavy compas
Heavy dance
Heavy metal
Hesher
Highlands
Highlife
Highlife fusion
Hillybilly music
Hindustani classical music
Hi-NRG
Hip hop
Hip hop and soul
Hip house
Hip pop
Hiplife
Hiragasy
Hiva usu
Honky tonk
Honkyoku
Hora lunga
Hornpipes
Horror punk
Hot rod music
House music
Hua'er
Huasteco
Huaynos
Hula
Humppa
Hunguhungu
Hyangak
Hymn
Hyphy
Hypnofolkadelia
Ibiza music
Ibo
Ice metal
Igbo-highlife
Ijexa
Ilahije
Illbient
Impressionist music
Improvisational
Incidental music
Indie pop
Indie rock
Indo jazz
Indo rock
Indoyiftika
Industrial dance
Industrial metal
Industrial music
Industrial musical
Industrial rock
Instrumental pop
Instrumental rock
Intelligent dance music
International Latin
Inuit
Irish folk
Iscathamiya
Isikhwela jo
Isolationist
Italo Disco
Itsmenos
Izvorna Bosanska muzika
Jaipongan
Jaliscienses
Jam band
Jam rock
Jamana kura
Jamrieng samai
Jangle pop
Japanese pop
Jarana
Jariang
Jarochos
Jawaiian
Jazz
Jazz blues
Jazz from night
Jazz fusion
Jazz groove
Jazz rap
Jazz-funk
Jegog
Jenkka
Jibaro
Jig
Jig Punk
Jing ping
Jingle
Jit
Jive
Joged
Joged bumbung
Joik
Joropo
Jota
J'Ouvert
J-pop
Jug band
Juju
Juke joint blues
Jump blues
Jungle
Junkanoo
Jure
Kaba
Kabuki
Kadans
Kagok
Kagyupa chanting
Kaiso
Kalamatiano
Kalattuut
Kalinda
Kamba pop
Kan ha diskan
Kang
Kansas City blues
Kantadhes
Kantrum
Kargyraa
Karma
Kaseko
Katcharsee
Kattajjaq
Kawachi ondo
Kayokyoku
Kebyar
Kecak
Kecapi suling
Ke-kwe
Kele
Kertok
Khaleeji
Khap
Khelimaski djili
Khene
Khoomei
Khorovodi
Khplam wai
Khrung sai
Khyal
Kikuyu pop
Kilapanda
Kinko
Kirtan
Kiwi rock
Kizomba
Klape
Klasik
Kleftiko
Klezmer
Kliningan
Kochare
Kolomyjka
Komagaku
Konpa
Koumpaneia
Kpanlogo
Krakowiak
Krautrock
Krill Krill
Kriti
Kroncong
Krzesany
Kulintang
Kulning
Kumina
Kun-borrk
Kundere
Kundiman
Kussunde
Kutumba wake
Kvaeoi
Kveding
Kwaito
Kwassa kwassa
Kwela
La la
Laba laba
Lai
Laiko
Lam
Lam saravane
Lam sing
Lambada
Lancer
Langgam jawa
Laremuna wadauman
Latin jazz
Lavlu
Lavway
Le leagan
Legenyes
Letkajenkka
Lhamo
Liedermacher
Light Music
Light Music
Likanos
Line dance
Liquindi
Llanera
Llanto
Lo-fi
Loki djili
Long-song
Lo-pop
Louisiana blues
Lounge music
Lovers rai
Lovers rock
Lowercase
Lu
Lubbock country music
Lucknavi thumri
Luhya omutibo
Luk grung
Lullaby
Lundu
Lundum
Madchester
Madrigal
Mafioso hip hop
Maglaal
Magnificat
Mahori
Makossa
Makossa-soukous
Malaguenas
Malawian jazz
Maloya
Maluf
Maluka
Mambo
Manaschi
Mandarin pop
Manding swing
Mangulina
Manikay
Manila sound
Manouche
Manzuma
Mapouka
Mapouka-serre
Marabi
Maracatu
Marching music
Marga
Mariachi
Marimba
Maritime folk
Marrabenta
Marrabenta rap
Martinetes
Maskanda
Mass
Matamuerte
Math rock
Mathcore
Mazurka
Mbalax
Mbaqanga
M-Base
Mbira
Mbube
Mbumba
Medh
Medieval music
Meditation
Mejorana
Melhoun
Melhun
Melodic Death Metal
Melodic trance
Memphis blues
Memphis rap
Memphis soul
Mento
Merengue
Merengue tipico moderno
Merengue-bomba
Meringue
Meringue
Merseybeat
Metal
Metalcore
Mexican son
Meyjana
Mezwed
Miami bass
Miami Sound
Microhouse
Milo jazz
Milongas
Mineras
Mini compas
Mini jazz
Mini-jazz
Minimalist music
Minimalist trance
Minneapolis sound
Minstrel show
Minuet
Min'yo
Mirabras
Miroloyia
Missouri harmony
Modern classical music
Modern rock
Modinha
Modinha
Mohabelo
Mor lam
Mor lam sing
Morna
Motown
Mozambique
MPB
Mugam
Muntuno
Murga
Musette
Music drama
Music Hall
Musica campesina
Musica criolla
Musica de la interior
Musica llanera
Musica nordestina
Musica tropical
Musiqi-e assil
Musique concrete
Mutuashi
Muwashshah
Muzak
Na trapeza
Nagauta
Naghmehs
Nakasi
Naked funk
Nangma
Nanguan
Narcocorrido
Narodna muzika
Nasheed
Nashville Sound
Native American gospel
Nederpop
Neo kyma
Neo Soul
Neofolk
Nerdcore hiphop
Neue Deutsche Welle
Neue Volksmusik
New Age music
New Beat
New Instrumental
New Jack Swing
New Orleans blues
New Orleans contemporary brass band
New Orleans jazz
New Romantic
New rumba
New school hip hop
New Taiwanese Song
New Wave
New Wave bhangra
New Wave of British heavy metal
New Weird America
New York blues
New York House
Newgrass
Nganja
Nha Nac
Nhac dan toc cai bien
Nhac tai tu
Nisiotika
No Wave
Noh
Noise music
Noise pop
Noise rock
Nongak
Norae Undong
Nordic folk dance music
Nordic folk music
Nortec
Norteno
Northern harmony
Northern Soul
Northumbrian smallpipe music
Nota
Nova cancao
Novokomponovana narodna muzika
Nu breaks
Nu jazz
Nu metal
Nu soul
Nueva cancion
Nu-NRG
Nyingmapa chanting
Obscuro
Oi!
Old school hip hop
Old time country
Old-time
Olonkho
Oltului
Ompa
Omutibo
On ikki muqam
Ondo
Oom pah band
Opera
Oratorical calypso
Oratorio
Orchestra
Orchestre
Organ trio
Organic ambient
Organic house
Organum
Orgel
Oriental Foxtrot
Oriental metal
Orovela
Orquestas Tejanas
Ottava rima
Outlaw country
Outsider music
ozgun
Ozwodna
Padams
Pagode
Paisley Underground
Palm wine
Palos
Pambiche
Panambih
Panchai baja
Pansori
Paranda
Parang
Parisian soukous
Parody
Parranda
Partido alto
Paseo
Pasillo
Pasillo
Payada de contrapunto
Peace Punk
Pedo punk
Pelimanni music
Pennywhistle jive
Peroveta anedia
Petenera
Peyote Song
P-Funk
Philadelphia soul
Phleng luk tung
Piano blues
Piano rock
Piedmont blues
Pineal Polka
Pinoy rock
Pinpeat orchestra
Piphat
Pirekaus
Pisiq
Pixiefunk
Piyyutim
Plachi
Plainchant
Plena
Pleng phua cheewit
Pleng Thai sakorn
Poco-poco
Polihet
Political Grindcore
Polka
Polo
Polonaise
Pols
Polska
Pong lang
Pop folk
Pop melayu
Pop mop
Pop music
Pop punk
Pop rai
Pop sunda
Pop-makossa
Popular music
Porngroove
Pornocore
Porro
Portuguese Shangaan
Post punk
Post-hardcore
Post-Jam
Post-minimalism
Post-rock
Post-romanticism
Power electronics
Power metal
Power noise
Power pop
Pow-wow
Ppongtchak
Praise song
Pre-Computer
Prison metal
Program symphony
Progressive Acoustic Urban Math Folk
Progressive bluegrass
Progressive electronic music
Progressive house
Progressive metal
Progressive rock
Progressive trance
Protopunk
Psych folk or Psychedelic folk
Psychedelic music
Psychedelic trance
Psychobilly
Psychosomatic trance
Psych-pop
Punjabi thumri
Punk blues
Punk Cabaret
Punk rock
Punta
Punta rock
Qasidah
Qasidah modern
Qawwali
Quadrille
Quan ho
Queercore
Quiet Storm
Rada
Raga rock
Ragas
Ragga-chutney
Raggamuffin
Ragga-soca
Ragga-zouk
Ragtime
Rai
Rainbow Rave
Rake-and-scrape
Rambutan
Ramkbach
Ramvong
Ranchera
Random dance
Rap
Rap dogba
Rap metal
Rapcore
Rapso
Rara
Rare groove
Rasiya
Rateliai
Rave
Rebetiko
Rebita
Reel
Reggae
Reggae highlife
Reggaeton
Reinlender
Rekilaulu
Rembetiko
Renaissance music
Rhapsody
Rhyming spiritual
Rhythm and blues
Rhythmic noise
Ricercar
Rimur
Ring Bang
Riot grrl
Rock
Rock and roll
Rock en espanol
Rock opera
Rockabilly
Rocksteady
Rococo
Rodeo music
Rokon fada
Romantic period in music
Romeras
Rondeaux
Ronggeng
Roots reggae
Roots rock
Roots rock reggae
Ruem trosh
Rumba
Rumba gitana
Runddan
Runolaulu
Runo-song
Sabar
Sacred Harp
Sadcore
Saetas
Saibara
Saiyidi
Sakyapa chanting
Salegy
Salsa
Salsa erotica
Salsa gorda
Salsa romantica
Saltarello
Salve
Samba
Samba de breque
Samba de enredo
Samba de pagode
Samba-cancao
Samba-enredo
Sambai
Samba-reggae
Sangeo
Sanjo
Sanjuanitos
Sarandunga
Sardinian polyphonic chanting
Sato kagura
Sawahili
Sawt
Sax jive
Sayas
Sazdohol
Scandinavian metal
Scenecore
Schottisch
Schranz
Scrumpy and Western
Sea shanty
Sean nos
Second Viennese School
Sega music
Seggae
Seis
Semba
Semi-tone calypso
Sephardic music
Serialism
Serrana
Set dance
Sevdalinka
Sevillana
Shabab
Shabad
Shalako
Shan'ge
Shango
Shape note
Sharkan
Shawm and drum
Shibuya-kei
Shidaiqu
Shima uta
Shin-min'yo
Shlager
Shoegazing
Shoka
Shomyo
Showtunes
Sica
Siguiriyas
Silat
Sinawi
Singers & Standards
Singer-songwriter
Single tone calypso
Sinjonjo
Sizhu
Ska
Ska punk
Skacore
Skald
Skate punk
Skiffle
Skillingstryk
Skotsploech
Slack-key guitar
Slangpolska
Slide
Slow airs
Slowcore
Sludge metal
Smooth jazz
Snugglemo
S'o wa mbe
Soca
Soca-bhangra
Soca-funk
Soft ambient
Soft rock
Solea
Sombient
Son
Son montuno
Sonata
Son-bata
Songo
Songo-salsa
Sonido
Soukous
Soul blues
Soul jazz
Soul music
Southern Harmony
Southern hip hop
Southern rock
Southern soul
Space age pop
Space music
Space rock
Spacesynth
Spazzjazz
Spectralism
Speed garage
Speed metal
Speedcore
Spirituals
Spouge
Square dance
St. Louis blues
St. Louis soul
Stambolovski orkestri
Staroprazske pisnieky
Steelband
Stev
Stoner metal
Straight edge
Strathspeys
Street songs
Stride
String
String quartet
Stubenmusik
Suite
Suomirock
Suomitrance
Super Eurobeat
Surf ballads
Surf instrumental
Surf music
Surf pop
Surf rock
Surgery metal
Sutartines
Swahili sound
Swamp blues
Swamp pop
Sway
Swing music
Swingbeat
Sygyt
Symphonic black metal
Symphonic poem
Symphony
Synth pop
Synth rock
Synthpunk
Syrto
Taarab
Taettir
Tai tu
Taibubu
Taiwanese pop
Tala
Talempong
Tamborito
Tambu
Tamburitza
Tamil Christian keerthanai
Tamil keerthanai
Tamil tiruppukazh
Tanchaz
Tango
Tango flamenco
Tango-cancion
Tanguk
Tanjidor
Tapany maintso
Tappa
Tarabu
Tarana
Tarannum
Tarantella
Taranto
Tarantolati
Tassou
Tawshih
Tchinkoume
Tchink-system
Tech house
Techno
Technoid
Techno-tribal
Teen pop
Tejano music
Television themes
Tembang sunda
Texas blues
Tex-Mex
The Birmingham Sound
Thillana
Thrash metal
Thresher
Thumri
Tibetan pop
Tientos
Timbila
Tin Pan Alley
Tina
Tinga
Tis tavlas
Toeshey
Togaku
Tonas
T'ong guitar
Township jive
Toziych
Traditional pop music
Trallalero
Trampska hudba
Trance
Travesty
Tribal house
Trikitixa
Trip-hop
Troista-country
Troll metal
Tropicalia
TRT
Truck-driving country
Tsamiko
Tsapika
Tsonga disco
Tumba
Tunky/Bongo
Turbo-folk
Turntablism
Tuuli
Tuvan throat-singing
Twarab
Twee pop
Two tone
uber Metal
Ufie
UK garage
UK pub rock
Umui
Underground music
Urban Cowboy
Urban Folk
Urban jazz
Urtin duu
Ute
Vakodrazana
Vakojazzana
Vallenato
Vallenato-protesta
Variet
Vaudeville
Verbunkos
Verismo
Video game music
Viennese-style classical music
Viking metal
Villancicos
Villanella
Virelais
Visir
Visual rock
Visual techno
Vocal house
Vocal jazz
Vuelie
Wahrani
Waila
Waltz
Wangga
Warabe uta
Wassoulou
Watcha watcha
Were
West Coast hip hop
Western blues
Western swing
Western Tradition of Sephardic music
Wimmin's music
Women's music
Womyn's music
Wong shadow
Work song
World music
Worldbeat
Xi'an drum music
Xoomii
Yang
Yanvalou
Yaravi
Ye-ye
Yodeling
Yo-pop
Young Brigade
Yukar
Zairean sound
Zajal
Zapin
Zarzuela
Zbojnicki
Zen
Zendani
Zeuhl
Ziglibithy
Zikir Barat
Zinge
Zoblazo
Zolo
Zombie Hip-Hop
Zouglou
Zouk
Zouk chouv
Zouk funk
Zouklove
Zout
Zulu a cappella
Zydeco
