ABC News Radio
ABC Radio
ABC Talk Radio
Accent Radio Network
Agri Broadcasting Network
Air 1
Air America Radio
Alabama Radio Network
Alaska Public Radio Network
All Comedy Radio
Amalgamated Broadcasting System
American Armed Forces Radio Network
American Family Radio
American Public Media
American Urban Radio Networks
Associated Press Radio Network
BLAISE
Beethoven Satellite Network
Bible Broadcasting Network
Bloomberg Business News Radio Network
Bott Radio Network
Business Radio Network
Business Talk Radio
CBN Northeast
CBS Radio Network
CDR Radio Network
CNN Max Radio Network
Cable Radio Network
Cadena Caracol Network
Calvary Satellite Network
Chinese Radio Network
Connecticut Public Radio
Dakota News Network of North and South Dakota
Dial Global
Disney operates the following radio networks:
Don Lee Network
EMF Broadcasting
ESPN Radio
ETV
EWTN Radio
Enterprise Radio Network
Family Life Communications
Family Life Network
Family Radio
First Amendment Radio FAR home page
Florida's Radio Networks
Fox News Radio
Fox Sports Radio
Fundamental Broadcasting Network
Genesis Communications Network GCN home page
Georgia News Network
Georgia Public Radio
I.E. America Radio Network
Illinois Radio Network
Immanuel Broadcasting Network
Independent Broadcasters Network
Independent Public Radio
Indiana Public Radio
Jefferson Public Radio
Jones Radio Network
K-LOVE
Kansas Public Radio
Kentucky News Network
Keystone Broadcasting System
Liberty Broadcasting System
Louisiana Network.
MRN Radio
Maine Public Broadcasting Network
Mariners Radio Network
Mars Hill Broadcasting
MetroMedia Radio
MetroNews Radio Network of West Virginia
Michigan Radio Network
Minnesota News Network. a subsidiary of Saga Communications.
Minnesota Public Radio
Mississippi News Network
Missouri Net
Montana Public Radio
Moody Broadcasting Network
Mutual Black Network
Mutual Broadcasting System
Mutual Lifestyle Radio
NBC News and Information Service
NBC Radio Network
NBC Talknet
National Black Network
National Public Radio
National Radio Network
Navigator
NeXt Radio Network
Nebraska Radio Network
Network Indiana
New Hampshire Public Radio
New Jersey Network
New Northwest Broadcasters
North Carolina News Network
North Carolina Public Radio
North Dakota Public Radio
Northeast Public Radio
Northern News Network of Montana
Ohio News Network
Ohio Public Radio
Oklahoma News Network
Oregon Public Broadcasting
Pacifica Radio
Performance Racing Network
Pillar of Fire
Premiere Radio Networks
Progressive Broadcasting System
Public Radio Exchange
Public Radio International
RBN Republic Broadcasting Network
RKO Radio Network
Radio America
Radio Disney
Radio Formula
Radio Iowa
Radio Maria USA
Radio PA Networks of Pennsylvania
Radio Unica
RadioU
Radiovisa
Relevant Radio
Rural Radio Network
Salem Radio Network
Satellite Music Network
Sheridan Broadcasting Network
Sheridan Gospel Network
Sound of Life Network
Source Max Radio Network
South Carolina News Network
South Dakota Public Radio
Sporting News Radio
Sports Byline USA
Sports Fan Radio Network
Superadio
Talk America Radio Network
Talk Radio Network
Talk Radio Network-FM
Talknet Talknet home page
Tennessee Radio Networks
Texas State Network
The 1920s Radio Network
The Source
Three Angels Broadcasting Network
Toccoa Falls College Radio Network
Transtar
USA Radio Network
United Press International Radio Network
United Stations Radio Network
United Stations Radio Networks
Utah Public Radio
VCY America Radio Network
Vermont Public Radio
Virginia News Network
W0KIE
WCBS FM101.1 SCA
WGBB AM1240
WHJM
WONE Radio Network
Waitt Radio Networks
Washington News Desk
Westwood One Radio Networks
Wisconsin Public Radio
Wisconsin Radio Network
Wisdom Radio Network
World Radio Network
Wyoming Public Radio
Yankee Network and Colonial Network
