Animated series
Awards shows
Celebrity roasts
Children's television shows
Comedies
Comedies without laugh tracks
Cooking shows
Dramedies
Fantasy programs
Game shows
News programs
Police shows
Reality programs
Satirical news programs
Science fiction sitcoms
Shows with gay characters
Sketch comedy shows
Soap operas
Talk shows
Western shows

Animated serie
Awards show
Celebrity roast
Children's television show
Comedy
Comedy without laugh track
Cooking show
Dramedie
Fantasy program
Game show
Shows with gay character
News program
Military program
Police show
Reality program
Satirical news program
Science fiction
Sitcom
Sketch comedy show
Soap opera
Talk show
Western show

News
Politics
Sports
Movie
Discussion
Infotainment
