Abelson leukemia
Abelson leukemia virus
Abelson murine leukemia
Abelson murine leukemia virus
Abelson's
Abelson's virus
acute laryngotracheobronchitis
acute laryngotracheobronchitis virus
Adelaide River
Adelaide River virus
adeno associated
adeno associated virus group
Adenovirus
African horse sickness
African horse sickness virus
African swine fever
African swine fever virus
AIDS
AIDS virus
Aleutian mink disease parvovirus
alfalfa mosaic
alfalfa mosaic virus
alpharetrovirus
Alphavirus
ALV related
ALV related virus
Amapari
Amapari virus
Andean potato mottle
Andean potato mottle virus
Aphthovirus
Aquareovirus
arbovirus
arbovirus C
arbovirus group A
arbovirus group B
Arenavirus group
Argentine hemorrhagic fever
Argentine hemorrhagic fever virus
Argentinian hemorrhagic fever
Argentinian hemorrhagic fever virus
Arterivirus
associated herpesvirus
Astrovirus
Ateline herpesvirus group
Aujezky's disease
Aujezky's disease virus
Aura
Aura virus
Ausduk disease
Ausduk disease virus
Australian bat lyssavirus
Aviadenovirus
avian erythroblastosis
avian erythroblastosis virus
avian infectious bronchitis
avian infectious bronchitis virus
avian leukemia
avian leukemia virus
avian leukosis
avian leukosis virus
avian lymphomatosis
avian lymphomatosis virus
avian myeloblastosis
avian myeloblastosis virus
avian paramyxovirus
avian pneumoencephalitis
avian pneumoencephalitis virus
avian reticuloendotheliosis
avian reticuloendotheliosis virus
avian sarcoma
avian sarcoma virus
avian type C retrovirus group
Avihepadnavirus
Avipoxvirus
B
B virus
B19
B19 virus
Babanki
Babanki virus
baboon herpesvirus
bacterial
bacterial virus
baculovirus
barley yellow dwarf
barley yellow dwarf virus
Barmah Forest
Barmah Forest virus
Barr
Barr virus
bean pod mottle
bean pod mottle virus
bean rugose mosaic
bean rugose mosaic virus
Bebaru
Bebaru virus
Berrimah
Berrimah virus
betaretrovirus
Birnavirus
Bittner
Bittner virus
BK
BK virus
Black Creek Canal
Black Creek Canal virus
bluetongue
bluetongue virus
Bolivian hemorrhagic fever
Bolivian hemorrhagic fever virus
Boma disease
Boma disease virus
border disease of sheep
border disease of sheep virus
borna
borna virus
bovine alphaherpesvirus 1
bovine alphaherpesvirus 2
bovine coronavirus
bovine ephemeral fever
bovine ephemeral fever virus
bovine immunodeficiency
bovine immunodeficiency virus
bovine leukemia
bovine leukemia virus
bovine leukosis
bovine leukosis virus
bovine mammillitis
bovine mammillitis virus
bovine papillomavirus
bovine papular stomatitis
bovine papular stomatitis virus
bovine parvovirus
bovine syncytial
bovine syncytial virus
bovine type C oncovirus
bovine viral diarrhea
bovine viral diarrhea virus
bracovirus
broad bean mottle
broad bean mottle virus
broad bean stain
broad bean stain virus
brome mosaic
brome mosaic virus
Bromovirus
Buggy Creek
Buggy Creek virus
bullet shaped
bullet shaped virus group
Bunyamwera
Bunyamwera virus supergroup
Bunyavirus
Burkitt's lymphoma
Burkitt's lymphoma virus
Bwamba Fever
Bwattany hetero
Bwattany hetero virus
CA
CA virus
Calicivirus
California encephalitis
California encephalitis virus
camelpox
camelpox virus
canarypox
canarypox virus
canid herpesvirus
canine coronavirus
canine distemper
canine distemper virus
canine herpesvirus
canine minute
canine minute virus
canine parvovirus
Cano Delgadito
Cano Delgadito virus
Capillovirus
caprine arthritis
caprine arthritis virus
caprine encephalitis
caprine encephalitis virus
Caprine Herpes
Caprine Herpes Virus
Capripox
Capripox virus
Cardiovirus
Carlavirus
Carmovirus
carrot mottle
carrot mottle virus
Cassia yellow blotch
Cassia yellow blotch virus
Cauliflower mosaic
Cauliflower mosaic virus
Caulimovirus
caviid herpesvirus 1
Cercopithecine herpesvirus 1
Cercopithecine herpesvirus 2
cereal yellow dwarf
cereal yellow dwarf virus
Chandipura
Chandipura virus
Changuinola
Changuinola virus
channel catfish
channel catfish virus
Charleville
Charleville virus
chickenpox
chickenpox virus
Chikungunya
Chikungunya virus
chimpanzee herpesvirus
chub reovirus
chum salmon
chum salmon virus
Closterovirus
Cocal
Cocal virus
Coho salmon reovirus
coital exanthema
coital exanthema virus
Colorado tick fever
Colorado tick fever virus
Coltivirus
Columbia SK
Columbia SK virus
Commelina yellow mottle
Commelina yellow mottle virus
common cold
common cold virus
Comovirus
congenital cytomegalovirus
Congo hemorrhagic fever
Congo hemorrhagic fever virus
contagious ecthyma
contagious ecthyma virus
contagious pustular dermatitis
contagious pustular dermatitis virus
Coronavirus
Corriparta
Corriparta virus
coryza
coryza virus
cowpea
cowpea chlorotic mottle
cowpea chlorotic mottle virus
cowpea mosaic
cowpea mosaic virus
cowpea virus
cowpox
cowpox virus
coxsackie
coxsackie virus
CPV
cricket paralysis
cricket paralysis virus
Crimean
croup associated
croup associated virus
Crypotovirus
Cucumovirus
Cypovirus
cytomegalovirus
cytomegalovirus group
cytoplasmic polyhedrosis
cytoplasmic polyhedrosis virus
deer papillomavirus
defective
defective virus
Deformed wing
Deformed wing virus DWV
deltaretrovirus
dengue
dengue virus
Densovirus
Dependovirus
Dhori
Dhori virus
Dianthovirus
diplorna
diplorna virus
DNA
DNA virus
Drosophila C
Drosophila C virus
duck hepatitis
duck hepatitis B
duck hepatitis B virus
duck hepatitis virus 1
duck hepatitis virus 2
duovirus
Duvenhage
Duvenhage virus
eastern equine encephalitis
eastern equine encephalitis virus
eastern equine encephalomyelitis
eastern equine encephalomyelitis virus
EB
EB virus
Ebola
Ebola virus
echo
echo virus
echovirus
echovirus 10
echovirus 28
echovirus 9
ectromelia
ectromelia virus
EEE
EEE virus
EIA
EIA virus
EMC
EMC virus
Emiliania huxleyi
Emiliania huxleyi virus 86
encephalitis
encephalitis virus
encephalomyocarditis
encephalomyocarditis group
encephalomyocarditis group virus
encephalomyocarditis virus
Enterovirus
enzyme elevating
enzyme elevating virus
enzyme elevating virus (LDH)
epidemic hemorrhagic fever
epidemic hemorrhagic fever virus
epizootic hemorrhagic disease
epizootic hemorrhagic disease virus
Epstein
equid alphaherpesvirus 1
equid alphaherpesvirus 4
equid herpesvirus 2
equine abortion
equine abortion virus
equine arteritis
equine arteritis virus
equine encephalosis
equine encephalosis virus
equine infectious anemia
equine infectious anemia virus
equine morbillivirus
equine rhinopneumonitis
equine rhinopneumonitis virus
equine rhinovirus
Eubenangu
Eubenangu virus
European elk papillomavirus
European swine fever
European swine fever virus
Everglades
Everglades virus
Eyach
Eyach virus
Fabavirus
felid herpesvirus 1
feline calicivirus
feline fibrosarcoma
feline fibrosarcoma virus
feline herpesvirus
feline immunodeficiency
feline immunodeficiency virus
feline infectious peritonitis
feline infectious peritonitis virus
feline leukemia
feline leukemia /sarcoma
feline leukemia /sarcoma virus
feline leukemia virus
feline panleukopenia
feline panleukopenia virus
feline parvovirus
feline sarcoma
feline sarcoma virus
feline syncytial
feline syncytial virus
Fijivirus
Filovirus
Flanders
Flanders virus
Flavivirus
foot and mouth disease
foot and mouth disease virus
Fort Morgan
Fort Morgan virus
Four Corners hantavirus
fowl adenovirus 1
fowlpox
fowlpox virus
Friend
Friend virus
Furovirus
gammaretrovirus
Gay elephant tycomabanucleoid
Gay elephant tycomabanucleoid virus
GB
GB hepatitis
GB hepatitis virus
GB virus
Geminivirus
German measles
German measles virus
Getah
Getah virus
gibbon ape leukemia
gibbon ape leukemia virus
glandular fever
glandular fever virus
goatpox
goatpox virus
golden shinner
golden shinner virus
Gonometa
Gonometa virus
goose parvovirus
granulosis
granulosis virus
Gross'
Gross' virus
ground squirrel hepatitis B
ground squirrel hepatitis B virus
group A arbovirus
Guanarito
Guanarito virus
guinea pig cytomegalovirus
guinea pig type C
guinea pig type C virus
Hantaan
Hantaan virus
Hantavirus
hard clam reovirus
hare fibroma
hare fibroma virus
HCMV
helper
helper virus
hemadsorption
hemadsorption virus 2
hemagglutinating
hemagglutinating virus of Japan
hemorrhagic fever
hemorrhagic fever virus
hendra
hendra virus
Henipaviruses
Hepadnavirus
hepatitis
hepatitis A
hepatitis A virus
hepatitis B
hepatitis B virus group
hepatitis C
hepatitis C virus
hepatitis D
hepatitis D virus
hepatitis delta
hepatitis delta virus
hepatitis E
hepatitis E virus
hepatitis F
hepatitis F virus
hepatitis G
hepatitis G virus
hepatitis nonA nonB
hepatitis nonA nonB virus
hepatitis virus
hepatitis virus (nonhuman)
hepatoencephalomyelitis reovirus 3
Hepatovirus
heron hepatitis B
heron hepatitis B virus
herpes B
herpes B virus
herpes simplex
herpes simplex virus
herpes simplex virus 1
herpes simplex virus 2
herpesvirus
herpesvirus 7
Herpesvirus ateles
Herpesvirus hominis
Herpesvirus infection
Herpesvirus saimiri
Herpesvirus suis
Herpesvirus varicellae
Highlands J
Highlands J virus
Hirame rhabdovirus
hog cholera
hog cholera virus
Hordeivirus
human adenovirus 2
human alphaherpesvirus 1
human alphaherpesvirus 2
human alphaherpesvirus 3
human B lymphotropic
human B lymphotropic virus
human betaherpesvirus 5
human coronavirus
human cytomegalovirus
human cytomegalovirus group
human foamy
human foamy virus
human gammaherpesvirus 4
human gammaherpesvirus 6
human hepatitis A
human hepatitis A virus
human herpesvirus 1 group
human herpesvirus 2 group
human herpesvirus 3 group
human herpesvirus 4 group
human herpesvirus 6
human herpesvirus 8
human immunodeficiency
human immunodeficiency virus
human immunodeficiency virus 1
human immunodeficiency virus 2
human papillomavirus
human T cell leukemia
human T cell leukemia virus
human T cell leukemia virus I
human T cell leukemia virus II
human T cell leukemia virus III
human T cell lymphoma
human T cell lymphoma virus I
human T cell lymphoma virus II
human T cell lymphotropic
human T cell lymphotropic virus type 1
human T cell lymphotropic virus type 2
human T lymphotropic
human T lymphotropic virus I
human T lymphotropic virus II
human T lymphotropic virus III
ichnovirus
Ilarvirus
infantile gastroenteritis
infantile gastroenteritis virus
infectious bovine rhinotracheitis
infectious bovine rhinotracheitis virus
infectious haematopoietic necrosis
infectious haematopoietic necrosis virus
infectious pancreatic necrosis
infectious pancreatic necrosis virus
influenza
influenza A
influenza A virus
influenza B
influenza B virus
influenza virus (unspecified)
influenzavirus (unspecified)
influenzavirus A
influenzavirus B
influenzavirus C
influenzavirus D
influenzavirus pr8
insect
insect iridescent
insect iridescent virus
insect virus
interfering
interfering virus
iridovirus
Japanese B
Japanese B virus
Japanese encephalitis
Japanese encephalitis virus
JC
JC virus
johnson mosaic
johnson mosaic virus
Junin
Junin virus
Kaposi's sarcoma
Kemerovo
Kemerovo virus
Kilham's rat
Kilham's rat virus
Klamath
Klamath virus
Kolongo
Kolongo virus
Korean hemorrhagic fever
Korean hemorrhagic fever virus
kumba
kumba virus
Kysanur forest disease
Kysanur forest disease virus
Kyzylagach
Kyzylagach virus
La Crosse
La Crosse virus
lactic dehydrogenase
lactic dehydrogenase elevating
lactic dehydrogenase elevating virus
lactic dehydrogenase virus
Lagos bat
Lagos bat virus
Lambda phage
Langur
Langur virus
lapine parvovirus
Lassa
Lassa fever
Lassa fever virus
Lassa virus
latent rat
latent rat virus
LCM
LCM virus
Leaky
Leaky virus
Lentivirus
Leporipoxvirus
leukemia
leukemia virus
leukovirus
like
like virus
lumpy skin disease
lumpy skin disease virus
Luteovirus
lymphadenopathy associated
lymphadenopathy associated virus
Lymphocryptovirus
lymphocytic choriomeningitis
lymphocytic choriomeningitis virus
lymphoproliferative
lymphoproliferative virus group
Lyssavirus
Machupo
Machupo virus
mad itch
mad itch virus
maize chlorotic dwarf
maize chlorotic dwarf virus
maize rough dwarf
maize rough dwarf virus
mammalian type B oncovirus group
mammalian type B retroviruses
mammalian type C retrovirus group
mammalian type D retroviruses
mammary tumor
mammary tumor virus
Mapuera
Mapuera virus
Marafivirus
Marburg
Marburg virus
Mason Pfizer monkey
Mason Pfizer monkey virus
Mastadenovirus
Mayaro
Mayaro virus
ME
ME virus
measles
measles virus
Melandrium yellow fleck
Melandrium yellow fleck virus
Menangle
Menangle virus
Mengo
Mengo virus
Mengovirus
Middelburg
Middelburg virus
milkers nodule
milkers nodule virus
mink enteritis
mink enteritis virus
minute
minute virus of mice
MLV related
MLV related virus
MM
MM virus
Mokola
Mokola virus
Molluscipoxvirus
Molluscum contagiosum
Molluscum contagiosum virus
monkey B
monkey B virus
monkeypox
monkeypox virus
Mononegavirales
Morbillivirus
Mount Elgon bat
Mount Elgon bat virus
mouse cytomegalovirus
mouse encephalomyelitis
mouse encephalomyelitis virus
mouse hepatitis
mouse hepatitis virus
mouse K
mouse K virus
mouse leukemia
mouse leukemia virus
mouse mammary tumor
mouse mammary tumor virus
mouse minute
mouse minute virus
mouse pneumonia
mouse pneumonia virus
mouse poliomyelitis
mouse poliomyelitis virus
mouse polyomavirus
mouse sarcoma
mouse sarcoma virus
mousepox
mousepox virus
Mozambique
Mozambique virus
Mucambo
Mucambo virus
mucosal disease
mucosal disease virus
mumps
mumps virus
murid betaherpesvirus 1
murid cytomegalovirus 2
murine cytomegalovirus group
murine encephalomyelitis
murine encephalomyelitis virus
murine hepatitis
murine hepatitis virus
murine leukemia
murine leukemia virus
murine nodule inducing
murine nodule inducing virus
murine polyomavirus
murine sarcoma
murine sarcoma virus
Muromegalovirus
Murray Valley encephalitis
Murray Valley encephalitis virus
myxoma
myxoma virus
Myxovirus
Myxovirus multiforme
Myxovirus parotitidis
Nairobi sheep disease
Nairobi sheep disease virus
Nairovirus
Nanirnavirus
Nariva
Nariva virus
Ndumo
Ndumo virus
Necrovirus
Neethling
Neethling virus
Nelson Bay
Nelson Bay virus
Neopvirus
neurotropic
neurotropic virus
New World Arenavirus
newborn pneumonitis
newborn pneumonitis virus
Newcastle disease
Newcastle disease virus
Nipah
Nipah virus
nipple neck
nipple neck virus
noncytopathogenic
noncytopathogenic virus
Noravirus
Norwalk
Norwalk virus
nuclear polyhedrosis
nuclear polyhedrosis virus (NPV)
oat sterile dwarf
oat sterile dwarf virus
Ockelbo
Ockelbo virus
oncogenic
oncogenic virus
oncogenic viruslike particle
oncornavirus
O'nyong'nyong
O'nyong'nyong virus
Orbivirus
Orf
Orf virus
Oropouche
Oropouche virus
Orthohepadnavirus
orthomyxovirus
Orthopoxvirus
Orthoreovirus
Orungo
ovine catarrhal fever
ovine catarrhal fever virus
ovine papillomavirus
owl monkey herpesvirus
Palyam
Palyam virus
Papillomavirus
Papillomavirus sylvilagi
Papovavirus
parainfluenza
parainfluenza virus
parainfluenza virus type 1
parainfluenza virus type 2
parainfluenza virus type 3
parainfluenza virus type 4
Paramyxovirus
Parapoxvirus
paravaccinia
paravaccinia virus
parsnip yellow fleck
parsnip yellow fleck virus
Parvovirus
Parvovirus B19
parvovirus group
pea enation mosaic
pea enation mosaic virus
Pestivirus
Phlebovirus
phocine distemper
phocine distemper virus
Phytoreovirus
Picodnavirus
Picornavirus
pig cytomegalovirus
pigeonpox
pigeonpox virus
Piry
Piry virus
Pixuna
Pixuna virus
plant
plant rhabdovirus group
plant virus
pneumonia
pneumonia virus of mice
Pneumovirus
poliomyelitis
poliomyelitis virus
poliovirus
Polydnavirus
polyhedral
polyhedral virus
polyoma
polyoma virus
Polyomavirus
Polyomavirus bovis
Polyomavirus cercopitheci
Polyomavirus hominis 2
Polyomavirus maccacae 1
Polyomavirus muris 1
Polyomavirus muris 2
Polyomavirus papionis 1
Polyomavirus papionis 2
Polyomavirus sylvilagi
Pongine herpesvirus 1
porcine epidemic diarrhea
porcine epidemic diarrhea virus
porcine hemagglutinating encephalomyelitis
porcine hemagglutinating encephalomyelitis virus
porcine parvovirus
porcine transmissible gastroenteritis
porcine transmissible gastroenteritis virus
porcine type C
porcine type C virus
Potato
Potato leaf roll
Potato leaf roll virus
Potato mop top
Potato mop top virus
Potato virus Y
Potexvirus
Potyvirus
pox
pox virus
poxvirus
poxvirus variolae
Prospect Hill
Prospect Hill virus
provirus
pseudocowpox
pseudocowpox virus
pseudorabies
pseudorabies virus
psittacinepox
psittacinepox virus
Puumala
Puumala virus
quailpox
quailpox virus
rabbit fibroma
rabbit fibroma virus
rabbit kidney vaculolating
rabbit kidney vaculolating virus
rabbit papillomavirus
rabies
rabies virus
raccoon parvovirus
raccoonpox
raccoonpox virus
radish mosaic
radish mosaic virus
Ranikhet
Ranikhet virus
rat
rat cytomegalovirus
rat parvovirus
rat virus
Rauscher's
Rauscher's virus
recombinant
recombinant vaccinia
recombinant vaccinia virus
recombinant virus
reovirus
reovirus 1
reovirus 2
reovirus 3
reptilian type C
reptilian type C virus
respiratory
respiratory infection
respiratory infection virus
respiratory syncytial
respiratory syncytial virus
respiratory virus
reticuloendotheliosis
reticuloendotheliosis virus
Retrovirus
Rhabdovirus
Rhabdovirus carpia
Rhadinovirus
rhinovirus
Rhizidiovirus
rice dwarf
rice dwarf virus
rice gall dwarf
rice gall dwarf virus
rice ragged stunt
rice ragged stunt virus
Rift Valley fever
Rift Valley fever virus
Riley's
Riley's virus
rinderpest
rinderpest virus
RNA
RNA tumor
RNA tumor virus
RNA virus
Ross River
Ross River virus
Rotavirus
rougeole
rougeole virus
Rous sarcoma
Rous sarcoma virus
rubella
rubella virus
rubeola
rubeola virus
Rubivirus
Russian autumn encephalitis
Russian autumn encephalitis virus
SA 11 simian
SA 11 simian virus
SA2
SA2 virus
Sabia
Sabia virus
Sagiyama
Sagiyama virus
Saimirine herpesvirus 1
salivary gland
salivary gland virus
sandfly fever
sandfly fever virus group
Sandjimba
Sandjimba virus
SARS
SARS virus
satellite
satellite virus
SDAV
sealpox
sealpox virus
Semliki Forest
Semliki Forest Virus
Sendai
Sendai virus
Seoul
Seoul virus
sheeppox
sheeppox virus
Shope fibroma
Shope fibroma virus
Shope papilloma
Shope papilloma virus
sialodacryoadenitis virus
simian
simian foamy
simian foamy virus
simian hepatitis A
simian hepatitis A virus
simian human immunodeficiency
simian human immunodeficiency virus
simian immunodeficiency
simian immunodeficiency virus
simian parainfluenza
simian parainfluenza virus
simian T cell lymphotrophic
simian T cell lymphotrophic virus
simian T lymphotropic virus type I
simian T lymphotropic virus type II
simian T lymphotropic virus type III
simian virus
simian virus 40
Simplexvirus
Sin Nombre
Sin Nombre virus
Sindbis
Sindbis virus
smallpox
smallpox virus
Sobemovirus
South American hemorrhagic fever
South American hemorrhagic fever viruses
sparrowpox
sparrowpox virus
spring beauty latent
spring beauty latent virus
Spumavirus
squash mosaic
squash mosaic virus
squirrel fibroma
squirrel fibroma virus
squirrel monkey retrovirus
SSV 1
SSV 1 virus group
STLV type I
STLV type II
STLV type III
stomatitis papulosa
stomatitis papulosa virus
submaxillary
submaxillary virus
suid alphaherpesvirus 1
suid herpesvirus 2
Suipoxvirus
swamp fever
swamp fever virus
swinepox
swinepox virus
Swiss mouse leukemia
Swiss mouse leukemia virus
T4 phage
T7 phage
TAC
TAC virus
Tacaribe
Tacaribe complex
Tacaribe complex virus
Tacaribe virus
Tanapox
Tanapox virus
Taterapox
Taterapox virus
Template:VIRUS76
Template:VIRUS76 viruslike particle
Tench reovirus
Tenvivirus
Theiler's
Theiler's encephalomyelitis
Theiler's encephalomyelitis virus
Theiler's virus
Thogoto
Thogoto virus
Thottapalayam
Thottapalayam virus
Tick borne encephalitis
Tick borne encephalitis virus
Tioman
Tioman virus
tobacco mosaic
tobacco mosaic virus
tobacco rattle
tobacco rattle virus
Tobamovirus
Tobravirus
Togavirus
tomato bushy stunt
tomato bushy stunt virus
Tomato spotted wilt
Tomato spotted wilt virus
Tombusvirus
Torovirus
Tospovirus
transforming
transforming virus
tumor
tumor virus
Tupaia
Tupaia virus
turkey rhinotracheitis
turkey rhinotracheitis virus
turkeypox
turkeypox virus
turnip yellow mosaic
turnip yellow mosaic virus
Tymovirus
type C retroviruses
type D oncovirus
type D retrovirus group
ulcerative disease rhabdovirus
Una
Una virus
Uukuniemi
Uukuniemi virus group
vaccinia
vaccinia virus
vacuolating
vacuolating virus
varicella zoster
varicella zoster virus
Varicellovirus
Varicola
Varicola virus
variola
variola major
variola major virus
variola virus
Vasin Gishu disease
Vasin Gishu disease virus
VEE
VEE virus
Venezuelan equine encephalitis
Venezuelan equine encephalitis virus
Venezuelan equine encephalomyelitis
Venezuelan equine encephalomyelitis virus
Venezuelan hemorrhagic fever
Venezuelan hemorrhagic fever virus
vesicular stomatitis
vesicular stomatitis virus
Vesiculovirus
Vilyuisk
Vilyuisk virus
viper retrovirus
viral haemorrhagic septicemia
viral haemorrhagic septicemia virus
Visna
Visna Maedi
Visna Maedi virus
Visna virus
volepox
volepox virus
VSV (vesicular stomatitis
VSV (vesicular stomatitis virus)
Wallal
Wallal virus
Warrego
Warrego virus
wart
wart virus
WEE
WEE virus
West Nile
West Nile virus
western equine encephalitis
western equine encephalitis virus
western equine encephalomyelitis
western equine encephalomyelitis virus
Whataroa
Whataroa virus
Winter Vomiting
Winter Vomiting Virus
woodchuck hepatitis B
woodchuck hepatitis B virus
woolly monkey sarcoma
woolly monkey sarcoma virus
wound tumor
wound tumor virus
WRSV
WRSV virus
Yaba
Yaba monkey tumor
Yaba monkey tumor virus
Yaba virus
Yatapoxvirus
yellow fever
yellow fever virus
Yug Bogdanovac
Yug Bogdanovac virus
zucchini yellow mosaic virus
ZYMV
