This file contains any messages produced by compilers while
running configure, to aid debugging if configure makes a mistake.

It was created by configure, which was
generated by GNU Autoconf 2.69.  Invocation command line was

  $ ./configure --no-create --no-recursion

## --------- ##
## Platform. ##
## --------- ##

hostname = pelican
uname -m = x86_64
uname -r = 3.5.0-51-generic
uname -s = Linux
uname -v = #77~precise1-Ubuntu SMP Thu Jun 5 00:48:28 UTC 2014

/usr/bin/uname -p = unknown
/bin/uname -X     = unknown

/bin/arch              = unknown
/usr/bin/arch -k       = unknown
/usr/convex/getsysinfo = unknown
/usr/bin/hostinfo      = unknown
/bin/machine           = unknown
/usr/bin/oslevel       = unknown
/bin/universe          = unknown

PATH: /usr/lib/lightdm/lightdm
PATH: /usr/local/sbin
PATH: /usr/local/bin
PATH: /usr/sbin
PATH: /usr/bin
PATH: /sbin
PATH: /bin
PATH: /usr/games


## ----------- ##
## Core tests. ##
## ----------- ##

configure:2489: checking build system type
configure:2503: result: x86_64-unknown-linux-gnu
configure:2523: checking host system type
configure:2536: result: x86_64-unknown-linux-gnu
configure:2607: checking for gcc
configure:2623: found /usr/bin/gcc
configure:2634: result: gcc
configure:2863: checking for C compiler version
configure:2872: gcc --version >&5
gcc (Ubuntu/Linaro 4.6.3-1ubuntu5) 4.6.3
Copyright (C) 2011 Free Software Foundation, Inc.
This is free software; see the source for copying conditions.  There is NO
warranty; not even for MERCHANTABILITY or FITNESS FOR A PARTICULAR PURPOSE.

configure:2883: $? = 0
configure:2872: gcc -v >&5
Using built-in specs.
COLLECT_GCC=gcc
COLLECT_LTO_WRAPPER=/usr/lib/gcc/x86_64-linux-gnu/4.6/lto-wrapper
Target: x86_64-linux-gnu
Configured with: ../src/configure -v --with-pkgversion='Ubuntu/Linaro 4.6.3-1ubuntu5' --with-bugurl=file:///usr/share/doc/gcc-4.6/README.Bugs --enable-languages=c,c++,fortran,objc,obj-c++ --prefix=/usr --program-suffix=-4.6 --enable-shared --enable-linker-build-id --with-system-zlib --libexecdir=/usr/lib --without-included-gettext --enable-threads=posix --with-gxx-include-dir=/usr/include/c++/4.6 --libdir=/usr/lib --enable-nls --with-sysroot=/ --enable-clocale=gnu --enable-libstdcxx-debug --enable-libstdcxx-time=yes --enable-gnu-unique-object --enable-plugin --enable-objc-gc --disable-werror --with-arch-32=i686 --with-tune=generic --enable-checking=release --build=x86_64-linux-gnu --host=x86_64-linux-gnu --target=x86_64-linux-gnu
Thread model: posix
gcc version 4.6.3 (Ubuntu/Linaro 4.6.3-1ubuntu5) 
configure:2883: $? = 0
configure:2872: gcc -V >&5
gcc: error: unrecognized option '-V'
gcc: fatal error: no input files
compilation terminated.
configure:2883: $? = 4
configure:2872: gcc -qversion >&5
gcc: error: unrecognized option '-qversion'
gcc: fatal error: no input files
compilation terminated.
configure:2883: $? = 4
configure:2903: checking whether the C compiler works
configure:2925: gcc    conftest.c  >&5
configure:2929: $? = 0
configure:2977: result: yes
configure:2980: checking for C compiler default output file name
configure:2982: result: a.out
configure:2988: checking for suffix of executables
configure:2995: gcc -o conftest    conftest.c  >&5
configure:2999: $? = 0
configure:3021: result: 
configure:3043: checking whether we are cross compiling
configure:3051: gcc -o conftest    conftest.c  >&5
configure:3055: $? = 0
configure:3062: ./conftest
configure:3066: $? = 0
configure:3081: result: no
configure:3086: checking for suffix of object files
configure:3108: gcc -c   conftest.c >&5
configure:3112: $? = 0
configure:3133: result: o
configure:3137: checking whether we are using the GNU C compiler
configure:3156: gcc -c   conftest.c >&5
configure:3156: $? = 0
configure:3165: result: yes
configure:3174: checking whether gcc accepts -g
configure:3194: gcc -c -g  conftest.c >&5
configure:3194: $? = 0
configure:3235: result: yes
configure:3252: checking for gcc option to accept ISO C89
configure:3315: gcc  -c -g -O2  conftest.c >&5
configure:3315: $? = 0
configure:3328: result: none needed
configure:3353: checking whether gcc understands -c and -o together
configure:3375: gcc -c conftest.c -o conftest2.o
configure:3378: $? = 0
configure:3375: gcc -c conftest.c -o conftest2.o
configure:3378: $? = 0
configure:3390: result: yes
configure:3413: checking how to run the C preprocessor
configure:3444: gcc -E  conftest.c
configure:3444: $? = 0
configure:3458: gcc -E  conftest.c
conftest.c:9:28: fatal error: ac_nonexistent.h: No such file or directory
compilation terminated.
configure:3458: $? = 1
configure: failed program was:
| /* confdefs.h */
| #define PACKAGE_NAME ""
| #define PACKAGE_TARNAME ""
| #define PACKAGE_VERSION ""
| #define PACKAGE_STRING ""
| #define PACKAGE_BUGREPORT ""
| #define PACKAGE_URL ""
| /* end confdefs.h.  */
| #include <ac_nonexistent.h>
configure:3483: result: gcc -E
configure:3503: gcc -E  conftest.c
configure:3503: $? = 0
configure:3517: gcc -E  conftest.c
conftest.c:9:28: fatal error: ac_nonexistent.h: No such file or directory
compilation terminated.
configure:3517: $? = 1
configure: failed program was:
| /* confdefs.h */
| #define PACKAGE_NAME ""
| #define PACKAGE_TARNAME ""
| #define PACKAGE_VERSION ""
| #define PACKAGE_STRING ""
| #define PACKAGE_BUGREPORT ""
| #define PACKAGE_URL ""
| /* end confdefs.h.  */
| #include <ac_nonexistent.h>
configure:3546: checking for grep that handles long lines and -e
configure:3604: result: /bin/grep
configure:3609: checking for egrep
configure:3671: result: /bin/grep -E
configure:3676: checking for ANSI C header files
configure:3696: gcc -c -g -O2  conftest.c >&5
configure:3696: $? = 0
configure:3769: gcc -o conftest -g -O2   conftest.c  >&5
configure:3769: $? = 0
configure:3769: ./conftest
configure:3769: $? = 0
configure:3780: result: yes
configure:3793: checking for sys/types.h
configure:3793: gcc -c -g -O2  conftest.c >&5
configure:3793: $? = 0
configure:3793: result: yes
configure:3793: checking for sys/stat.h
configure:3793: gcc -c -g -O2  conftest.c >&5
configure:3793: $? = 0
configure:3793: result: yes
configure:3793: checking for stdlib.h
configure:3793: gcc -c -g -O2  conftest.c >&5
configure:3793: $? = 0
configure:3793: result: yes
configure:3793: checking for string.h
configure:3793: gcc -c -g -O2  conftest.c >&5
configure:3793: $? = 0
configure:3793: result: yes
configure:3793: checking for memory.h
configure:3793: gcc -c -g -O2  conftest.c >&5
configure:3793: $? = 0
configure:3793: result: yes
configure:3793: checking for strings.h
configure:3793: gcc -c -g -O2  conftest.c >&5
configure:3793: $? = 0
configure:3793: result: yes
configure:3793: checking for inttypes.h
configure:3793: gcc -c -g -O2  conftest.c >&5
configure:3793: $? = 0
configure:3793: result: yes
configure:3793: checking for stdint.h
configure:3793: gcc -c -g -O2  conftest.c >&5
configure:3793: $? = 0
configure:3793: result: yes
configure:3793: checking for unistd.h
configure:3793: gcc -c -g -O2  conftest.c >&5
configure:3793: $? = 0
configure:3793: result: yes
configure:3806: checking minix/config.h usability
configure:3806: gcc -c -g -O2  conftest.c >&5
conftest.c:52:26: fatal error: minix/config.h: No such file or directory
compilation terminated.
configure:3806: $? = 1
configure: failed program was:
| /* confdefs.h */
| #define PACKAGE_NAME ""
| #define PACKAGE_TARNAME ""
| #define PACKAGE_VERSION ""
| #define PACKAGE_STRING ""
| #define PACKAGE_BUGREPORT ""
| #define PACKAGE_URL ""
| #define STDC_HEADERS 1
| #define HAVE_SYS_TYPES_H 1
| #define HAVE_SYS_STAT_H 1
| #define HAVE_STDLIB_H 1
| #define HAVE_STRING_H 1
| #define HAVE_MEMORY_H 1
| #define HAVE_STRINGS_H 1
| #define HAVE_INTTYPES_H 1
| #define HAVE_STDINT_H 1
| #define HAVE_UNISTD_H 1
| /* end confdefs.h.  */
| #include <stdio.h>
| #ifdef HAVE_SYS_TYPES_H
| # include <sys/types.h>
| #endif
| #ifdef HAVE_SYS_STAT_H
| # include <sys/stat.h>
| #endif
| #ifdef STDC_HEADERS
| # include <stdlib.h>
| # include <stddef.h>
| #else
| # ifdef HAVE_STDLIB_H
| #  include <stdlib.h>
| # endif
| #endif
| #ifdef HAVE_STRING_H
| # if !defined STDC_HEADERS && defined HAVE_MEMORY_H
| #  include <memory.h>
| # endif
| # include <string.h>
| #endif
| #ifdef HAVE_STRINGS_H
| # include <strings.h>
| #endif
| #ifdef HAVE_INTTYPES_H
| # include <inttypes.h>
| #endif
| #ifdef HAVE_STDINT_H
| # include <stdint.h>
| #endif
| #ifdef HAVE_UNISTD_H
| # include <unistd.h>
| #endif
| #include <minix/config.h>
configure:3806: result: no
configure:3806: checking minix/config.h presence
configure:3806: gcc -E  conftest.c
conftest.c:19:26: fatal error: minix/config.h: No such file or directory
compilation terminated.
configure:3806: $? = 1
configure: failed program was:
| /* confdefs.h */
| #define PACKAGE_NAME ""
| #define PACKAGE_TARNAME ""
| #define PACKAGE_VERSION ""
| #define PACKAGE_STRING ""
| #define PACKAGE_BUGREPORT ""
| #define PACKAGE_URL ""
| #define STDC_HEADERS 1
| #define HAVE_SYS_TYPES_H 1
| #define HAVE_SYS_STAT_H 1
| #define HAVE_STDLIB_H 1
| #define HAVE_STRING_H 1
| #define HAVE_MEMORY_H 1
| #define HAVE_STRINGS_H 1
| #define HAVE_INTTYPES_H 1
| #define HAVE_STDINT_H 1
| #define HAVE_UNISTD_H 1
| /* end confdefs.h.  */
| #include <minix/config.h>
configure:3806: result: no
configure:3806: checking for minix/config.h
configure:3806: result: no
configure:3827: checking whether it is safe to define __EXTENSIONS__
configure:3845: gcc -c -g -O2  conftest.c >&5
configure:3845: $? = 0
configure:3852: result: yes
configure:3868: checking for library containing strerror
configure:3899: gcc -o conftest -g -O2   conftest.c  >&5
configure:3899: $? = 0
configure:3916: result: none required
configure:3942: checking for a BSD-compatible install
configure:4010: result: /usr/bin/install -c
configure:4021: checking whether build environment is sane
configure:4076: result: yes
configure:4111: WARNING: 'missing' script is too old or missing
configure:4224: checking for a thread-safe mkdir -p
configure:4263: result: /bin/mkdir -p
configure:4270: checking for gawk
configure:4286: found /usr/bin/gawk
configure:4297: result: gawk
configure:4308: checking whether make sets $(MAKE)
configure:4330: result: yes
configure:4360: checking for style of include used by make
configure:4388: result: GNU
configure:4422: checking whether make supports nested variables
configure:4439: result: yes
configure:4525: checking dependency style of gcc
configure:4636: result: gcc3
configure:4696: checking whether to enable maintainer-specific portions of Makefiles
configure:4705: result: no
configure:4768: checking how to print strings
configure:4795: result: printf
configure:4816: checking for a sed that does not truncate output
configure:4880: result: /bin/sed
configure:4898: checking for fgrep
configure:4960: result: /bin/grep -F
configure:4995: checking for ld used by gcc
configure:5062: result: /usr/bin/ld
configure:5069: checking if the linker (/usr/bin/ld) is GNU ld
configure:5084: result: yes
configure:5096: checking for BSD- or MS-compatible name lister (nm)
configure:5145: result: /usr/bin/nm -B
configure:5275: checking the name lister (/usr/bin/nm -B) interface
configure:5282: gcc -c -g -O2  conftest.c >&5
configure:5285: /usr/bin/nm -B "conftest.o"
configure:5288: output
0000000000000000 B some_variable
configure:5295: result: BSD nm
configure:5298: checking whether ln -s works
configure:5302: result: yes
configure:5310: checking the maximum length of command line arguments
configure:5441: result: 3458764513820540925
configure:5458: checking whether the shell understands some XSI constructs
configure:5468: result: yes
configure:5472: checking whether the shell understands "+="
configure:5478: result: yes
configure:5513: checking how to convert x86_64-unknown-linux-gnu file names to x86_64-unknown-linux-gnu format
configure:5553: result: func_convert_file_noop
configure:5560: checking how to convert x86_64-unknown-linux-gnu file names to toolchain format
configure:5580: result: func_convert_file_noop
configure:5587: checking for /usr/bin/ld option to reload object files
configure:5594: result: -r
configure:5668: checking for objdump
configure:5684: found /usr/bin/objdump
configure:5695: result: objdump
configure:5727: checking how to recognize dependent libraries
configure:5925: result: pass_all
configure:6010: checking for dlltool
configure:6040: result: no
configure:6070: checking how to associate runtime and link libraries
configure:6097: result: printf %s\n
configure:6157: checking for ar
configure:6173: found /usr/bin/ar
configure:6184: result: ar
configure:6221: checking for archiver @FILE support
configure:6238: gcc -c -g -O2  conftest.c >&5
configure:6238: $? = 0
configure:6241: ar cru libconftest.a @conftest.lst >&5
configure:6244: $? = 0
configure:6249: ar cru libconftest.a @conftest.lst >&5
ar: conftest.o: No such file or directory
configure:6252: $? = 1
configure:6264: result: @
configure:6322: checking for strip
configure:6338: found /usr/bin/strip
configure:6349: result: strip
configure:6421: checking for ranlib
configure:6437: found /usr/bin/ranlib
configure:6448: result: ranlib
configure:6550: checking command to parse /usr/bin/nm -B output from gcc object
configure:6670: gcc -c -g -O2  conftest.c >&5
configure:6673: $? = 0
configure:6677: /usr/bin/nm -B conftest.o \| sed -n -e 's/^.*[ ]\([ABCDGIRSTW][ABCDGIRSTW]*\)[ ][ ]*\([_A-Za-z][_A-Za-z0-9]*\)$/\1 \2 \2/p' | sed '/ __gnu_lto/d' \> conftest.nm
configure:6680: $? = 0
configure:6746: gcc -o conftest -g -O2   conftest.c conftstm.o >&5
configure:6749: $? = 0
configure:6787: result: ok
configure:6824: checking for sysroot
configure:6854: result: no
configure:6931: gcc -c -g -O2  conftest.c >&5
configure:6934: $? = 0
configure:7123: checking for mt
configure:7139: found /bin/mt
configure:7150: result: mt
configure:7173: checking if mt is a manifest tool
configure:7179: mt '-?'
configure:7187: result: no
configure:7826: checking for dlfcn.h
configure:7826: gcc -c -g -O2  conftest.c >&5
configure:7826: $? = 0
configure:7826: result: yes
configure:8032: checking for objdir
configure:8047: result: .libs
configure:8318: checking if gcc supports -fno-rtti -fno-exceptions
configure:8336: gcc -c -g -O2  -fno-rtti -fno-exceptions conftest.c >&5
cc1: warning: command line option '-fno-rtti' is valid for C++/ObjC++ but not for C [enabled by default]
configure:8340: $? = 0
configure:8353: result: no
configure:8680: checking for gcc option to produce PIC
configure:8687: result: -fPIC -DPIC
configure:8695: checking if gcc PIC flag -fPIC -DPIC works
configure:8713: gcc -c -g -O2  -fPIC -DPIC -DPIC conftest.c >&5
configure:8717: $? = 0
configure:8730: result: yes
configure:8759: checking if gcc static flag -static works
configure:8787: result: yes
configure:8802: checking if gcc supports -c -o file.o
configure:8823: gcc -c -g -O2  -o out/conftest2.o conftest.c >&5
configure:8827: $? = 0
configure:8849: result: yes
configure:8857: checking if gcc supports -c -o file.o
configure:8904: result: yes
configure:8937: checking whether the gcc linker (/usr/bin/ld -m elf_x86_64) supports shared libraries
configure:10094: result: yes
configure:10131: checking whether -lc should be explicitly linked in
configure:10139: gcc -c -g -O2  conftest.c >&5
configure:10142: $? = 0
configure:10157: gcc -shared  -fPIC -DPIC conftest.o  -v -Wl,-soname -Wl,conftest -o conftest 2\>\&1 \| /bin/grep  -lc  \>/dev/null 2\>\&1
configure:10160: $? = 0
configure:10174: result: no
configure:10334: checking dynamic linker characteristics
configure:10834: gcc -o conftest -g -O2   -Wl,-rpath -Wl,/foo conftest.c  >&5
configure:10834: $? = 0
configure:11068: result: GNU/Linux ld.so
configure:11175: checking how to hardcode library paths into programs
configure:11200: result: immediate
configure:11740: checking whether stripping libraries is possible
configure:11745: result: yes
configure:11780: checking if libtool supports shared libraries
configure:11782: result: yes
configure:11785: checking whether to build shared libraries
configure:11806: result: yes
configure:11809: checking whether to build static libraries
configure:11813: result: yes
configure:11851: checking whether ln -s works
configure:11855: result: yes
configure:11869: checking for ANSI C header files
configure:11973: result: yes
configure:11984: checking fcntl.h usability
configure:11984: gcc -c -std=c99   conftest.c >&5
configure:11984: $? = 0
configure:11984: result: yes
configure:11984: checking fcntl.h presence
configure:11984: gcc -E  conftest.c
configure:11984: $? = 0
configure:11984: result: yes
configure:11984: checking for fcntl.h
configure:11984: result: yes
configure:11984: checking limits.h usability
configure:11984: gcc -c -std=c99   conftest.c >&5
configure:11984: $? = 0
configure:11984: result: yes
configure:11984: checking limits.h presence
configure:11984: gcc -E  conftest.c
configure:11984: $? = 0
configure:11984: result: yes
configure:11984: checking for limits.h
configure:11984: result: yes
configure:11984: checking malloc.h usability
configure:11984: gcc -c -std=c99   conftest.c >&5
configure:11984: $? = 0
configure:11984: result: yes
configure:11984: checking malloc.h presence
configure:11984: gcc -E  conftest.c
configure:11984: $? = 0
configure:11984: result: yes
configure:11984: checking for malloc.h
configure:11984: result: yes
configure:11984: checking for strings.h
configure:11984: result: yes
configure:11984: checking for unistd.h
configure:11984: result: yes
configure:11984: checking for stdint.h
configure:11984: result: yes
configure:11996: checking for an ANSI C-conforming const
configure:12062: gcc -c -std=c99   conftest.c >&5
configure:12062: $? = 0
configure:12069: result: yes
configure:12081: checking size of 
configure:12086: gcc -o conftest -std=c99    conftest.c  >&5
conftest.c: In function 'longval':
conftest.c:68:57: error: expected expression before ')' token
conftest.c: In function 'ulongval':
conftest.c:69:67: error: expected expression before ')' token
conftest.c: In function 'main':
conftest.c:79:28: error: expected expression before ')' token
conftest.c:82:37: error: expected expression before ')' token
conftest.c:89:37: error: expected expression before ')' token
configure:12086: $? = 1
configure: program exited with status 1
configure: failed program was:
| /* confdefs.h */
| #define PACKAGE_NAME ""
| #define PACKAGE_TARNAME ""
| #define PACKAGE_VERSION ""
| #define PACKAGE_STRING ""
| #define PACKAGE_BUGREPORT ""
| #define PACKAGE_URL ""
| #define STDC_HEADERS 1
| #define HAVE_SYS_TYPES_H 1
| #define HAVE_SYS_STAT_H 1
| #define HAVE_STDLIB_H 1
| #define HAVE_STRING_H 1
| #define HAVE_MEMORY_H 1
| #define HAVE_STRINGS_H 1
| #define HAVE_INTTYPES_H 1
| #define HAVE_STDINT_H 1
| #define HAVE_UNISTD_H 1
| #define __EXTENSIONS__ 1
| #define _ALL_SOURCE 1
| #define _GNU_SOURCE 1
| #define _POSIX_PTHREAD_SEMANTICS 1
| #define _TANDEM_SOURCE 1
| #define PACKAGE "crfsuite"
| #define VERSION "0.12"
| #define HAVE_DLFCN_H 1
| #define LT_OBJDIR ".libs/"
| #define STDC_HEADERS 1
| #define HAVE_FCNTL_H 1
| #define HAVE_LIMITS_H 1
| #define HAVE_MALLOC_H 1
| #define HAVE_STRINGS_H 1
| #define HAVE_UNISTD_H 1
| #define HAVE_STDINT_H 1
| /* end confdefs.h.  */
| #include <stdio.h>
| #ifdef HAVE_SYS_TYPES_H
| # include <sys/types.h>
| #endif
| #ifdef HAVE_SYS_STAT_H
| # include <sys/stat.h>
| #endif
| #ifdef STDC_HEADERS
| # include <stdlib.h>
| # include <stddef.h>
| #else
| # ifdef HAVE_STDLIB_H
| #  include <stdlib.h>
| # endif
| #endif
| #ifdef HAVE_STRING_H
| # if !defined STDC_HEADERS && defined HAVE_MEMORY_H
| #  include <memory.h>
| # endif
| # include <string.h>
| #endif
| #ifdef HAVE_STRINGS_H
| # include <strings.h>
| #endif
| #ifdef HAVE_INTTYPES_H
| # include <inttypes.h>
| #endif
| #ifdef HAVE_STDINT_H
| # include <stdint.h>
| #endif
| #ifdef HAVE_UNISTD_H
| # include <unistd.h>
| #endif
| static long int longval () { return (long int) (sizeof ()); }
| static unsigned long int ulongval () { return (long int) (sizeof ()); }
| #include <stdio.h>
| #include <stdlib.h>
| int
| main ()
| {
| 
|   FILE *f = fopen ("conftest.val", "w");
|   if (! f)
|     return 1;
|   if (((long int) (sizeof ())) < 0)
|     {
|       long int i = longval ();
|       if (i != ((long int) (sizeof ())))
| 	return 1;
|       fprintf (f, "%ld", i);
|     }
|   else
|     {
|       unsigned long int i = ulongval ();
|       if (i != ((long int) (sizeof ())))
| 	return 1;
|       fprintf (f, "%lu", i);
|     }
|   /* Do not output a trailing newline, as this causes \r\n confusion
|      on some platforms.  */
|   return ferror (f) || fclose (f) != 0;
| 
|   ;
|   return 0;
| }
configure:12100: result: 0
configure:12110: checking for size_t
configure:12110: gcc -c -std=c99   conftest.c >&5
configure:12110: $? = 0
configure:12110: gcc -c -std=c99   conftest.c >&5
conftest.c: In function 'main':
conftest.c:72:21: error: expected expression before ')' token
configure:12110: $? = 1
configure: failed program was:
| /* confdefs.h */
| #define PACKAGE_NAME ""
| #define PACKAGE_TARNAME ""
| #define PACKAGE_VERSION ""
| #define PACKAGE_STRING ""
| #define PACKAGE_BUGREPORT ""
| #define PACKAGE_URL ""
| #define STDC_HEADERS 1
| #define HAVE_SYS_TYPES_H 1
| #define HAVE_SYS_STAT_H 1
| #define HAVE_STDLIB_H 1
| #define HAVE_STRING_H 1
| #define HAVE_MEMORY_H 1
| #define HAVE_STRINGS_H 1
| #define HAVE_INTTYPES_H 1
| #define HAVE_STDINT_H 1
| #define HAVE_UNISTD_H 1
| #define __EXTENSIONS__ 1
| #define _ALL_SOURCE 1
| #define _GNU_SOURCE 1
| #define _POSIX_PTHREAD_SEMANTICS 1
| #define _TANDEM_SOURCE 1
| #define PACKAGE "crfsuite"
| #define VERSION "0.12"
| #define HAVE_DLFCN_H 1
| #define LT_OBJDIR ".libs/"
| #define STDC_HEADERS 1
| #define HAVE_FCNTL_H 1
| #define HAVE_LIMITS_H 1
| #define HAVE_MALLOC_H 1
| #define HAVE_STRINGS_H 1
| #define HAVE_UNISTD_H 1
| #define HAVE_STDINT_H 1
| #define SIZEOF_ 0
| /* end confdefs.h.  */
| #include <stdio.h>
| #ifdef HAVE_SYS_TYPES_H
| # include <sys/types.h>
| #endif
| #ifdef HAVE_SYS_STAT_H
| # include <sys/stat.h>
| #endif
| #ifdef STDC_HEADERS
| # include <stdlib.h>
| # include <stddef.h>
| #else
| # ifdef HAVE_STDLIB_H
| #  include <stdlib.h>
| # endif
| #endif
| #ifdef HAVE_STRING_H
| # if !defined STDC_HEADERS && defined HAVE_MEMORY_H
| #  include <memory.h>
| # endif
| # include <string.h>
| #endif
| #ifdef HAVE_STRINGS_H
| # include <strings.h>
| #endif
| #ifdef HAVE_INTTYPES_H
| # include <inttypes.h>
| #endif
| #ifdef HAVE_STDINT_H
| # include <stdint.h>
| #endif
| #ifdef HAVE_UNISTD_H
| # include <unistd.h>
| #endif
| int
| main ()
| {
| if (sizeof ((size_t)))
| 	    return 0;
|   ;
|   return 0;
| }
configure:12110: result: yes
configure:12121: checking whether struct tm is in sys/time.h or time.h
configure:12141: gcc -c -std=c99   conftest.c >&5
configure:12141: $? = 0
configure:12148: result: time.h
configure:12160: checking size of short
configure:12165: gcc -o conftest -std=c99    conftest.c  >&5
configure:12165: $? = 0
configure:12165: ./conftest
configure:12165: $? = 0
configure:12179: result: 2
configure:12193: checking size of unsigned short
configure:12198: gcc -o conftest -std=c99    conftest.c  >&5
configure:12198: $? = 0
configure:12198: ./conftest
configure:12198: $? = 0
configure:12212: result: 2
configure:12226: checking size of int
configure:12231: gcc -o conftest -std=c99    conftest.c  >&5
configure:12231: $? = 0
configure:12231: ./conftest
configure:12231: $? = 0
configure:12245: result: 4
configure:12259: checking size of unsigned int
configure:12264: gcc -o conftest -std=c99    conftest.c  >&5
configure:12264: $? = 0
configure:12264: ./conftest
configure:12264: $? = 0
configure:12278: result: 4
configure:12292: checking size of long
configure:12297: gcc -o conftest -std=c99    conftest.c  >&5
configure:12297: $? = 0
configure:12297: ./conftest
configure:12297: $? = 0
configure:12311: result: 8
configure:12325: checking size of unsigned long
configure:12330: gcc -o conftest -std=c99    conftest.c  >&5
configure:12330: $? = 0
configure:12330: ./conftest
configure:12330: $? = 0
configure:12344: result: 8
configure:12355: checking for uint8_t
configure:12355: gcc -c -std=c99   conftest.c >&5
configure:12355: $? = 0
configure:12355: gcc -c -std=c99   conftest.c >&5
conftest.c: In function 'main':
conftest.c:78:22: error: expected expression before ')' token
configure:12355: $? = 1
configure: failed program was:
| /* confdefs.h */
| #define PACKAGE_NAME ""
| #define PACKAGE_TARNAME ""
| #define PACKAGE_VERSION ""
| #define PACKAGE_STRING ""
| #define PACKAGE_BUGREPORT ""
| #define PACKAGE_URL ""
| #define STDC_HEADERS 1
| #define HAVE_SYS_TYPES_H 1
| #define HAVE_SYS_STAT_H 1
| #define HAVE_STDLIB_H 1
| #define HAVE_STRING_H 1
| #define HAVE_MEMORY_H 1
| #define HAVE_STRINGS_H 1
| #define HAVE_INTTYPES_H 1
| #define HAVE_STDINT_H 1
| #define HAVE_UNISTD_H 1
| #define __EXTENSIONS__ 1
| #define _ALL_SOURCE 1
| #define _GNU_SOURCE 1
| #define _POSIX_PTHREAD_SEMANTICS 1
| #define _TANDEM_SOURCE 1
| #define PACKAGE "crfsuite"
| #define VERSION "0.12"
| #define HAVE_DLFCN_H 1
| #define LT_OBJDIR ".libs/"
| #define STDC_HEADERS 1
| #define HAVE_FCNTL_H 1
| #define HAVE_LIMITS_H 1
| #define HAVE_MALLOC_H 1
| #define HAVE_STRINGS_H 1
| #define HAVE_UNISTD_H 1
| #define HAVE_STDINT_H 1
| #define SIZEOF_ 0
| #define SIZEOF_SHORT 2
| #define SIZEOF_UNSIGNED_SHORT 2
| #define SIZEOF_INT 4
| #define SIZEOF_UNSIGNED_INT 4
| #define SIZEOF_LONG 8
| #define SIZEOF_UNSIGNED_LONG 8
| /* end confdefs.h.  */
| #include <stdio.h>
| #ifdef HAVE_SYS_TYPES_H
| # include <sys/types.h>
| #endif
| #ifdef HAVE_SYS_STAT_H
| # include <sys/stat.h>
| #endif
| #ifdef STDC_HEADERS
| # include <stdlib.h>
| # include <stddef.h>
| #else
| # ifdef HAVE_STDLIB_H
| #  include <stdlib.h>
| # endif
| #endif
| #ifdef HAVE_STRING_H
| # if !defined STDC_HEADERS && defined HAVE_MEMORY_H
| #  include <memory.h>
| # endif
| # include <string.h>
| #endif
| #ifdef HAVE_STRINGS_H
| # include <strings.h>
| #endif
| #ifdef HAVE_INTTYPES_H
| # include <inttypes.h>
| #endif
| #ifdef HAVE_STDINT_H
| # include <stdint.h>
| #endif
| #ifdef HAVE_UNISTD_H
| # include <unistd.h>
| #endif
| int
| main ()
| {
| if (sizeof ((uint8_t)))
| 	    return 0;
|   ;
|   return 0;
| }
configure:12355: result: yes
configure:12364: checking for uint16_t
configure:12364: gcc -c -std=c99   conftest.c >&5
configure:12364: $? = 0
configure:12364: gcc -c -std=c99   conftest.c >&5
conftest.c: In function 'main':
conftest.c:79:23: error: expected expression before ')' token
configure:12364: $? = 1
configure: failed program was:
| /* confdefs.h */
| #define PACKAGE_NAME ""
| #define PACKAGE_TARNAME ""
| #define PACKAGE_VERSION ""
| #define PACKAGE_STRING ""
| #define PACKAGE_BUGREPORT ""
| #define PACKAGE_URL ""
| #define STDC_HEADERS 1
| #define HAVE_SYS_TYPES_H 1
| #define HAVE_SYS_STAT_H 1
| #define HAVE_STDLIB_H 1
| #define HAVE_STRING_H 1
| #define HAVE_MEMORY_H 1
| #define HAVE_STRINGS_H 1
| #define HAVE_INTTYPES_H 1
| #define HAVE_STDINT_H 1
| #define HAVE_UNISTD_H 1
| #define __EXTENSIONS__ 1
| #define _ALL_SOURCE 1
| #define _GNU_SOURCE 1
| #define _POSIX_PTHREAD_SEMANTICS 1
| #define _TANDEM_SOURCE 1
| #define PACKAGE "crfsuite"
| #define VERSION "0.12"
| #define HAVE_DLFCN_H 1
| #define LT_OBJDIR ".libs/"
| #define STDC_HEADERS 1
| #define HAVE_FCNTL_H 1
| #define HAVE_LIMITS_H 1
| #define HAVE_MALLOC_H 1
| #define HAVE_STRINGS_H 1
| #define HAVE_UNISTD_H 1
| #define HAVE_STDINT_H 1
| #define SIZEOF_ 0
| #define SIZEOF_SHORT 2
| #define SIZEOF_UNSIGNED_SHORT 2
| #define SIZEOF_INT 4
| #define SIZEOF_UNSIGNED_INT 4
| #define SIZEOF_LONG 8
| #define SIZEOF_UNSIGNED_LONG 8
| #define HAVE_UINT8_T 1
| /* end confdefs.h.  */
| #include <stdio.h>
| #ifdef HAVE_SYS_TYPES_H
| # include <sys/types.h>
| #endif
| #ifdef HAVE_SYS_STAT_H
| # include <sys/stat.h>
| #endif
| #ifdef STDC_HEADERS
| # include <stdlib.h>
| # include <stddef.h>
| #else
| # ifdef HAVE_STDLIB_H
| #  include <stdlib.h>
| # endif
| #endif
| #ifdef HAVE_STRING_H
| # if !defined STDC_HEADERS && defined HAVE_MEMORY_H
| #  include <memory.h>
| # endif
| # include <string.h>
| #endif
| #ifdef HAVE_STRINGS_H
| # include <strings.h>
| #endif
| #ifdef HAVE_INTTYPES_H
| # include <inttypes.h>
| #endif
| #ifdef HAVE_STDINT_H
| # include <stdint.h>
| #endif
| #ifdef HAVE_UNISTD_H
| # include <unistd.h>
| #endif
| int
| main ()
| {
| if (sizeof ((uint16_t)))
| 	    return 0;
|   ;
|   return 0;
| }
configure:12364: result: yes
configure:12373: checking for uint32_t
configure:12373: gcc -c -std=c99   conftest.c >&5
configure:12373: $? = 0
configure:12373: gcc -c -std=c99   conftest.c >&5
conftest.c: In function 'main':
conftest.c:80:23: error: expected expression before ')' token
configure:12373: $? = 1
configure: failed program was:
| /* confdefs.h */
| #define PACKAGE_NAME ""
| #define PACKAGE_TARNAME ""
| #define PACKAGE_VERSION ""
| #define PACKAGE_STRING ""
| #define PACKAGE_BUGREPORT ""
| #define PACKAGE_URL ""
| #define STDC_HEADERS 1
| #define HAVE_SYS_TYPES_H 1
| #define HAVE_SYS_STAT_H 1
| #define HAVE_STDLIB_H 1
| #define HAVE_STRING_H 1
| #define HAVE_MEMORY_H 1
| #define HAVE_STRINGS_H 1
| #define HAVE_INTTYPES_H 1
| #define HAVE_STDINT_H 1
| #define HAVE_UNISTD_H 1
| #define __EXTENSIONS__ 1
| #define _ALL_SOURCE 1
| #define _GNU_SOURCE 1
| #define _POSIX_PTHREAD_SEMANTICS 1
| #define _TANDEM_SOURCE 1
| #define PACKAGE "crfsuite"
| #define VERSION "0.12"
| #define HAVE_DLFCN_H 1
| #define LT_OBJDIR ".libs/"
| #define STDC_HEADERS 1
| #define HAVE_FCNTL_H 1
| #define HAVE_LIMITS_H 1
| #define HAVE_MALLOC_H 1
| #define HAVE_STRINGS_H 1
| #define HAVE_UNISTD_H 1
| #define HAVE_STDINT_H 1
| #define SIZEOF_ 0
| #define SIZEOF_SHORT 2
| #define SIZEOF_UNSIGNED_SHORT 2
| #define SIZEOF_INT 4
| #define SIZEOF_UNSIGNED_INT 4
| #define SIZEOF_LONG 8
| #define SIZEOF_UNSIGNED_LONG 8
| #define HAVE_UINT8_T 1
| #define HAVE_UINT16_T 1
| /* end confdefs.h.  */
| #include <stdio.h>
| #ifdef HAVE_SYS_TYPES_H
| # include <sys/types.h>
| #endif
| #ifdef HAVE_SYS_STAT_H
| # include <sys/stat.h>
| #endif
| #ifdef STDC_HEADERS
| # include <stdlib.h>
| # include <stddef.h>
| #else
| # ifdef HAVE_STDLIB_H
| #  include <stdlib.h>
| # endif
| #endif
| #ifdef HAVE_STRING_H
| # if !defined STDC_HEADERS && defined HAVE_MEMORY_H
| #  include <memory.h>
| # endif
| # include <string.h>
| #endif
| #ifdef HAVE_STRINGS_H
| # include <strings.h>
| #endif
| #ifdef HAVE_INTTYPES_H
| # include <inttypes.h>
| #endif
| #ifdef HAVE_STDINT_H
| # include <stdint.h>
| #endif
| #ifdef HAVE_UNISTD_H
| # include <unistd.h>
| #endif
| int
| main ()
| {
| if (sizeof ((uint32_t)))
| 	    return 0;
|   ;
|   return 0;
| }
configure:12373: result: yes
configure:12422: checking for working alloca.h
configure:12439: gcc -o conftest -mfpmath=sse -msse2 -DUSE_SSE -O3 -fomit-frame-pointer -ffast-math -Winline -std=c99    conftest.c  >&5
configure:12439: $? = 0
configure:12447: result: yes
configure:12455: checking for alloca
configure:12492: gcc -o conftest -mfpmath=sse -msse2 -DUSE_SSE -O3 -fomit-frame-pointer -ffast-math -Winline -std=c99    conftest.c  >&5
configure:12492: $? = 0
configure:12500: result: yes
configure:12606: checking for working memcmp
configure:12649: gcc -o conftest -mfpmath=sse -msse2 -DUSE_SSE -O3 -fomit-frame-pointer -ffast-math -Winline -std=c99    conftest.c  >&5
configure:12649: $? = 0
configure:12649: ./conftest
configure:12649: $? = 0
configure:12659: result: yes
configure:12670: checking for vprintf
configure:12670: gcc -o conftest -mfpmath=sse -msse2 -DUSE_SSE -O3 -fomit-frame-pointer -ffast-math -Winline -std=c99    conftest.c  >&5
conftest.c:70:6: warning: conflicting types for built-in function 'vprintf' [enabled by default]
configure:12670: $? = 0
configure:12670: result: yes
configure:12676: checking for _doprnt
configure:12676: gcc -o conftest -mfpmath=sse -msse2 -DUSE_SSE -O3 -fomit-frame-pointer -ffast-math -Winline -std=c99    conftest.c  >&5
/tmp/ccz21xoI.o: In function `main':
conftest.c:(.text.startup+0x7): undefined reference to `_doprnt'
collect2: ld returned 1 exit status
configure:12676: $? = 1
configure: failed program was:
| /* confdefs.h */
| #define PACKAGE_NAME ""
| #define PACKAGE_TARNAME ""
| #define PACKAGE_VERSION ""
| #define PACKAGE_STRING ""
| #define PACKAGE_BUGREPORT ""
| #define PACKAGE_URL ""
| #define STDC_HEADERS 1
| #define HAVE_SYS_TYPES_H 1
| #define HAVE_SYS_STAT_H 1
| #define HAVE_STDLIB_H 1
| #define HAVE_STRING_H 1
| #define HAVE_MEMORY_H 1
| #define HAVE_STRINGS_H 1
| #define HAVE_INTTYPES_H 1
| #define HAVE_STDINT_H 1
| #define HAVE_UNISTD_H 1
| #define __EXTENSIONS__ 1
| #define _ALL_SOURCE 1
| #define _GNU_SOURCE 1
| #define _POSIX_PTHREAD_SEMANTICS 1
| #define _TANDEM_SOURCE 1
| #define PACKAGE "crfsuite"
| #define VERSION "0.12"
| #define HAVE_DLFCN_H 1
| #define LT_OBJDIR ".libs/"
| #define STDC_HEADERS 1
| #define HAVE_FCNTL_H 1
| #define HAVE_LIMITS_H 1
| #define HAVE_MALLOC_H 1
| #define HAVE_STRINGS_H 1
| #define HAVE_UNISTD_H 1
| #define HAVE_STDINT_H 1
| #define SIZEOF_ 0
| #define SIZEOF_SHORT 2
| #define SIZEOF_UNSIGNED_SHORT 2
| #define SIZEOF_INT 4
| #define SIZEOF_UNSIGNED_INT 4
| #define SIZEOF_LONG 8
| #define SIZEOF_UNSIGNED_LONG 8
| #define HAVE_UINT8_T 1
| #define HAVE_UINT16_T 1
| #define HAVE_UINT32_T 1
| #define HAVE_ALLOCA_H 1
| #define HAVE_ALLOCA 1
| #define HAVE_VPRINTF 1
| /* end confdefs.h.  */
| /* Define _doprnt to an innocuous variant, in case <limits.h> declares _doprnt.
|    For example, HP-UX 11i <limits.h> declares gettimeofday.  */
| #define _doprnt innocuous__doprnt
| 
| /* System header to define __stub macros and hopefully few prototypes,
|     which can conflict with char _doprnt (); below.
|     Prefer <limits.h> to <assert.h> if __STDC__ is defined, since
|     <limits.h> exists even on freestanding compilers.  */
| 
| #ifdef __STDC__
| # include <limits.h>
| #else
| # include <assert.h>
| #endif
| 
| #undef _doprnt
| 
| /* Override any GCC internal prototype to avoid an error.
|    Use char because int might match the return type of a GCC
|    builtin and then its argument prototype would still apply.  */
| #ifdef __cplusplus
| extern "C"
| #endif
| char _doprnt ();
| /* The GNU C library defines this for functions which it implements
|     to always fail with ENOSYS.  Some functions are actually named
|     something starting with __ and the normal name is an alias.  */
| #if defined __stub__doprnt || defined __stub____doprnt
| choke me
| #endif
| 
| int
| main ()
| {
| return _doprnt ();
|   ;
|   return 0;
| }
configure:12676: result: no
configure:12690: checking for strdup
configure:12690: gcc -o conftest -mfpmath=sse -msse2 -DUSE_SSE -O3 -fomit-frame-pointer -ffast-math -Winline -std=c99    conftest.c  >&5
configure:12690: $? = 0
configure:12690: result: yes
configure:12690: checking for strerror
configure:12690: gcc -o conftest -mfpmath=sse -msse2 -DUSE_SSE -O3 -fomit-frame-pointer -ffast-math -Winline -std=c99    conftest.c  >&5
configure:12690: $? = 0
configure:12690: result: yes
configure:12690: checking for strtol
configure:12690: gcc -o conftest -mfpmath=sse -msse2 -DUSE_SSE -O3 -fomit-frame-pointer -ffast-math -Winline -std=c99    conftest.c  >&5
configure:12690: $? = 0
configure:12690: result: yes
configure:12690: checking for strtoul
configure:12690: gcc -o conftest -mfpmath=sse -msse2 -DUSE_SSE -O3 -fomit-frame-pointer -ffast-math -Winline -std=c99    conftest.c  >&5
configure:12690: $? = 0
configure:12690: result: yes
configure:12700: checking for rand in -lm
configure:12725: gcc -o conftest -mfpmath=sse -msse2 -DUSE_SSE -O3 -fomit-frame-pointer -ffast-math -Winline -std=c99    conftest.c -lm   >&5
configure:12725: $? = 0
configure:12734: result: yes
configure:12753: checking for lbfgs in -llbfgs
configure:12778: gcc -o conftest -mfpmath=sse -msse2 -DUSE_SSE -O3 -fomit-frame-pointer -ffast-math -Winline -std=c99    conftest.c -llbfgs  -lm  >&5
configure:12778: $? = 0
configure:12787: result: yes
configure:12916: checking that generated files are newer than configure
configure:12922: result: done
configure:12949: creating ./config.status

## ---------------- ##
## Cache variables. ##
## ---------------- ##

ac_cv_build=x86_64-unknown-linux-gnu
ac_cv_c_compiler_gnu=yes
ac_cv_c_const=yes
ac_cv_env_CC_set=
ac_cv_env_CC_value=
ac_cv_env_CFLAGS_set=
ac_cv_env_CFLAGS_value=
ac_cv_env_CPPFLAGS_set=
ac_cv_env_CPPFLAGS_value=
ac_cv_env_CPP_set=
ac_cv_env_CPP_value=
ac_cv_env_LDFLAGS_set=
ac_cv_env_LDFLAGS_value=
ac_cv_env_LIBS_set=
ac_cv_env_LIBS_value=
ac_cv_env_build_alias_set=
ac_cv_env_build_alias_value=
ac_cv_env_host_alias_set=
ac_cv_env_host_alias_value=
ac_cv_env_target_alias_set=
ac_cv_env_target_alias_value=
ac_cv_func__doprnt=no
ac_cv_func_alloca_works=yes
ac_cv_func_memcmp_working=yes
ac_cv_func_strdup=yes
ac_cv_func_strerror=yes
ac_cv_func_strtol=yes
ac_cv_func_strtoul=yes
ac_cv_func_vprintf=yes
ac_cv_header_dlfcn_h=yes
ac_cv_header_fcntl_h=yes
ac_cv_header_inttypes_h=yes
ac_cv_header_limits_h=yes
ac_cv_header_malloc_h=yes
ac_cv_header_memory_h=yes
ac_cv_header_minix_config_h=no
ac_cv_header_stdc=yes
ac_cv_header_stdint_h=yes
ac_cv_header_stdlib_h=yes
ac_cv_header_string_h=yes
ac_cv_header_strings_h=yes
ac_cv_header_sys_stat_h=yes
ac_cv_header_sys_types_h=yes
ac_cv_header_unistd_h=yes
ac_cv_host=x86_64-unknown-linux-gnu
ac_cv_lib_lbfgs_lbfgs=yes
ac_cv_lib_m_rand=yes
ac_cv_objext=o
ac_cv_path_EGREP='/bin/grep -E'
ac_cv_path_FGREP='/bin/grep -F'
ac_cv_path_GREP=/bin/grep
ac_cv_path_SED=/bin/sed
ac_cv_path_install='/usr/bin/install -c'
ac_cv_path_mkdir=/bin/mkdir
ac_cv_prog_AWK=gawk
ac_cv_prog_CPP='gcc -E'
ac_cv_prog_ac_ct_AR=ar
ac_cv_prog_ac_ct_CC=gcc
ac_cv_prog_ac_ct_MANIFEST_TOOL=mt
ac_cv_prog_ac_ct_OBJDUMP=objdump
ac_cv_prog_ac_ct_RANLIB=ranlib
ac_cv_prog_ac_ct_STRIP=strip
ac_cv_prog_cc_c89=
ac_cv_prog_cc_g=yes
ac_cv_prog_make_make_set=yes
ac_cv_safe_to_define___extensions__=yes
ac_cv_search_strerror='none required'
ac_cv_sizeof_=0
ac_cv_sizeof_int=4
ac_cv_sizeof_long=8
ac_cv_sizeof_short=2
ac_cv_sizeof_unsigned_int=4
ac_cv_sizeof_unsigned_long=8
ac_cv_sizeof_unsigned_short=2
ac_cv_struct_tm=time.h
ac_cv_type_size_t=yes
ac_cv_type_uint16_t=yes
ac_cv_type_uint32_t=yes
ac_cv_type_uint8_t=yes
ac_cv_working_alloca_h=yes
am_cv_CC_dependencies_compiler_type=gcc3
am_cv_make_support_nested_variables=yes
am_cv_prog_cc_c_o=yes
lt_cv_ar_at_file=@
lt_cv_archive_cmds_need_lc=no
lt_cv_deplibs_check_method=pass_all
lt_cv_file_magic_cmd='$MAGIC_CMD'
lt_cv_file_magic_test_file=
lt_cv_ld_reload_flag=-r
lt_cv_nm_interface='BSD nm'
lt_cv_objdir=.libs
lt_cv_path_LD=/usr/bin/ld
lt_cv_path_NM='/usr/bin/nm -B'
lt_cv_path_mainfest_tool=no
lt_cv_prog_compiler_c_o=yes
lt_cv_prog_compiler_pic='-fPIC -DPIC'
lt_cv_prog_compiler_pic_works=yes
lt_cv_prog_compiler_rtti_exceptions=no
lt_cv_prog_compiler_static_works=yes
lt_cv_prog_gnu_ld=yes
lt_cv_sharedlib_from_linklib_cmd='printf %s\n'
lt_cv_shlibpath_overrides_runpath=no
lt_cv_sys_global_symbol_pipe='sed -n -e '\''s/^.*[	 ]\([ABCDGIRSTW][ABCDGIRSTW]*\)[	 ][	 ]*\([_A-Za-z][_A-Za-z0-9]*\)$/\1 \2 \2/p'\'' | sed '\''/ __gnu_lto/d'\'''
lt_cv_sys_global_symbol_to_c_name_address='sed -n -e '\''s/^: \([^ ]*\)[ ]*$/  {\"\1\", (void *) 0},/p'\'' -e '\''s/^[ABCDGIRSTW]* \([^ ]*\) \([^ ]*\)$/  {"\2", (void *) \&\2},/p'\'''
lt_cv_sys_global_symbol_to_c_name_address_lib_prefix='sed -n -e '\''s/^: \([^ ]*\)[ ]*$/  {\"\1\", (void *) 0},/p'\'' -e '\''s/^[ABCDGIRSTW]* \([^ ]*\) \(lib[^ ]*\)$/  {"\2", (void *) \&\2},/p'\'' -e '\''s/^[ABCDGIRSTW]* \([^ ]*\) \([^ ]*\)$/  {"lib\2", (void *) \&\2},/p'\'''
lt_cv_sys_global_symbol_to_cdecl='sed -n -e '\''s/^T .* \(.*\)$/extern int \1();/p'\'' -e '\''s/^[ABCDGIRSTW]* .* \(.*\)$/extern char \1;/p'\'''
lt_cv_sys_max_cmd_len=3458764513820540925
lt_cv_to_host_file_cmd=func_convert_file_noop
lt_cv_to_tool_file_cmd=func_convert_file_noop

## ----------------- ##
## Output variables. ##
## ----------------- ##

ACLOCAL='aclocal-1.14'
ALLOCA=''
AMDEPBACKSLASH='\'
AMDEP_FALSE='#'
AMDEP_TRUE=''
AMTAR='$${TAR-tar}'
AM_BACKSLASH='\'
AM_DEFAULT_V='$(AM_DEFAULT_VERBOSITY)'
AM_DEFAULT_VERBOSITY='1'
AM_V='$(V)'
AR='ar'
AUTOCONF='autoconf'
AUTOHEADER='autoheader'
AUTOMAKE='automake-1.14'
AWK='gawk'
CC='gcc'
CCDEPMODE='depmode=gcc3'
CFLAGS='-mfpmath=sse -msse2 -DUSE_SSE -O3 -fomit-frame-pointer -ffast-math -Winline -std=c99 '
CPP='gcc -E'
CPPFLAGS=''
CYGPATH_W='echo'
DEFS='-DHAVE_CONFIG_H'
DEPDIR='.deps'
DLLTOOL='false'
DSYMUTIL=''
DUMPBIN=''
ECHO_C=''
ECHO_N='-n'
ECHO_T=''
EGREP='/bin/grep -E'
EXEEXT=''
FGREP='/bin/grep -F'
GREP='/bin/grep'
INCLUDES='-I$(top_srcdir) -I$(top_srcdir)/include -I$(srcdir)'
INSTALL_DATA='${INSTALL} -m 644'
INSTALL_PROGRAM='${INSTALL}'
INSTALL_SCRIPT='${INSTALL}'
INSTALL_STRIP_PROGRAM='$(install_sh) -c -s'
LD='/usr/bin/ld -m elf_x86_64'
LDFLAGS=''
LIBOBJS=''
LIBS='-llbfgs -lm '
LIBTOOL='$(SHELL) $(top_builddir)/libtool'
LIPO=''
LN_S='ln -s'
LTLIBOBJS=''
MAINT='#'
MAINTAINER_MODE_FALSE=''
MAINTAINER_MODE_TRUE='#'
MAKEINFO='makeinfo'
MANIFEST_TOOL=':'
MKDIR_P='/bin/mkdir -p'
NM='/usr/bin/nm -B'
NMEDIT=''
OBJDUMP='objdump'
OBJEXT='o'
OTOOL64=''
OTOOL=''
PACKAGE='crfsuite'
PACKAGE_BUGREPORT=''
PACKAGE_NAME=''
PACKAGE_STRING=''
PACKAGE_TARNAME=''
PACKAGE_URL=''
PACKAGE_VERSION=''
PATH_SEPARATOR=':'
RANLIB='ranlib'
SED='/bin/sed'
SET_MAKE=''
SHELL='/bin/bash'
STRIP='strip'
VERSION='0.12'
ac_ct_AR='ar'
ac_ct_CC='gcc'
ac_ct_DUMPBIN=''
am__EXEEXT_FALSE=''
am__EXEEXT_TRUE='#'
am__fastdepCC_FALSE='#'
am__fastdepCC_TRUE=''
am__include='include'
am__isrc=''
am__leading_dot='.'
am__nodep='_no'
am__quote=''
am__tar='$${TAR-tar} chof - "$$tardir"'
am__untar='$${TAR-tar} xf -'
bindir='${exec_prefix}/bin'
build='x86_64-unknown-linux-gnu'
build_alias=''
build_cpu='x86_64'
build_os='linux-gnu'
build_vendor='unknown'
datadir='${datarootdir}'
datarootdir='${prefix}/share'
docdir='${datarootdir}/doc/${PACKAGE}'
dvidir='${docdir}'
exec_prefix='${prefix}'
host='x86_64-unknown-linux-gnu'
host_alias=''
host_cpu='x86_64'
host_os='linux-gnu'
host_vendor='unknown'
htmldir='${docdir}'
includedir='${prefix}/include'
infodir='${datarootdir}/info'
install_sh='${SHELL} /home/cheng/crf/kernels/crf/crfsuite-0.12/install-sh'
libdir='${exec_prefix}/lib'
libexecdir='${exec_prefix}/libexec'
localedir='${datarootdir}/locale'
localstatedir='${prefix}/var'
mandir='${datarootdir}/man'
mkdir_p='$(MKDIR_P)'
oldincludedir='/usr/include'
pdfdir='${docdir}'
prefix='/usr/local'
program_transform_name='s,x,x,'
psdir='${docdir}'
sbindir='${exec_prefix}/sbin'
sharedstatedir='${prefix}/com'
sysconfdir='${prefix}/etc'
target_alias=''

## ----------- ##
## confdefs.h. ##
## ----------- ##

/* confdefs.h */
#define PACKAGE_NAME ""
#define PACKAGE_TARNAME ""
#define PACKAGE_VERSION ""
#define PACKAGE_STRING ""
#define PACKAGE_BUGREPORT ""
#define PACKAGE_URL ""
#define STDC_HEADERS 1
#define HAVE_SYS_TYPES_H 1
#define HAVE_SYS_STAT_H 1
#define HAVE_STDLIB_H 1
#define HAVE_STRING_H 1
#define HAVE_MEMORY_H 1
#define HAVE_STRINGS_H 1
#define HAVE_INTTYPES_H 1
#define HAVE_STDINT_H 1
#define HAVE_UNISTD_H 1
#define __EXTENSIONS__ 1
#define _ALL_SOURCE 1
#define _GNU_SOURCE 1
#define _POSIX_PTHREAD_SEMANTICS 1
#define _TANDEM_SOURCE 1
#define PACKAGE "crfsuite"
#define VERSION "0.12"
#define HAVE_DLFCN_H 1
#define LT_OBJDIR ".libs/"
#define STDC_HEADERS 1
#define HAVE_FCNTL_H 1
#define HAVE_LIMITS_H 1
#define HAVE_MALLOC_H 1
#define HAVE_STRINGS_H 1
#define HAVE_UNISTD_H 1
#define HAVE_STDINT_H 1
#define SIZEOF_ 0
#define SIZEOF_SHORT 2
#define SIZEOF_UNSIGNED_SHORT 2
#define SIZEOF_INT 4
#define SIZEOF_UNSIGNED_INT 4
#define SIZEOF_LONG 8
#define SIZEOF_UNSIGNED_LONG 8
#define HAVE_UINT8_T 1
#define HAVE_UINT16_T 1
#define HAVE_UINT32_T 1
#define HAVE_ALLOCA_H 1
#define HAVE_ALLOCA 1
#define HAVE_VPRINTF 1
#define HAVE_STRDUP 1
#define HAVE_STRERROR 1
#define HAVE_STRTOL 1
#define HAVE_STRTOUL 1
#define HAVE_LIBM 1
#define HAVE_LIBLBFGS 1

configure: exit 0

## ---------------------- ##
## Running config.status. ##
## ---------------------- ##

This file was extended by config.status, which was
generated by GNU Autoconf 2.69.  Invocation command line was

  CONFIG_FILES    = 
  CONFIG_HEADERS  = 
  CONFIG_LINKS    = 
  CONFIG_COMMANDS = 
  $ ./config.status 

on pelican

config.status:: creating Makefile
config.status:: creating genbinary.sh
config.status:: creating include/Makefile
config.status:: creating lib/cqdb/Makefile
config.status:: creating lib/crf/Makefile
config.status:: creating frontend/Makefile
config.status:: creating swig/Makefile
config.status:: creating config.h
config.status:: config.h is unchanged
config.status:: executing depfiles commands
config.status:: executing libtool commands
