Association of South East Asian Nations
Bureau of Hygiene and Tropical Medicine
C B I
CBI
C E C
C E E
CEC
CEE
Church of England
Church of Scotland
DATA CAPTURE AGENCY
EC
EEC
EPSRC
EU
Electronics Research & Service Organization
Electronics Research and Service Organization
European Communities
European Community
European Union
Europol
General Agreement on Tariffs and Trade
Interpol
Japan Industrial Development Organization
Japan International Development Organization
NAPP
NATO
North Atlantic Treaty Organization
OPEC
Organization for Economic Cooperation and Development
Organization of Petroleum Exporting Countries
State Law and Order Restoration Council 
Trade Union Congress
U.N.
UK Atomic Energy Authority
UNESCO
United Nations
WHO
World Health Organisation
World Health Organization

