This file contains any messages produced by compilers while
running configure, to aid debugging if configure makes a mistake.

It was created by configure, which was
generated by GNU Autoconf 2.68.  Invocation command line was

  $ ./configure 

## --------- ##
## Platform. ##
## --------- ##

hostname = albatross
uname -m = x86_64
uname -r = 3.13.0-24-generic
uname -s = Linux
uname -v = #47-Ubuntu SMP Fri May 2 23:30:00 UTC 2014

/usr/bin/uname -p = unknown
/bin/uname -X     = unknown

/bin/arch              = unknown
/usr/bin/arch -k       = unknown
/usr/convex/getsysinfo = unknown
/usr/bin/hostinfo      = unknown
/bin/machine           = unknown
/usr/bin/oslevel       = unknown
/bin/universe          = unknown

PATH: /usr/local/sbin
PATH: /usr/local/bin
PATH: /usr/sbin
PATH: /usr/bin
PATH: /sbin
PATH: /bin
PATH: /usr/games
PATH: /usr/local/games
PATH: /home/jahausw/opencv/opencv-2.4.6.1/build
PATH: .
PATH: .
PATH: /home/opencv-android
PATH: /home/jahausw/opencv/opencv-2.4.6.1/build
PATH: .
PATH: .
PATH: /home/opencv-android


## ----------- ##
## Core tests. ##
## ----------- ##

configure:2549: checking for a BSD-compatible install
configure:2617: result: /usr/bin/install -c
configure:2628: checking whether build environment is sane
configure:2678: result: yes
configure:2819: checking for a thread-safe mkdir -p
configure:2858: result: /bin/mkdir -p
configure:2871: checking for gawk
configure:2887: found /usr/bin/gawk
configure:2898: result: gawk
configure:2909: checking whether make sets $(MAKE)
configure:2931: result: yes
configure:3060: checking for gcc
configure:3076: found /usr/bin/gcc
configure:3087: result: gcc
configure:3316: checking for C compiler version
configure:3325: gcc --version >&5
gcc (Ubuntu 4.8.2-19ubuntu1) 4.8.2
Copyright (C) 2013 Free Software Foundation, Inc.
This is free software; see the source for copying conditions.  There is NO
warranty; not even for MERCHANTABILITY or FITNESS FOR A PARTICULAR PURPOSE.

configure:3336: $? = 0
configure:3325: gcc -v >&5
Using built-in specs.
COLLECT_GCC=gcc
COLLECT_LTO_WRAPPER=/usr/lib/gcc/x86_64-linux-gnu/4.8/lto-wrapper
Target: x86_64-linux-gnu
Configured with: ../src/configure -v --with-pkgversion='Ubuntu 4.8.2-19ubuntu1' --with-bugurl=file:///usr/share/doc/gcc-4.8/README.Bugs --enable-languages=c,c++,java,go,d,fortran,objc,obj-c++ --prefix=/usr --program-suffix=-4.8 --enable-shared --enable-linker-build-id --libexecdir=/usr/lib --without-included-gettext --enable-threads=posix --with-gxx-include-dir=/usr/include/c++/4.8 --libdir=/usr/lib --enable-nls --with-sysroot=/ --enable-clocale=gnu --enable-libstdcxx-debug --enable-libstdcxx-time=yes --enable-gnu-unique-object --disable-libmudflap --enable-plugin --with-system-zlib --disable-browser-plugin --enable-java-awt=gtk --enable-gtk-cairo --with-java-home=/usr/lib/jvm/java-1.5.0-gcj-4.8-amd64/jre --enable-java-home --with-jvm-root-dir=/usr/lib/jvm/java-1.5.0-gcj-4.8-amd64 --with-jvm-jar-dir=/usr/lib/jvm-exports/java-1.5.0-gcj-4.8-amd64 --with-arch-directory=amd64 --with-ecj-jar=/usr/share/java/eclipse-ecj.jar --enable-objc-gc --enable-multiarch --disable-werror --with-arch-32=i686 --with-abi=m64 --with-multilib-list=m32,m64,mx32 --with-tune=generic --enable-checking=release --build=x86_64-linux-gnu --host=x86_64-linux-gnu --target=x86_64-linux-gnu
Thread model: posix
gcc version 4.8.2 (Ubuntu 4.8.2-19ubuntu1) 
configure:3336: $? = 0
configure:3325: gcc -V >&5
gcc: error: unrecognized command line option '-V'
gcc: fatal error: no input files
compilation terminated.
configure:3336: $? = 4
configure:3325: gcc -qversion >&5
gcc: error: unrecognized command line option '-qversion'
gcc: fatal error: no input files
compilation terminated.
configure:3336: $? = 4
configure:3356: checking whether the C compiler works
configure:3378: gcc    conftest.c  >&5
configure:3382: $? = 0
configure:3430: result: yes
configure:3433: checking for C compiler default output file name
configure:3435: result: a.out
configure:3441: checking for suffix of executables
configure:3448: gcc -o conftest    conftest.c  >&5
configure:3452: $? = 0
configure:3474: result: 
configure:3496: checking whether we are cross compiling
configure:3504: gcc -o conftest    conftest.c  >&5
configure:3508: $? = 0
configure:3515: ./conftest
configure:3519: $? = 0
configure:3534: result: no
configure:3539: checking for suffix of object files
configure:3561: gcc -c   conftest.c >&5
configure:3565: $? = 0
configure:3586: result: o
configure:3590: checking whether we are using the GNU C compiler
configure:3609: gcc -c   conftest.c >&5
configure:3609: $? = 0
configure:3618: result: yes
configure:3627: checking whether gcc accepts -g
configure:3647: gcc -c -g  conftest.c >&5
configure:3647: $? = 0
configure:3688: result: yes
configure:3705: checking for gcc option to accept ISO C89
configure:3769: gcc  -c -g -O2  conftest.c >&5
configure:3769: $? = 0
configure:3782: result: none needed
configure:3813: checking for style of include used by make
configure:3841: result: GNU
configure:3867: checking dependency style of gcc
configure:3978: result: gcc3
configure:4051: checking for g++
configure:4067: found /usr/bin/g++
configure:4078: result: g++
configure:4105: checking for C++ compiler version
configure:4114: g++ --version >&5
g++ (Ubuntu 4.8.2-19ubuntu1) 4.8.2
Copyright (C) 2013 Free Software Foundation, Inc.
This is free software; see the source for copying conditions.  There is NO
warranty; not even for MERCHANTABILITY or FITNESS FOR A PARTICULAR PURPOSE.

configure:4125: $? = 0
configure:4114: g++ -v >&5
Using built-in specs.
COLLECT_GCC=g++
COLLECT_LTO_WRAPPER=/usr/lib/gcc/x86_64-linux-gnu/4.8/lto-wrapper
Target: x86_64-linux-gnu
Configured with: ../src/configure -v --with-pkgversion='Ubuntu 4.8.2-19ubuntu1' --with-bugurl=file:///usr/share/doc/gcc-4.8/README.Bugs --enable-languages=c,c++,java,go,d,fortran,objc,obj-c++ --prefix=/usr --program-suffix=-4.8 --enable-shared --enable-linker-build-id --libexecdir=/usr/lib --without-included-gettext --enable-threads=posix --with-gxx-include-dir=/usr/include/c++/4.8 --libdir=/usr/lib --enable-nls --with-sysroot=/ --enable-clocale=gnu --enable-libstdcxx-debug --enable-libstdcxx-time=yes --enable-gnu-unique-object --disable-libmudflap --enable-plugin --with-system-zlib --disable-browser-plugin --enable-java-awt=gtk --enable-gtk-cairo --with-java-home=/usr/lib/jvm/java-1.5.0-gcj-4.8-amd64/jre --enable-java-home --with-jvm-root-dir=/usr/lib/jvm/java-1.5.0-gcj-4.8-amd64 --with-jvm-jar-dir=/usr/lib/jvm-exports/java-1.5.0-gcj-4.8-amd64 --with-arch-directory=amd64 --with-ecj-jar=/usr/share/java/eclipse-ecj.jar --enable-objc-gc --enable-multiarch --disable-werror --with-arch-32=i686 --with-abi=m64 --with-multilib-list=m32,m64,mx32 --with-tune=generic --enable-checking=release --build=x86_64-linux-gnu --host=x86_64-linux-gnu --target=x86_64-linux-gnu
Thread model: posix
gcc version 4.8.2 (Ubuntu 4.8.2-19ubuntu1) 
configure:4125: $? = 0
configure:4114: g++ -V >&5
g++: error: unrecognized command line option '-V'
g++: fatal error: no input files
compilation terminated.
configure:4125: $? = 4
configure:4114: g++ -qversion >&5
g++: error: unrecognized command line option '-qversion'
g++: fatal error: no input files
compilation terminated.
configure:4125: $? = 4
configure:4129: checking whether we are using the GNU C++ compiler
configure:4148: g++ -c   conftest.cpp >&5
configure:4148: $? = 0
configure:4157: result: yes
configure:4166: checking whether g++ accepts -g
configure:4186: g++ -c -g  conftest.cpp >&5
configure:4186: $? = 0
configure:4227: result: yes
configure:4252: checking dependency style of g++
configure:4363: result: gcc3
configure:4384: checking how to run the C preprocessor
configure:4415: gcc -E  conftest.c
configure:4415: $? = 0
configure:4429: gcc -E  conftest.c
conftest.c:11:28: fatal error: ac_nonexistent.h: No such file or directory
 #include <ac_nonexistent.h>
                            ^
compilation terminated.
configure:4429: $? = 1
configure: failed program was:
| /* confdefs.h */
| #define PACKAGE_NAME ""
| #define PACKAGE_TARNAME ""
| #define PACKAGE_VERSION ""
| #define PACKAGE_STRING ""
| #define PACKAGE_BUGREPORT ""
| #define PACKAGE_URL ""
| #define PACKAGE "CRF++"
| #define VERSION "0.58"
| /* end confdefs.h.  */
| #include <ac_nonexistent.h>
configure:4454: result: gcc -E
configure:4474: gcc -E  conftest.c
configure:4474: $? = 0
configure:4488: gcc -E  conftest.c
conftest.c:11:28: fatal error: ac_nonexistent.h: No such file or directory
 #include <ac_nonexistent.h>
                            ^
compilation terminated.
configure:4488: $? = 1
configure: failed program was:
| /* confdefs.h */
| #define PACKAGE_NAME ""
| #define PACKAGE_TARNAME ""
| #define PACKAGE_VERSION ""
| #define PACKAGE_STRING ""
| #define PACKAGE_BUGREPORT ""
| #define PACKAGE_URL ""
| #define PACKAGE "CRF++"
| #define VERSION "0.58"
| /* end confdefs.h.  */
| #include <ac_nonexistent.h>
configure:4517: checking for grep that handles long lines and -e
configure:4575: result: /bin/grep
configure:4580: checking for egrep
configure:4642: result: /bin/grep -E
configure:4648: checking whether gcc needs -traditional
configure:4682: result: no
configure:4689: checking whether make sets $(MAKE)
configure:4711: result: yes
configure:4720: checking for library containing strerror
configure:4751: gcc -o conftest -g -O2   conftest.c  >&5
configure:4751: $? = 0
configure:4768: result: none required
configure:4780: checking build system type
configure:4794: result: x86_64-unknown-linux-gnu
configure:4814: checking host system type
configure:4827: result: x86_64-unknown-linux-gnu
configure:4905: checking how to print strings
configure:4932: result: printf
configure:4953: checking for a sed that does not truncate output
configure:5017: result: /bin/sed
configure:5035: checking for fgrep
configure:5097: result: /bin/grep -F
configure:5132: checking for ld used by gcc
configure:5199: result: /usr/bin/ld
configure:5206: checking if the linker (/usr/bin/ld) is GNU ld
configure:5221: result: yes
configure:5233: checking for BSD- or MS-compatible name lister (nm)
configure:5282: result: /usr/bin/nm -B
configure:5412: checking the name lister (/usr/bin/nm -B) interface
configure:5419: g++ -c -g -O2  conftest.cpp >&5
configure:5422: /usr/bin/nm -B "conftest.o"
configure:5425: output
0000000000000000 B some_variable
configure:5432: result: BSD nm
configure:5435: checking whether ln -s works
configure:5439: result: yes
configure:5447: checking the maximum length of command line arguments
configure:5577: result: 1572864
configure:5594: checking whether the shell understands some XSI constructs
configure:5604: result: yes
configure:5608: checking whether the shell understands "+="
configure:5614: result: yes
configure:5649: checking how to convert x86_64-unknown-linux-gnu file names to x86_64-unknown-linux-gnu format
configure:5689: result: func_convert_file_noop
configure:5696: checking how to convert x86_64-unknown-linux-gnu file names to toolchain format
configure:5716: result: func_convert_file_noop
configure:5723: checking for /usr/bin/ld option to reload object files
configure:5730: result: -r
configure:5804: checking for objdump
configure:5820: found /usr/bin/objdump
configure:5831: result: objdump
configure:5863: checking how to recognize dependent libraries
configure:6065: result: pass_all
configure:6150: checking for dlltool
configure:6180: result: no
configure:6210: checking how to associate runtime and link libraries
configure:6237: result: printf %s\n
configure:6298: checking for ar
configure:6314: found /usr/bin/ar
configure:6325: result: ar
configure:6362: checking for archiver @FILE support
configure:6379: g++ -c -g -O2  conftest.cpp >&5
configure:6379: $? = 0
configure:6382: ar cru libconftest.a @conftest.lst >&5
configure:6385: $? = 0
configure:6390: ar cru libconftest.a @conftest.lst >&5
ar: conftest.o: No such file or directory
configure:6393: $? = 1
configure:6405: result: @
configure:6463: checking for strip
configure:6479: found /usr/bin/strip
configure:6490: result: strip
configure:6562: checking for ranlib
configure:6578: found /usr/bin/ranlib
configure:6589: result: ranlib
configure:6691: checking command to parse /usr/bin/nm -B output from gcc object
configure:6811: g++ -c -g -O2  conftest.cpp >&5
configure:6814: $? = 0
configure:6818: /usr/bin/nm -B conftest.o \| sed -n -e 's/^.*[ ]\([ABCDGIRSTW][ABCDGIRSTW]*\)[ ][ ]*\([_A-Za-z][_A-Za-z0-9]*\)$/\1 \2 \2/p' | sed '/ __gnu_lto/d' \> conftest.nm
configure:6821: $? = 0
configure:6887: g++ -o conftest -g -O2   conftest.cpp conftstm.o >&5
configure:6890: $? = 0
configure:6928: result: ok
configure:6965: checking for sysroot
configure:6995: result: no
configure:7072: g++ -c -g -O2  conftest.cpp >&5
configure:7075: $? = 0
configure:7251: checking for mt
configure:7267: found /bin/mt
configure:7278: result: mt
configure:7301: checking if mt is a manifest tool
configure:7307: mt '-?'
configure:7315: result: no
configure:7952: checking for ANSI C header files
configure:7972: g++ -c -g -O2  conftest.cpp >&5
configure:7972: $? = 0
./configure: line 7986: ./conftest.cpp: Permission denied
configure:8056: result: no
configure:8069: checking for sys/types.h
configure:8069: g++ -c -g -O2  conftest.cpp >&5
configure:8069: $? = 0
configure:8069: result: yes
configure:8069: checking for sys/stat.h
configure:8069: g++ -c -g -O2  conftest.cpp >&5
configure:8069: $? = 0
configure:8069: result: yes
configure:8069: checking for stdlib.h
configure:8069: g++ -c -g -O2  conftest.cpp >&5
configure:8069: $? = 0
configure:8069: result: yes
configure:8069: checking for string.h
configure:8069: g++ -c -g -O2  conftest.cpp >&5
configure:8069: $? = 0
configure:8069: result: yes
configure:8069: checking for memory.h
configure:8069: g++ -c -g -O2  conftest.cpp >&5
configure:8069: $? = 0
configure:8069: result: yes
configure:8069: checking for strings.h
configure:8069: g++ -c -g -O2  conftest.cpp >&5
configure:8069: $? = 0
configure:8069: result: yes
configure:8069: checking for inttypes.h
configure:8069: g++ -c -g -O2  conftest.cpp >&5
configure:8069: $? = 0
configure:8069: result: yes
configure:8069: checking for stdint.h
configure:8069: g++ -c -g -O2  conftest.cpp >&5
configure:8069: $? = 0
configure:8069: result: yes
configure:8069: checking for unistd.h
configure:8069: g++ -c -g -O2  conftest.cpp >&5
configure:8069: $? = 0
configure:8069: result: yes
configure:8083: checking for dlfcn.h
configure:8083: g++ -c -g -O2  conftest.cpp >&5
configure:8083: $? = 0
configure:8083: result: yes
configure:8299: checking for objdir
configure:8314: result: .libs
configure:8581: checking if gcc supports -fno-rtti -fno-exceptions
configure:8599: gcc -c -g -O2  -fno-rtti -fno-exceptions conftest.c >&5
cc1: warning: command line option '-fno-rtti' is valid for C++/ObjC++ but not for C [enabled by default]
configure:8603: $? = 0
configure:8616: result: no
configure:8943: checking for gcc option to produce PIC
configure:8950: result: -fPIC -DPIC
configure:8958: checking if gcc PIC flag -fPIC -DPIC works
configure:8976: gcc -c -g -O2  -fPIC -DPIC -DPIC conftest.c >&5
configure:8980: $? = 0
configure:8993: result: yes
configure:9022: checking if gcc static flag -static works
configure:9050: result: yes
configure:9065: checking if gcc supports -c -o file.o
configure:9086: gcc -c -g -O2  -o out/conftest2.o conftest.c >&5
configure:9090: $? = 0
configure:9112: result: yes
configure:9120: checking if gcc supports -c -o file.o
configure:9167: result: yes
configure:9200: checking whether the gcc linker (/usr/bin/ld -m elf_x86_64) supports shared libraries
configure:10357: result: yes
configure:10394: checking whether -lc should be explicitly linked in
configure:10402: gcc -c -g -O2  conftest.c >&5
configure:10405: $? = 0
configure:10420: gcc -shared  -fPIC -DPIC conftest.o  -v -Wl,-soname -Wl,conftest -o conftest 2\>\&1 \| /bin/grep  -lc  \>/dev/null 2\>\&1
configure:10423: $? = 0
configure:10437: result: no
configure:10597: checking dynamic linker characteristics
configure:11108: gcc -o conftest -g -O2   -Wl,-rpath -Wl,/foo conftest.c  >&5
configure:11108: $? = 0
configure:11342: result: GNU/Linux ld.so
configure:11449: checking how to hardcode library paths into programs
configure:11474: result: immediate
configure:12014: checking whether stripping libraries is possible
configure:12019: result: yes
configure:12054: checking if libtool supports shared libraries
configure:12056: result: yes
configure:12059: checking whether to build shared libraries
configure:12080: result: yes
configure:12083: checking whether to build static libraries
configure:12087: result: yes
configure:12110: checking how to run the C++ preprocessor
configure:12137: g++ -E  conftest.cpp
configure:12137: $? = 0
configure:12151: g++ -E  conftest.cpp
conftest.cpp:22:28: fatal error: ac_nonexistent.h: No such file or directory
 #include <ac_nonexistent.h>
                            ^
compilation terminated.
configure:12151: $? = 1
configure: failed program was:
| /* confdefs.h */
| #define PACKAGE_NAME ""
| #define PACKAGE_TARNAME ""
| #define PACKAGE_VERSION ""
| #define PACKAGE_STRING ""
| #define PACKAGE_BUGREPORT ""
| #define PACKAGE_URL ""
| #define PACKAGE "CRF++"
| #define VERSION "0.58"
| #define HAVE_SYS_TYPES_H 1
| #define HAVE_SYS_STAT_H 1
| #define HAVE_STDLIB_H 1
| #define HAVE_STRING_H 1
| #define HAVE_MEMORY_H 1
| #define HAVE_STRINGS_H 1
| #define HAVE_INTTYPES_H 1
| #define HAVE_STDINT_H 1
| #define HAVE_UNISTD_H 1
| #define HAVE_DLFCN_H 1
| #define LT_OBJDIR ".libs/"
| /* end confdefs.h.  */
| #include <ac_nonexistent.h>
configure:12176: result: g++ -E
configure:12196: g++ -E  conftest.cpp
configure:12196: $? = 0
configure:12210: g++ -E  conftest.cpp
conftest.cpp:22:28: fatal error: ac_nonexistent.h: No such file or directory
 #include <ac_nonexistent.h>
                            ^
compilation terminated.
configure:12210: $? = 1
configure: failed program was:
| /* confdefs.h */
| #define PACKAGE_NAME ""
| #define PACKAGE_TARNAME ""
| #define PACKAGE_VERSION ""
| #define PACKAGE_STRING ""
| #define PACKAGE_BUGREPORT ""
| #define PACKAGE_URL ""
| #define PACKAGE "CRF++"
| #define VERSION "0.58"
| #define HAVE_SYS_TYPES_H 1
| #define HAVE_SYS_STAT_H 1
| #define HAVE_STDLIB_H 1
| #define HAVE_STRING_H 1
| #define HAVE_MEMORY_H 1
| #define HAVE_STRINGS_H 1
| #define HAVE_INTTYPES_H 1
| #define HAVE_STDINT_H 1
| #define HAVE_UNISTD_H 1
| #define HAVE_DLFCN_H 1
| #define LT_OBJDIR ".libs/"
| /* end confdefs.h.  */
| #include <ac_nonexistent.h>
configure:12379: checking for ld used by g++
configure:12446: result: /usr/bin/ld -m elf_x86_64
configure:12453: checking if the linker (/usr/bin/ld -m elf_x86_64) is GNU ld
configure:12468: result: yes
configure:12523: checking whether the g++ linker (/usr/bin/ld -m elf_x86_64) supports shared libraries
configure:13528: result: yes
configure:13564: g++ -c -g -O2  conftest.cpp >&5
configure:13567: $? = 0
configure:14087: checking for g++ option to produce PIC
configure:14094: result: -fPIC -DPIC
configure:14102: checking if g++ PIC flag -fPIC -DPIC works
configure:14120: g++ -c -g -O2  -fPIC -DPIC -DPIC conftest.cpp >&5
configure:14124: $? = 0
configure:14137: result: yes
configure:14160: checking if g++ static flag -static works
configure:14188: result: yes
configure:14200: checking if g++ supports -c -o file.o
configure:14221: g++ -c -g -O2  -o out/conftest2.o conftest.cpp >&5
configure:14225: $? = 0
configure:14247: result: yes
configure:14252: checking if g++ supports -c -o file.o
configure:14299: result: yes
configure:14329: checking whether the g++ linker (/usr/bin/ld -m elf_x86_64) supports shared libraries
configure:14368: result: yes
configure:14509: checking dynamic linker characteristics
configure:15188: result: GNU/Linux ld.so
configure:15241: checking how to hardcode library paths into programs
configure:15266: result: immediate
configure:15331: checking for ANSI C header files
configure:15435: result: no
configure:15448: checking for string.h
configure:15448: result: yes
configure:15448: checking for stdlib.h
configure:15448: result: yes
configure:15448: checking for unistd.h
configure:15448: result: yes
configure:15448: checking fcntl.h usability
configure:15448: g++ -c -g -O2  conftest.cpp >&5
configure:15448: $? = 0
configure:15448: result: yes
configure:15448: checking fcntl.h presence
configure:15448: g++ -E  conftest.cpp
configure:15448: $? = 0
configure:15448: result: yes
configure:15448: checking for fcntl.h
configure:15448: result: yes
configure:15448: checking for sys/stat.h
configure:15448: result: yes
configure:15448: checking sys/mman.h usability
configure:15448: g++ -c -g -O2  conftest.cpp >&5
configure:15448: $? = 0
configure:15448: result: yes
configure:15448: checking sys/mman.h presence
configure:15448: g++ -E  conftest.cpp
configure:15448: $? = 0
configure:15448: result: yes
configure:15448: checking for sys/mman.h
configure:15448: result: yes
configure:15448: checking sys/times.h usability
configure:15448: g++ -c -g -O2  conftest.cpp >&5
configure:15448: $? = 0
configure:15448: result: yes
configure:15448: checking sys/times.h presence
configure:15448: g++ -E  conftest.cpp
configure:15448: $? = 0
configure:15448: result: yes
configure:15448: checking for sys/times.h
configure:15448: result: yes
configure:15448: checking ctype.h usability
configure:15448: g++ -c -g -O2  conftest.cpp >&5
configure:15448: $? = 0
configure:15448: result: yes
configure:15448: checking ctype.h presence
configure:15448: g++ -E  conftest.cpp
configure:15448: $? = 0
configure:15448: result: yes
configure:15448: checking for ctype.h
configure:15448: result: yes
configure:15448: checking for sys/types.h
configure:15448: result: yes
configure:15448: checking math.h usability
configure:15448: g++ -c -g -O2  conftest.cpp >&5
configure:15448: $? = 0
configure:15448: result: yes
configure:15448: checking math.h presence
configure:15448: g++ -E  conftest.cpp
configure:15448: $? = 0
configure:15448: result: yes
configure:15448: checking for math.h
configure:15448: result: yes
configure:15448: checking pthread.h usability
configure:15448: g++ -c -g -O2  conftest.cpp >&5
configure:15448: $? = 0
configure:15448: result: yes
configure:15448: checking pthread.h presence
configure:15448: g++ -E  conftest.cpp
configure:15448: $? = 0
configure:15448: result: yes
configure:15448: checking for pthread.h
configure:15448: result: yes
configure:15459: checking for size_t
configure:15459: g++ -c -g -O2  conftest.cpp >&5
configure:15459: $? = 0
configure:15459: g++ -c -g -O2  conftest.cpp >&5
conftest.cpp: In function 'int main()':
conftest.cpp:69:20: error: expected primary-expression before ')' token
 if (sizeof ((size_t)))
                    ^
configure:15459: $? = 1
configure: failed program was:
| /* confdefs.h */
| #define PACKAGE_NAME ""
| #define PACKAGE_TARNAME ""
| #define PACKAGE_VERSION ""
| #define PACKAGE_STRING ""
| #define PACKAGE_BUGREPORT ""
| #define PACKAGE_URL ""
| #define PACKAGE "CRF++"
| #define VERSION "0.58"
| #define HAVE_SYS_TYPES_H 1
| #define HAVE_SYS_STAT_H 1
| #define HAVE_STDLIB_H 1
| #define HAVE_STRING_H 1
| #define HAVE_MEMORY_H 1
| #define HAVE_STRINGS_H 1
| #define HAVE_INTTYPES_H 1
| #define HAVE_STDINT_H 1
| #define HAVE_UNISTD_H 1
| #define HAVE_DLFCN_H 1
| #define LT_OBJDIR ".libs/"
| #define HAVE_STRING_H 1
| #define HAVE_STDLIB_H 1
| #define HAVE_UNISTD_H 1
| #define HAVE_FCNTL_H 1
| #define HAVE_SYS_STAT_H 1
| #define HAVE_SYS_MMAN_H 1
| #define HAVE_SYS_TIMES_H 1
| #define HAVE_CTYPE_H 1
| #define HAVE_SYS_TYPES_H 1
| #define HAVE_MATH_H 1
| #define HAVE_PTHREAD_H 1
| /* end confdefs.h.  */
| #include <stdio.h>
| #ifdef HAVE_SYS_TYPES_H
| # include <sys/types.h>
| #endif
| #ifdef HAVE_SYS_STAT_H
| # include <sys/stat.h>
| #endif
| #ifdef STDC_HEADERS
| # include <stdlib.h>
| # include <stddef.h>
| #else
| # ifdef HAVE_STDLIB_H
| #  include <stdlib.h>
| # endif
| #endif
| #ifdef HAVE_STRING_H
| # if !defined STDC_HEADERS && defined HAVE_MEMORY_H
| #  include <memory.h>
| # endif
| # include <string.h>
| #endif
| #ifdef HAVE_STRINGS_H
| # include <strings.h>
| #endif
| #ifdef HAVE_INTTYPES_H
| # include <inttypes.h>
| #endif
| #ifdef HAVE_STDINT_H
| # include <stdint.h>
| #endif
| #ifdef HAVE_UNISTD_H
| # include <unistd.h>
| #endif
| int
| main ()
| {
| if (sizeof ((size_t)))
| 	    return 0;
|   ;
|   return 0;
| }
configure:15459: result: yes
configure:15471: checking for pow in -lm
configure:15496: g++ -o conftest -g -O2   conftest.cpp -lm   >&5
configure:15496: $? = 0
configure:15505: result: yes
configure:15516: checking for exp in -lm
configure:15541: g++ -o conftest -g -O2   conftest.cpp -lm  -lm  >&5
configure:15541: $? = 0
configure:15550: result: yes
configure:15561: checking for log in -lm
configure:15586: g++ -o conftest -g -O2   conftest.cpp -lm  -lm -lm  >&5
configure:15586: $? = 0
configure:15595: result: yes
configure:15606: checking for pthread_create in -lpthread
configure:15631: g++ -o conftest -g -O2   conftest.cpp -lpthread  -lm -lm -lm  >&5
configure:15631: $? = 0
configure:15640: result: yes
configure:15651: checking for pthread_join in -lpthread
configure:15676: g++ -o conftest -g -O2   conftest.cpp -lpthread  -lpthread -lm -lm -lm  >&5
configure:15676: $? = 0
configure:15685: result: yes
configure:15702: checking for stdlib.h
configure:15702: result: yes
configure:15702: checking for unistd.h
configure:15702: result: yes
configure:15702: checking for sys/param.h
configure:15702: g++ -c -g -O2  conftest.cpp >&5
configure:15702: $? = 0
configure:15702: result: yes
configure:15722: checking for getpagesize
configure:15722: g++ -o conftest -g -O2   conftest.cpp -lpthread -lpthread -lm -lm -lm  >&5
configure:15722: $? = 0
configure:15722: result: yes
configure:15731: checking for working mmap
configure:15878: g++ -o conftest -g -O2   conftest.cpp -lpthread -lpthread -lm -lm -lm  >&5
configure:15878: $? = 0
configure:15878: ./conftest
configure:15878: $? = 0
configure:15888: result: yes
configure:15898: checking whether make is GNU Make
configure:15901: result: yes
configure:16167: checking if g++ supports stl <string> (required)
configure:16184: g++ -c -O3 -Wall  conftest.cpp >&5
configure:16184: $? = 0
configure:16196: result: yes
configure:16200: checking if g++ supports stl <vector> (required)
configure:16217: g++ -c -O3 -Wall  conftest.cpp >&5
configure:16217: $? = 0
configure:16229: result: yes
configure:16233: checking if g++ supports stl <map> (required)
configure:16250: g++ -c -O3 -Wall  conftest.cpp >&5
configure:16250: $? = 0
configure:16262: result: yes
configure:16266: checking if g++ supports stl <set> (required)
configure:16283: g++ -c -O3 -Wall  conftest.cpp >&5
configure:16283: $? = 0
configure:16295: result: yes
configure:16299: checking if g++ supports stl <iostream> (required)
configure:16316: g++ -c -O3 -Wall  conftest.cpp >&5
configure:16316: $? = 0
configure:16328: result: yes
configure:16332: checking if g++ supports stl <fstream> (required)
configure:16349: g++ -c -O3 -Wall  conftest.cpp >&5
configure:16349: $? = 0
configure:16361: result: yes
configure:16365: checking if g++ supports stl <sstream> (required)
configure:16382: g++ -c -O3 -Wall  conftest.cpp >&5
configure:16382: $? = 0
configure:16394: result: yes
configure:16398: checking if g++ supports stl <stdexcept> (required)
configure:16415: g++ -c -O3 -Wall  conftest.cpp >&5
configure:16415: $? = 0
configure:16427: result: yes
configure:16432: checking if g++ supports template <class T> (required)
configure:16451: g++ -c -O3 -Wall  conftest.cpp >&5
configure:16451: $? = 0
configure:16463: result: yes
configure:16467: checking if g++ supports const_cast<> (required)
configure:16485: g++ -c -O3 -Wall  conftest.cpp >&5
conftest.cpp: In function 'int main()':
conftest.cpp:51:9: warning: unused variable 'c1' [-Wunused-variable]
    foo *c1=const_cast<foo*>(c);
         ^
configure:16485: $? = 0
configure:16497: result: yes
configure:16501: checking if g++ supports static_cast<> (required)
configure:16519: g++ -c -O3 -Wall  conftest.cpp >&5
conftest.cpp: In function 'int main()':
conftest.cpp:51:10: warning: unused variable 'c1' [-Wunused-variable]
    void *c1 = static_cast<void *>(c);
          ^
configure:16519: $? = 0
configure:16531: result: yes
configure:16535: checking if g++ supports dynamic_cast<> (required)
configure:16554: g++ -c -O3 -Wall  conftest.cpp >&5
conftest.cpp: In function 'int main()':
conftest.cpp:52:9: warning: unused variable 'c1' [-Wunused-variable]
    foo *c1 = dynamic_cast<foo *>(c);
         ^
configure:16554: $? = 0
configure:16566: result: yes
configure:16570: checking if g++ supports exception handler (required)
configure:16593: g++ -c -O3 -Wall  conftest.cpp >&5
conftest.cpp: In function 'int main()':
conftest.cpp:51:11: warning: unused variable 'i' [-Wunused-variable]
       int i = 0;
           ^
configure:16593: $? = 0
configure:16605: result: yes
configure:16609: checking if g++ supports namespaces (required) 
configure:16627: g++ -c -O3 -Wall  conftest.cpp >&5
conftest.cpp: In function 'int main()':
conftest.cpp:51:3: warning: unused variable 'a' [-Wunused-variable]
 A a;
   ^
configure:16627: $? = 0
configure:16638: result: yes
configure:16642: checking if g++ supports __thread (optional)
configure:16659: g++ -c -O3 -Wall  conftest.cpp >&5
configure:16659: $? = 0
configure:16669: result: yes
configure:16682: checking if g++ supports _SC_NPROCESSORS_CONF (optional)
configure:16700: g++ -c -O3 -Wall  conftest.cpp >&5
configure:16700: $? = 0
configure:16710: result: yes
configure:16721: checking if g++ environment provides all required features
configure:16729: result: yes
configure:16871: creating ./config.status

## ---------------------- ##
## Running config.status. ##
## ---------------------- ##

This file was extended by config.status, which was
generated by GNU Autoconf 2.68.  Invocation command line was

  CONFIG_FILES    = 
  CONFIG_HEADERS  = 
  CONFIG_LINKS    = 
  CONFIG_COMMANDS = 
  $ ./config.status 

on albatross

config.status:1175: creating Makefile
config.status:1175: creating Makefile.msvc
config.status:1175: creating swig/version.h
config.status:1175: creating config.h
config.status:1356: config.h is unchanged
config.status:1404: executing depfiles commands
config.status:1404: executing libtool commands

## ---------------- ##
## Cache variables. ##
## ---------------- ##

ac_cv_build=x86_64-unknown-linux-gnu
ac_cv_c_compiler_gnu=yes
ac_cv_cxx_compiler_gnu=yes
ac_cv_env_CCC_set=
ac_cv_env_CCC_value=
ac_cv_env_CC_set=
ac_cv_env_CC_value=
ac_cv_env_CFLAGS_set=
ac_cv_env_CFLAGS_value=
ac_cv_env_CPPFLAGS_set=
ac_cv_env_CPPFLAGS_value=
ac_cv_env_CPP_set=
ac_cv_env_CPP_value=
ac_cv_env_CXXCPP_set=
ac_cv_env_CXXCPP_value=
ac_cv_env_CXXFLAGS_set=
ac_cv_env_CXXFLAGS_value=
ac_cv_env_CXX_set=
ac_cv_env_CXX_value=
ac_cv_env_LDFLAGS_set=
ac_cv_env_LDFLAGS_value=
ac_cv_env_LIBS_set=
ac_cv_env_LIBS_value=
ac_cv_env_build_alias_set=
ac_cv_env_build_alias_value=
ac_cv_env_host_alias_set=
ac_cv_env_host_alias_value=
ac_cv_env_target_alias_set=
ac_cv_env_target_alias_value=
ac_cv_func_getpagesize=yes
ac_cv_func_mmap_fixed_mapped=yes
ac_cv_header_ctype_h=yes
ac_cv_header_dlfcn_h=yes
ac_cv_header_fcntl_h=yes
ac_cv_header_inttypes_h=yes
ac_cv_header_math_h=yes
ac_cv_header_memory_h=yes
ac_cv_header_pthread_h=yes
ac_cv_header_stdc=no
ac_cv_header_stdint_h=yes
ac_cv_header_stdlib_h=yes
ac_cv_header_string_h=yes
ac_cv_header_strings_h=yes
ac_cv_header_sys_mman_h=yes
ac_cv_header_sys_param_h=yes
ac_cv_header_sys_stat_h=yes
ac_cv_header_sys_times_h=yes
ac_cv_header_sys_types_h=yes
ac_cv_header_unistd_h=yes
ac_cv_host=x86_64-unknown-linux-gnu
ac_cv_lib_m_exp=yes
ac_cv_lib_m_log=yes
ac_cv_lib_m_pow=yes
ac_cv_lib_pthread_pthread_create=yes
ac_cv_lib_pthread_pthread_join=yes
ac_cv_objext=o
ac_cv_path_EGREP='/bin/grep -E'
ac_cv_path_FGREP='/bin/grep -F'
ac_cv_path_GREP=/bin/grep
ac_cv_path_SED=/bin/sed
ac_cv_path_install='/usr/bin/install -c'
ac_cv_path_mkdir=/bin/mkdir
ac_cv_prog_AWK=gawk
ac_cv_prog_CPP='gcc -E'
ac_cv_prog_CXXCPP='g++ -E'
ac_cv_prog_ac_ct_AR=ar
ac_cv_prog_ac_ct_CC=gcc
ac_cv_prog_ac_ct_CXX=g++
ac_cv_prog_ac_ct_MANIFEST_TOOL=mt
ac_cv_prog_ac_ct_OBJDUMP=objdump
ac_cv_prog_ac_ct_RANLIB=ranlib
ac_cv_prog_ac_ct_STRIP=strip
ac_cv_prog_cc_c89=
ac_cv_prog_cc_g=yes
ac_cv_prog_cxx_g=yes
ac_cv_prog_gcc_traditional=no
ac_cv_prog_make_make_set=yes
ac_cv_search_strerror='none required'
ac_cv_type_size_t=yes
am_cv_CC_dependencies_compiler_type=gcc3
am_cv_CXX_dependencies_compiler_type=gcc3
lt_cv_ar_at_file=@
lt_cv_archive_cmds_need_lc=no
lt_cv_deplibs_check_method=pass_all
lt_cv_file_magic_cmd='$MAGIC_CMD'
lt_cv_file_magic_test_file=
lt_cv_ld_reload_flag=-r
lt_cv_nm_interface='BSD nm'
lt_cv_objdir=.libs
lt_cv_path_LD=/usr/bin/ld
lt_cv_path_LDCXX='/usr/bin/ld -m elf_x86_64'
lt_cv_path_NM='/usr/bin/nm -B'
lt_cv_path_mainfest_tool=no
lt_cv_prog_compiler_c_o=yes
lt_cv_prog_compiler_c_o_CXX=yes
lt_cv_prog_compiler_pic='-fPIC -DPIC'
lt_cv_prog_compiler_pic_CXX='-fPIC -DPIC'
lt_cv_prog_compiler_pic_works=yes
lt_cv_prog_compiler_pic_works_CXX=yes
lt_cv_prog_compiler_rtti_exceptions=no
lt_cv_prog_compiler_static_works=yes
lt_cv_prog_compiler_static_works_CXX=yes
lt_cv_prog_gnu_ld=yes
lt_cv_prog_gnu_ldcxx=yes
lt_cv_sharedlib_from_linklib_cmd='printf %s\n'
lt_cv_shlibpath_overrides_runpath=no
lt_cv_sys_global_symbol_pipe='sed -n -e '\''s/^.*[	 ]\([ABCDGIRSTW][ABCDGIRSTW]*\)[	 ][	 ]*\([_A-Za-z][_A-Za-z0-9]*\)$/\1 \2 \2/p'\'' | sed '\''/ __gnu_lto/d'\'''
lt_cv_sys_global_symbol_to_c_name_address='sed -n -e '\''s/^: \([^ ]*\)[ ]*$/  {\"\1\", (void *) 0},/p'\'' -e '\''s/^[ABCDGIRSTW]* \([^ ]*\) \([^ ]*\)$/  {"\2", (void *) \&\2},/p'\'''
lt_cv_sys_global_symbol_to_c_name_address_lib_prefix='sed -n -e '\''s/^: \([^ ]*\)[ ]*$/  {\"\1\", (void *) 0},/p'\'' -e '\''s/^[ABCDGIRSTW]* \([^ ]*\) \(lib[^ ]*\)$/  {"\2", (void *) \&\2},/p'\'' -e '\''s/^[ABCDGIRSTW]* \([^ ]*\) \([^ ]*\)$/  {"lib\2", (void *) \&\2},/p'\'''
lt_cv_sys_global_symbol_to_cdecl='sed -n -e '\''s/^T .* \(.*\)$/extern int \1();/p'\'' -e '\''s/^[ABCDGIRSTW]* .* \(.*\)$/extern char \1;/p'\'''
lt_cv_sys_max_cmd_len=1572864
lt_cv_to_host_file_cmd=func_convert_file_noop
lt_cv_to_tool_file_cmd=func_convert_file_noop

## ----------------- ##
## Output variables. ##
## ----------------- ##

ACLOCAL='${SHELL} /home/jahausw/umvoice/kernels/crf/crf++/missing --run aclocal-1.11'
AMDEPBACKSLASH='\'
AMDEP_FALSE='#'
AMDEP_TRUE=''
AMTAR='$${TAR-tar}'
AR='ar'
AUTOCONF='${SHELL} /home/jahausw/umvoice/kernels/crf/crf++/missing --run autoconf'
AUTOHEADER='${SHELL} /home/jahausw/umvoice/kernels/crf/crf++/missing --run autoheader'
AUTOMAKE='${SHELL} /home/jahausw/umvoice/kernels/crf/crf++/missing --run automake-1.11'
AWK='gawk'
CC='gcc'
CCDEPMODE='depmode=gcc3'
CFLAGS='-O3 -Wall'
CPP='gcc -E'
CPPFLAGS=''
CXX='g++'
CXXCPP='g++ -E'
CXXDEPMODE='depmode=gcc3'
CXXFLAGS='-O3 -Wall'
CYGPATH_W='echo'
DEFS='-DHAVE_CONFIG_H'
DEPDIR='.deps'
DLLTOOL='false'
DSYMUTIL=''
DUMPBIN=''
ECHO_C=''
ECHO_N='-n'
ECHO_T=''
EGREP='/bin/grep -E'
EXEEXT=''
FGREP='/bin/grep -F'
GREP='/bin/grep'
INSTALL_DATA='${INSTALL} -m 644'
INSTALL_PROGRAM='${INSTALL}'
INSTALL_SCRIPT='${INSTALL}'
INSTALL_STRIP_PROGRAM='$(install_sh) -c -s'
LD='/usr/bin/ld -m elf_x86_64'
LDFLAGS=''
LIBOBJS=''
LIBS='-lpthread -lpthread -lm -lm -lm '
LIBTOOL='$(SHELL) $(top_builddir)/libtool'
LIPO=''
LN_S='ln -s'
LTLIBOBJS=''
MAKEINFO='${SHELL} /home/jahausw/umvoice/kernels/crf/crf++/missing --run makeinfo'
MANIFEST_TOOL=':'
MKDIR_P='/bin/mkdir -p'
NM='/usr/bin/nm -B'
NMEDIT=''
OBJDUMP='objdump'
OBJEXT='o'
OTOOL64=''
OTOOL=''
PACKAGE='CRF++'
PACKAGE_BUGREPORT=''
PACKAGE_NAME=''
PACKAGE_STRING=''
PACKAGE_TARNAME=''
PACKAGE_URL=''
PACKAGE_VERSION=''
PATH_SEPARATOR=':'
RANLIB='ranlib'
SED='/bin/sed'
SET_MAKE=''
SHELL='/bin/bash'
STRIP='strip'
VERSION='0.58'
ac_ct_AR='ar'
ac_ct_CC='gcc'
ac_ct_CXX='g++'
ac_ct_DUMPBIN=''
am__EXEEXT_FALSE=''
am__EXEEXT_TRUE='#'
am__fastdepCC_FALSE='#'
am__fastdepCC_TRUE=''
am__fastdepCXX_FALSE='#'
am__fastdepCXX_TRUE=''
am__include='include'
am__isrc=''
am__leading_dot='.'
am__nodep='_no'
am__quote=''
am__tar='$${TAR-tar} chof - "$$tardir"'
am__untar='$${TAR-tar} xf -'
bindir='${exec_prefix}/bin'
build='x86_64-unknown-linux-gnu'
build_alias=''
build_cpu='x86_64'
build_os='linux-gnu'
build_vendor='unknown'
datadir='${datarootdir}'
datarootdir='${prefix}/share'
docdir='${datarootdir}/doc/${PACKAGE}'
dvidir='${docdir}'
exec_prefix='${prefix}'
host='x86_64-unknown-linux-gnu'
host_alias=''
host_cpu='x86_64'
host_os='linux-gnu'
host_vendor='unknown'
htmldir='${docdir}'
includedir='${prefix}/include'
infodir='${datarootdir}/info'
install_sh='${SHELL} /home/jahausw/umvoice/kernels/crf/crf++/install-sh'
libdir='${exec_prefix}/lib'
libexecdir='${exec_prefix}/libexec'
localedir='${datarootdir}/locale'
localstatedir='${prefix}/var'
mandir='${datarootdir}/man'
mkdir_p='/bin/mkdir -p'
oldincludedir='/usr/include'
pdfdir='${docdir}'
prefix='/usr/local'
program_transform_name='s,x,x,'
psdir='${docdir}'
sbindir='${exec_prefix}/sbin'
sharedstatedir='${prefix}/com'
sysconfdir='${prefix}/etc'
target_alias=''

## ----------- ##
## confdefs.h. ##
## ----------- ##

/* confdefs.h */
#define PACKAGE_NAME ""
#define PACKAGE_TARNAME ""
#define PACKAGE_VERSION ""
#define PACKAGE_STRING ""
#define PACKAGE_BUGREPORT ""
#define PACKAGE_URL ""
#define PACKAGE "CRF++"
#define VERSION "0.58"
#define HAVE_SYS_TYPES_H 1
#define HAVE_SYS_STAT_H 1
#define HAVE_STDLIB_H 1
#define HAVE_STRING_H 1
#define HAVE_MEMORY_H 1
#define HAVE_STRINGS_H 1
#define HAVE_INTTYPES_H 1
#define HAVE_STDINT_H 1
#define HAVE_UNISTD_H 1
#define HAVE_DLFCN_H 1
#define LT_OBJDIR ".libs/"
#define HAVE_STRING_H 1
#define HAVE_STDLIB_H 1
#define HAVE_UNISTD_H 1
#define HAVE_FCNTL_H 1
#define HAVE_SYS_STAT_H 1
#define HAVE_SYS_MMAN_H 1
#define HAVE_SYS_TIMES_H 1
#define HAVE_CTYPE_H 1
#define HAVE_SYS_TYPES_H 1
#define HAVE_MATH_H 1
#define HAVE_PTHREAD_H 1
#define HAVE_LIBM 1
#define HAVE_LIBM 1
#define HAVE_LIBM 1
#define HAVE_LIBPTHREAD 1
#define HAVE_LIBPTHREAD 1
#define HAVE_STDLIB_H 1
#define HAVE_UNISTD_H 1
#define HAVE_SYS_PARAM_H 1
#define HAVE_GETPAGESIZE 1
#define HAVE_MMAP 1
#define HAVE_TLS_KEYWORD 1
#define HAVE_SYS_CONF_SC_NPROCESSORS_CONF 1

configure: exit 0
