Academy Awards
Adult Film Association of America
AFI 100 Years series
Alfred P. Sloan Prize
American Black Film Festival
American Cinema Editors
American Film Institute Awards
American Indian LA Film and TV Awards
American Screenwriters Association Awards
American Society of Cinematographers Awards
American Student Academy Award
Ansari X Prize
Antalya Golden Orange Film Festival
Ariel Awards
Art Directors Guild Awards
Astrid Lindgren Memorial Award
Australian Film Institute Awards
AVN Awards
AVN Best New Starlet Award
Awards of the International Indian Film Academy
AWGIE Awards
BAFTA Award for Best Actress in a Leading Role
BAFTA Award for Best Film
BAFTA Awards
BAFTA Cymru
BBC Radio 2 Folk Awards
Berlin Film Festival
Billboard Music Award
Black Reel Awards
Blue Ribbon Awards
Boston Society of Film Critics Awards
Brit Awards
British Independent Film Awards
Broadcast Film Critics Association Awards
Bundesfilmpreis
Byron Kennedy Award
Cairo International Film Festival
Canadian Film Award
CASBY Award
Central Ohio Film Critics Association Awards
Caesar Award
Cesar Award
Chicago Film Critics Association Awards
Chlotrudis Awards
CINE
Classical Brit Awards
Coca-Cola Refreshing Filmmaker's Award
Costume Designers Guild Awards
Critic's Choice Award
Crystal Globe
Dadasaheb Phalke Award
Dallas-Fort Worth Film Critics Association Award
Dan David Prize
Davorin
Deutscher Filmpreis
Directors Guild of America Awards
Discover Screenwriting Award
Dove Award for Song of the Year
Dove Award for Songwriter of the Year
ECHO
Empire Awards
Environmental Media Awards
European Movie Awards
Evening Standard British Film Awards
Fajr International Film Festival
Festival de Cine de Sitges
Fields Medal
Filmfare Awards
Florida Film Critics Circle Awards
French Union of Film Critics Awards
GayVN Awards
Genie Awards
GMA Music Awards
Golden Bauhinia Awards
Golden Boot Awards
Golden Calf
Golden Django
Golden Eagle Award
Golden Globe
Golden Globe Award
Golden Globe Awards
Golden Horse Film Festival and Awards
Golden Lion
Golden Raspberry Awards
Golden Reel Award
Golden Rooster Awards
Goldman Environmental Prize
Gotham Awards
Goya Awards
Grammis
Gramophone Award
Grawemeyer Award
Guldbagge Award
Hong Kong Film Awards
Hot d'Or
Hugo Award
Humanitas Prize
Hungarian Music Awards
IIFA awards
Independent Spirit Awards
Inside Film Awards
International Cinephile Society Awards
Iowa Film Critics Awards
Italian Online Movie Awards
Ivor Novello Awards
J Award
Jammys
Jazzpar Prize
Kansas City Film Critics Circle Awards
Kavli Foundation Prize
Klasklin Young Composer award
Kyoto Prizes
Las Vegas Film Critics Society Awards
Latin Grammy Awards
Leo Awards
Leonie Sonning Music Prize
Leonie Sonning Music Prize
List of Gaudeamus laureates
List of movie awards
Lo Nuestro
Los Angeles Film Critics Association Awards
Mainichi Film Awards
Mercury Music Prize
Meteor Music Awards
Millennium Technology Prize
Motion Picture Sound Editors
Movie award
MTV Europe Music Awards
MTV Movie Awards
MuchMusic Video Award
Music recording sales certification
Muso Awards
Naomi Awards
National Board of Review Awards
National Board of Review of Motion Pictures
National Film Awards
National Society of Film Critics Awards
Native American Music Awards
New Artist of the Year
New Orleans Worst Film Festival
New Pantheon Music Award
New York Film Critics Circle Awards
New York Film Critics Online Awards
New York Film Festival
New York International Independent Film and Video Festival
Nika Award
NME Awards
Nordic Council Music Prize
Nordic Music Award
Northeastern Film Critics Circle Awards
NRJ Music Awards
Online Film Critics Society Awards
Oscar
Patsy Award
People's Choice Awards
Phoenix Film Critics Society Awards
Polar Music Prize
Polaris Music Prize
Political Film Society Award for Expose
Political Film Society Award for Expose
Popjustice £20 Music Prize
Porin
Prestige Academy of Motion Pictures
Prestige Academy of Motion Pictures Awards
Pritzker Prize
Prix Jean Vigo
Prix Suzanne Bianchetti
Pulitzer Prize for Music
Reggae/Soca Music Awards
Right Livelihood Awards
Rock and Roll Hall of Fame Induction Ceremony
San Diego Film Critics Society Awards
San Francisco Film Critics Circle Awards
Sangeet Natak Akademi Award
Sarasaviya Awards
Satellite Awards
Saturn awards
Schock Prizes
Screen Actors Guild Awards
SEAMUS Lifetime Achievement Award
Seattle Film Critics Awards
Shortlist Music Prize
Singapore Hit Awards 2005
Sony Ericsson Empire Awards
Southeastern Film Critics Association Awards
Spacey Awards
Special effects awards
Star Screen awards
Stardust Awards
Student Academy Awards
Sudler Flag
Tanit d'or
Templeton Prize
The Deadlys
The Edison Award
The Golden Turkey Awards
The One Minutes Awards
The Record of the Year
The Reign
TMF Awards
Toronto Film Critics Association Awards
Turing Award
U-Know
Uruguayan Film Critics Association Awards
USC Scripter Awards
Utah Film Critics Society Awards
Victoires de la Musique
W. C. Handy Award
Wolf Prize in Agriculture
Wollaston Medal
World music
World Music Awards
