All-American Canal
Allegheny Portage Railroad
American Canal
Augusta Canal
Barge Canal
Bellows Falls Canal
Blackstone Canal
California Aqueduct
Cal-Sag Channel
Cape Cod Canal
Cascades Canal
Cayuga and Seneca Canal
Central Arizona Project Aqueduct
Champlain Canal
Chenango Canal
Chesapeake and Delaware Canal
Chesapeake and Ohio Canal
Chicago Sanitary and Ship Canal
Clinton-Kalamazoo Canal
Coachella Canal
Colorado River Aqueduct
Columbia Canal
Contra Costa Canal
Cross-Florida Barge Canal
Cross-Florida Barge Canal
Cumberland and Oxford Canal
Dalles-Celilo Canal
Delaware & Raritan Canal
Delaware and Hudson Canal
Des Moines Rapids Canal
Dismal Swamp Canal
El Paso Canal
Enfield Falls Canal
Erie Canal
Franklin Canal
Galveston and Brazos Canal
Genesee Valley Canal
Gowanus Canal
Great Lakes Waterway
Hennepin Canal
Hillsboro Canal
Hocking Canal
Illinois and Michigan Canal
Illinois Waterway
Indiana Harbor and Ship Canal
Industrial Canal
Inter-California Canal
Intracoastal Waterway
Intracoastal Waterway
Lake Washington Ship Canal
Little Falls Canal
Los Angeles Aqueduct 
Louisville and Portland Canal
Miami and Erie Canal
Miami Canal
Middlesex Canal
Milan Canal
Mississippi River Gulf Outlet
Morris Canal
North New River Canal
Ohio and Erie Canal
Oswego Canal
Panama Canal
Pawtucket Canal
Pennsylvania and Ohio Canal
Pennsylvania Canal
Pennsylvania Main Line of Public Works
Portage Canal
Portage Lake Canal
Riverside Canal
Saint Mary's Fall Ship Canal
Sandy and Beaver Canal
Santee Canal
Savannah Ogeechee Canal
Schuylkill Navigation
South Hadley Canal
St. Clair Flats Canal
St. Lucie Canal
Sturgeon Bay Ship Canal
Suez Canal
Suwanee Canal
Tamiami Canal
Tennessee-Tombigbee Waterway
Texas irrigation canals
Union Canal
Wabash and Erie Canal
Walhonding Canal
Warren County Canal
West Palm Beach Canal
Whitewater Canal
