Abelia
Abeliophyllum
Abelmoschus
Abies
Abromeitiella
Abronia
Abutilon
Acacia
Acaena
Acalypha
Acantholimon
Acanthophoenix
Acanthus
Acca
Acer
Achillea
Achimenantha
Achimenes
Acinos
Aciphylla
Acmena
Acoelorraphe
Acokanthera
Aconitum
Acorus
Acrocomia
Actaea
Actinidia
Ada
Adansonia
Adenia
Adenium
Adenocarpus
Adenophora
Adenostoma
Adiantum
Adlumia
Adonis
Adromischus
Aechmea
Aegopodium
Aeonium
Aerangis
Aerides
Aeschynanthus
Aesculus
Aethionema
Agapanthus
Agapetes
Agastache
Agathis
Agave
Ageratum
Aglaonema
Agonis
Agrostemma
Agrostis
Aichryson
Ailanthus
Aiphanes
Aira
Ajania
Ajuga
Akebia
Alangium
Albizia
Albuca
Alcea
Alchemilla
Alder
Aleurites
Algerian Oak Quercus canariensis
Aliceara
Alisma
Alkanna
Allamanda
Allium
Alluaudia
Alnus
Alocasia
Aloe
Aloinopsis
Alopecurus
Aloysia
Alpinia
Alsobia
Alstroemeria
Alternanthera
Althaea
Alyogyne
Alyssum
Amaranthus
Amarcrinum
Amarygia
Amaryllis
Amberboa
Ambrosia
Amelanchier
American Cress
American Dogwood
American Nightshade
American White Hellebore
American Winterberry
Amesiella
Amherstia
Amicia
Ammi
Ammobium
Amorpha
Amorphophallus
Ampelopsis
Amsonia
Amy Root
Anacampseros
Anacyclus
Anagallis
Ananas
Anaphalis
Anchusa
Andromeda
Andropogon
Androsace
Anemone
Anemonella
Anemonopsis
Anemopaegma
Anethum
Angelica
Angelonia
Angophora
Angraecum
Anguloa
Angulocaste
Anicacanthus
Anigozanthos
Anisodontea
Annual Sow Thistle
Anoda
Anomatheca
Anopterus
Anredera
Antennaria
Anthemis
Anthericum
Anthriscus
Anthurium
Anthyllis
Antigonon
Antirrhinum
Aphelandra
Aphyllanthes
Aponogeton
Aporocactus
Aporoheliocereus
Appalachian Tea
Apple of Sodom
Aptenia
Aquilegia
Arabis
Arachnis
Araeococcus
Aralia
Araucaria
Araujia
Arbutus
Archontophoenix
Arctostaphylos
Arctotheca
Arctotis
Ardisia
Areca
Arenaria
Arenga
Arfaj
Argemone
Argyranthemum
Argyreia
Argyroderma
Ariocarpus
Arisaema
Arisarum
Aristea
Aristolochia
Armoracia
Arnebia
Arnica
Aronia
Arrabidaea
Arrhenatherum
Arrowwood
Artemisia
Arthropodium
Arum
Aruncus
Arundinaria
Arundo
Asarina
Asarum
Asclepias
Ascocenda
Ash
Asimina
Asparagus
Asperula
Asphodeline
Asphodelus
Aspidistra
Asplenium
Astelia
Aster
Asteranthera
Astilbe
Astilboides
Astragalus
Astrantia
Astrophytum
Atherosperma
Athrotaxis
Athyrium
Atriplex
Aubrieta
Aucuba
Aurinia
Austrocedrus
Azalea
Azara
Azolla
Azorella
Azorina
Aztekium
Babiana
Baby Rose
Baccharis
Backhousia
Backopa
Baeckea
Ballota
Balsamorhiza
Bambusa
Bank Cress
Banksia
Baptisia
Barbarea
Barkeria
Barleria
Bassia
Bastard Pellitory
Bauera
Bauhinia
Bear Corn
Bearberry
Beaucarnea
Beaufortia
Beaumontia
Begonia
Belancanda
Belle Isle Cress
Bellevalia
Bellis
Bellium
Berberidopsis
Berberis
Berchemia
Bergenia
Bergerocactus
Berkheya
Berlandiera
Bermuda Cress
Bertolonia
Beschorneria
Bessera
Beta
Betula
Biarum
Bidens
Big Hellebore
Bignonia
Billardiera
Billbergia
Bindweed
Birch
Bird's Nest
Bird's Nest Plant
Bitter Nightshade
Bittercress
Bittersweet
Bitterweed
Bixa
Black Alder
Black Ash
Black Birch
Black Cap
Black Cherry
Black Hellebore
Black Nightshade
Black Oak
Black Raspberry
Blackberry
Blackhaw
Blackhaw Viburnum
Blackiehead
Blandfordia
Blechnum
Bletilla
Bloomeria
Blossfeldia
Blue Ash
Blue Bindweed
Blue Oak
Blueberry Cornel
Blunt
Boenninghausenia
Bolax
Bolbitis
Bolean Birch
Bollea
Boltonia
Bolusanthus
Bomarea
Bombax
Bongardia
Borago
Borassus
Boronia
Bothriochloa
Bougainvillea
Bouteloua
Bouvardia
Bow
Bowenia
Bowiea
Boxelder
Boxwood
Brachychiton
Brachyglottis
Brachyscome
Brachysema
Brachystelma
Bracteantha
Brahea
Brassavola
Brassia
Brassica
Brassocattleya
Brassolaeliocattleya
Breynia
Brier
Briggsia
Brilliant Coneflower
Brimeura
Bristly Dewberry
Bristly Groundberry
Brittlebush
Briza
Broadleaf
Broadleaf Plantain
Brodiaea
Bromelia
Broughtonia
Broussonetia
Browallia
Brown Betty
Brown Daisy
Brownea
Browningia
Bruckenthalia
Brugmansia
Brunfelsia
Brunnera
Brunsvigia
Buddleja
Buffalo Weed
Buglossoides
Bulbine
Bulbinella
Bulbocodium
Bulbophyllum
Bulbous Cress
Bull Nettle
Buphthalmum
Bupleurum
Bur Oak
Burchardia
Burchellia
Bursera
Butea
Butia
Butomus
Butterfly Flower
Butterfly Weed
Buxus
Cabbage
Cabinet Cherry
Cabomba
Caesalpina
Caladium
Calamagrostis
Calamintha
Calamus
Calandrinia
Calanthe
Calathea
Calceolaria
Calendula
Calibanus
California Thistle
Calla
Calliandra
Callianthemum
Callicarpa
Callirhoe
Callisia
Callistemon
Callistephus
Callitriche
Calltris
Calluna
Calocedrus
Calochone
Calochortus
Calomeria
Caloscordum
Calothamnus
Calpurnia
Caltha
Calycanthus
Calymmanthium
Calypso
Calytrix
Camassia
Camellia
Campanula
Campsis
Campylotropsis
Canada Root
Canada Thistle
Canarina
Cancer Jalap
Cane Ash
Canistrum
Canna
Canoe Birch
Cantua
Capsicum
Caragana
Caralluma
Cardamine
Cardiocrinum
Cardiospermum
Carex
Carissa
Carlina
Carludovica
Carmichaelia
Carnegiea
Carolina Azolla
Carolina Horse Nettle
Carpentaria
Carpenteria
Carpinus
Carpobrotus
Carrot
Carrot Weed
Cart Track Plant
Carthamus
Carum
Carya
Caryopteris
Caryota
Cassia
Cassinia
Cassiope
Castanea
Castanopsis
Castanospermum
Casuarina
Catalpa
Catananche
Catasetum
Catharanthus
Catopsis
Cattleya
Caulophyllum
Cautleya
Cavendishia
Ceanothus
Cedronella
Cedrus
Ceiba
Celastrus
Celmisia
Celosia
Celtis
Centaurea
Centaurium
Centradenia
Centranthus
Cephalaria
Cephalocereus
Cephalophyllum
Cephalotaxus
Ceraria
Cerastium
Ceratopetalum
Ceratophyllum
Ceratopteris
Ceratostigma
Ceratozamia
Cercidiphyllum
Cercis
Cercocarpus
Cereus
Ceropegia
Cestrum
Chaenomeles
Chaenorhinum
Chaerophyllum
Chamaecyparis
Chamaecytisus
Chamaedaphne
Chamaedorea
Chamaelirium
Chamaemelum
Chamaerops
Chamelaucium
Champion Oak
Chasmanthe
Chasmanthium
Cheilanthes
Cheiridopsis
Chelidonium
Chelone
Cherry
Cherry Birch
Chiastophyllum
Chigger Flower
Chiliotrichum
Chilopsis
Chimaphila
Chimonanthus
Chimonobambusa
Chionanthus
Chionochloa
Chionodoxa
Chionoscilla
Chirita
Chlidanthus
Choisya
Chorisia
Chorizema
Chrysalidocarpus
Chrysanthemum
Chrysogonum
Chrysolepis
Chrysosplenium
Chrysothemis
Chusquea
Cibotium
Cicerbita
Cichorium
Cimicifuga
Cinnamomum
Cionura
Cirsium
Cissus
Cistus
Citrofortunella
Citrus
Cladanthus
Cladrastis
Clarkia
Claytonia
Cleistocactus
Clematis
Cleome
Clerodendrum
Clethra
Cleyera
Clianthus
Climbing Nightshade
Clintonia
Clitoria
Clivia
Clumpfoot Cabbage
Clusia
Clytostoma
Coakum
Cobaea
Coccoloba
Coccothrinax
Cocculus
Cochlioda
Cocos
Codiaeum
Codonanthe
Codonopsis
Coelia
Coelogyne
Coix
Colchicum
Coleonema
Colic Weed
Collard
Colletia
Collinsia
Collomia
Colocasia
Colquhounia
Columnea
Colutea
Coluteocarpus
Colvillea
Colwort
Combretum
Commelina
Common Alder
Common Milkweed
Common Plantain
Common Ragweed
Common Serviceberry
Common Tansy
Common Yarrow
Comptonia
Conandron
Coneflower
Congea
Conicosia
Coniogramme
Conophytum
Consolida
Convallaria
Convolvulus
Copernicia
Copiapoa
Coprosma
Coptis
Cordia
Cordyline
Coreopsis
Coriandrum
Coriaria
Corn Sow Thistle
Corn Speedwell
Corn Thistle
Cornel
Cornelian Tree
Cornus
Corokia
Coronilla
Correa
Corryocactus
Cortaderia
Cortusa
Corydalis
Corylopsis
Corylus
Corynocarpus
Corypha
Coryphantha
Cosmos
Costus
Cotinus
Cotoneaster
Cotula
Cotyledon
Coyote Willow
Crambe
Craspedia
Crassula
Crataegus
Creek Maple
Creeping Thistle
Creeping Yellowcress
Crepis
Cress
Crinodendron
Crinum
Crocosmia
Crocus
Crossandra
Crotalaria
Crow's Nest
Crow's Toes
Crowea
Crowfoot
Cryptanthus
Cryptbergia
Cryptocoryne
Cryptomeria
Ctenanthe
Cunila
Cunninghamia
Cunonia
Cuphea
Cupressus
Curcuma
Cursed Thistle
Cutleaf Coneflower
Cutleaf Maple
Cutleaf Toothwort
Cyananthus
Cyanotis
Cyathea
Cyathodes
Cybistax
Cycas
Cyclamen
Cycnoches
Cydonia
Cymbalaria
Cymbidium
Cymbopogon
Cynara
Cynoglossum
Cypella
Cyperus
Cyphomandra
Cyphostemma
Cypripedium
Cyrilla
Cyrtanthus
Cyrtomium
Cyrtostachys
Cystopteris
Cytisus
Daboecia
Dacrydium
Dactylis
Dactylorhiza
Dahlia
Dais
Daisy
Dalea
Damask Violet
Damasonium
Dame's Gilliflower
Dame's Rocket
Dame's Violet
Dampiera
Danae
Daphne
Daphniphyllum
Darmera
Darwinia
Dasylirion
Davallia
Davidia
Deadly Nightshade
Deadnettle
Decaisnea
Decarya
Deciduous Holly
Decumaria
Deinanthe
Delonix
Delosperma
Delphinium
Dendranthema
Dendrobium
Dendrocalamus
Dendrochilum
Dendromecon
Denmoza
Dennstaedtia
Deschampsia
Desfontainia
Desmodium
Deutzia
Devil's Bite
Devil's Darning Needle
Devil's Hair
Devil's Plague
Dewberry
Dianella
Dianthus
Diascia
Dicentra
Dichelostemma
Dichondra
Dichorisandra
Dicksonia
Dicliptera
Dictamnus
Dictyosperma
Didymochlaena
Dieffenbachia
Dierama
Diervilla
Dietes
Digitalis
Dillenia
Dillwynia
Dimorphotheca
Dindle
Dionaea
Dionysia
Dioon
Dioscorea
Diospyros
Dipcadi
Dipelta
Diphylleia
Diplarrhena
Diplazium
Diplocyclos
Dipsacus
Dipteronia
Dirca
Disa
Disanthus
Discaria
Dischidia
Discocactus
Disocactus
Disporopsis
Disporum
Distictis
Distylium
Docynia
Dodecatheon
Dodonaea
Dogwood
Dombeya
Doodia
Dooryard Plantain
Doronicum
Dorotheanthus
Dorstenia
Doryanthes
Doryopteris
Downy Serviceberry
Draba
Dracaena
Dracocephalum
Dracula
Dracununculus
Dregea
Drimys
Drosanthemum
Drosera
Dryandra
Dryas
Drynaria
Dryopteris
Duchesnea
Duck Retten
Dudleya
Duranta
Duscle
Duvalia
Dwarf Wild Rose
Dyckia
Dye
Dyer's Oak
Early Wintercress
Earth Gall
Eastern Coneflower
Ebracteola
Ecballium
Eccremocarpus
Echeveria
Echidnopsis
Echinacea
Echinocactus
Echinocereus
Echinops
Echinopsis
Echium
Edgeworthia
Edithcolea
Edraianthus
Egeria
Ehretia
Eichhornia
Elaeagnus
Elaeis
Elaeocarpus
Elatostema
Eleocharis
Elettaria
Eleutherococcus
Elodea
Elsholtzia
Elymus
Embothrium
Emilia
Emmenopterys
Encelia
Encephalartos
Encyclia
English Bull's Eye
English Oak
Enkianthus
Ensete
Eomecon
Epacris
Ephedra
Epidendrum
Epigaea
Epilobium
Epimedium
Epipactis
Epiphyllum
Episcia
Epithelantha
Equisetum
Eragrostis
Eranthemum
Eranthis
Ercilla
Eremophila
Eremurus
Erica
Erigeron
Erinacea
Erinus
Eriobotrya
Eriogonum
Eriophorum
Eriophyllum
Eriostemon
Eritrichium
Erodium
Eryngium
Erysimum
Erythrina
Erythronium
Escallonia
Eschscholzia
Escobaria
Espostoa
Etlingera
Eucalyptus
Eucharis
Eucomis
Eucommia
Eucryphia
Eulophia
Euonymus
Eupatorium
Euphorbia
Euptelea
European Pellitory
European Weeping Birch
European White Birch
European White Hellebore
Eurya
Euryale
Euryops
Eustoma
Evergreen Winterberry
Evolvulus
Exacum
Exochorda
Fabiana
Fagus
Fairymoss Azolla caroliniana
Fallopia
False Alder
False Box
False Boxwood
False Hellebore
Farfugium
Fargesia
Fascicularia
Fatshederae
Fatsia
Faucaria
Felicia
Fellenwort
Felonwood
Felonwort
Fendlera
Fenestraria
Fern
Fernleaf Yarrow
Ferocactus
Ferraria
Ferula
Festuca
Feverbush
Feverfew
Fibigia
Ficus
Field Sow Thistle
Filipendula
Firmiana
Fittonia
Fitzroya
Florida Dogwood
Flowering Dogwood
Fluxroot
Fockea
Foeniculum
Fontanesia
Forsythia
Fortunella
Fothergilla
Fouquieria
Fragaria
Frailea
Francoa
Franklinia
Fraxinus
Freesia
Fremontodendron
Fritillaria
Fuchsia
Fumewort
Furcraea
Gagea
Gaillardia
Galanthus
Galax
Galega
Galium
Gallberry
Galtonia
Garden Nightshade
Gardenia
Garget
Garlic
Garlic Mustard
Garlic Root
Garrya
Gasteria
Gaultheria
Gaura
Gaylussacia
Gazania
Geissorhiza
Gelsemium
Genista
Gentiana
Gentianopsis
Geranium
Gerbera
Gesneria
Geum
Gevuina
Giant Onion
Giant Ragweed
Gibbaeum
Gilia
Gillenia
Gilliflower
Ginkgo
Gladiolus
Glaucidium
Glaucium
Gleditsia
Globba
Globularia
Gloriosa
Gloriosa Daisy
Glottiphyllum
Gloxinia
Glyceria
Glycyrrhiza
Golden Buttons
Golden Corydalis
Golden Garlic
Golden Jerusalem
Goldenglow
Gomphocarpus
Gomphrena
Goniolimon
Goodding Willow
Goodyera
Goose Tongue
Gordaldo
Gordonia
Graptopetalum
Graptophyllum
Graptoveria
Gray Alder
Gray Birch
Great Ragweed
Greater Henbit
Greater Plantain
Green Ash
Green Thistle
Grevillea
Grewia
Greyia
Grindelia
Griselina
Groundberry
Gunnera
Gutweed
Guzmania
Gymnocalycium
Gymnocarpium
Gymnocladus
Gynandriris
Gynura
Gypsophila
Haageocereus
Haastia
Habenaria
Haberlea
Habranthus
Hacquetia
Haemanthus
Hairy Bittercress
Hakea
Hakonechloa
Halesia
Halimiocistus
Halimium
Halimodendron
Hamamelis
Haplopappus
Hard Thistle
Hardenbergia
Hare's Colwort
Hare's Thistle
Harlequin
Harrisia
Hatiora
Haworthia
Hay Fever Weed
Healing Blade
Hebe
Hechtia
Hedera
Hedge Plant
Hedychium
Hedyotis
Hedysarum
Hedyscepe
Helenium
Helianthemum
Helianthus
Helichrysum
Heliconia
Helictotrichon
Heliocereus
Heliophila
Heliopsis
Heliotropium
Hellebore
Helleborus
Heloniopsis
Hemerocallis
Hemigraphis
Hemp Dogbane
Hen Plant
Henbit
Henbit Deadnettle
Hepatica
Heptacodium
Heracleum
Herb Barbara
Herbertia
Hereroa
Hermannia
Hermodactylus
Hesperaloe
Hesperantha
Hesperis
Hesperocallis
Heterocentron
Heterotheca
Heuchera
Heucherella
Hibbertia
Hibiscus
Hieracium
Himalayacalamus
Hippeastrum
Hippocrepis
Hippophae
Hispid Swamp Blackberry
Hogweed
Hohenbergia
Hohenbergiopsis
Hoheria
Holboellia
Holcus
Holly
Holmskioldia
Holodiscus
Homalocladium
Homeria
Honey Mesquite
Hoodia
Hordeum
Horminum
Horse Cane
Horse Nettle
Horsetail Milkweed
Hosta
Hottonia
Hound's Berry
Houseleek
Houttuynia
Hovea
Hovenia
Howea
Hoya
Huernia
Hummemannia
Humulus
Huntleya
Hyacinthella
Hyacinthoides
Hyacinthus
Hydrangea
Hydrastis
Hydrocharis
Hydrocleys
Hydrocotyle
Hygrophila
Hylocereus
Hylomecon
Hymenocallis
Hymenosporum
Hyophorbe
Hyoscyamus
Hypericum
Hyphaene
Hypocalymma
Hypoestes
Hypoxis
Hypsela
Hyssopus
Iberis
Ibervillea
Idesia
Ilex
Illicium
Impatiens
Imperata
Incarvillea
Indian Arrowwood
Indian Hemp
Indian Paintbrush
Indian Poke
Indian Posy
Indigofera
Inkberry
Inkberry Holly
Inula
Iochroma
Ipheion
Ipomoea
Ipomopsis
Iresine
Iris
Isatis
Isle of Man Cabbage
Isoplexis
Isopyrum
Itchweed
Itea
Ixia
Ixiolirion
Ixora
Jaborosa
Jacaranda
Jacquemontia
Jamesia
Jancaea
Japanese Flowering Dogwood
Jasione
Jasminum
Jatropha
Jeffersonia
Jovellana
Jovibarba
Juanulloa
Jubaea
Juglans
Juncus
Juneberry
Juniper
Juniperus
Justicia
Kadsura
Kaempferia
Kalanchoe
Kalimeris
Kalmia
Kalmiopsis
Kalopanax
Keek
Kelseya
Kerria
Kigelia
Kinnikinnik
Kirengeshoma
Kitaibela
Kleinia
Knautia
Knightia
Kniphofia
Koeleria
Koelreuteria
Kohleria
Kolkwitzia
Kosteletzkya
Kousa
Kousa Dogwood
Kunzea
Lablab
Laburnum
Laccospadix
Laceflower
Lachenalia
Laelia
Laeliocattleya
Lagarosiphon
Lagerstroemia
Lagunaria
Lagurus
Lamarckia
Lamb's Cress
Lamb's Foot
Lambertia
Lamium
Lampranthus
Land Cress
Lantana
Lapageria
Lardizabala
Larix
Larrea
Latania
Lathraea
Lathyrus
Laurelia
Laurus
Lavandula
Lavatera
Lawsonia
Layia
Leatherleaf Viburnum
Ledebouria
Ledodendron
Ledum
Leea
Leek
Legenophora
Legousia
Leiophyllum
Leipoldtia
Leitneria
Lemboglossum
Lenophyllum
Leonotis
Leontice
Leontopodium
Lepidozamia
Leptinella
Leptodactylon
Leschenaultia
Lespedeza
Leucadendron
Leucanthemella
Leucanthemopsis
Leucanthemum
Leuchtenbergia
Leucocoryne
Leucogenes
Leucojum
Leucophyllum
Leucophyta
Leucopogon
Leucoraoulia
Leucospermum
Leucothoe
Lewisia
Leycesteria
Leymus
Liatris
Libertia
Libocedrus
Ligularia
Ligustrum
Lilac
Lilium
Lily Leek
Limnanthes
Limnocharis
Limonium
Linanthus
Linaria
Lindelofia
Lindera
Lindheimeria
Linnaea
Linospadix
Linum
Liquidambar
Liriodendron
Liriope
Lithocarpus
Lithodora
Lithophragma
Lithops
Littonia
Livistona
Lloydia
Loasa
Lobelia
Lobularia
Lodoicea
Loiseleuria
Lomandra
Lomatia
Lomatium
Lomatophyllum
Lonicera
Lopezia
Lophomyrtus
Lophospermum
Lophostemon
Loropetalum
Lotus
Love Vine
Low Rose
Luculia
Ludwigia
Luma
Lunaria
Lupinus
Luzula
Lycaste
Lychnis
Lycium
Lycopodium
Lycoris
Lygodium
Lyonia
Lyonothamnus
Lysichiton
Lysiloma
Lysimachia
Lythrum
Maackia
Macfadyena
Machaeranthera
Mackaya
Macleania
Macleaya
Maclura
Macropidia
Macrozamia
Magnolia
Mahogany Birch
Mahonia
Maianthemum
Maihuenia
Malcolmia
Malephora
Malope
Malpighia
Malus
Malva
Malvastrum
Malvaviscus
Mammillaria
Mandevilla
Mandragora
Manettia
Manglietia
Maple
Maple Ash
Maranta
Margyricarpus
Marrubium
Marsilea
Masdevallia
Matteuccia
Matthiola
Maurandella
Maurandya
Maxillaria
Maytenus
Mazus
Meadow Cabbage
Meadow Holly
Meconopsis
Medicago
Medinilla
Meehania
Megacodon
Megaskepasma
Melaleuca
Melasphaerula
Melastoma
Melia
Melianthus
Melica
Melicytus
Melinis
Meliosma
Melissa
Melittis
Melocactus
Menispermum
Mentha
Mentzelia
Menyanthes
Menziesia
Merendera
Merremia
Mertensia
Mespilus
Mesquite
Metasequoia
Metrosideros
Meum
Mexicoa
Michauxia
Michelia
Microbiota
Microcachrys
Microlepia
Micromeria
Mikania
Milfoil
Milium
Milk Thistle
Milkweed
Milky Tassel
Milla
Millettia
Miltonia
Miltoniopsis
Mimetes
Mimosa
Mimulus
Mirabilis
Mirbeck's Oak
Miscanthus
Mitchella
Mitella
Mitraria
Molinia
Moltkia
Moluccella
Monadenium
Monanthes
Monarda
Monardella
Monstera
Moraea
Morel
Morina
Morisia
Morus
Mosquito Fern
Mosquito Plant
Mossycup Oak
Mossycup White Oak
Mountain Mahogany
Mucuna
Muehlenbeckia
Mukdenia
Mulberry
Multiflora Rose
Musa
Muscari
Mussaenda
Mutisia
Myoporum
Myosotidium
Myosotis
Myrica
Myriophyllum
Myrrhis
Myrsine
Myrteola
Myrtillocactus
Myrtus
Nandina
Narcissus
Nasturtium
Nature's Mistake
Nautilocalyx
Nectaroscordium
Neillia
Nelumbo
Nematanthus
Nemesia
Nemopanthus
Nemophila
Neobuxbaumia
Neolitsea
Neolloydia
Neomarica
Neoporteria
Neoregelia
Nepenthes
Nepeta
Nephrolepis
Nerine
Nerium
Nertera
Nettle
Nicandra
Nicotiana
Nidularium
Nierembergia
Nigella
Nigger Daisy
Night Scented Gilliflower
Nightshade
Nipponanthemum
Nodding Onion
Nodding Thistle
Nolana
Nomocharis
Nopalxochia
Nosebleed
Nothofagus
Notholirion
Nothoscordum
Notospartium
Nuphar
Nymania
Nymphaea
Nymphoides
Nyssa
Oak
Obregonia
Ochagavia
Ochna
Ocimum
Odontioda
Odontocidium
Odontoglossum
Odontonema
Odontonia
Oemleria
Oenanthe
Oenothera
Old Man's Pepper
Olea
Olearia
Olneya
Olsynium
Omphalodes
Omphalogramma
Oncidium
Onion
Onoclea
Ononis
Onopordum
Onosma
Oophytum
Ophiopogon
Ophrys
Ophthalmophyllum
Oplismenus
Opuntia
Orange Coneflower
Orange Milkweed
Orange Swallow
Orbea
Orbeopsis
Orchis
Oreocereus
Origanum
Orixa
Ornithogalum
Ornithophora
Orontium
Orostachys
Oroya
Ortegocactus
Orthophytum
Orthrosanthus
Orychophragmus
Oryza
Osage
Osage Apple
Osage Orange
Osbeckia
Osier
Osmanthus
Osmarea
Osmaronia
Osmunda
Osteomeles
Osteospermum
Ostrowskia
Ostrya
Othonna
Ourisia
Oxalis
Oxydendrum
Ozothamnus
Pachistima
Pachycereus
Pachycormus
Pachycymbium
Pachyphragma
Pachyphytum
Pachypodium
Pachysandra
Pachystachys
Pachystegia
Pachystima
Pachyveria
Paeonia
Pale Corydalis
Paliurus
Pamianthe
Panax
Pancratium
Pandanus
Pandorea
Panicum
Papaver
Paper Birch
Paphiopedilum
Paradisea
Parahebe
Paraquilegia
Parkinsonia
Parnassia
Parochetus
Parodia
Paronychia
Parrotia
Parrotiopsis
Parsnip
Parthenocissus
Passiflora
Patersonia
Patrinia
Paulownia
Paurotis
Pavonia
Pedilanthus
Pediocactus
Pedunculate Oak
Pelargonium
Pellaea
Pellitory
Peltandra
Peltoboykinia
Peltophorum
Peniocereus
Pennisetum
Pennsylvania Blackberry
Penny Hedge
Penstemon
Pentachrondra
Pentaglottis
Pentas
Peperomia
Pepper Root
Peraphyllum
Perennial Thistle
Pereskia
Perezia
Pericallis
Perilla
Periploca
Pernettya
Perovskia
Persea
Persicaria
Petasites
Petrea
Petrocosmea
Petrophile
Petrophyton
Petrophytum
Petrorhagia
Petroselinum
Petteria
Petty Morel
Petunia
Phacelia
Phaedranassa
Phaius
Phalaenopsis
Phalaris
Phebalium
Phegopteris
Phellodendron
Philadelphus
Philageria
Philesia
Phillyrea
Philodendron
Phlebodium
Phlomis
Phlox
Phormium
Photinia
Phragmipedium
Phragmites
Phuopsis
Phygelius
Phylica
Phylliopsis
Phyllocladus
Phyllodoce
Phyllostachys
Phyllothamnus
Physalis
Physaria
Physocarpus
Physoplexis
Physostegia
Phyteuma
Phytolacca
Picea
Picrasma
Pieris
Pigeon Berry
Pilea
Pileosella
Pileostegia
Pilosocereus
Pimelea
Pimpinella
Pin Oak
Pinanga
Pinckneya
Pinellia
Pinguicula
Pink Corydalis
Pink Cyclamen
Pinus
Piper
Piptanthus
Pisonia
Pistacia
Pistia
Pitcairnia
Pithecellobium
Pittosporum
Pityrogramma
Plantago
Plantain
Platanus
Platycarya
Platycerium
Platycladus
Platycodon
Platystemon
Plectranthus
Pleioblastus
Pleione
Pleiospilos
Pleurisy Root
Pleurothallis
Plumeria
Poa
Pocan Bush
Podalyria
Podocarpus
Podophyllum
Podranea
Poisonberry
Poisonflower
Poke
Pokeroot
Pokeweed
Polecat Weed
Polemonium
Polianthes
Poliothyrsis
Polkweed
Polygala
Polygonatum
Polygonum
Polypodium
Polyscias
Polystichum
Poncirus
Pongamia
Pontederia
Poor Annie
Poor Man's Mustard
Poorland Daisy
Populus
Porana
Portea
Portulaca
Portulacaria
Posoqueria
Possumhaw
Potamogeton
Potentilla
Pothos
Potinara
Prairie Rose
Pratia
Prickly Thistle
Primula
Prinsepia
Pritchardia
Proboscidea
Promenaea
Prosopis
Prostanthera
Protea
Prumnopitys
Prunella
Prunus
Pseuderanthemum
Pseudocydonia
Pseudolarix
Pseudopanax
Pseudosasa
Pseudotsuga
Pseudowintera
Psiolotum
Psychopsis
Psylliostachys
Ptelea
Pteris
Pterocactus
Pterocarya
Pteroceltis
Pterocephalus
Pterodiscus
Pteropogon
Pterostyrax
Ptilotus
Ptychosperma
Pueraria
Pulmonaria
Pulsatilla
Pultenaea
Punica
Purple
Purple Raspberry
Purshia
Puschkinia
Putoria
Puya
Pycnanthemum
Pycnostachys
Pyracantha
Pyrola
Pyrostegia
Pyrrosia
Pyrus
Quamoclit
Quaqua
Queen Anne's Lace
Queen's Gilliflower
Quercitron
Quercus
Quesnelia
Quisqualis
Radical Weed
Ragweed
Rambler Rose
Ramonda
Rantipole
Ranunculus
Ranzania
Raoulia
Raphia
Raspberry
Ratibida
Ravenala
Rebutia
Red Ash
Red Birch
Red Ink Plant
Red Mulberry
Red Oak
Red Osier
Red River Maple
Red Willow
Redbrush
Redweed
Rehderodendron
Rehmannia
Reineckia
Reinwardtia
Reseda
Retama
Rhamnus
Rhaphidophora
Rhaphiolepis
Rhapidophyllum
Rhapis
Rheum
Rheumatism Root
Rhexia
Rhipsalis
Rhodanthe
Rhodanthemum
Rhodiola
Rhodochiton
Rhododendron
Rhodohypoxis
Rhodophiala
Rhodothamnus
Rhodotypos
Rhoeo
Rhoicissus
Rhombophyllum
Rhus
Rhynchelytrum
Rhynchostylis
Ribes
Ribwort
Richea
Ricinus
Rigidella
River Ash
River Birch
River Maple
Roadweed
Robinia
Rochea
Rock Harlequin
Rocketcress
Rodgersia
Rodriguezia
Rogue's Gilliflower
Rohdea
Roman Wormwood
Romanzoffia
Romneya
Romulea
Rondeletia
Rosa
Roscoea
Rose Milkweed
Rose Willow
Rosmarinus
Rossioglossum
Rothmannia
Roundleaf Plantain
Roystonea
Rubus
Rudbeckia
Ruellia
Rum Cherry
Rumex
Rumohra
Running Swamp Blackberry
Rupicapnos
Ruschia
Ruscus
Russelia
Ruta
Sabal
Saccharum
Sadleria
Sagina
Sagittaria
Saintpaulia
Salix
Salpiglossus
Salvia
Salvinia
Sambucus
Sanchezia
Sand Brier
Sandersonia
Sanguinaria
Sanguinary
Sanguisorba
Sansevieria
Santolina
Sanvitalia
Sapindus
Sapium
Saponaria
Sarcocapnos
Sarcocaulon
Sarcococca
Saritaea
Sarmienta
Sarracenia
Sasa
Sassafras
Satureja
Sauromatum
Saxegothaea
Saxifraga
Scabiosa
Scadoxus
Scaevola
Scarlet Berry
Scarlet Oak
Schefflera
Schima
Schinus
Schisandra
Schizachyrium
Schizanthus
Schizopetalon
Schizophragma
Schizostylis
Schlumbergera
Schoenoplectus
Schomburgkia
Schotia
Schwantesia
Sciadopitys
Scilla
Scindapsus
Scirpoides
Sclerocactus
Scoke
Scoliopsus
Scopolia
Scotch Cap
Scrambled Eggs
Screwbean Mesquite
Scrophularia
Scrub Oak
Scurvy Cress
Scurvy Grass
Scutellaria
Securinega
Sedum
Selaginella
Selago
Selenicereus
Selinum
Semele
Semiaquilegia
Semiarundinaria
Sempervivum
Senecio
Senna
Sequoia
Sequoiadendron
Seriphidium
Serissa
Serruria
Serviceberry
Sesbania
Sesleria
Sessile Oak
Setaria
Shadblow
Shadblow Serviceberry
Shadbush
Shepherdia
Shibataea
Shortia
Sibiraea
Sidalcea
Sideritis
Silene
Silkweed
Silky Cornel
Silky Dogwood
Silky Swallow
Silphium
Silver Birch
Silver Maple
Silverleaf Maple
Silybum
Simmondsia
Sinningia
Sinocalycanthus
Sinofranchetia
Sinojackia
Sinowilsonia
Sisyrinchium
Skimmia
Skunk Cabbage
Skunkweed
Smilacina
Smilax
Smithiantha
Smyrnium
Snakeberry
Sneezeweed
Sneezewort
Sneezewort Yarrow
Sobralia
Soft Maple
Solandra
Solanum
Soldanella
Soldier's Woundwort
Soleirolia
Solenopsis
Solenostemon
Solidago
Solidaster
Sollya
Sonerila
Sophora
Sophrolaeliocattleya
Sophronitis
Sorbaria
Sorbus
Sorghastrum
Spanish Oak
Sparaxis
Sparganium
Sparrmania
Spartina
Spartium
Spathiphyllum
Spathodea
Speckled Alder
Speedwell
Sphaeralcea
Spice Birch
Spigelia
Spiny
Spiny Sow Thistle
Spiraea
Spoolwood
Sporobolus
Spotted Oak
Sprekelia
Sprianthes
Spring Cress
Squaw Bush
Stachys
Stachyurus
Stag Bush
Stammerwort
Stangeria
Stanhopea
Stapelia
Stapelianthus
Staphylea
Stauntonia
Stenanthium
Stenocactus
Stenocarpus
Stenocereus
Stenomesson
Stenotaphron
Stenotus
Stephanandra
Stephanocereus
Stephanotis
Sternbergia
Stickweed
Stigmaphyllon
Stipa
Stokesia
Stomatium
Stratiotes
Strelitzia
Streptocarpus
Streptosolen
Striped Alder
Strobilanthes
Stromanthe
Strombocactus
Strongylodon
Stuartia
Stylidium
Stylophorum
Styphelia
Styrax
Succisa
Sugar Maple
Sugarplum
Sulcorebutia
Summer Lilac
Sutera
Sutherlandia
Swainsona
Swainsonia
Swallow
Swamp Ash
Swamp Cabbage
Swamp Dewberry
Swamp Dogwood
Swamp Hellebore
Swamp Holly
Swamp Maple
Swamp Milkweed
Swamp Oak
Swamp Silkweed
Swamp Spanish Oak
Swamp White Oak
Sweet Birch
Sweet Potato
Sweet Potato Vine
Sweet Rocket
Swine Thistle
Swinies
Syagrus
Sycoparrotia
Sycopsis
Symphoricarpos
Symphyandra
Symphytum
Symplocos
Synadenium
Syneilesis
Syngonium
Synnotia
Synthyris
Syringa
Syzygium
Tabebuia
Tabernaemontana
Tacca
Tagetes
Talinum
Tall Ambrosia
Tall Coneflower
Tamarix
Tanacetum
Tanakaea
Tanakea
Tansy
Tapeinochilus
Tassel Weed
Taxodium
Taxus
Tecoma
Tecomanthe
Tecomaria
Tecophilaea
Telekia
Telephium
Tellima
Telopea
Templetonia
Terminalia
Ternstroemia
Tetracentron
Tetradium
Tetranema
Tetraneuris
Tetrapanax
Tetrastigma
Tetratheca
Teucrium
Thalia
Thalictrum
Thelesperma
Thelocactus
Thelypteris
Thermopsi
Thespesia
Thevetia
Thimbleberry
Thimbleweed
Thistle
Thlaspi
Thrinax
Thryptomene
Thuja
Thujopsis
Thunbergia
Thymophylla
Thymus
Tiarella
Tibouchina
Tickleweed
Tigridia
Tilia
Tillandsia
Tipuana
Titanopsis
Tithonia
Todea
Tolmiea
Tolpis
Toona
Toothwort
Torenia
Torreya
Tovara
Townsendia
Trachelium
Trachelospermum
Trachycarpus
Trachymene
Tradescantia
Trailing Bittersweet
Trailing Nightshade
Trapa
Traveller's Joy
Tread
Tree Onion
Tree Sow Thistle
Tree Tobacco
Trichodiadema
Trichosanthes
Tricyrtis
Trientalis
Trifolium
Trillium
Tripetaleia
Tripterygium
Triteleia
Tritonia
Trochodendron
Trollius
Tropaeolum
Tsuga
Tsusiophyllum
Tuber
Tuberaria
Tulbaghia
Tulipa
Tweedia
Tylecodon
Typha
Uebelmannia
Ugni
Ulex
Ulmus
Umbellularia
Uncinia
Uniola
Upland Cress
Urceolina
Urginea
Ursinia
Utricularia
Uvularia
Vaccinium
Valeriana
Vallea
Vancouveria
Vanda
Vanilla
Veitchia
Vellozia
Veltheimia
Venidium
Veratrum
Verbascum
Verbena
Vernonia
Veronica
Veronicastrum
Verticordia
Vestia
Viburnum
Victoria
Vigna
Viguiera
Vinca
Viola
Violet
Violet Bloom
Virgilia
Virgin's Bower
Virginia Silkweed
Virginia Virgin's Bower
Virginia Winterberry
Viscaria
Vitaliana
Vitex
Vitis
Vriesea
Wachendorfia
Wahlenbergia
Waldsteinia
Wall Speedwell
Washingtonia
Water Ash
Water Birch
Water Fern
Water Maple
Watsonia
Way Thistle
Waybread
Wayside Plantain
Weberocereus
Wedelia
Weeping Birch
Weigela
Weingartia
Weldenia
Welwitschia
Westringia
Whiskey Cherry
White Alder
White Ash
White Birch
White Cornel
White Hellebore
White Indian Hemp
White Man's Foot
White Maple
White Mulberry
White Oak
White Tansy
Whorled Milkweed
Widdringtonia
Wigandia
Wigginsia
Wikstroemia
Wild Black Cherry
Wild Carrot
Wild Cherry
Wild Cotton
Wild Garlic
Wild Hops
Wild Onion
Wild Orange
Wild Pellitory
Wild Rose
Wild Tansy
Willow
Wilsonaria
Windroot
Wineberry
Winter Gilliflower
Winter Rocket
Winterberry
Winterberry Holly
Wintercress
Wisteria
Wittrockia
Wolffia
Woodbine
Woodsia
Woodwardia
Woody Nightshade
Wormwood
Worsleya
Wound Rocket
Wulfenia
Xanthoceras
Xanthorhiza
Xanthosoma
Xeranthemum
Xerophyllum
Xylosma
Yarrow
Yellow Birch
Yellow Coneflower
Yellow Corydalis
Yellow Daisy
Yellow Fieldcress
Yellow Fumewort
Yellow Harlequin
Yellow Milkweed
Yellow Ox
Yellow Rocket
Yellowbark Oak
Yellowwood
Yucca
Yushania
Zaluzianskya
Zamia
Zantedeschia
Zanthoxylum
Zauschneria
Zea
Zelkova
Zenobia
Zephyranthes
Zigadenus
Zinnia
Zizania
Zygopetalum
