Abel Reservoir
Acton Lake
Aliceville Lake
Alkali Lake
Allgunnen
Alturas Lake
Altus Lake
Amelia Lake
Ammersee
Amungen
Apple Canyon Lake
Aral Sea
Arbuckle Lake
Arcadia Lake
Arendsee
Arkabutla Lake
Asunden
Attar Lake
Attersee
Aussenalster
Aylesworth Creek Lake
Bahr al Milh
Bala Lake
Baldeneysee
Ball Mountain Lake
Bankhead Lake
Bantam Lake
Barkhamsted Reservoir
Baron Lake
Barren River Lake
Bassin de Thau
Bayou D'Arbonne Lake
Bear Creek Reservoir
Bear Lake
Beaver Creek Reservoir
Beaver Lake
Beaverdam Creek Reservoir
Beaverdam Swamp Reservoir
Becharof Lake
Bederkesaer See
Beech Fork Lake
Belmont Lake
Beltra Lough
Beseck Lake
Bevin Pond
Big Stone Lake
Big Stone Lake
Binnenalster
Birch Lake
Birkat Qarun
Black Lake
Blue Marsh Lake
Blue Ridge Lake
Bluestone Lake
Bluewater Lake
Boltz Lake
Borith Lake
Bowman Lake
Brady Lake
Brahmsee
Brantley Lake
Briery Creek Lake
Broken Bow Lake
Buckhorn Lake
Buggs Island Lake
Buhayrat al Asad
Buhayrat al Burullus
Buhayrat al Manzilah
Buhayrat Idku
Bull Shoals Lake
Bull Shoals Lake
Bullensee
Bullock Pen Lake
Burke Lake
Burnsville Lake
Burnt Mills Reservoir
Burt Lake
Buttermere
Caballo Lake
Cabora Bassa Lake
Caburgua Lake
Caddo Lake
Caddo Lake
Caesars Creek Lake
Calafquen Lake
Calcasieu Lake
Canadice Lake
Canandaigua Lake
Candlewood Lake
Canonsburg Lake
Canton Lake
Canyon Ferry Lake
Carlyle Lake
Carr Creek Lake
Carrowmore Lake
Caspian Sea
Cass Lake
Cass Lake
Cass Lake
Catahoula Lake
Cave Run Lake
Cayuga Lake
Cayuta Lake
Cazenovia Lake
Cedar Creek Lake
Cedar Creek Lake
Cedar Lake
Cedar Lake
Chachor Lake
Chambri Lake
Chargoggagoggmanchauggagoggchaubunagungamaugg
Chatuge Lake
Chatuge Lake
Chautauqua Lake
Cheat Lake
Chew Valley Lake
Chickahominy Reservoir
Chiemsee
Chilika
Clarence J. Brown Reservoir
Clark Lake
Clayton Lake
Claytor Lake
Clear Lake
Clinton Lake
Cochiti Lake
Cochrane Lake
Cocodrie Lake
Conchas Lake
Conemaugh River Lake
Coniston Water
Conowingo Reservoir
Copan Lake
Cosley Lake
Cowan Lake
Cowanesque Lake
Cranberry Lake
Crater Lake
Creek Lake
Crescent Lake
Crooked Creek Lake
Cross Lake
Crystal Lake
Curwensville Lake
Cypress Lake
Dale Hollow Lake
Dead Sea
Deep Creek Lake
Deer Island Lake
DeGray Lake
Delta Lake
Derwent Water
Detroit Lake
Devils Kitchen Lake
Devil's Lake
Dewey Lake
Diascund Reservoir
Doe Valley Lake
Don Pedro
Donner Lake
Doxa lake
Dudibach Lake
Dudipatsar Lake
Dutch Fork Lake
Eagle Lake
East Branch Clarion River Lake
East Lynn Lake
East Okoboji Lake
Eemmeer
Eibsee
El Vado Lake
Elephant Butte Lake
Elk Fork Lake
Elk Lake
Elmer Davis Lake
Emporia Reservoir
Enid Lake
Etang de Berre
Etang de Carcans
Etang de Cazaux
Etang de Vaccares
Etang d'Hourtin
Eufaula Lake
Faaker See
Fairy Stone Lake
Fall River Lake
Fenton Lake
Fish Lake
Fishtrap Lake
Flannagan Reservoir
Flathead Lake
Fleesensee
Fort Cobb Lake
Fort Gibson Lake
Fort Supply Lake
Fulton Chain Lakes
Fuschlsee
Gainsville Lake
Gantt Lake
Gatewood Reservoir
Gatun Lake
General Carrera Lake
Germantown Lake
Glaslyn
Glen Lake
Gooimeer
Goose Lake
Goose Lake
Gothensee
Grand Lake
Grand Lake o' the Cherokees
Grasmere
Grays Lake
Grayson Lake
Great Bitter Lake
Great Creek Watershed Lake
Great Sacandaga Lake
Great Salt Lake
Green River Lake
Greenbo Lake
Greers Ferry Lake
Grenada Lake
Grevelingenmeer
Guarapiranga
Guist Creek Lake
Gull Lake
Habbaniya
Hackberry Lake
Haleji Lake
Hallstatter See
Halterner See
Hanna Lake
Harlan County Lake
Harry S. Truman Dam and Reservoir
Harwoods Mill Reservoir
Hauser Lake
Hawks Nest Lake
Heart Lake
Hebgen Lake
Helgasjon
Hemlock Lake
Henrys Lake
Heron Lake
Herrington Lake
Heyburn Lake
Higgins Lake
Hjalmaren
Holiday Lake
Holt Lake
Honeyoye Lake
Hornindalsvatnet
Horsehead Lake
Horseshoe Lake
Houghton Lake
Hubbard Lake
Hulah Lake
Humboldt Sink
Hungry Mother Lake
Hunters Lake
Iliamna Lake
Imogene Lake
Indian Lake
Inland Lake
Irrsee
Isabella Lake
Issyk Kul
Jackson Lake
Jassyk Kul
Jennings Randolph Lake
Jimmy Smith Lake
Jordan Lake
Kachura Lake
Kainji Lake
Kallar Kahar
Karambar Lake
Kaw Lake
Keenjhar Lake
Kellersee
Kentucky Lake
Kentucky Lake
Ketelmeer
Keuka Lake
Keystone Lake
Kiantajarvi
Kielder Water
Kinkaid Lake
Kinkaid Lake
Kintla Lake
Klopeiner See
Kutwal Lake
Lac d'Aiguebelette
Lac de Bicarrosse et de Parentis
Lac de Grand Lieu
Lac de Lacanau
Lac de Paladru
Lac de Serre-Poncon
Lac Des Allemands
Lac d'Orient
Lac du Der-Chantecog
Lac du Saint-Point
Lac Vieux Desert
Lago Alto del Flumendosa
Lago Ampollino
Lago Arvo
Lago de Atitlan
Lago de Managua
Lago de Nicaragua
Lago del Coghinas
Lago di Cecita
Lago di Lesina
Lago di Varano
Lago di Varese
Lago di Vico
Lago d'Idro
Lago d'Orta
Lago Omodeo
Lago Puccini
Laguna de Mexico
Laguna Tortuga
Laguna Verde
Lake Abaya
Lake Aci
Lake Agassiz
Lake Agua Milpa
Lake Aksehir
Lake Albert
Lake Alice
Lake Allatoona
Lake Almanor
Lake Amatitlan
Lake Angostura
Lake Anna
Lake Annecy
Lake Apopka
Lake Arthur
Lake Ashtabula
Lake Atitlan
Lake Awendaw
Lake Ayarza
Lake Ba Mau
Lake Babcock
Lake Bacalar 
Lake Baccarac
Lake Bafa
Lake Baikal
Lake Balaton
Lake Balkhash
Lake Bangweulu
Lake Baringo
Lake Barkley
Lake Barkley
Lake Bay
Lake Bay Mau
Lake Bemidji
Lake Berryessa
Lake Beshear
Lake Beysehir
Lake Big Prespa
Lake Bisina
Lake Bistineau
Lake Biwa
Lake Bled
Lake Bogoria
Lake Bohinj
Lake Bolsena
Lake Bowdoin
Lake Bracciano
Lake Brosno
Lake Burdur
Lake Burigi
Lake Burton
Lake Bustillos
Lake Calumet
Lake Catemaco
Lake Cercinitis
Lake Cerknica
Lake Cerro Prieto
Lake Chad
Lake Chad
Lake Chalco
Lake Champlain
Lake Champlain
Lake Chapala
Lake Chapultepec
Lake Charlevoix
Lake Chelan
Lake Chesdin
Lake Chew Bahir
Lake Chichancanab in Quintana Roo
Lake Chilwa
Lake Cildir
Lake Claiborne
Lake Clark
Lake Coeur d'Alene
Lake Comedero in Sinaloa
Lake Como
Lake Conner
Lake Constance
Lake Crescent
Lake Cuchillo in Nuevo Leon
Lake Cuitzco in Michoacan
Lake Cumberland
Lake Dabie
Lake Darling
Lake Daze Co
Lake Dian
Lake Doiran
Lake Doirani
Lake Dominguez
Lake Dongting
Lake Drawsko
Lake Drummond
Lake Dystos
Lake Ecatepec
Lake Edward
Lake Egridir
Lake Egypt
Lake Elmenteita
Lake Elwell
Lake Erie
Lake Espanola
Lake Eufala
Lake Evendim
Lake Eyasi
Lake Fairfax
Lake Fitri
Lake Frederick
Lake Gaillard
Lake Garda
Lake Gardno
Lake Gaston
Lake Gaston
Lake Geneva
Lake George
Lake George
Lake George
Lake George
Lake Giang Vo
Lake Gogebic
Lake Gohar
Lake Goplo
Lake Gordon
Lake Granby
Lake Greenwood
Lake Greeson
Lake Guerrero
Lake Guntersville
Lake Habeeb
Lake Hamun
Lake Harding
Lake Harding
Lake Harney
Lake Harris
Lake Hartwell
Lake Hartwell
Lake Haukivesi
Lake Heviz
Lake Hidalgo
Lake Hirfanli baraji
Lake Hoan Kiem
Lake Hopatcong
Lake Hubert
Lake Huites
Lake Huron
Lake Ikimba
Lake Ilmen
Lake Inari
Lake Ioannina
Lake Iseo
Lake Istokpoga
Lake Itasca
Lake Izabal
Lake Izabal
Lake Iznik
Lake Jackson
Lake Jamno
Lake Jeziorak
Lake Jipe
Lake Kabetogama
Lake Kallavesi
Lake Kariba
Lake Kastoria
Lake Kastoria
Lake Keitele
Lake Kickapoo
Lake Kilby
Lake Kissimmee
Lake Kitangiri
Lake Kivu
Lake Koronia
Lake Koronia
Lake Krn
Lake Kus
Lake Kwania
Lake Kyoga
Lake Ladoga
Lake Ladon
Lake Ladon
Lake Lagkada
Lake Lagkada
Lake Lanao
Lake Lanier
Lake Lappajarvi
Lake Lavaderos
Lake Lebsko
Lake Leelanau
Lake Limboto
Lake Linville
Lake Logipi
Lake Lucerne
Lake Lurleen
Lake Lysimacha
Lake Lysimacha
Lake Macatawa
Lake Magadi
Lake Maggiore
Lake Mai-Ndombe
Lake Malone
Lake Mamry
Lake Managua
Lake Manassas
Lake Maninjau
Lake Manyara
Lake Manyas
Lake Maracaibo
Lake Maratanza
Lake Mareotis
Lake Marion
Lake Matana
Lake Mateos
Lake Maurepas
Lake Maury
Lake McConaughy
Lake McDonald
Lake Mdutu
Lake Mead
Lake Meade
Lake Mendez
Lake Merritt
Lake Michigan
Lake Michigan
Lake Michigan
Lake Michigan
Lake Miedwie
Lake Mimbres
Lake Minnetonka
Lake Mithrim
Lake Mocuzari
Lake Monoun
Lake Moomaw
Lake Moultrie
Lake Muhlenberg
Lake Mweru
Lake Mweru Wantipa
Lake Naivasha
Lake Nakuru
Lake Nasser
Lake Nasser
Lake Natron
Lake Nero
Lake Neuchatel
Lake Ngami
Lake Nicaragua
Lake Niegocin
Lake Novillo
Lake Nubia
Lake Nyasa
Lake Nyos
Lake Obregon
Lake of Bourget
Lake of Lugano
Lake of the Clouds
Lake of the Ozarks
Lake of the Woods
Lake Ohrid
Lake Okeechobee
Lake Onega
Lake Ontario
Lake Orange
Lake Oroville
Lake Ouachita
Lake Oulujarvi
Lake Ozette
Lake Paijanne
Lake Palmito
Lake Paniai
Lake Paranoa
Lake Paztcuaro
Lake Peipus
Lake Peipus
Lake Pend Oreille
Lake Peten Itza
Lake Pickwick
Lake Pielinen
Lake Pihlajavesi
Lake Pillsbury
Lake Pippen
Lake Placid
Lake Pleasant
Lake Pocotopaug
Lake Pogradec
Lake Pontchartrain
Lake Poso
Lake Powai
Lake Powell
Lake Powell
Lake Prince
Lake Pskov
Lake Purdy
Lake Pyhajarvi
Lake Qinghai
Lake Quinault
Lake Quinsigamond
Lake Rabun
Lake Rathbun
Lake Rico
Lake Rukwa
Lake Saganaga
Lake Sagara
Lake Saimaa
Lake Sakakawea
Lake Salto
Lake Salvador
Lake Sammamish
Lake San Lorenzo
Lake Santiaguillo
Lake Seliger
Lake Seminole
Lake Seminole
Lake Sentani Lakes
Lake Sevan
Lake Sherburne
Lake Sherwood
Lake Sidenreng
Lake Sinclair
Lake Singkarak
Lake Skadar
Lake Small Prespa
Lake Smith
Lake Sniardwy
Lake St Clair
Lake St. Martin
Lake Strom Thurmond
Lake Stymfalia
Lake Stymfalia
Lake Sunapee
Lake Superior
Lake Taal
Lake Tahoe
Lake Tahoe
Lake Taihu
Lake Taka
Lake Taka
Lake T'ana
Lake Taneycomo
Lake Tanganyika
Lake Tappan
Lake Teletskoye
Lake Tempe
Lake Terramuggus
Lake Texcoco
Lake Thien Quang
Lake Tholocco
Lake Thunderbird
Lake Thurmond
Lake Tianchi
Lake Tisza
Lake Titicaca
Lake Toba in Sumatra
Lake Tohopekaliga
Lake Tondano
Lake Towuti
Lake Trasimeno
Lake Traverse
Lake Traverse
Lake Travis
Lake Trichoinida
Lake Trichoinida
Lake Truc Bach
Lake Tschida
Lake Tshangalele
Lake Tumba
Lake Turkana
Lake Tuscaloosa
Lake Tuz
Lake Ulubat
Lake Umbagog
Lake Urmia
Lake Vadkert
Lake Van
Lake Vegolitida
Lake Vegolitida
Lake Velencei
Lake Velenje
Lake Verret
Lake Victoria
Lake Vida
Lake Viedma
Lake Vistytis
Lake Voivis
Lake Voivis
Lake Volta
Lake Volvi
Lake Volvi
Lake Vostok
Lake Vyrnwy
Lake Washington
Lake Wedowee
Lake West
Lake Whatcom
Lake Whitehurst
Lake Wigry
Lake Winnebago
Lake Winnibigoshish
Lake Winnipesaukee
Lake Wobegon
Lake Xaltocan
Lake Xochimilco
Lake Yliki
Lake Zarivar
Lake Zaysan
Lake Zoar
Lake Zumpango 
Lake Zurich
Lakes of Belsh
Lakes of Lure
Lakes of Triglav
Laurel Bed Lake
Laurel River Lake
Lauwersmeer
Lay Lake
Leaser Lake
Lee Hall Reservoir
Leech Lake
Leesville Reservoir
Lewis and Clark Lake
Liberty Reservoir
Little Bear Creek Reservoir
Little Bitter Lake
Little Lake Prespa
Little Lake Prespa
Llanquihue Lake
Llyn Cwellyn
Llyn Gwynant
Llyn Ogwen
Llyn Padarn
Loch Awe
Loch Lomond
Loch Maree
Loch Morar
Loch Ness
Loch Pholl an Phuca
Loch Raven Reservoir
Loch Shin
Loch Tay
Locust Lake
Logan-Martin Lake
Logging Lake
Long Lake
Loon Lake
Lop Nur
Lough Allen
Lough Arrow
Lough Boderg
Lough Carra
Lough Conn
Lough Corrib
Lough Cullin
Lough Cutra
Lough Derg
Lough Derravaragh
Lough Eask
Lough Ennell
Lough Erne
Lough Feeagh
Lough Foyle
Lough Gara
Lough George
Lough Gill
Lough Gowner
Lough Mask
Lough Melvin
Lough Neagh
Lough Oughter
Lough Owel
Lough Ramor
Lough Ree
Lough Rynn
Lough Sheelin
Lower Klamath Lake
Lower Ugashik Lake
Loyalhanna Lake
Lulusar Lake
Madden Lake
Mahodand Lake
Mahoning Creek Lake
Maidu Lake
Manchar Lake
Many Farms Lake
Marathon Lake
Marav Lake
Marion Lake
Mark Twain Lake
Martin Lake
Marting Lake
Martins Fork Lake
Martinsville Reservoir
Maschsee
Mauch Chunk Lake
Medicine Lake
Memorial Lake
Milford Lake
Mille Lacs Lake
Millstatter See
Millwood Lake
Minatare Lake
Mona Lake
Moncove Lake
Mondsee
Mono Lake
Monroe Reservoir
Moosehead Lake
Mormon Lake
Mornos Artificial lake
Morphy Lake
Mother Goose Lake
Motts Run Reservoir
Mount Storm Lake
Mountain Lake
Mud Lake
Muggelsee
Mullett Lake
Mundau Lake
Muskegon Lake
Mycklaflon
Naardermeer
Naknek Lake
Naltar Lake
Namal Lake
Nasijarvi
Navajo Lake
Neely Henrey Lake
Neusiedler See
New Melones Lake
Newfound Lake
Ni Reservoir
Nolin River Lake
Norfolk Lake
North Bend Lake
North Fork Pound Reservoir
North Hartland Lake
North Long Lake
North Springfield Lake
Nottely Lake
Nottoway Lake
Nyumba ya Mumgu Reservoir
O'Brien Lake
Occoquan Reservoir
Odertalsperre
O'Higgins Lake
Okertalsperre
Onondaga Lake
Oologah Lake
Oowah Lake
Opossum Lake
Optima Lake
Orchard Lake
Orsasjon
Otsego Lake
Otter Lake
Otter Tail Lake
Owens Lake
Painted Rocks Lake
Paintsville Lake
Palena Lake
Pan Bowl Lake
Panguipulli Lake
Panguitch Lake
Patoka Lake
Payette Lake
Peck Lake
Pelham Reservoir
Peneus Artificial lake
Perry Lake
Petite Lake
Pfaffenteich
Philpott Reservoir
Pine Creek Lake
Plastiras lake
Plauer See
Ploner See
Plotzensee
Plum Orchard Lake
Polyfytos Arfiticial lake
Pomme de Terre Lake
Portage Lake
Portsmouth Mine Pit Lake
Prettyboy Reservoir
Priest Lake
Prompton Lake
Puulavesi
Puyehue Lake
Pyramid Lake
Quabbin Reservoir
R.D. Bailey Lake
Rama Lake
Ranco Lake
Raquette Lake
Rawal Lake
Raystown Lake
Red Lake
Redfish Lake
Rend Lake
Rinihue Lake
Rivanna Reservoir
Roseires Reservoir
Ross Barnett Lake
Rough River Lake
Rupanco Lake
Rush Lake
Rush Phari
Sabbatia Lake
Sabine Lake
Sabine Lake
Saiful Muluk
Saint Mary Lake
Saline Lake
Salton Sea
San Carlos Lake
San Rafael Lake
Sandy Bottom Park Pond
Sandy River Reservoir
Santa Cruz Lake
Santa Rosa Lake
Saral Lake
Sardis Lake
Sardis Lake
Satpara Lake
Saugatuck Reservoir
Saunders Lake
Sawtooth Lake
Scharmutzelsee
Schmollensee
Schweriner See
Scott Lake
Sea of Galilee
Seeley Lake
Seneca Lake
Sevier Lake
Shanty Hollow Lake
Shasta Lake
Shenango River Lake
Ship Island Lake
Silver Lake
Silver Lake
Siranda Lake
Six Mile Lake
Skaneateles Lake
Skeleton Lake
Ski Lake
Skiatook Lake
Skidmore Reservoir
Sleepy Creek Lake
Slotermeer
Smith Lake
Smith Mountain Lake
Soap Lake
South Holston Lake
Spangle Lake
Spirit Lake
Spirit Lake
Spring Lake
Squam Lake
Stanley Lake
Starnberger See
Steinhuder Meer
Stephens Lake
Stockton Lake
Stonecoal Lake
Stonewall Jackson Lake
Stony River Reservoir
Storm Lake
Storrie Lake
Storsjon
Strangford Lough
Stump Lake
Subri Lake
Summer Lake
Summersville Lake
Sutton Lake
Sweetwater Lake
Swift Creek Lake
Szaga Lake
Table Rock Lake
Taylorsville Lake
Tegeler See
Tenaya Lake
Tenkiller Ferry Lake
Teshekpuk Lake
Texoma Lake
Tharthar
Theodore Roosevelt Lake
Thirlmere
Thumb Lake
Tioga-Hammond Lakes
Tionesta Lake
Tisnaren
Todos los Santos Lake
Tom Steed Lake
Tonle Sap Lake
Torch Lake
Torch Lake
Town Lake
Townshend Lake
Toxaway Lake
Traunsee
Trinity Lake
Trout Pond
Tulare Lake
Tule Lake
Tupper Lake
Turquoise Lake
Tuttle Creek Lake
Two Medicine Lake
Tygart Lake
Ullswater
Upper Bear Creek Reservoir
Upper Klamath Lake
Upper Mud Lake
Upper Ugashik Lake
Utah Lake
Ute Lake
Uvs Nuur Lake
Valli di Comacchio
Veluwemeer
Vidostern
Villarrica Lake
W. F. Lake
W.J. van Blommestein Meer Lake
Waconda Lake
Walker Lake
Waller Mill Reservoir
Walloon Lake
Walter F. George Lake
Wannsee
Wast Water
Waterton Lake
Waurika Lake
Weishan Hu
Weiss Lake
West Okoboji Lake
West Point Lake
Western Branch Reservoir
Wheeler Lake
Whiskeytown Lake
White Lake
White Lake
Wild lake
Wildwood Lake
William Bill Danelly Reservoir
William Harsha Lake
Williams Lake
Williamstown Lake
Wilson Lake
Wilson Lake
Windermere
Winnisquam Lake
Wister Lake
Wolfgangsee
Wolgastsee
Wood Creek Lake
Woodcock Creek Lake
Woodrum Lake
Worthersee
Yatesville Lake
Yellow Belly Lake
Yellowstone Lake
Youghiogheny River Lake
Youghiogheny River Lake
Yxningen
Zeller See
Zwischenahner Meer
