Abelsonite
Abenakiite-(Ce)
Abernathyite
Abhurite
Abswurmbachite
Acanthite
Acetamide
Actinolite
Acuminite
Adamite
Adamsite-(Y)
Adelite
Admontite
Aegirine
Aenigmatite
Aerinite
Aerugite
Aeschynite-(Ce)
Aeschynite-(Nd)
Aeschynite-(Y)
Afghanite
Afwillite
Agardite-(Ce)
Agardite-(La)
Agardite-(Y)
Agrellite
Agrinierite
Aguilarite
Aheylite
Ahlfeldite
Aikinite
Ajoite
Akaganeite
Akatoreite
Akdalaite
akermanite
Akhtenskite
Akimotoite
Akrochordite
Aksaite
Aktashite
Alabandite
Alacranite
Alamosite
Alarsite
Albite
Albrechtschraufite
Aldermanite
Aleksite
Alforsite
Algodonite
Aliettite
Allabogdanite
Allactite
Allanite-(Ce)
Allanite-(La)
Allanite-(Y)
Allargentum
Alleghanyite
Alloclasite
Allophane
Alluaivite
Alluaudite
Almandine
Almarudite
Alsakharovite-Zn
Alstonite
Altaite
Althausite
Althupite
Altisite
Aluminite
Aluminium
Aluminoceladonite
Aluminocopiapite
Alumino-Magnesiohulsite
Alumohydrocalcite
Alumoklyuchevskite
Alumopharmacosiderite
Alumotantite
Alumotungstite
Alunite
Alunogen
Alvanite
Amakinite
Amarantite
Amarillite
Ameghinite
Amesite
Amicite
Aminoffite
Ammonioalunite
Ammonioborite
Ammoniojarosite
Ammonioleucite
Amstallite
Analcime
Anandite
Anapaite
Anatase
Ancylite-(Ce)
Ancylite-(La)
Andalusite
Andersonite
Andorite
Andradite
Andremeyerite
Androsite-(La)
Anduoite
Andyrobertsite
Angelaite
Angelellite
Anglesite
Anhydrite
Anilite
Ankangite
Ankerite
Ankinovichite
Annabergite
Annite
Anorthoclase
Anorthominasragrite
Ansermetite
Antarcticite
Anthonyite
Anthophyllite
Antigorite
Antimonpearceite
Antimonselite
Antimony
Antlerite
Anyuiite
Apachite
Aphthitalite
Apjohnite
Aplowite
Apuanite
Aragonite
Arakiite
Aramayoite
Aravaipaite
Arcanite
Archerite
Arctite
Arcubisite
Ardaite
Ardealite
Ardennite
Arfvedsonite
Argentojarosite
Argentopentlandite
Argentopyrite
Argentotennantite
Argutite
Arhbarite
Aristarainite
Armalcolite
Armangite
Armenite
Armstrongite
Arrojadite
Arsenbrackebuschite
Arsendescloizite
Arsenic
Arseniopleite
Arseniosiderite
Arsenoclasite
Arsenocrandallite
Arsenoflorencite-(Ce)
Arsenogorceixite
Arsenogoyazite
Arsenohauchecornite
Arsenolite
Arsenopalladinite
Arsenopyrite
Arsenosulvanite
Arsenpolybasite
Arsentsumebite
Arsenuranospathite
Arsenuranylite
Arthurite
Artinite
Artroeite
Artsmithite
Arupite
Arzakite
Asbecasite
Asbolane
Aschamalmite
Ashburtonite
Ashcroftine-(Y)
Ashoverite
Asisite
Aspidolite
Asselbornite
Astrocyanite-(Ce)
Astrophyllite
Atacamite
Atelestite
Athabascaite
Atheneite
Atlasovite
Atokite
Attakolite
Aubertite
Augelite
Augite
Aurichalcite
Auricupride
Aurivilliusite
Aurorite
Aurostibite
Austinite
Autunite
Averievite
Avicennite
Avogadrite
Awaruite
Azoproite
Azurite
Babefphite
Babingtonite
Babkinite
Baddeleyite
Bafertisite
Baghdadite
Bahianite
Baileychlore
Bakerite
Bakhchisaraitsevite
Baksanite
Balangeroite
Balipholite
Balkanite
Balyakinite
Bambollaite
Bamfordite
Banalsite
Bandylite
Bannermanite
Bannisterite
Baotite
Bararite
Baratovite
Barberiite
Barbertonite
Barbosalite
Barentsite
Bariandite
Baricite
Bariomicrolite
Bario-olgite
Bario-orthojoaquinite
Bariopyrochlore
Bariosincosite
Barium-Pharmacosiderite
Barnesite
Barquillite
Barrerite
Barringerite
Barringtonite
Barroisite
Barstowite
Bartelkeite
Bartonite
Barylite
Barysilite
Baryte
Barytocalcite
Barytolamprophyllite
Basaluminite
Bassanite
Bassetite
Bastnasite-(Ce)
Bastnasite-(La)
Bastnasite-(Y)
Batiferrite
Batisite
Baumhauerite
Baumhauerite-2a
Baumstarkite
Bauranoite
Bavenite
Bayerite
Bayldonite
Bayleyite
Baylissite
Bazhenovite
Bazirite
Bazzite
Bearsite
Bearthite
Beaverite
Bechererite
Becquerelite
Bederite
Behierite
Behoite
Beidellite
Belendorffite
Belkovite
Bellbergite
Bellidoite
Bellingerite
Belloite
Belovite-(Ce)
Belovite-(La)
Belyankinite
Bementite
Benauite
Benavidesite
Benitoite
Benjaminite
Benleonardite
Benstonite
Bentorite
Benyacarite
Beraunite
Berborite
Berdesinskiite
Berezanskite
Bergenite
Bergslagite
Berlinite
Bermanite
Bernalite
Bernardite
Berndtite
Berryite
Berthierine
Berthierite
Bertossaite
Bertrandite
Beryl
Beryllite
Beryllonite
Berzelianite
Berzeliite
Betafite
Betpakdalite
Beudantite
Beusite
Bezsmertnovite
Bianchite
Bicchulite
Bideauxite
Bieberite
Biehlite
Bigcreekite
Bijvoetite-(Y)
Bikitaite
Bilibinskite
Bilinite
Billietite
Billingsleyite
Bindheimite
Biphosphammite
Biringuccite
Birnessite
Bismite
Bismoclite
Bismuth
Bismuthinite
Bismutocolumbite
Bismutoferrite
Bismutohauchecornite
Bismutomicrolite
Bismutopyrochlore
Bismutostibiconite
Bismutotantalite
Bityite
Bixbyite
Bjarebyite
Blatonite
Blatterite
Bleasdaleite
Blixite
Blodite
Blossite
Bobfergusonite
Bobierrite
Bobjonesite
Bobkingite
Bogdanovite
Boggildite
Boggsite
Bogvadite
Bohdanowiczite
Bohmite
Bokite
Boldyrevite
Boleite
Bolivarite
Boltwoodite
Bonaccordite
Bonattite
Bonshtedtite
Boothite
Boracite
Boralsilite
Borax
Borcarite
Borishanskiite
Bornemanite
Bornhardtite
Bornite
Borodaevite
Boromuscovite
Borovskite
Bostwickite
Botallackite
Botryogen
Bottinoite
Boulangerite
Bournonite
Boussingaultite
Bowieite
Boyleite
Brabantite
Bracewellite
Brackebuschite
Bradaczekite
Bradleyite
Braggite
Braitschite-(Ce)
Brammallite
Brandholzite
Brandtite
Brannerite
Brannockite
Brassite
Braunite
Brazilianite
Bredigite
Breithauptite
Brendelite
Brenkite
Brewsterite-Ba
Brewsterite-Sr
Brezinaite
Brianite
Brianroulstonite
Brianyoungite
Briartite
Brindleyite
Brinrobertsite
Britholite-(Ce)
Britholite-(Y)
Brizziite
Brochantite
Brockite
Brodtkorbite
Bromargyrite
Bromellite
Brookite
Brownmillerite
Brucite
Bruggenite
Brugnatellite
Brunogeierite
Brushite
Buchwaldite
Buckhornite
Buddingtonite
Buergerite
Bukovite
Bukovskyite
Bulachite
Bultfonteinite
Bunsenite
Burangaite
Burbankite
Burckhardtite
Burkeite
Burnsite
Burpalite
Burtite
Buryatite
Bushmakinite
Bussenite
Bustamite
Butlerite
Buttgenbachite
Byelorussite-(Ce)
Bystrite
Bystromite
Cabalzarite
Cabriite
Cacoxenite
Cadmium
Cadmoindite
Cadmoselite
Cadwaladerite
Cafarsite
Cafetite
Cahnite
Calaverite
Calciborite
Calcio-ancylite-(Ce)
Calcio-ancylite-(Nd)
Calcioandyrobertsite
Calcioaravaipaite
Calciobetafite
Calcioburbankite
Calciocopiapite
Calcioferrite
Calciohilairite
Calciosamarskite
Calciotantite
Calciouranoite
Calcite
Calcjarlite
Calcurmolite
Calcybeborosilite-(Y)
Calderite
Calderonite
Caledonite
Calkinsite-(Ce)
Callaghanite
Calomel
Calumetite
Calzirtite
Camerolaite
Cameronite
Camgasite
Caminite
Campigliaite
Canaphite
Canasite
Canavesite
Cancrinite
Cancrisilite
Canfieldite
Cannizzarite
Cannonite
Caoxite
Capgaronnite
Cappelenite-(Y)
Caracolite
Carboborite
Carbocernaite
Carboirite
Carbokentbrooksite
Carbonate-cyanotrichite
Carbonate-fluorapatite
Carbonate-hydroxylapatite
Caresite
Carletonite
Carlfriesite
Carlhintzeite
Carlinite
Carlosruizite
Carlosturanite
Carlsbergite
Carmichaelite
Carminite
Carnallite
Carnotite
Carobbiite
Carpholite
Carraraite
Carrboydite
Carrollite
Caryinite
Caryopilite
Cascandite
Cassedanneite
Cassidyite
Cassiterite
Caswellsilverite
Catalanoite
Catamarcaite
Catapleiite
Cattierite
Cattiite
Cavansite
Cavoite
Caysichite-(Y)
Cebaite-(Ce)
Cebaite-(Nd)
Cebollite
Cechite
Cejkaite
Celadonite
Celestite
Celsian
Cerchiaraite
Cerianite-(Ce)
Ceriopyrochlore-(Ce)
Cerite-(Ce)
Cerite-(La)
Cernyite
Cerotungstite-(Ce)
Ceruleite
Cerussite
Cervandonite-(Ce)
Cervantite
Cervelleite
Cesanite
Cesarolite
Cesbronite
Cesium-kupletskite
Cesplumtantite
Cesstibtantite
Cetineite
Chabazite-Ca
Chabazite-K
Chabazite-Na
Chabazite-Sr
Chabourneite
Chadwickite
Chaidamuite
Chalcanthite
Chalcoalumite
Chalcocite
Chalcocyanite
Chalcomenite
Chalconatronite
Chalcophanite
Chalcophyllite
Chalcopyrite
Chalcosiderite
Chalcothallite
Challacolloite
Chambersite
Chameanite
Chamosite
Changbaiite
Changchengite
Changoite
Chantalite
Chaoite
Chapmanite
Charlesite
Charmarite
Charoite
Chatkalite
Chayesite
Chekhovichite
Chelkarite
Chelyabinskite
Chenevixite
Chengdeite
Chenite
Cheralite
Cheremnykhite
Cherepanovite
Chernikovite
Chernovite-(Y)
Chernykhite
Chervetite
Chessexite
Chesterite
Chestermanite
Chevkinite-(Ce)
Chiavennite
Childrenite
Chiluite
Chiolite
Chkalovite
Chladniite
Chloraluminite
Chlorapatite
Chlorargyrite
Chlorartinite
Chlorbartonite
Chlorellestadite
Chloritoid
Chlormagaluminite
Chlorocalcite
Chloromenite
Chlorophoenicite
Chlorothionite
Chloroxiphite
Choloalite
Chondrodite
Chrisstanleyite
Christelite
Christite
Chromatite
Chrombismite
Chromceladonite
Chromdravite
Chromferide
Chromite
Chromium
Chromphyllite
Chrysoberyl
Chrysocolla
Chudobaite
Chukhrovite-(Ce)
Chukhrovite-(Y)
Churchite-(Y)
Chursinite
Chvaleticeite
Chvilevaite
Cianciulliite
Cinnabar
Ciprianiite
Clairite
Claraite
Claringbullite
Clarkeite
Claudetite
Clausthalite
Clearcreekite
Clerite
Cliffordite
Clinoatacamite
Clinobehoite
Clinobisvanite
Clinocervantite
Clinochalcomenite
Clinochlore
Clinochrysotile
Clinoclase
Clinoenstatite
Clinoferrosilite
Clinohedrite
Clinoholmquistite
Clinohumite
Clinojimthompsonite
Clinokurchatovite
Clinomimetite
Clinophosinaite
Clinoptilolite-Ca
Clinoptilolite-K
Clinoptilolite-Na
Clinosafflorite
Clinotobermorite
Clinoungemachite
Clinozoisite
Clintonite
Coalingite
Cobaltarthurite
Cobaltaustinite
Cobaltite
Cobaltkieserite
Cobaltkoritnigite
Cobaltlotharmeyerite
Cobaltneustadtelite
Cobaltomenite
Cobalt-Pentlandite
Cobalttsumcorite
Cobalt-Zippeite
Cochromite
Coconinoite
Coesite
Coffinite
Cohenite
Colemanite
Collinsite
Coloradoite
Colquiriite
Colusite
Comancheite
Combeite
Comblainite
Compreignacite
Congolite
Conichalcite
Connellite
Cookeite
Coombsite
Cooperite
Coparsite
Copiapite
Copper
Coquandite
Corderoite
Cordierite
Cordylite-(Ce)
Corkite
Cornetite
Cornubite
Cornwallite
Coronadite
Corrensite
Corundum
Corvusite
Cosalite
Coskrenite-(Ce)
Costibite
Cotunnite
Coulsonite
Coutinhoite
Covellite
Cowlesite
Coyoteite
Crandallite
Crawfordite
Creaseyite
Crednerite
Creedite
Crerarite
Crichtonite
Criddleite
Cristobalite
Crocoite
Cronstedtite
Cronusite
Crookesite
Cryolite
Cryolithionite
Cryptohalite
Cryptomelane
Cualstibite
Cubanite
Cuboargyrite
Cumengite
Cummingtonite
Cupalite
Cuprite
Cuprobismutite
Cuprocopiapite
Cuproiridsite
Cupromakovickyite
Cupropavonite
Cuprorhodsite
Cuprorivaite
Cuprosklodowskite
Cuprospinel
Cuprostibite
Cuprotungstite
Curetonite
Curienite
Curite
Cuspidine
Cuzticite
Cyanochroite
Cyanophyllite
Cyanotrichite
Cylindrite
Cymrite
Cyrilovite
Dachiardite
Dachiardite-Ca
Dachiardite-Na
Dadsonite
Dalyite
Damaraite
Damiaoite
Danalite
Danbaite
Danburite
Danielsite
D'Ansite
Daomanite
Daqingshanite-(Ce)
Darapiosite
Darapskite
Dashkovaite
Datolite
Daubreeite
Daubreelite
Davanite
Davidite-(Ce)
Davidite-(La)
Davreuxite
Davyne
Dawsonite
Deanesmithite
Decrespignyite-(Y)
Deerite
Defernite
Delafossite
Delhayelite
Deliensite
Delindeite
Dellaite
Dellaventuraite
Deloneite-(Ce)
Deloryite
Delrioite
Delvauxite
Demesmaekerite
Denisovite
Denningite
Derbylite
Derriksite
Dervillite
Desautelsite
Descloizite
Despujolsite
Dessauite-(Y)
Devilline
Dewindtite
Diaboleite
Diadochite
Diaoyudaoite
Diaphorite
Diaspore
Dickinsonite
Dickite
Dickthomssenite
Dienerite
Dietrichite
Dietzeite
Digenite
Dimorphite
Dinite
Diomignite
Diopside
Dioptase
Dissakisite-(Ce)
Dittmarite
Diversilite-(Ce)
Dixenite
Djerfisherite
Djurleite
Dmisteinbergite
Dolerophanite
Dollaseite-(Ce)
Dolomite
Doloresite
Domeykite
Donharrisite
Donnayite-(Y)
Donpeacorite
Dorallcharite
Dorfmanite
Dorrite
Downeyite
Doyleite
Dozyite
Dravite
Dresserite
Drugmanite
Drysdallite
Dufrenite
Dufrenoysite
Duftite
Dugganite
Dukeite
Dumontite
Dumortierite
Dundasite
Durangite
Duranusite
Dusmatovite
Dussertite
Duttonite
Dwornikite
Dypingite
Dyscrasite
Dzhalindite
Dzharkenite
Eakerite
Earlandite
Earlshannonite
Eastonite
Ecandrewsite
Ecdemite
Eckermannite
Eclarite
Edenharterite
Edenite
Edgarbaileyite
Edgarite
Edingtonite
Edoylerite
Effenbergerite
Efremovite
Eggletonite
Eglestonite
Ehrleite
Eifelite
Eitelite
Ekanite
Ekaterinite
Ekatite
Elbaite
Ellenbergerite
Ellisite
Elpasolite
Elpidite
Elyite
Embreyite
Emeleusite
Emilite
Emmonsite
Empressite
Enargite
Endellite
Englishite
Enstatite
Eosphorite
Ephesite
Epididymite
Epidote
Epistilbite
Epistolite
Epsomite
Ercitite
Erdite
Ericaite
Ericssonite
Eriochalcite
Erionite-Ca
Erionite-K
Erionite-Na
Erlianite
Erlichmanite
Ernienickelite
Erniggliite
Ernstite
Ershovite
Ertixiite
Erythrite
Erythrosiderite
Eskebornite
Eskimoite
Eskolaite
Esperanzaite
Esperite
Esseneite
Ettringite
Eucairite
Euchroite
Euclase
Eucryptite
Eudialyte
Eudidymite
Eugenite
Eugsterite
Eulytine
Euxenite-(Y)
Evansite
Eveite
Evenkite
Eveslogite
Ewaldite
Eylettersite
Eyselite
Ezcurrite
Eztlite
Fabianite
Faheyite
Fahleite
Fairbankite
Fairchildite
Fairfieldite
Falcondoite
Famatinite
Fangite
Farringtonite
Faujasite-Ca
Faujasite-Mg
Faujasite-Na
Faustite
Fayalite
Fedorite
Fedorovskite
Fedotovite
Feinglosite
Feitknechtite
Feklichevite
Felbertalite
Fenaksite
Fencooperite
Ferberite
Ferchromide
Fergusonite-(Ce)
Fergusonite-(Nd)
Fergusonite-(Y)
Fergusonite-beta-(Ce)
Fergusonite-beta-(Nd)
Fergusonite-beta-(Y)
Fermorite
Fernandinite
Feroxyhyte
Ferrarisite
Ferriallanite-(Ce)
Ferrierite-K
Ferrierite-Mg
Ferrierite-Na
Ferrihydrite
Ferrilotharmeyerite
Ferrimolybdite
Ferrinatrite
Ferri-ottoliniite
Ferripyrophyllite
Ferrisicklerite
Ferristrunzite
Ferrisurite
Ferrisymplesite
Ferritungstite
Ferro-actinolite
Ferroalluaudite
Ferro-aluminoceladonite
Ferro-Axinite
Ferrobarroisite
Ferrobustamite
Ferrocarpholite
Ferroceladonite
Ferrocolumbite
Ferrogedrite
Ferroglaucophane
Ferrohexahydrite
Ferrohogbomite-2N2S
Ferroholmquistite
Ferrohornblende
Ferrokaersutite
Ferrokentbrooksite
Ferrokesterite
Ferrokinoshitalite
Ferronickelplatinum
Ferronigerite-2N1S
Ferronigerite-6N6S
Ferronordite-(Ce)
Ferronordite-(La)
Ferropargasite
Ferropyrosmalite
Ferrorhodsite
Ferrorichterite
Ferroselite
Ferrosilite
Ferrostrunzite
Ferrotaaffeite-6N'3S
Ferrotantalite
Ferrotapiolite
Ferrotitanowodginite
Ferrotschermakite
Ferrotychite
Ferrowodginite
Ferrowyllieite
Ferruccite
Fersmanite
Fersmite
Feruvite
Fervanite
Fetiasite
Fettelite
Fianelite
Fibroferrite
Fichtelite
Fiedlerite
Filatovite
Filipstadite
Fillowite
Fingerite
Finnemanite
Fischesserite
Fizelyite
Flagstaffite
Fleischerite
Fletcherite
Flinkite
Florencite-(Ce)
Florencite-(La)
Florencite-(Nd)
Florenskyite
Florensovite
Fluckite
Fluellite
Fluoborite
Fluocerite-(Ce)
Fluocerite-(La)
Fluorapatite
Fluorapophyllite
Fluorcaphite
Fluorellestadite
Fluorite
Fluornatromicrolite
Fluorocannilloite
Fluoro-edenite
Fluoro-magnesio-arfvedsonite
Fluoronyboite
Fluoro-richterite
Fluorthalenite-(Y)
Fluorvesuvianite
Foggite
Foitite
Fontanite
Foordite
Formanite-(Y)
Formicaite
Fornacite
Forsterite
Foshagite
Foshallasite
Fourmarierite
Fraipontite
Francevillite
Franciscanite
Francisite
Franckeite
Francoanellite
Francoisite-(Nd)
Franconite
Frankamenite
Frankdicksonite
Frankhawthorneite
Franklinfurnaceite
Franklinite
Franklinphilite
Fransoletite
Franzinite
Freboldite
Fredrikssonite
Freedite
Freibergite
Freieslebenite
Fresnoite
Freudenbergite
Friedelite
Friedrichite
Frohbergite
Frolovite
Frondelite
Froodite
Fuenzalidaite
Fukalite
Fukuchilite
Fuloppite
Furongite
Furutobeite
Gabrielite
Gabrielsonite
Gadolinite-(Ce)
Gadolinite-(Y)
Gagarinite-(Y)
Gageite
Gahnite
Gaidonnayite
Gainesite
Gaitite
Galaxite
Galeite
Galena
Galenobismutite
Galgenbergite-(Ce)
Galileiite
Galkhaite
Gallite
Gallobeudantite
Gamagarite
Gananite
Ganomalite
Ganophyllite
Ganterite
Gaotaiite
Garavellite
Garrelsite
Garronite
Gartrellite
Garyansellite
Gasparite-(Ce)
Gaspeite
Gatehouseite
Gatelite-(Ce)
Gatumbaite
Gaudefroyite
Gaultite
Gaylussite
Gearksutite
Gebhardite
Gedrite
Geerite
Geffroyite
Gehlenite
Geigerite
Geikielite
Geminite
Genkinite
Genthelvite
Geocronite
Georgbokiite
Georgechaoite
Georgeericksenite
Georgeite
Georgiadesite
Gerasimovskite
Gerdtremmelite
Gerenite-(Y)
Gerhardtite
Germanite
Germanocolusite
Gersdorffite
Gerstleyite
Gerstmannite
Getchellite
Geversite
Gianellaite
Gibbsite
Giessenite
Gilalite
Gillespite
Gillulyite
Gilmarite
Giniite
Ginorite
Giorgiosite
Giraudite
Girdite
Girvasite
Gismondine
Gismondine-Ca
Gittinsite
Giuseppettite
Gjerdingenite-Fe
Gjerdingenite-Mn
Gladite
Gladiusite
Glauberite
Glaucocerinite
Glaucochroite
Glaucodot
Glauconite
Glaucophane
Glaukosphaerite
Glucine
Glushinskite
Gmelinite-Ca
Gmelinite-K
Gmelinite-Na
Gobbinsite
Godlevskite
Godovikovite
Goedkenite
Goethite
Gold
Goldfieldite
Goldichite
Goldmanite
Goldquarryite
Gonnardite
Gonyerite
Goosecreekite
Gorceixite
Gordaite
Gordonite
Gorgeyite
Gormanite
Gortdrumite
Goslarite
Gottardiite
Gottlobite
Gotzenite
Goudeyite
Gowerite
Goyazite
Graemite
Graeserite
Graftonite
Gramaccioliite-(Y)
Grandidierite
Grandreefite
Grantsite
Graphite
Gratonite
Grattarolaite
Graulichite-(Ce)
Gravegliaite
Grayite
Grechishchevite
Greenalite
Greenockite
Gregoryite
Greifensteinite
Greigite
Griceite
Grimaldiite
Grimselite
Griphite
Grischunite
Grossite
Grossular
Groutite
Grumantite
Grumiplucite
Grunerite
Gruzdevite
Guanajuatite
Guanine
Guarinoite
Gudmundite
Guerinite
Guettardite
Gugiaite
Guildite
Guilleminite
Gunningite
Gupeiite
Gustavite
Guyanaite
Gwihabaite
Gypsum
Gyrolite
Gysinite-(Nd)
Haapalaite
Hafnon
Hagendorfite
Haggertyite
Haggite
Haidingerite
Haigerachite
Haineaultite
Hainite
Haiweeite
Hakite
Haleniusite-(La)
Halite
Hallimondite
Halloysite
Halotrichite
Halurgite
Hambergite
Hammarite
Hanawaltite
Hancockite
Hanksite
Hannayite
Hannebachite
Hapkeite
Haradaite
Hardystonite
Harkerite
Harmotome
Harrisonite
Harstigite
Hashemite
Hastingsite
Hastite
Hatchite
Hatrurite
Hauchecornite
Hauckite
Hauerite
Hauyne
Hawleyite
Hawthorneite
Haxonite
Haycockite
Haynesite
Heazlewoodite
Hechtsbergite
Hectorfloresite
Hectorite
Hedenbergite
Hedleyite
Hedyphane
Heideite
Heidornite
Heinrichite
Hejtmanite
Heliophyllite
Hellandite-(Ce)
Hellandite-(Y)
Hellyerite
Helmutwinklerite
Hematite
Hematolite
Hematophanite
Hemihedrite
Hemimorphite
Hemloite
Hemusite
Hendersonite
Hendricksite
Heneuite
Henmilite
Hennomartinite
Henritermierite
Henryite
Henrymeyerite
Hentschelite
Herbertsmithite
Hercynite
Herderite
Herzenbergite
Hessite
Hetaerolite
Heterogenite
Heteromorphite
Heterosite
Heulandite-Ba
Heulandite-Ca
Heulandite-K
Heulandite-Na
Heulandite-Sr
Hewettite
Hexaferrum
Hexahydrite
Hexahydroborite
Hexatestibiopanickelite
Heyite
Heyrovskyite
Hiarneite
Hibbingite
Hibonite
Hidalgoite
Hieratite
Hilairite
Hilgardite
Hillebrandite
Hillite
Hingganite-(Ce)
Hingganite-(Y)
Hingganite-(Yb)
Hinsdalite
Hisingerite
Hocartite
Hochelagaite
Hodgkinsonite
Hodrushite
Hoelite
Hoganite
Hogtuvaite
Hohmannite
Holdawayite
Holdenite
Holfertite
Hollandite
Hollingworthite
Holmquistite
Holtedahlite
Holtite
Homilite
Honessite
Hongshiite
Hopeite
Hornesite
Horvathite-(Y)
Hotsonite
Howardevansite
Howieite
Howlite
Hsianghualite
Huanghoite-(Ce)
Huangite
Hubeite
Hubnerite
Huemulite
Hugelite
Hulsite
Humberstonite
Humboldtine
Humite
Hummerite
Hunchunite
Hungchaoite
Huntite
Hureaulite
Hurlbutite
Hutchinsonite
Huttonite
Hyalophane
Hyalotekite
Hydroastrophyllite
Hydrobasaluminite
Hydrobiotite
Hydroboracite
Hydrocalumite
Hydrocerussite
Hydrochlorborite
Hydrodelhayelite
Hydrodresserite
Hydroglauberite
Hydrohalite
Hydrohetaerolite
Hydrohonessite
Hydromagnesite
Hydrombobomkulite
Hydronium jarosite
Hydrophilite
Hydroromarchite
Hydroscarbroite
Hydrotalcite
Hydrotungstite
Hydrowoodwardite
Hydroxyapophyllite
Hydroxycancrinite
Hydroxylapatite
Hydroxylbastnasite-(Ce)
Hydroxylbastnasite-(La)
Hydroxylbastnasite-(Nd)
Hydroxylclinohumite
Hydroxylellestadite
Hydroxylherderite
Hydrozincite
Hypercinnabar
Hyttsjoite
Ianthinite
Ice
Idaite
Idrialite
Iimoriite-(Y)
Ikaite
Ikranite
Ikunolite
Ilesite
Ilimaussite-(Ce)
Ilinskite
Illite
Ilmajokite
Ilmenite
Ilsemannite
Iltisite
Ilvaite
IMA 1988-047
IMA 2004-046
IMA2001-002
IMA2001-004
IMA2001-005
IMA2003-021
Imandrite
Imgreite
Imhofite
Imiterite
Inaglyite
Incaite
Inderborite
Inderite
Indialite
Indigirite
Indite
Indium
Inesite
Ingersonite
Ingodite
Innelite
Insizwaite
Intersilite
Inyoite
Iodargyrite
Iowaite
Iquiqueite
Iranite
Iraqite-(La)
Irarsite
Irhtemite
Iridarsenite
Iridium
Iriginite
Iron
Irtyshite
Isocubanite
Isoferroplatinum
Isokite
Isolueshite
Isomertieite
Isovite
Itoigawaite
Itoite
Iwakiite
Iwashiroite-(Y)
Ixiolite
Izoklakeite
Jachymovite
Jacobsite
Jacquesdietrichite
Jadeite
Jaffeite
Jagoite
Jagowerite
Jagueite
Jahnsite-(CaMnFe)
Jahnsite-(CaMnMg)
Jahnsite-(CaMnMn)
Jahnsite-(MnMnMn)
Jaipurite
Jalpaite
Jamborite
Jamesite
Jamesonite
Janggunite
Janhaugite
Jankovicite
Jarandolite
Jarlite
Jarosewichite
Jarosite
Jaskolskiite
Jasmundite
Jeanbandyite
Jedwabite
Jeffreyite
Jennite
Jensenite
Jentschite
Jeppeite
Jeremejevite
Jeromite
Jerrygibbsite
Jervisite
Jianshuiite
Jimboite
Jimthompsonite
Jinshajiangite
Jixianite
Joaquinite-(Ce)
Joesmithite
Johachidolite
Johannite
Johannsenite
Johillerite
Johnbaumite
Johninnesite
Johnsomervilleite
Johntomaite
Johnwalkite
Jokokuite
Joliotite
Jolliffeite
Jonesite
Jordanite
Jorgensenite
Joseite
Joseite-B
Jouravskite
Juabite
Juanitaite
Juanite
Julgoldite-(Fe2+)
Jungite
Junitoite
Junoite
Juonniite
Jurbanite
Kaatialaite
Kadyrelite
Kaersutite
Kahlerite
Kainosite-(Y)
Kalborsite
Kalicinite
Kalifersite
Kalininite
Kalinite
Kaliophilite
Kalipyrochlore
Kalistrontite
Kalsilite
Kamacite
Kamaishilite
Kambaldaite
Kamchatkite
Kamiokite
Kamitugaite
Kamotoite-(Y)
Kampfite
Kamphaugite-(Y)
Kanemite
Kankite
Kanoite
Kanonaite
Kanonerovite
Kaolinite
Kapitsaite-(Y)
Kapustinite
Karasugite
Karelianite
Karibibite
Karlite
Karnasurtite-(Ce)
Karpatite
Karpinskite
Karupmollerite-Ca
Kashinite
Kasolite
Kassite
Kastningite
Katoite
Katophorite
Katoptrite
Kawazulite
Kazakhstanite
Kazakovite
Keckite
Kegelite
Keilite
Keithconnite
Keiviite-(Y)
Keiviite-(Yb)
Keldyshite
Kellyite
Kelyanite
Kemmlitzite
Kempite
Kenhsuite
Kentbrooksite
Kentrolite
Kenyaite
Kermesite
Kernite
Kerolite
Kesterite
Kettnerite
Keyite
Keystoneite
Khademite
Khaidarkanite
Khamrabaevite
Khanneshite
Kharaelakhite
Khatyrkite
Khibinskite
Khinite
Khmaralite
Khomyakovite
Khristovite-(Ce)
Kiddcreekite
Kidwellite
Kieftite
Kieserite
Kilchoanite
Killalaite
Kimrobinsonite
Kimuraite-(Y)
Kimzeyite
Kingite
Kingsmountite
Kinichilite
Kinoite
Kinoshitalite
Kintoreite
Kipushite
Kirkiite
Kirschsteinite
Kitkaite
Kittatinnyite
Kladnoite
Klebelsbergite
Kleemanite
Kleinite
Klockmannite
Klyuchevskite
Knorringite
Koashvite
Kobeite-(Y)
Kobellite
Kochite
Kochkarite
Koechlinite
Koenenite
Kogarkoite
Koktaite
Kolarite
Kolbeckite
Kolfanite
Kolicite
Kolovratite
Kolwezite
Kolymite
Komarovite
Kombatite
Komkovite
Konderite
Koninckite
Konyaite
Koragoite
Koritnigite
Kornelite
Kornerupine
Kornite
Korobitsynite
Korshunovskite
Korzhinskite
Kosmochlor
Kosnarite
Kostovite
Kostylevite
Kotoite
Kottigite
Kotulskite
Koutekite
Kovdorskite
Kozoite-(La)
Kozoite-(Nd)
Kozulite
Kraisslite
Krasnovite
Kratochvilite
Krausite
Krauskopfite
Krautite
Kremersite
Krennerite
Krettnichite
Kribergite
Krinovite
Kristiansenite
Krohnkite
Krupkaite
Krutaite
Krutovite
Kryzhanovskite
Ktenasite
Kuannersuite-(Ce)
Kudriavite
Kukharenkoite-(Ce)
Kukharenkoite-(La)
Kukisvumite
Kuksite
Kulanite
Kuliokite-(Y)
Kulkeite
Kullerudite
Kupcikite
Kupletskite
Kuramite
Kuranakhite
Kurchatovite
Kurgantaite
Kurnakovite
Kurumsakite
Kusachiite
Kutinaite
Kutnohorite
Kuzelite
Kuzmenkoite
Kuzminite
Kuznetsovite
Kvanefjeldite
Kyanite
Kyzylkumite
Labuntsovite-Fe
Labuntsovite-Mg
Labuntsovite-Mn
Lacroixite
Laffittite
Laflammeite
Laforetite
Laihunite
Laitakarite
Lammerite
Lamprophyllite
Lamprophyllite-2O
Lanarkite
Landauite
Landesite
Langbanite
Langbeinite
Langisite
Langite
Lanmuchangite
Lannonite
Lansfordite
Lanthanite-(Ce)
Lanthanite-(La)
Lanthanite-(Nd)
Laphamite
Lapieite
Laplandite-(Ce)
Larderellite
Larisaite
Larnite
Larosite
Larsenite
Latiumite
Latrappite
Laueite
Launayite
Laurelite
Laurionite
Laurite
Lausenite
Lautarite
Lautenthalite
Lavendulan
Lavenite
Lavrentievite
Lawrencite
Lawsonbauerite
Lawsonite
Lazarenkoite
Lazulite
Lazurite
Lead
Leadamalgam
Leadhillite
Leakeite
Lecontite
Legrandite
Lehnerite
Leifite
Leightonite
Leisingite
Leiteite
Lemanskiite
Lemmleinite-Ba
Lemmleinite-K
Lemoynite
Lenaite
Lengenbachite
Leningradite
Lennilenapeite
Lenoblite
Leogangite
Leonite
Lepersonnite-(Gd)
Lepidocrocite
Lepidolite
Lepkhenelmite-Zn
Lermontovite
Lessingite-(Ce)
Lesukite
Letovicite
Leucite
Leucophanite
Leucophoenicite
Leucophosphite
Leucosphenite
Levinsonite-(Y)
Levyclaudite
Levyne-Ca
Levyne-Na
Lewisite
Lewistonite
Liandratite
Liberite
Libethenite
Liddicoatite
Liebauite
Liebenbergite
Liebigite
Likasite
Lillianite
Lime
Linarite
Lindackerite
Lindbergite
Lindgrenite
Lindqvistite
Lindsleyite
Lindstromite
Linnaeite
Lintisite
Liottite
Lipscombite
Liroconite
Lisetite
Lishizhenite
Lisitsynite
Liskeardite
Litharge
Lithiomarsturite
Lithiophilite
Lithiophorite
Lithiophosphate
Lithiotantite
Lithiowodginite
Lithosite
Litidionite
Litvinskite
Liveingite
Livingstonite
Lizardite
Lokkaite-(Y)
Lollingite
Lomonosovite
Londonite
Lonecreekite
Lonsdaleite
Loparite-(Ce)
Lopezite
Lorandite
Loranskite-(Y)
Lorenzenite
Loseyite
Lotharmeyerite
Louderbackite
Loudounite
Loughlinite
Lourenswalsite
Lovdarite
Loveringite
Lovozerite
Loweite
Luanheite
Luberoite
Lucasite-(Ce)
Luddenite
Ludjibaite
Ludlamite
Ludlockite
Ludwigite
Lueshite
Luetheite
Lukechangite-(Ce)
Lukrahnite
Lulzacite
Luneburgite
Lunijianlaite
Lun'okite
Luzonite
Lyonsite
Macaulayite
Macdonaldite
Macedonite
Macfallite
Machatschkiite
Mackayite
Mackinawite
Macphersonite
Macquartite
Madocite
Magadiite
Magbasite
Maghagendorfite
Maghemite
Magnesio-arfvedsonite
Magnesioaubertite
Magnesio-axinite
Magnesiocarpholite
Magnesiochloritoid
Magnesiochromite
Magnesiocolumbite
Magnesiocoulsonite
Magnesiodumortierite
Magnesioferrite
Magnesiofoitite
Magnesiohastingsite
Magnesiohogbomite-2N2S
Magnesiohogbomite-2N3S
Magnesiohogbomite-6N6S
Magnesiohornblende
Magnesiohulsite
Magnesiokatophorite
Magnesionigerite-2N1S
Magnesionigerite-6N6S
Magnesiosadanagaite
Magnesiostaurolite
Magnesiotaaffeite-2N'2S
Magnesiotaaffeite-6N'3S
Magnesiotantalite
Magnesiotaramite
Magnesite
Magnesium Astrophyllite
Magnesium-chlorophoenicite
Magnesium-Zippeite
Magnetite
Magnetoplumbite
Magnolite
Magnussonite
Mahlmoodite
Mahnertite
Majakite
Majorite
Makarochkinite
Makatite
Makinenite
Makovickyite
Malachite
Malanite
Malayaite
Maldonite
Maleevite
Malinkoite
Malladrite
Mallardite
Mallestigite
Mammothite
Manaksite
Manandonite
Manasseite
Mandarinoite
Manganarsite
Manganaxinite
Manganbabingtonite
Manganbelyankinite
Manganberzeliite
Manganese-hornesite
Mangangordonite
Manganhumite
Manganite
Manganlotharmeyerite
Manganochromite
Manganocolumbite
Manganocummingtonite
Manganogrunerite
Manganokhomyakovite
Manganolangbeinite
Manganonaujakasite
Manganonordite-(Ce)
Manganosegelerite
Manganosite
Manganostibite
Manganotantalite
Manganotapiolite
Manganotychite
Manganpyrosmalite
Manganvesuvianite
Manjiroite
Mannardite
Mansfieldite
Mantienneite
Mapimite
Marcasite
Marecottite
Margaritasite
Margarite
Margarosanite
Marialite
Maricite
Maricopaite
Marinellite
Marokite
Marrite
Marshite
Marsturite
Marthozite
Marumoite
Mascagnite
Maslovite
Massicot
Masutomilite
Masuyite
Mathewrogersite
Mathiasite
Matildite
Matlockite
Matraite
Mattagamite
Matteuccite
Mattheddleite
Matulaite
Mawbyite
Mawsonite
Maxwellite
Mayenite
Mayingite
Mazzettiite
Mazzite-Mg
Mbobomkulite
Mcallisterite
Mcalpineite
Mcauslanite
Mcbirneyite
McConnellite
Mccrillisite
McGillite
Mcgovernite
McGuinnessite
Mckelveyite-(Y)
Mckinstryite
Mcnearite
Medaite
Megacyclite
Megakalsilite
Meionite
Meixnerite
Melanocerite-(Ce)
Melanophlogite
Melanostibite
Melanotekite
Melanothallite
Melanovanadite
Melanterite
Melilite
Meliphanite
Melkovite
Melonite
Melonjosephite
Mendipite
Mendozavilite
Mendozite
Meneghinite
Mercallite
Mercury
Mereheadite
Mereiterite
Merenskyite
Merlinoite
Merrihueite
Mertieite-I
Mertieite-II
Merwinite
Mesolite
Messelite
Meta-ankoleite
Meta-autunite
Metaberyllite
Metaborite
Metacalciouranoite
Metacinnabar
Metadelrioite
Metaheinrichite
Metahewettite
Metahohmannite
Metakahlerite
Metakirchheimerite
Metakottigite
Metalodevite
Metamunirite
Metanovacekite
Metarossite
Metaschoderite
Metaschoepite
Metasideronatrite
Metastibnite
Metastudtite
Metaswitzerite
Metatorbernite
Metatyuyamunite
Meta-uranopilite
Metavandendriesscheite
Metavanmeersscheite
Metavanuralite
Metavariscite
Metavauxite
Metavivianite
Metavoltine
Metazellerite
Metazeunerite
Meurigite
Meyerhofferite
Meymacite
Mgriite
Miassite
Micheelsenite
Michenerite
Microcline
Microlite
Microsommite
Miersite
Miharaite
Mikasaite
Milarite
Millerite
Millisite
Millosevichite
Mimetite
Minamiite
Minasgeraisite-(Y)
Minasragrite
Mineevite-(Y)
Minehillite
Minguzzite
Minium
Minnesotaite
Minrecordite
Minyulite
Mirabilite
Misenite
Miserite
Mitridatite
Mitryaevaite
Mitscherlichite
Mixite
Moctezumite
Modderite
Moganite
Mohite
Mohrite
Moissanite
Moluranite
Molybdenite
Molybdite
Molybdofornacite
Molybdomenite
Molybdophyllite
Molysite
Monazite-(Ce)
Monazite-(La)
Monazite-(Nd)
Monazite-(Sm)
Moncheite
Monetite
Mongolite
Monimolite
Monohydrocalcite
Montanite
Montbrayite
Montebrasite
Monteponite
Monteregianite-(Y)
Montesommaite
Montgomeryite
Monticellite
Montmorillonite
Montroseite
Montroyalite
Montroydite
Mooihoekite
Moolooite
Mooreite
Moorhouseite
Mopungite
Moraesite
Mordenite
Morenosite
Morimotoite
Morozeviczite
Moschellandsbergite
Mottanaite-(Ce)
Mottramite
Motukoreaite
Mounanaite
Mountainite
Mountkeithite
Mourite
Moydite-(Y)
Mozartite
Mozgovaite
Mpororoite
Mrazekite
Mroseite
Muckeite
Muirite
Mukhinite
Mullite
Mummeite
Mundite
Mundrabillaite
Munirite
Murataite
Murdochite
Murmanite
Muromontite
Murunskite
Muscovite
Museumite
Mushistonite
Muskoxite
Muthmannite
Mutinaite
N'chwaningite
Nabalamprophyllite
Nabaphite
Nabesite
Nabiasite
Nabokoite
Nacaphite
Nacareniobsite-(Ce)
Nacrite
Nadorite
Nafertisite
Nagashimalite
Nagelschmidtite
Nagyagite
Nahcolite
Nahpoite
Nakauriite
Na-komarovite
Naldrettite
Nalipoite
Namansilite
Nambulite
Namibite
Namuwite
Nanlingite
Nanpingite
Nantokite
Narsarsukite
Nasinite
Nasledovite
Nasonite
Nastrophite
Natalyite
Natanite
Natisite
Natrite
Natroalunite
Natroapophyllite
Natrobistantite
Natrochalcite
Natrodufrenite
Natrofairchildite
Natroglaucocerinite
Natrojarosite
Natrolemoynite
Natrolite
Natromontebrasite
Natron
Natronambulite
Natroniobite
Natrophilite
Natrophosphate
Natrosilite
Natrotantite
Natroxalate
Naujakasite
Navajoite
Nealite
Nefedovite
Neighborite
Nekoite
Nekrasovite
Nelenite
Neltnerite
Nenadkevichite
Neotocite
Nepheline
Nepouite
Nepskoeite
Neptunite
Neskevaaraite-Fe
Nesquehonite
Neustadtelite
Nevadaite
Nevskite
Newberyite
Neyite
Nezilovite
Niahite
Nichromite
Nickel
Nickelalumite
Nickelaustinite
Nickelbischofite
Nickelhexahydrite
Nickeline
Nickellotharmeyerite
Nickelphosphide
Nickelschneebergite
Nickel-Skutterudite
Nickel-zippeite
Nickenichite
Niedermayrite
Nierite
Nifontovite
Niggliite
Niigataite
Nikischerite
Nimite
Ningyoite
Niningerite
Niobocarbide
Niobokupletskite
Niobophyllite
Niocalite
Nisbite
Nissonite
Nitratine
Nitre
Nitrobarite
Nitrocalcite
Nitromagnesite
Nobleite
Noelbensonite
Nolanite
Nontronite
Norbergite
Nordenskioldine
Nordite-(Ce)
Nordite-(La)
Nordstrandite
Nordstromite
Norrishite
Norsethite
Northupite
Nosean
Novacekite
Novakite
Novgorodovaite
Nowackiite
Nsutite
Nuffieldite
Nukundamite
Nullaginite
Nyerereite
Oboyerite
Obradovicite
O'Danielite
Odinite
Odintsovite
Oenite
Offretite
Ogdensburgite
Ohmilite
Ojuelaite
Okanoganite-(Y)
Okayamalite
Okenite
Okhotskite
Oldhamite
Olekminskite
Olenite
Olgite
Olivenite
Olkhonskite
Olmsteadite
Olsacherite
Olshanskyite
Olympite
Omeiite
Ominelite
Omphacite
Oneillite
Onoratoite
Oosterboschite
Opal
Orcelite
Ordonezite
orebroite
Oregonite
Orickite
Orientite
Orlandiite
Orlymanite
Orpheite
Orpiment
Orschallite
Orthobrannerite
Orthochamosite
Orthochrysotile
Orthoclase
Orthoericssonite
Orthojoaquinite-(Ce)
Orthojoaquinite-(La)
Orthominasragrite
Orthopinakiolite
Orthoserpierite
Orthowalpurgite
Osarizawaite
Osarsite
Osbornite
Osmium
Osumilite
Osumilite-(Mg)
Oswaldpeetersite
Otavite
Otjisumeite
Ottemannite
Ottrelite
Otwayite
Ourayite
Oursinite
Ovamboite
Overite
Owensite
Owyheeite
Oxammite
Oyelite
Paakkonenite
Paarite
Pabstite
Paceite
Pachnolite
Paderaite
Padmaite
Paganoite
Pahasapaite
Painite
Palarstanide
Palenzonaite
Palermoite
Palladium
Palladoarsenide
Palladobismutharsenide
Palladodymite
Palladseite
Palmierite
Palygorskite
Panasqueiraite
Panethite
Panunzite
Paolovite
Papagoite
Parabariomicrolite
Parabrandtite
Parabutlerite
Paracelsian
Parachrysotile
Paracoquimbite
Paracostibite
Paradamite
Paradocrasite
Parafransoletite
Paragonite
Paraguanajuatite
Parahopeite
Parajamesonite
Parakeldyshite
Parakhinite
Paralaurionite
Paralstonite
Paramelaconite
Paramendozavilite
Paramontroseite
Paranatisite
Paranatrolite
Paraniite-(Y)
Paraotwayite
Parapierrotite
Pararammelsbergite
Pararealgar
Pararobertsite
Pararsenolamprite
Paraschachnerite
Paraschoepite
Parascholzite
Parascorodite
Parasibirskite
Paraspurrite
Parasymplesite
Paratacamite
Paratellurite
Paraumbite
Paravauxite
Paravinogradovite
Pargasite
Parisite-(Ce)
Parisite-(Nd)
Parkerite
Parkinsonite
Parnauite
Parsettensite
Parsonsite
Partheite
Partzite
Parvowinchite
Parwelite
Pascoite
Patronite
Paulingite-Ca
Paulingite-K
Paulkellerite
Paulkerrite
Paulmooreite
Pautovite
Pavonite
Paxite
Pearceite
Pecoraite
Pectolite
Peisleyite
Pekoite
Pekovite
Pellouxite
Pellyite
Penfieldite
Penikisite
Penkvilksite
Pennantite
Penobsquisite
Penroseite
Pentagonite
Pentahydrite
Pentahydroborite
Pentlandite
Penzhinite
Peprossiite-(Ce)
Percleveite-(Ce)
Peretaite
Perhamite
Periclase
Perite
Perlialite
Perloffite
Permingeatite
Perovskite
Perraultite
Perrierite-(Ce)
Perroudite
Perryite
Pertsevite
Petalite
Petarasite
Petedunnite
Peterbaylissite
Petersenite-(Ce)
Petersite-(Y)
Petewilliamsite
Petitjeanite
Petrovicite
Petrovskaite
Petrukite
Petscheckite
Petterdite
Petzite
Pezzottaite
Pharmacolite
Pharmacosiderite
Phaunouxite
Phenakite
Philipsbornite
Philipsburgite
Phillipsite-Ca
Phillipsite-K
Phillipsite-Na
Philolithite
Phlogopite
Phoenicochroite
Phosgenite
Phosinaite-(Ce)
Phosphammite
Phosphoellenbergerite
Phosphoferrite
Phosphofibrite
Phosphogartrellite
Phosphophyllite
Phosphosiderite
Phosphovanadylite
Phosphowalpurgite
Phosphuranylite
Phuralumite
Phurcalite
Phyllotungstite
Pickeringite
Picotpaulite
Picromerite
Picropharmacolite
Piemontite
Pierrotite
Pigeonite
Pillaite
Pilsenite
Pimelite
Pinakiolite
Pinalite
Pinchite
Pingguite
Pinnoite
Pintadoite
Piretite
Pirquitasite
Pirssonite
Piypite
Plagionite
Plancheite
Planerite
Platarsite
Platinum
Plattnerite
Playfairite
Plombierite
Plumbobetafite
Plumboferrite
Plumbogummite
Plumbojarosite
Plumbomicrolite
Plumbonacrite
Plumbopalladinite
Plumbopyrochlore
Plumbotellurite
Plumbotsumite
Poitevinite
Pokrovskite
Polarite
Poldervaartite
Polhemusite
Polkanovite
Polkovicite
Pollucite
Polyakovite-(Ce)
Polybasite
Polycrase-(Y)
Polydymite
Polyhalite
Polylithionite
Polyphite
Ponomarevite
Portlandite
Posnjakite
Potarite
Potassic-carpholite
Potassic-ferrisadanagaite
Potassicleakeite
Potassicpargasite
Potassicsadanagaite
Potosiite
Pottsite
Poubaite
Poudretteite
Poughite
Povondraite
Powellite
Poyarkovite
Prehnite
Preisingerite
Preiswerkite
Preobrazhenskite
Pretulite
Priceite
Priderite
Pringleite
Prismatine
Probertite
Prosperite
Protasite
Protoanthophyllite
Protoferro-anthophyllite
Protomangano-ferro-anthophyllite
Proudite
Proustite
Przhevalskite
Pseudo-autunite
Pseudoboleite
Pseudobrookite
Pseudocotunnite
Pseudograndreefite
Pseudolaueite
Pseudomalachite
Pseudorutile
Pseudosinhalite
Pumpellyite-(Fe2+)
Pumpellyite-(Fe3+)
Pumpellyite-(Mg)
Purpurite
Pushcharovskite
Putoranite
Putzite
P-Veatchite
Pyatenkoite-(Y)
Pyrargyrite
Pyrite
Pyroaurite
Pyrobelonite
Pyrochlore
Pyrochroite
Pyrolusite
Pyrope
Pyrophanite
Pyrophyllite
Pyroxferroite
Pyroxmangite
Pyrrhotite
Qandilite
Qilianshanite
Qingheiite
Qitianlingite
Quadratite
Quadridavyne
Quadruphite
Quartz
Quatrandorite
Queitite
Quenselite
Quenstedtite
Quetzalcoatlite
Quintinite
Raadeite
Rabbittite
Rabejacite
Radhakrishnaite
Radovanite
Radtkeite
Raguinite
Raite
Rajite
Ralstonite
Rambergite
Ramdohrite
Rameauite
Rammelsbergite
Ramsbeckite
Rancieite
Rankachite
Rankamaite
Rankinite
Ransomite
Ranunculite
Rapidcreekite
Rappoldite
Raslakite
Raspite
Rastsvetaevite
Rasvumite
Rathite
Rauenthalite
Rauvite
Ravatite
Rayite
Realgar
Rebulite
Rectorite
Reddingite
Redgillite
Redingtonite
Redledgeite
Reederite-(Y)
Reedmergnerite
Reevesite
Refikite
Reichenbachite
Reidite
Reinerite
Reinhardbraunsite
Remondite-(Ce)
Remondite-(La)
Rengeite
Renierite
Reppiaite
Retgersite
Retzian-(Ce)
Retzian-(La)
Retzian-(Nd)
Revdite
Reyerite
Rhabdophane-(Ce)
Rhabdophane-(La)
Rhabdophane-(Nd)
Rhodarsenide
Rhodesite
Rhodium
Rhodizite
Rhodochrosite
Rhodonite
Rhodostannite
Rhodplumsite
Rhomboclase
Ribbeite
Richellite
Richelsdorfite
Richetite
Richterite
Rickardite
Riebeckite
Rilandite
Rimkorolgite
Ringwoodite
Rinkite
Rinmanite
Riomarinaite
Rittmannite
Rivadavite
Riversideite
Roaldite
Robertsite
Robinsonite
Rockbridgeite
Rodalquilarite
Rodolicoite
Roeblingite
Roedderite
Roggianite
Rohaite
Romanechite
Romarchite
Romeite
Romerite
Rondorfite
Ronneburgite
Rontgenite-(Ce)
Rooseveltite
Roquesite
Rorisite
Rosasite
Roscherite
Roschinite
Roscoelite
Roselite
Rosemaryite
Rosenbergite
Rosenbuschite
Rosenhahnite
Roshchinite
Rosiaite
Rosickyite
Rossite
Rosslerite
Rossmanite
Rostite
Rouaite
Roubaultite
Rouseite
Routhierite
Rouvilleite
Rouxelite
Roweite
Rowlandite-(Y)
Roxbyite
Rozenite
Ruarsite
Rubicline
Rucklidgeite
Rudenkoite
Ruitenbergite
Ruizite
Rusakovite
Russellite
Rustenburgite
Rustumite
Ruthenarsenite
Rutheniridosmine
Ruthenium
Rutherfordine
Rutile
Rynersonite
Sabatierite
Sabelliite
Sabieite
Sabinaite
Sabugalite
Sacrofanite
Sadanagaite
Saddlebackite
Sahamalite-(Ce)
Sahlinite
Sailaufite
Sainfeldite
Sakhaite
Sakharovaite
Sakuraiite
Saleeite
Salesite
Saliotite
Salzburgite
Samarskite-(Y)
Samfowlerite
Sampleite
Samsonite
Samuelsonite
Sanbornite
Sanderite
Saneroite
Sanidine
Sanjuanite
Sanmartinite
Santabarbaraite
Santaclaraite
Santafeite
Santanaite
Santite
Saponite
Sapphirine
Sarabauite
Sarcolite
Sarcopside
Sarkinite
Sarmientite
Sartorite
Saryarkite-(Y)
Sasaite
Sassolite
Satimolite
Satpaevite
Satterlyite
Sauconite
Sayrite
Sazhinite-(Ce)
Sazykinaite-(Y)
Sborgite
Scacchite
Scainiite
Scandiobabingtonite
Scarbroite
Scawtite
Schachnerite
Schafarzikite
Schaferite
Schairerite
Schallerite
Schapbachite
Schaurteite
Scheelite
Schertelite
Schiavinatoite
Schieffelinite
Schirmerite
Schlegelite
Schlemaite
Schlossmacherite
Schmiederite
Schmitterite
Schneebergite
Schneiderhohnite
Schoderite
Schoenfliesite
Schoepite
Schollhornite
Scholzite
Schoonerite
Schorl
Schreibersite
Schreyerite
Schrockingerite
Schubnelite
Schuetteite
Schuilingite-(Nd)
Schulenbergite
Schultenite
Schumacherite
Schwartzembergite
Schwertmannite
Sclarite
Scolecite
Scorodite
Scorzalite
Scotlandite
Scrutinyite
Seamanite
Searlesite
Sederholmite
Sedovite
Seeligerite
Seelite
Segelerite
Segnitite
Seidite-(Ce)
Seidozerite
Seifertite
Seinajokite
Sekaninaite
Selenium
Selenostephanite
Seligmannite
Sellaite
Selwynite
Semseyite
Senaite
Senarmontite
Senegalite
Sengierite
Sepiolite
Serandite
Serendibite
Sergeevite
Serpierite
Serrabrancaite
Sewardite
Shabaite-(Nd)
Shabynite
Shadlunite
Shafranovskite
Shakhovite
Shandite
Shannonite
Sharpite
Shattuckite
Shcherbakovite
Shcherbinaite
Sheldrickite
Sherwoodite
Shibkovite
Shigaite
Shirokshinite
Shirozulite
Shkatulkalite
Shomiokite-(Y)
Shortite
Shuangfengite
Shubnikovite
Shuiskite
Sibirskite
Sicherite
Sicklerite
Siderazot
Siderite
Sideronatrite
Siderophyllite
Siderotil
Sidorenkite
Sidpietersite
Sidwillite
Siegenite
Sieleckiite
Sigismundite
Sigloite
Silhydrite
Silicon
Silinaite
Sillenite
Sillimanite
Silver
Silvialite
Simferite
Simmonsite
Simonellite
Simonite
Simonkolleite
Simplotite
Simpsonite
Sincosite
Sinhalite
Sinjarite
Sinkankasite
Sinnerite
Sinoite
Sitinakite
Sjogrenite
Skaergaardite
Skinnerite
Skippenite
Sklodowskite
Skutterudite
Slavikite
Slawsonite
Smirnite
Smithite
Smithsonite
Smolianinovite
Smrkovecite
Smythite
Sobolevite
Sobolevskite
Sodalite
Soddyite
Sodicanthophyllite
Sodic-ferri-clinoferroholmquistite
Sodic-ferri-pedrizite
Sodic-ferro-anthophyllite
Sodic-ferrogedrite
Sodicgedrite
Sodium Pharmacosiderite
Sodium-Boltwoodite
Sodium-Zippeite
Sofiite
Sogdianite
Sohngeite
Solongoite
Sonolite
Sonoraite
Sopcheite
Sorbyite
Sorensenite
Sorosite
Sosedkoite
Soucekite
Souzalite
Spadaite
Spangolite
Spencerite
Sperrylite
Spertiniite
Spessartine
Sphaerobertrandite
Sphaerobismoite
Sphalerite
Spheniscidite
Spherocobaltite
Spinel
Spionkopite
Spiroffite
Spodiosite
Spodumene
Spriggite
Springcreekite
Spurrite
Srebrodolskite
Srilankite
Stalderite
Stanekite
Stanfieldite
Stanleyite
Stannite
Stannoidite
Stannomicrolite
Stannopalladinite
Starkeyite
Staurolite
Steacyite
Steenstrupine-(Ce)
Steigerite
Stellerite
Stenhuggarite
Stenonite
Stepanovite
Stephanite
Stercorite
Sterlinghillite
Sternbergite
Sterryite
Stetefeldtite
Stevensite
Stewartite
Stibarsen
Stibiconite
Stibiobetafite
Stibiocolumbite
Stibiocolusite
Stibiomicrolite
Stibiopalladinite
Stibiotantalite
Stibivanite
Stibnite
Stichtite
Stilbite-Ca
Stilbite-Na
Stilleite
Stillwaterite
Stillwellite-(Ce)
Stilpnomelane
Stishovite
Stistaite
Stoiberite
Stokesite
Stolzite
Stoppaniite
Stottite
Straczekite
Strakhovite
Stranskiite
Strashimirite
Stratlingite
Strelkinite
Strengite
Stringhamite
Stromeyerite
Stronalsite
Strontianite
Strontioborite
Strontiochevkinite
Strontiodresserite
Strontioginorite
Strontiojoaquinite
Strontiomelane
Strontiopiemontite
Strontiopyrochlore
Strontiowhitlockite
Strontium-Apatite
Strunzite
Struvite
Studenitsite
Studtite
Stumpflite
Sturmanite
Sturtite
Suanite
Sudburyite
Sudoite
Sudovikovite
Suessite
Sugilite
Sulfur
Sulphohalite
Sulphotsumoite
Sulvanite
Sundiusite
Suolunite
Suredaite
Surinamite
Surite
Sursassite
Susannite
Sussexite
Suzukiite
Svabite
Svanbergite
Sveite
svenekite
Sverigeite
Svyatoslavite
Svyazhinite
Swaknoite
Swamboite
Swartzite
Swedenborgite
Sweetite
Swinefordite
Switzerite
Sylvanite
Sylvite
Symesite
Symplesite
Synadelphite
Synchysite-(Ce)
Synchysite-(Nd)
Synchysite-(Y)
Syngenite
Szaibelyite
Szenicsite
Szmikite
Szomolnokite
Sztrokayite
Szymanskiite
Tacharanite
Tachyhydrite
Tadzhikite-(Ce)
Tadzhikite-(Y)
Taenite
Taikanite
Taimyrite
Tainiolite
Takanelite
Takedaite
Takeuchiite
Takovite
Talc
Talmessite
Talnakhite
Tamaite
Tamarugite
Tancoite
Taneyamalite
Tantalaeschynite-(Y)
Tantalcarbide
Tantalite
Tanteuxenite-(Y)
Tantite
Taramellite
Taramite
Taranakite
Tarapacaite
Tarbuttite
Tarkianite
Taseqite
Tatarskite
Tatyanaite
Tausonite
Tavorite
Tazheranite
Teallite
Tedhadleyite
Teepleite
Tegengrenite
Teineite
Telargpalite
Tellurantimony
Tellurite
Tellurium
Tellurobismuthite
Tellurohauchecornite
Telluronevskite
Telluropalladinite
Telyushenkoite
Temagamite
Tengchongite
Tengerite-(Y)
Tennantite
Tenorite
Tephroite
Terlinguaite
Ternesite
Ternovite
Terranovaite
Terskite
Tertschite
Teruggite
Teschemacherite
Testibiopalladite
Tetra-auricupride
Tetradymite
Tetraferroplatinum
Tetrahedrite
Tetrarooseveltite
Tetrataenite
Tetrawickmanite
Thadeuite
Thalcusite
Thalenite-(Y)
Thalfenisite
Thaumasite
Theisite
Thenardite
Theoparacelsite
Theophrastite
Theresmagnanite
Thermonatrite
Thomasclarkite-(Y)
Thometzekite
Thomsenolite
Thomsonite-Ca
Thorbastnasite
Thoreaulite
Thorianite
Thorikosite
Thorite
Thornasite
Thorogummite
Thorosteenstrupine
Thortveitite
Thorutite
Threadgoldite
Tiemannite
Tienshanite
Tiettaite
Tikhonenkovite
Tilasite
Tilleyite
Tin
Tinaksite
Tincalconite
Tinsleyite
Tinticite
Tintinaite
Tinzenite
Tiptopite
Tiragalloite
Tischendorfite
Tisinalite
Titanite
Titanowodginite
Titantaramellite
Tivanite
Tlalocite
Tlapallite
Tobelite
Tobermorite
Tochilinite
Todorokite
Tokkoite
Tokyoite
Tolbachite
Tolovkite
Tombarthite-(Y)
Tomichite
Tongbaite
Tooeleite
Topaz
Torbernite
Tornebohmite-(Ce)
Tornebohmite-(La)
Torreyite
Tosudite
Tounkite
Toyohaite
Trabzonite
Tranquillityite
Traskite
Trattnerite
Treasurite
Trechmannite
Trembathite
Tremolite
Trevorite
Triangulite
Tridymite
Trigonite
Trikalsilite
Trilithionite
Trimerite
Trimounsite-(Y)
Triphylite
Triplite
Triploidite
Trippkeite
Tripuhyite
Tristramite
Tritomite-(Ce)
Tritomite-(Y)
Trogtalite
Trolleite
Trona
Truscottite
Tsaregorodtsevite
Tschermakite
Tschermigite
Tschernichite
Tschortnerite
Tsepinite-Na
Tsnigriite
Tsugaruite
Tsumcorite
Tsumebite
Tsumgallite
Tsumoite
Tucekite
Tugarinovite
Tugtupite
Tuhualite
Tuite
Tulameenite
Tuliokite
Tumchaite
Tundrite-(Ce)
Tundrite-(Nd)
Tunellite
Tungstenite
Tungstibite
Tungstite
Tungusite
Tunisite
Tuperssuatsiaite
Turanite
Turkestanite
Turneaureite
Turquoise
Turtmannite
Tuscanite
Tusionite
Tuzlaite
Tvalchrelidzeite
Tvedalite
Tveitite-(Y)
Tweddillite
Twinnite
Tychite
Tyretskite
Tyrolite
Tyrrellite
Tyuyamunite
Uchucchacuaite
Uklonskovite
Ulexite
Ullmannite
Ulrichite
Ulvospinel
Umangite
Umbite
Umbozerite
Umohoite
Ungarettiite
Ungemachite
Upalite
Uralborite
Uralolite
Uramphite
Urancalcarite
Uraninite
Uranmicrolite
Uranocircite
Uranophane
Uranophane-beta
Uranopilite
Uranopolycrase
Uranosilite
Uranospathite
Uranotungstite
Uranpyrochlore
Urea
Uricite
Ursilite
Urusovite
Urvantsevite
Ushkovite
Usonite
Usovite
Ussingite
Ustarasite
Utahite
Uvanite
Uvarovite
Uvite
Uytenbogaardtite
Uzonite
Vaesite
Vajdakite
Valentinite
Valleriite
Vanadinite
Vanadiocarpholite
Vanadiumdravite
Vanadomalayaite
Vanalite
Vandenbrandeite
Vandendriesscheite
Vanmeersscheite
Vanoxite
Vantasselite
Vanthoffite
Vanuralite
Varennesite
Variscite
Varulite
Vashegyite
Vasilite
Vasilyevite
Vastmanlandite-(Ce)
Vaterite
Vaughanite
Vauquelinite
Vauxite
Veatchite
Veatchite-A
Veatchite-p
Veenite
Velikite
Verbeekite
Vergasovaite
Vermiculite
Vernadite
Verplanckite
Versiliaite
Vertumnite
Vesignieite
Vesuvianite
Veszelyite
Viaeneite
Vicanite-(Ce)
Vigezzite
Vihorlatite
Viitaniemiite
Vikingite
Villamaninite
Villiaumite
Villyaellenite
Vimsite
Vincentite
Vinciennite
Vinogradovite
Violarite
Virgilite
Viseite
Vishnevite
Vismirnovite
Vistepite
Vitimite
Vitusite-(Ce)
Vivianite
Vladimirite
Vlasovite
Vlodavetsite
Vochtenite
Voggite
Voglite
Volborthite
Volkonskoite
Volkovskite
Voltaite
Volynskite
Vonbezingite
Vonsenite
Vozhminite
Vrbaite
Vuagnatite
Vulcanite
Vuonnemite
Vuorelainenite
Vuoriyarvite-K
Vyacheslavite
Vyalsovite
Vysotskite
Vyuntspakhkite-(Y)
Wadalite
Wadeite
Wadsleyite
Wagnerite
Wairakite
Wairauite
Wakabayashilite
Wakefieldite-(Ce)
Wakefieldite-(Y)
Walentaite
Walfordite
Wallisite
Wallkilldellite
Wallkilldellite-(Fe)
Walstromite
Walthierite
Wardite
Wardsmithite
Warikahnite
Warwickite
Watanabeite
Watatsumiite
Watkinsonite
Wattersite
Wattevillite
Wavellite
Wawayandaite
Waylandite
Weberite
Weddellite
Weeksite
Wegscheiderite
Weibullite
Weilite
Weinebeneite
Weishanite
Weissbergite
Weissite
Welinite
Wellsite
Weloganite
Welshite
Wendwilsonite
Wenkite
Werdingite
Wermlandite
Wesselsite
Westerveldite
Wheatleyite
Wherryite
Whewellite
Whiteite-(CaFeMg)
Whiteite-(CaMnMg)
Whiteite-(MnFeMg)
Whitlockite
Whitmoreite
Wickenburgite
Wickmanite
Wicksite
Widenmannite
Widgiemoolthalite
Wightmanite
Wilcoxite
Wilhelmkleinite
Wilhelmramsayite
Wilhelmvierlingite
Wilkinsonite
Wilkmanite
Willemite
Willemseite
Willhendersonite
Willyamite
Wiluite
Winchite
Winstanleyite
Wiserite
Witherite
Wittichenite
Wittite
Wodginite
Wohlerite
Wolfeite
Wollastonite
Wolsendorfite
Wonesite
Woodallite
Woodhouseite
Woodruffite
Woodwardite
Wooldridgeite
Wroewolfeite
Wulfenite
Wulfingite
Wupatkiite
Wurtzite
Wustite
Wyartite
Wycheproofite
Wyllieite
Xanthiosite
Xanthoconite
Xanthoxenite
Xenotime-(Yb)
Xiangjiangite
Xifengite
Xilingolite
Ximengite
Xingzhongite
Xitieshanite
Xocomecatlite
Xonotlite
Yafsoanite
Yagiite
Yakhontovite
Yanomamite
Yaroslavite
Yarrowite
Yavapaiite
Yeatmanite
Yecoraite
Yedlinite
Ye'elimite
Yftisite-(Y)
Yimengite
Yingjiangite
Yixunite
Yoderite
Yofortierite
Yoshimuraite
Yoshiokaite
Yttrialite-(Y)
Yttrobetafite-(Y)
Yttrocolumbite-(Y)
Yttrocrasite-(Y)
Yttropyrochlore-(Y)
Yttrotantalite-(Y)
Yttrotungstite-(Y)
Yuanfuliite
Yuanjiangite
Yugawaralite
Yukonite
Yuksporite
Yushkinite
Yvonite
Zabuyelite
Zaccagnaite
Zaherite
Zairite
Zajacite-(Ce)
Zakharovite
Zalesiite
Zanazziite
Zapatalite
Zaratite
Zavaritskite
Zdenekite
Zektzerite
Zellerite
Zemannite
Zemkorite
Zenzenite
Zeophyllite
Zhanghengite
Zharchikhite
Zhemchuzhnikovite
Zhonghuacerite-(Ce)
Ziesite
Zimbabweite
Zinalsite
Zinc
Zincaluminite
Zincgartrellite
Zincite
Zinc-melanterite
Zincobotryogen
Zincochromite
Zincohogbomite-2N2S
Zincohogbomite-2N6S
Zincolibethenite
Zincospiroffite
Zincostaurolite
Zincovoltaite
Zincowoodwardite
Zincrosasite
Zincroselite
Zincsilite
Zinc-zippeite
Zinkenite
Zinnwaldite
Zippeite
Zircon
Zirconolite
Zircophyllite
Zircosulphate
Zirkelite
Zirklerite
Zirsilite-(Ce)
Zirsinalite
Zlatogorite
Znucalite
Zodacite
Zoisite
Zorite
Zoubekite
Zugshunstite-(Ce)
Zussmanite
Zvyagintsevite
Zwieselite
Zykaite
