Abia drum
Accordion
Accordion
Acoustic bass guitar
Acoustic guitar
Aeolian harp
African drum
Agong
Agung
Agung a Tamlang
Ahoko
Ajaeng
Alboka
Alphorn
Alto clarinet
Alto flute
Alto Horn
Alto Sarrusophone
Alto saxophone
American gamelan
Appalachian dulcimer
Archlute
Arghul
Aroding
Aru-ding
Atenteben
Aulochrome
Babendil
Bagpipe
Balalaika
Bandoneon
Bandoneon
Bandura
Banjo
Bansuri
Barbat
Baritone horn
Baritone oboe
Baritone Sarrusophone
Baritone saxophone
Baryton
Bass
Bass clarinet
Bass drum
Bass flute
Bass guitar
Bass Sarrusophone
Bass saxophone
Basset-horn
Bassoon
Bawu
Bayan
Bazooka
Bell
Berimbau
Bianqing
Bianzhong
Biwa
Bodhran
Bombarde
Bongo drum
Bordonua
Bouzouki
Brass instruments
Bugle
Bullroarer
Button Accordion
C melody saxophone
C Soprano saxophone
Calliope
Carillon
Carillon
Castanets
Caxixi
Celesta
Cello
Chapman stick
Chenda
Chimes
Ching
Chitarra battente
Chromatic Accordion
Cigar box guitar
Cimbasso
Cittern
clapping
Clarinets
Clar-o-sax
Classical guitar
Clavichord
Clavichord
Concertina
Conch
Conga
Conn-o-sax
Contra-alto clarinet
Contra-alto flute
Contrabass a anche 
Contrabass clarinet
Contrabass flute
Contrabass oboe
Contrabass Sarrusophone
Contrabass saxophone
Contrabassoon
Cor anglais
Cornet
Cornett
Cowbell
Crash cymbal
Cromorne
Crotales
Crumhorn
Crwth
Cuatro
Cuica
Cuprophone
Cymbals:
Dabakan
Dahu
Dan bau
Dan gao
Dan nguyet
Dan tranh
Dan ty ba
Danso
Darbuka
Denis d'or
Dhol
Dholak
Didgeridoo
Dihu
Dizi
Djembe
Double Bass
Double contrabass flute
Doulophone
Drum machine
Drums
Dubreq Stylophone
Dulcian
Dulzaina
Dutar
Duxianqin
Ektara
Electric Guitar
English horn
Erhu
Erxian
Euphonium
Faglong
Fangxiang
Fegereng
Fiddle
Fingerboard synthesizer
Flageolet
Flugelhorn
Flute
Folgerphone
Fuglung
Gamelan
Gandingan
Gandingan a Kayo
Gangsa
Ganza
Gayageum
Gehu
Gender
Geomungo
Ghatam
Glass marimba
Glasschord
Glockenspiel
Gong
Gottuvadhyam
Guan
Guiro
Guitarron
Guitars:
Guqin
Guzheng
Hammered dulcimer
Hammond organ
Hammond Organ
Handbells
Hardanger fiddle
Harmonica
Harmonium
Harp
Harpsichord
Harpsichord
Heckelphone
Hegelong
Hi-hat cymbal
Hocchiku
Horagai
Hosho
Huluhu
Hun
Huqin
Hurdy gurdy
Inci
Ipu
Irish bouzouki
Janggu
Janko piano
Jew's Harp
Jiaohu
Jug
Kadlong
Kagul
Kantele
keyed bugle
Khalam
Khene
Khim
Khloy
Khlui
Khol
Kobing
Kokyu
Kolibau
Kolintang
Komungo
Kora
Koto
Koudi
Kubing
Kudlong
Kudlung
Kudlung
Kudyapi
Kulintang
Kulintang a Kayo
Kulintang a Putao
Kulintang a Tiniok
Kutiapi
Kutiyapi
Kutyapi
Kwintangan Kayo
Lambeg
Langeleik
Laruan
Lasso d'amore
Launeddas
Leiqin
Lirone
Luntang
Lusheng
Lute
Lyre
Maguhu
Mando-bass
Mandocello
Mandola
Mandolin
Mangtong
Maracas
Marimba
Marimbaphone
Mbira
Mellophone
Mellotron
Melodeon
Melodica
Metallophone
Mezzo-soprano saxophone
MIDI keyboard
Mijwiz
Mohan veena
Morin khuur
Mridangam
Musical bow
Nadaswaram
Naqara
Nose flute
Nyckelharpa
O Daiko
Oboe
Oboe da caccia
Oboe d'amore
Ocarina
Octaban
Octapad
Octave mandolin
Octavin
Octocontra-alto clarinet
Octocontrabass clarinet
Ondes Martenot
Ophicleide
Paixiao
Palendag
Pan pipes
Piano
Piano
Piccolo
Piccolo 'cello
Piccolo clarinet
Piccolo heckelphone
Piccolo oboe
Piccolo violin
Pipa
Pipe organ
Pipe organ
Psaltery
Pulalu
Quinticlave
Rackett
Rahab
Rainstick
Ranat ek lek
Ranat thum lek
Rebec
Recorder
Reed Contrabass
Rhodes piano
Ride cymbal
Riq
Roman tuba
Ruan
Rudra vina
Ryuteki
Sabar
Sackbutt
Saenghwang
Sallameh
Sampho
Sampler
Sanxian
Saronai
Saronay
Sarrusophone
Sarunai
Sarunay
Saung
Saw sam sai
Saxhorn
Saxie
Saxonette
Saxophone
Serpent
Setar
Shakuhachi
Shamisen
Shawm
Shekere
Sheng
Shinobue
Shofar
Siren
Sitar
Slide guitar
Slide whistle
Slit Drum
Snare drum
Sopranino clarinet
Sopranino mandolin
Sopranino Sarrusophone
Sopranino saxophone
Soprano clarinet
Soprano Sarrusophone
Soprano saxophone
Soprillo
Sousaphone
Splash cymbal
Sralai
Steel drum
Steel guitar
Steelpan
Subcontrabass flute
Subcontrabass saxophone
Suling
Suona
Surdo
Surnay
Synclavier
Synthesizer
Tabla
Tagutok
Taiko
Tamboori or Tanpura(India)
Tambourine
Tan-tan
Taphon
Tarogato
Tarogato
Tea chest bass
Teleharmonium
Tenor Horn
Tenor Sarrusophone
Tenor saxophone
Tenor viola
Tenoroon
Terz heckelphone
Thavil
Theorbo
Theremin
Timpani
Timpani
Timple
Tin whistle
Tom-Tom
Tonette
Toy piano
Tres
Triangle
Tro
tromba marina
Trombone
Tromboon
Trompeta china
Trumpet
Trumpet marine
Tuba
Tubax
Tuhu
Tumpong
Turntables
Udu
Ugal
Ukulele
Valiha
Veena
Vertical flute
Vertical viola
Vibraphone
Vichitra vina
Vielle
Vihuela
Viol
Viola
Viola da gamba
Viola d'amore
Viola organista
Violin
violoncello piccolo
Violotta
Wagner tuba
Washboard
Washint
Washtub bass
Willow flute
Xalam
Xiao
Xun
Xylophone
Xylorimba
Yazheng
Yu
Zhonghu
Zhuihu
Zil
Zither
Zufolo
