1000 Airplanes on the Roof
A Brief Life
A Midsummer Night's Dream
A Quiet Place
A Wedding
A ratartos kiralykisasszony
Abu Hassan
Achille et Polyxene
Acis and Galatea
Acis et Galatee
Acteon
Adelaide
Adelaide di Borgogna
Adelson e Salvini
Admeto
Adriana Lecouvreur
After All!
Ages Ago
Agrippina
Aida
Ainadamar
Akhnaten
Alahor in Granata
Albert Herring
Alceste
Alcina
Alessandro
Alessandro nelle Indie
Alexander Twice
Alzira
Amadis
Amahl and the Night Visitors
Andrea Chenier
Angelo
Aniara
Anna Bolena
Antigone
Apollo et Hyacinthus
Ariadne auf Naxos
Ariodante
Arizona Lady
Armide
Aroldo
Ascanio in Alba
Attila
Babes in Toyland
Bang!
Beatrix Cenci
Belisario
Benvenuto Cellini
Bertha
Betrothal in a Monastery
Billy Budd
Bitter Sweet
Blue Monday/135th Street
Bluebeard's Castle
Bomarzo
Boris Godunov
Brandenburgers in Bohemia
Brundibar
Beatrice et Benedict
Candide
Carmen
Casanova's Homecoming
Cavalleria rusticana
Comedy on the Bridge
Cosi fan tutte
Curlew River
Cyrano de Bergerac
Dafne
Dalibor
Dantons Tod
Dardanus
Das Rheingold
De Temporum Fine Comoedia
Dead Man Walking
Death in Venice
Der Corregidor
Der Freischutz
Der Ring des Nibelungen
Der Rosenkavalier
Der Schauspieldirektor
Destiny
Dialogues of the Carmelites
Dido and Aeneas
Die Bajadere
Die Csardasfurstin
Die Entfuhrung aus dem Serail
Die Faschingsfee
Die Feen
Die Fledermaus
Die Herzogin von Chicago
Die Hochzeit
Die Meistersinger von Nurnberg
Die Schuldigkeit des ersten Gebotes
Die Walkure
Die Zauberflote
Die lustige Witwe
Die lustigen Weiber von Windsor
Djamileh
Doctor Atomic
Don Carlos
Don Giovanni
Don Pasquale
Don Rodrigo
Edgar
Eine Nacht in Venedig
Einstein on the Beach
El retablo de Maese Pedro
Elektra
Ernani
Ero s onoga svijeta
Eugene Onegin
Euridice
Facing Goya
Falstaff
Faust
Feast in Time of Plague
Fedora
Fidelio
Florencia en el Amazonas
Four Saints in Three Acts
Francesca da Rimini
Francesca of Rimini
From the House of the Dead
Galileo Galilei
Genoveva Schumann
Gianni Schicchi
Gilgamesh
Giovanna d'Arco
Giulio Cesare
Gloriana
Goyescas
Gotterdammerung
Hugh the Drover
Hary Janos
Hansel und Gretel
I Lombardi
I due Foscari
I masnadieri
I puritani
I quattro rusteghi
Idomeneo
Il Bellerofonte
Il Guarany
Il matrimonio segreto
Il ritorno d'Ulisse in patria
Il re pastore
Il sogno di Scipione
Il tabarro
Il trovatore
Il turco in Italia
Iolanthe
Iphigenie en Tauride
Iris
Ivan the Fool
Jenufa
Judith
Julie
Kaiserin Josephine
King Roger
Klutaimnestra
Kat
L'Africaine
L'abandon d'Ariane
L'elisir d'amore
L'enfant et les sortileges
L'heure espagnole
L'incoronazione di Poppea
L'italiana in Algeri
L'oca del Cairo
L'etoile
La Cenerentola
La Cenicienta
La Clemenza di Tito
La Gioconda
La Juive
La Wally
La belle Helene
La belle au bois dormant
La boheme
La canterina
La fanciulla del West
La favorite
La fille du regiment
La forza del destino
La gazza ladra Rossini
La liberazione di Ruggiero
La rondine
La sonnambula
La traviata Verdi
La vestale
Lady Macbeth of the Mtsensk District
Lakme
Land of Smiles
Le Flibustier
Le Grand Macabre
Le Villi
Le donne curiose
Le roi de Lahore
Le siege de Corinthe
Legvitezebb Huszar
Les Arts florissants
Les Boreades
Les Huguenots
Les Troyens
Les contes d'Hoffmann
Les mamelles de Tiresias Poulenc 1947
Les pecheurs de perles
Les vepres siciliennes
Leanyvasar
Little Red Riding Hood
Lo sposo deluso
Lohengrin
Lord Byron
Louis Riel
Lucia di Lammermoor
Lucrezia Borgia
Luisa Miller
Lulu
L'amour de loin
Macbeth
Madama Butterfly
Mademoiselle Fifi
Manon
Manon Lescaut
Margaret Garner
Maria Golovin
Maria Stuarda Donizetti
Martha
Maria de Buenos Aires
Masquerade
Mateo Falcone
Mathis der Maler
Mavra
May Night
Mazepa
Mefistofele
Mignon
Miss Julie
Mlada
Motezuma
Mozart and Salieri
Medee
Nabucco
Nicholas and Alexandra
Nina
Nixon in China
Norma
Oberto
Oedipus Rex Igor Stravinsky 1927
Oresteia
Orfeo
Orfeo ed Euridice
Orlando Furioso
Orphee aux enfers
Otello
Owen Wingrave
Oedipe George Enescu 1936
Pagliacci
Paradise Lost
Parsifal
Pelleas et Melisande
Peter Grimes
Porgy and Bess
Porin
Powder Her Face
Prince Igor
Prisoner of the Caucasus
Puss in Boots
Radamisto
Rienzi
Rigoletto
Rinaldo
Rise and Fall of the City of Mahagonny
Roberto Devereux
Rodelinda
Rogneda
Romeo et Juliette
Rusalka
Ruslan and Lyudmila
Sadko
Saint-Francois d'Assise
Salammbo
Salome
Samson
Samson et Dalila
Sant'Alessio
Satyagraha
Semele
Semiramide
Serse
Shining Brow
Siegfried
Simon Boccanegra
Simplicius
Sorochintzy Fair
Street Scene
Suor Angelica
Szibill
Tancredi
Tannhauser
Tartuffe
Thais
The Accacha Chronicles Trilogy
The Barber of Bagdad
The Barber of Seville
The Bartered Bride
The Beggar's Opera
The Captain's Daughter
The Cave
The Crucible
The Cunning Little Vixen
The Dangerous Liaisons
The Daughter of the Regiment
The Death of Klinghoffer
The Desert Song
The Devil Take Her
The Devil and Kate
The Eighth Wonder
The English Cat
The Excursions of Mr. Broucek
The Fiery Angel
The Flying Dutchman
The Gambler Prokofiev
The Ghosts of Versailles
The Golden Cockerel
The Greater Good
The Greek Passion
The Handmaid's Tale
The Island of Tulipatan
The Jacobin
The Jewels of the Madonna
The Khovansky Affair
The Knot Garden
The Legend of the Invisible City of Kitezh
The Little Prince
The Love for Three Oranges
The Maid of Orleans
The Makropulos Affair
The Man Who Mistook His Wife for a Hat
The Mandarin's Son Cui
The Marriage of Figaro
The Mask of Orpheus
The Medium
The Merry Widow
The Merry Wives of Windsor
The Mines of Sulphur
The Miserly Knight
The New Moon
The Nose
The Old Maid and the Thief
The Power of the Fiend
The Queen of Spades
The Rake's Progress
The Rape of Lucretia
The Saint of Bleeker Street
The Saracen
The Snow Bogatyr
The Snow Maiden
The Stone Guest
The Tale of Tsar Saltan
The Tempest
The Tender Land
The Threepenny Opera
The Tsar's Bride
The Turn of the Screw
Three Tales
Tosca
Tristan und Isolde
Trouble in Tahiti
Turandot
Un ballo in maschera
Un giorno di regno
Vanessa
Veinticinco de agosto
Venus and Adonis
Volo di Notte
War and Peace
Werther
What Men Live By
William Ratcliff
William Tell
Wozzeck
Yerma
Zaide
svanda the Bagpiper
sarka
ca Ira
