2Step
4-beat
A cappella
Aaroubi
Abaimajani
Abajenos
Aboriginal rock
Abstract expressionism
Abstract hip hop
Abwe
Acid croft
Acid groove
Acid house
Acid jazz
Acid rock
Acid techno
Acoustic Rock
Adai-adai
Aduk-aduk
Adult contemporary
Afoxe
African blues
African jazz
Afrobeat
Afro-Cuban jazz
Afro-Cuban rumba
Afro-juju
Afroma
Afro-Manding blues
Afro-reggae
Afro-soul
Afro-zouk
Aguinaldo
Ahidus
Ahouach
Akyn
Al-ala
Alb-pop
Aleatoric music
Alomaco
Alpine New Wave
Alpunk
Alternative country
Alternative hip hop
Alternative metal
Alternative rock
Amanedhes
Ambient acoustic
Ambient breakbeat
Ambient dub
Ambient groove
Ambient house
Ambient techno
Ambient trance
American fingerstyle guitar
American primitive guitar
Anadolu rock
Anarcho-punk
Andartika
Andean New Age
Angklung
Angolan merengue
Anti-folk
Antiphonal
Apala
Apocolypse core
Appalachian folk
Arabesk
Areito
Arena rock
Argentinean rock
Arpa grande
Arribeno
Ars antiqua
Ars nova
Art Brut
Art metal
Art pop
Art punk
Art rock
art techno
Ashiq
Ashoug
Asian Underground
Australian country music
Australian hip hop
Australian humour
Australian pub rock
Australian warmetal
Avant-garde jazz
Avant-garde music
Bachata
Bagad
Baiao
Baiao
Baila
Baisha xiyue
Bajourou
Bakersfield sound
Bakou
Bakshy
Bal granmoun
Balakadri
Balkan music
Ballad
Ballad calypso
Ballata
Bal-musette
Balss
Bamberas
Bamboo band
Bamboula wake
Bambuco
Banda
Bangsawan
Bantowbol
Barbarian Black Metal
Barbershop music
Barndance
Baroque
Baroque metal
Baroque music
Bass music
Bastard Pop
Bata
bata rock
Bata-rumba
Batucada
Batuco
Bayin
Beach music
Beatboxing
Bebop
Bedoui
Bedoui citadinise
Beguine
Beguine moderne
Beguine vide
Beiguan
Bel canto
Bend-skin
Benga
Bhajan
Bhakti
Bhangra
Bhangragga
Bhangramuffin
Bhangra-wine
Big band music
Big Beat
Big Drum Dance
Big Hip
Bigono duu
Biguine
Biguine moderne
Bikutsi
Bitpop
Black metal
Bloco afro
Blue-eyed soul
Bluegrass
Blues ballad
Blues-rock
Blurcore
Bocet
Bolero
Bombay pop
Bongo wake
Boogaloo
Boogie rock
Boogie woogie
Booty bass
booty bassBass music
Borbangnadyr
Borbannadir
Border ballad
Bossa nova
Bouncy techno
Boy band
Brass band
Brass Hop
Brazilian funk
Brazilian jazz
Breakbeat
Breakbeat hardcore
Breakcore
Bright disco
Brill Building Pop
Britfunk
British blues
British folk
British Invasion
Britpop
Broadside ballad
Brokenbeat
brosca
Brown-eyed soul
Broxa
Brukdown
Bubblegum pop
Buiasche
Bulerias
Bumba-meu-boi
Bunggul
Bunraku
Burger-highlife
Burgundian School
Ca din tulnic
Ca pe lunca
Ca tru
Cabaret
Cadence
Cadence rampa
Cadence-lypso
Cafe-aman
Cai luong
Cajun music
Cakewalk
Calenda
Calentanos
Calgia
Calipso
Calypso
Calypso-style baila
Campillaneros
Campursari
Cana
Candombe
Cante chico
Cante jondo
Canterbury Scene
Cantiga
Cantinas
Cantique
Canto livre
Canto nuevo
Canto popular
Cantopop
Canzone napoletana
Capoeira music
Caracoles
Carceleras
Cardas
Carimbo
Cariso
Carnatic music
Cartageneras
Casse-co
Cassette culture
Cavacha
CCM
Celempungan
Cello rock
Celtic
Celtic metal
Celtic reggae
Celtic rock
Cha-cha-cha
Chakacha
Chamame
Chamber jazz
Chamber music
Chamber pop
Champeta
Champloo
Changui
Chanson
Charanga
Charanga-vallenato
Charikawi
Chastushki
Chau van
Chemical breaks
Cheo
Chicago blues
Chicago house
Chicago jazz
Chicago soul
Chicha
Chicken scratch
Chill-Out
Chimurenga
Chinese music
Chinese rock
Chip music
Choctaw Social Dance
Cho-kantrum
Chongak
Chorinho
Choro
Chouval bwa
Chowtal
Christian alternative
Christian hip hop
Christian metal
Christian rock
Christmas carol
Chumba
Chut-kai-pang
Chutney
Chutney-bhangra
Chutney-hip hop
Chutney-soca
Chylandyk
Ciganyzene
Cind ciobanu s-i a pierdut oile
Cintec batrinesc
Ciobanul
Classic female blues
Classic metal
Classical music era
Clicks n Cuts
Close harmony
Cocobale
Cocorrido
Coimbra fado
Coladeira
Coldwave
Colombianas
Color Field
Combined Rhythm
Comedy rock
Comic opera
Comparsa
Compas direct
Compas meringue
Concert overture
Concerto
Concerto grosso
Congolese sound
Conjunto
Constructivism
Contemporary Christian Music
Contonbley
Contradanza
Cool jazz
corporate musical
Corsican polyphonic song
Cothoza mfana
Country blues
Country music
Country rock
Countrypolitan
Couple de sonneurs
Cow punk
Crapcore
Creative jazz
Creole
Crossover music
Crunk
Crust punk
Csardas
Cuarteto
Cubism
Cueca
Cumbia
Cumbia panamena
Cumbia villera
Cumfa
Cybercore
Dabka
Dadra
Daina
Daino
Dalauna
Dance
Dance music
Dance pop
Dancehall
Dance-punk
Dangdut
Danube New Wave
Danza
Danzon
Dark ambient
Dark trance
Darkwave
De codru
De dragoste
De jale
De pahar
Death industrial
Death metal
death punk
Death rock
Death techno
Deblas
Deboche
Decima
Deep house
Deep soul
Degung
Delta blues
Dementia
Detroit blues
Detroit techno
Dhamar
Dhimotika
Dhrupad
Dhun
Dialect rock
Digital hardcore
Dirge
Dirty South
Disco
Disco house
Disco Polo
Dixieland jazz
Djambadon
DNB
Dodompa
Doina
Dombola
Dondang sayang
Donegal fiddle tradition
Donjiang
Doo wop
Doom metal
Dope
Downtempo
Dream pop
Drill and bass
Dronology
Drum and bass
Dub techno
Dundun
Dunedin Sound
Dutch jazz
Dutch trance
Dziesma
Dzoke
Early music
East Coast blues
East Coast hip hop
Eastern Tradition of Sephardic music
Easy listening
EBM
El pasacalle
Elafrolaiko
Electric blues
Electro hop
electroacoustic music
Electroclash
Electrofunk
Electronic art music
Electronic body music
Electronic luk thung
Electronic music
Electronica
Electropop
elevator music
Elevator music (or Muzak)
Emeba
Endecasillabo
English funk
English madrigal
Enka
entekhno
Epic metal
Eremwu eu
Euba
Eurobeat
Eurodance
Europop
Eurotrance
Exotica
Experimental music
Experimental noise
Experimental rock
Expressionism
Ezengileer
Fado
Falak
fandango
Farruca
Fauvism
Filk
Film scores
Filmi
Filmi-ghazal
Finger-style
Fjatpangarri
Flamenco
Foaie verde
Fofa
Folk metal
Folk music
Folk pop
Folk punk
Folk rock
Folktronica
Fonn Mall
Forro
Franco-country
Freak-folk
Free improvisation
Free jazz
Free music
Freestyle house
Freetekno
Frevo
Fricote
F-Step
Fuji
Fulia
Funacola
Funana
Funk metal
Funky breaks
Funky highlife
Furniture music
Fusion bhangra
Fusion jazz
Future jazz
Futurepop
Gabber
Gaga
Gagaku
Gaikyoku
Gaita
Galant
Gamad
Gambang kromong
Gamelan
Gamelan angklung
Gamelan bang
Gamelan bebonangan
Gamelan buh
Gamelan degung
Gamelan gede
Gamelan kebyar
Gamelan salendro
Gamelan selunding
Gamelan semar pegulingan
Gammeldan
Gandrung
Gangsta rap
Garage rock
Garage techno
Garrotin
Gavotte
Gelugpa chanting
Gender wayang
Gending
Gharbi
Gharnati
Ghazal
Ghazal-song
Ghetto house
Ghettotech
Girl group
Glam rock
Glitch
Gnawa
Go go
Goa
goa trance
Golden Period of Karnatic classical music
Goombay
Goregrind
Goshu ondo
Gospel music
Gospel-soca
Gothenburg sound
Gothic metal
Gothic rock
Graffiti
Granadinas
Gregorian chant
Grime
Grindcore
Group Sounds
Grunge
Grupera
Guaguanbo
Guajira
Guitarra baiana
Guitarradas
Gumbe
Gunchei
Gunka
Guoyue
Gwerz
Gwo ka
Gwo ka moderne
Gypsy jazz
Gyu ke
Habanera
Haiducesti
Hair metal
Hajnali
Hakka
Half calypso
Hambo
Hapa haole
Happy hardcore
Haqibah
hard bebop
Hard bop
Hard house
Hard rock
Hard Style
Hard techno
Hard trance
Hardcore hip hop
Hardcore punk
Hardcore techno
Hard-edge
Harepa
Harmonica blues
Hasaposerviko
Hat a dao
Hat boi
Hat cai luong
Hat chau van
Hat cheo
Hat tuong
Hawaiian steel guitar
Hawzi
Hazzanut
Heavy compas
Heavy dance
Heavy metal
Hesher
Highlife fusion
Hillybilly music
Hindustani classical music
Hi-NRG
Hip hop
Hip hop and soul
Hip house
Hiplife
Hiragasy
Hiva usu
HNS
Honky tonk
Honkyoku
hoomii
Hora lunga
Hornpipes
Horror punk
Hot rod music
House music
Hua'er
Huasteco
Huaynos
Hula
Humppa
Hunguhungu
Hyangak
Hymn
Hypnofolkadelia
Ibiza music
Ice metal
IDM
Igbo-highlife
Ijexa
Ilahije
Illbient
Impressionism
Impressionist music
Incidental music
Indie folk
Indie garage
Indie pop
Indie rock
Indo jazz
Indo rock
Indoyiftika
Industrial dance
Industrial metal
Industrial music
Industrial musical
Industrial rock
Instrumental pop
Instrumental rock
Intelligent dance music
intelligent techno
International Latin
Inuit
Iscathamiya
Isikhwela jo
Isolationist
Italo Disco
Itsmenos
Izvorna Bosanska muzika
Jaipongan
Jaliscienses
Jam band
Jam rock
Jamana kura
Jamrieng samai
Jangle pop
Japanese pop
Jarana
Jariang
Jarochos
Jawaiian
Jazz
Jazz blues
Jazz from night
Jazz fusion
Jazz groove
Jazz rap
Jegog
Jenkka
Jibaro
Jing ping
Jingle
Jive
Joged
Joged bumbung
Joik
Joropo
Jota
J'Ouvert
Jug band
Juju
Juke joint blues
Jump blues
Junkanoo
Jure
Kaba
Kabuki
Kadans
Kagok
Kagyupa chanting
Kaiso
Kalamatiano
Kalattuut
kalenda
Kalinda 
Kamba pop
Kan ha diskan
Kang
Kansas City blues
Kantadhes
Kantrum
Kargyraa
Karma
Kaseko
Katcharsee
Kattajjaq
Kawachi ondo
Kayokyoku
Kebyar
Kecak
Kecapi suling
Ke-kwe
Kele
Kertok
Khaleeji
Khap
Khelimaski djili
Khene
Khoomei
khoomii
Khorovodi
Khplam wai
Khrung sai
Khyal
kihoalu
Kilapanda
Kinko
Kirtan
Kiwi rock
Kizomba
Klape
Klasik
Kleftiko
Klezmer
Kliningan
Kochare
Kolomyjka
Komagaku
Konpa
Koumpaneia
Kpanlogo
Krakowiak
Krautrock
Krill Krill
krithi
Kriti
Kroncong
Krzesany
Kulning
Kumina
Kun-borrk
Kundere
Kundiman
Kussunde
Kutumba wake
Kvaeoi
Kveding
Kwaito
Kwassa kwassa
Kwela
La la
Laba laba
Laiko
Lam saravane
Lam sing
Lambada
Lancer
Langgam jawa
Laremuna wadauman
Latin jazz
Lavlu
Lavway
Le leagan
Legenyes
Letka
Letka-jenkka
Lhamo
Liedermacher
Light Music
Likanos
Line dance
Liquindi
listening techno
Llanera
Llanto
Lo-fi
Loki djili
Long-song
Lo-pop
Louisiana blues
Lounge music
Lovers rai
Lovers rock
Lubbock country music
Lucknavi thumri
Luhya omutibo
Luk grung
Lullaby
Lundu
Lundum
Madchester
Madrigal
Mafioso hip hop
Maglaal
Magnificat
Mahori
Makossa
Makossa-soukous
Malaguenas
Malawian jazz
Maloya
Maluf
Mambo
Manaschi
Mandarin pop
Manding swing
Mangulina
Manikay
Manila sound
Mannerism
Manouche
Manzuma
Mapouka
Mapouka-serre
Marabi
Maracatu
Marching music
Marga
Mariachi
Marimba
Maritime folk
Marrabenta
Marrabenta rap
Martinetes
Maskanda
Matamuerte
Math rock
Mathcore
Mazurka
Mbalax
Mbaqanga
Mbira
Mbube
Mbumba
Medh
Medieval music
Meditation
Mejorana
Melhoun
Melhun
Melodic trance
Memphis blues
Memphis rap
Memphis soul
Mento
Merengue
Merengue estilo yanqui
Merengue tipico moderno
Merengue-bomba
Meringue
Meringue
Merseybeat
Mexican son
Meyjana
Miami bass
Miami Sound
Microhouse
Milo jazz
Milongas
Mineras
Mini compas
Mini jazz
Mini-jazz
Minimalism
Minimalist music
Minimalist trance
Minneapolis sound
Minstrel show
Minuet
Min'yo
Mirabras
Miroloyia
Missouri harmony
Modern classical music
Modern rock
Modernism
Modinha
Mohabelo
Mor lam
Mor lam sing
Morna
Motown
Mozambique
MPB
Mugam
Muntuno
Musette
Music drama
Music Hall
Musica campesina
Musica criolla
Musica de la interior
Musica llanera
Musica nordestina
musica popular Brasileira
musica popular brasileira
Musica tropical
Musiqi-e assil
Musique concrete
Mutuashi
Muwashshah
Muzak
Na trapeza
Nagauta
Naghmehs
Naive art
Nakasi
Naked funk
Nangma
Nanguan
Narcocorrido
Narodna muzika
Nasheed
Nashville Sound
Native American gospel
Nederpop
Neo kyma
neo soul
Neo-classicism
Neo-clerical ghazni
Neomelodici
Neo-ska
Neo-swing
Nerdcore hiphop
Neue Deutsche Welle
Neue Volksmusik
New Age music
New Beat
New Instrumental
New Jack R&B
New Jack Swing
New Orleans blues
New Orleans contemporary brass band
New Orleans jazz
New Romantic
New rumba
New school hip hop
New Taiwanese Song
New Wave
New Wave bhangra
New Wave of British heavy metal
New York blues
Newgrass
Nganja
Nha Nac
Nhac dan toc cai bien
Nhac tai tu
Nisiotika
No Wave
Noise music
Noise pop
Noise rock
Nongak
Norae Undong
Nordic folk dance music
Nordic folk music
Nortec
Norteno
Northern harmony
Northern Soul
Northumbrian smallpipe music
Nota
Nova cancao
Novokomponovana narodna muzika
Nu breaks
Nu jazz
Nu metal
Nu soul
Nueva cancion
Nu-NRG
NWOBHM
Nyingmapa chanting
Old school hip hop
Old time country
Old-time
Olonkho
Oltului
Omutibo
On ikki muqam
Ondo
Oom pah band
Op art
Opera
Oratorical calypso
Oratorio
Orchestra
Orchestre
Organ Orgue
Organic ambient
Organic house
Organum
Orgel
Oriental Foxtrot
Oriental metal
Orientalism
Orovela
Orphism
Orquestas Tejanas
Ottava rima
Outlaw country
Outsider
Outsider music
ozgun
Ozwodna
Padams
Painterly
Paisley Underground
Palm wine
Palos
Pambiche
Panambih
Panchai baja
Pansori
Paranda
Parang
Parisian soukous
Parody
Parranda
Partido alto
Paseo
Pasillo
Payada de contrapunto
Peace Punk
Pedo punk
Pelimanni music
Pennywhistle jive
Peroveta anedia
Petenera
Peyote Song
P-Funk
Philadelphia soul
Phleng luk tung
Photorealism
Piano blues
Piano rock
Piedmont blues
Pineal Polka
Pinoy rock
Pinpeat orchestra
Piphat
Pirekaus
Pisiq
Piyyutim
Plachi
Plainchant
Plena
Pleng phua cheewit
Pleng Thai sakorn
Poco-poco
Pointillism
Polihet
Political Grindcore
Polka
Polonaise
Polska
Pong lang
Pop art
Pop melayu
Pop mop
Pop music
Pop punk
Pop rai
Pop sunda
Pop-makossa
Popular music
Porngroove
Porro
Portuguese Shangaan
Post punk
Post-Abstract Expressionism
Post-minimalism
Postmodernism
Post-painterly Abstraction
Post-rock
Post-romanticism
Power electronics
Power metal
Power noise
Power pop
Pow-wow
Ppongtchak
Praise song
Pre-Computer
Presleyan music
Primitive
Program symphony
Progressive Acoustic Urban Math Folk
Progressive bluegrass
Progressive electronic music
Progressive house
Progressive metal
Progressive rock
Progressive trance
Pseudorealism
Psych folk or Psychedelic folk
Psychedelic music
Psychedelic trance
Psychobilly
Psychosomatic trance
Psych-pop
Psy-trance
Punjabi thumri
Punk Cabaret
Punk rock
Punta
Punta rock
Qasidah
Qasidah modern
Qawwali
Quadrille
Quan ho
Queercore
Quiet Storm
R&B
Rada
Raga rock
Ragas
Ragga
Ragga-chutney
Raggamuffin
Ragga-soca
Ragga-zouk
Ragtime
Rake-and-scrape
Rambutan
Ramkbach
Ramvong
Ranchera
Random dance
Rap
Rap dogba
Rap metal
Rapcore
Rapso
Rara
Rare groove
Rasiya
Rateliai
Rave
Realism
Rebetiko
Rebita
Reggae
Reggae highlife
Reggaeton
Reinlender
Rekilaulu
Rembetiko
Renaissance music
Rhapsody
Rhyming spiritual
Rhythm and blues
Rhythmic noise
Ricercar
Rimur
Ring Bang
Riot grrl
Rob Schneider
Rock
Rock and roll
Rock en espanol
Rock opera
Rockabilly
Rocksteady
Rococo
Rodeo music
Rokon fada
Romantic period in music
Romantic realism
Romanticism
Romeras
Rondeaux
Ronggeng
Roots reggae
Roots rock
Roots rock reggae
Ruem trosh
Rumba
Rumba gitana
Runddan
Runolaulu
Runo-song
Sabar
Sacred Harp
Sadcore
Saetas
Saibara
Saiyidi
Sakyapa chanting
Salegy
Salsa
Salsa erotica
Salsa gorda
Salsa romantica
Saltarello
Salve
Samba
Samba de breque
Samba de enredo
Samba de pagode
Samba-cancao
Samba-enredo
Samba-reggae
Sambai
Sangeo
Sanjo
Sanjuanitos
Sarandunga
Sardinian polyphonic chanting
Sato kagura
Sawahili
Sawt
Sax jive
Sayas
Sazdohol
Scandinavian metal
Schottisch
Schranz
Scrumpy and Western
Sea shanty
Sean nos
Second Viennese School
second wave of ska
Sega music
Seggae
Seis
Semba
Semi-tone calypso
Sephardic music
Serialism
Serrana
Set dance
Sevdalinka
Sevillana
Shabab
Shabad
Shalako
Shan'ge
Shango
Shape note
Sharkan
Shawm and drum
Shibuya-kei
Shidaiqu
Shima uta
Shin-min'yo
Shlager
Shoegazing
Shoka
Shomyo
Showtunes
Sica
Siguiriyas
Silat
Sinawi
Singers & Standards
Singer-songwriter
Single tone calypso
Sinjonjo
Sizhu
Ska punk
Skacore
Skald
Skate punk
Skiffle
Skillingstryk
Skotsploech
Slack-key guitar
Slangpolska
Slow airs
Slowcore
Sludge metal
Smooth jazz
S'o wa mbe
Soca
Soca-bhangra
Soca-funk
Socialist realism
Soft ambient
Soft rock
Solea
soleares
Sombient
Son montuno
Sonata
Son-bata
Songo
Songo-salsa
Sonido
Soukous
Soul blues
Soul jazz
Soul music
Southern Harmony
Southern hip hop
Southern rap
Southern rock
Southern soul
Space music
Space rock
Spacesynth
Spectralism
Speed garage
Speed metal
Speedcore
Spirituals
Spouge
Square dance
St. Louis blues
St. Louis soul
Stambolovski orkestri
Staroprazske pisnieky
Steelband
Stoner metal
Straight edge
Strathspeys
Street songs
String quartet
Stubenmusik
Stuckism
Suomirock
Suomitrance
Super Eurobeat
Surf ballads
Surf instrumental
Surf music
Surf pop
Surf rock
Surrealism
Sutartines
Swahili sound
Swamp blues
Swamp pop
Swing music
Swingbeat
Sygyt
Symphonic black metal
Symphonic poem
Symphony
Synth metal
Synth pop
Synth rock
Synthpunk
Syrto
Taarab
Tachism
Taettir
Tai tu
Taibubu
Taiwanese pop
Tala
Talempong
Tamborito
Tambu
Tamburitza
Tamil tiruppukazh
Tanchaz
Tango
Tango flamenco
Tango-cancion
Tanguk
Tanjidor
Tapany maintso
Tappa
Tarabu
Tarana
Tarannum
Tarantella
Taranto
Tarantolati
Tassou
Tawshih
Tchinkoume
Tchink-system
Tech house
Techno
Technoid
Techno-tribal
Teen pop
Tejano
Television themes
Tembang sunda
Texas blues
Tex-Mex
The Birmingham Sound
Thillana
third wave of ska
Thrash metal
Thresher
Thumri
ti kannot
Tibetan pop
Tientos
Timbila
Tin Pan Alley
Tinga
Tis tavlas
Togaku
Tonas
T'ong guitar
Toshe
Township jive
Toziych
traditional dance music
Traditional pop music
Trallalero
Trampska hudba
Trance
Tribal house
Trikitrixa
Trip-hop
Troista-country
Troll metal
Tropicalia
TRT
Truck-driving country
Tsamiko
Tsapika
Tsonga disco
Tumba
Turbo-folk
Turntablism
Tuuli
Tuvan throat-singing
Twarab
Twee pop
Two tone
uber Metal
Ufie
UK garage
UK pub rock
Umui
Underground music
Urban Cowboy
Urban Folk
Urban jazz
Urtin duu
Vakodrazana
Vakojazzana
Vallenato
Vallenato-protesta
Variet
Vaudeville
Verbunkos
Verismo
Video game music
Viennese-style classical music
Viking metal
Villancicos
Villanella
Virelais
Visir
Visual rock
Visual techno
Vocal house
Vocal jazz
Vuelie
Wahrani
Waila
Waltz
Wangga
Warabe uta
Wassoulou
Watcha watcha
West Coast hip hop
Western blues
Western swing
Western Tradition of Sephardic music
wimmin's music
Women's music
womyn's music
Wong shadow
Work song
World music
Worldbeat
Xi'an drum music
Xoomii
Yang
Yanvalou
Yaravi
Ye-ye
Yodeling
Yo-pop
Young Brigade
Yukar
Zairean sound
Zajal
Zapin
Zarzuela
Zbojnicki
Zendani
Ziglibithy
Zikir Barat
Zinge
Zoblazo
Zolo
Zouglou
Zouk
Zouk chouv
Zouk funk
Zouklove
Zout
Zulu a cappella
Zydeco
