49ers
76ers
Anaheim
Anaheim Ducks
Arizona Cardinals
Arizona Diamondbacks
Astros
Athletics
Atlanta Braves
Atlanta Falcons
Atlanta Hawks
Atlanta Thrashers
Avalanche
Baltimore Orioles
Baltimore Ravens
Bears
Bengals
Bills
Blackhawks
Blazers
Blues
Bobcats
Boston Bruins
Boston Celtics
Boston Red Sox
Braves
Brewers
Broncos
Browns
Bruins
Buccaneers
Bucks
Buffalo Bills
Buffalo Sabres
Bulls
Calgary Flames
Canadiens
Canucks
Capitals
Cardinals
Carolina Hurricanes
Carolina Panthers
Cavaliers
Celtics
Chargers
Charlotte Bobcats
Chicago Bears
Chicago Blackhawks
Chicago Bulls
Chicago Cubs
Chicago Sky
Chicago White Sox
Chiefs
Cincinnati Bengals
Cincinnati Reds
Cleveland Browns
Cleveland Cavaliers
Cleveland Indians
Clippers
Colorado Avalanche
Colorado Rockies
Colts
Columbus Blue Jackets
Comets
Connecticut Sun
Cowboys
Coyotes
Cubs
Dallas Cowboys
Dallas Mavericks
Dallas Stars
Denver Broncos
Denver Nuggets
Detroit Lions
Detroit Pistons
Detroit Red Wings
Detroit Shock
Detroit Tigers
Devils
Diamondbacks
Dodgers
Dolphins
Ducks
Eagles
Edmonton Oilers
Falcons
Fever
Flames
Florida Marlins
Florida Panthers
Flyers
Giants
Golden State Warriors
Green Bay Packers
Grizzlies
Hawks
Heat
Hornets
Houston Astros
Houston Comets
Houston Rockets
Houston Texans
Hurricanes
Indiana Fever
Indiana Pacers
Indianapolis Colts
Indians
Islanders
Jackets
Jacksonville Jaguars
Jaguars
Jays
Jazz
Jets
Kansas City Chiefs
Kansas City Royals
Kings
Knicks
Lakers
Leafs
Liberty
Lightning
Lions
Los Angeles Angels of Anaheim
Los Angeles Clippers
Los Angeles Dodgers
Los Angeles Kings
Los Angeles Lakers
Los Angeles Sparks
Lynx
Magic
Mariners
Marlins
Mavericks
Memphis Grizzlies
Mercury
Mets
Miami Dolphins
Miami Heat
Milwaukee Brewers
Milwaukee Bucks
Minnesota Lynx
Minnesota Timberwolves
Minnesota Twins
Minnesota Vikings
Minnesota Wild
Monarchs
Montreal Canadiens
Mystics
Nashville Predators
Nationals
Nets
New England Patriots
New Jersey Devils
New Jersey Nets
New Orleans Hornets
New Orleans Saints
New York Giants
New York Islanders
New York Jets
New York Knicks
New York Liberty
New York Mets
New York Rangers
New York Yankees
Nuggets
Oakland Athletics
Oakland Raiders
Oilers
Orioles
Orlando Magic
Ottawa Senators
Pacers
Packers
Padres
Panthers
Patriots
Penguins
Philadelphia 76ers
Philadelphia Eagles
Philadelphia Flyers
Philadelphia Phillies
Phillies
Phoenix Coyotes
Phoenix Mercury
Phoenix Suns
Pirates
Pistons
Pittsburgh Penguins
Pittsburgh Pirates
Pittsburgh Steelers
Portland Trail Blazers
Predators
Raiders
Rams
Rangers
Raptors
Ravens
Rays
Reds
Redskins
Rockets
Rockies
Royals
Sabres
Sacramento Kings
Sacramento Monarchs
Saints
San Antonio Silver Stars
San Antonio Spurs
San Diego Chargers
San Diego Padres
San Francisco 49ers
San Francisco Giants
San Jose Sharks
Seahawks
Seattle Mariners
Seattle Seahawks
Seattle Storm
Seattle SuperSonics
Senators
Sharks
Shock
Sky
Sox
Sparks
Spurs
St. Louis Blues
St. Louis Cardinals
St. Louis Rams
Stars
Steelers
Storm
Sun
Suns
SuperSonics
Tampa Bay Buccaneers
Tampa Bay Devil Rays
Tampa Bay Lightning
Tennessee Titans
Texans
Texas Rangers
Thrashers
Tigers
Timberwolves
Titans
Toronto Blue Jays
Toronto Maple Leafs
Toronto Raptors
Twins
Utah Jazz
Vancouver Canucks
Vikings
Warriors
Washington Capitals
Washington Mystics
Washington Nationals
Washington Redskins
Washington Wizards
Wild
Wings
Wizards
Yankees
