adventure therapy 
agoratherapy 
animal-assisted therapy 
aromatherapy 
art therapy 
chemotherapy 
cognitive analytic therapy 
cognitive therapy 
coherence therapy 
colour therapy 
craniosacral therapy 
dialectical behavioral therapy 
diversional therapy 
drug therapy 
Dyadic Developmental Psychotherapy 
electroconvulsive therapy 
equine-assisted therapy 
family therapy 
Gestalt therapy 
grief therapy 
group therapy 
hippotherapy? 
hyperbaric oxygen therapy 
hypnotherapy 
immunosuppressive therapy 
information therapy 
interpersonal therapy 
life enrichment therapy 
light therapy 
logotherapy 
magnet therapy 
manual therapy 
martial arts therapy 
massage therapy 
mesotherapy 
molecular reform therapy 
music therapy 
neurosis therapy 
occupational therapy 
phage therapy 
pharmacotherapy 
physical therapy 
physiotherapy 
play therapy 
psychotherapy 
psychosis therapy 
radiation therapy 
recreational therapy 
sand tray therapy 
self help therapy 
sex therapy 
shock therapy 
sociotherapy 
spasm therapy 
speech therapy 
ventilation therapy 
