Adriatic Sea
Aegean Sea
Alboran Sea
Amundsen Gulf
Amundsen Sea
Andaman Sea
Arabian Sea
Arafura Sea
Aral Sea
Arctic Ocean
Atlantic Ocean
Baffin Bay
Baltic Sea
Banda Sea
Barents Sea
Bay of Bengal
Bay of Biscay
Bay of Fundy
Beaufort Sea
Bellingshausen Sea
Bering Sea
Bismarck Sea
Black Sea
Bohai Sea
Bohol Sea
Caribbean Sea
Caspian Sea
Catalan Sea
Celebes Sea
Celtic Sea
Ceram Sea
Chilean Sea
Chukchi Sea
Coral Sea
Davis Sea
Dead Sea
East China Sea
East Siberian Sea
Flores Sea
Great Australian Bight
Great Salt Lake
Greenland Sea
Gulf of Aden
Gulf of Alaska
Gulf of Bothnia
Gulf of California
Gulf of Carpentaria
Gulf of Guinea
Gulf of Mexico
Gulf of Oman
Gulf of Sidra
Gulf of St. Lawrence
Gulf of Thailand
Gulf St. Vincent
Halmahera Sea
Hudson Bay
Indian Ocean
Ionian Sea
Irish Sea
James Bay
Java Sea
Kara Sea
Laptev Sea
Ligurian Sea
Lincoln Sea
Mediterranean Sea
Mindanao Sea
Mirtoon Sea
Molucca Sea
North Sea
Norwegian Sea
Pacific Ocean
Persian Gulf
Philippine Sea
Red Sea
Ross Sea
Salish Sea
Salton Sea
Sargasso Sea
Savu Sea
Scotia Sea
Sea of Azov
Sea of Cortez
Sea of Crete
Sea of Galilee
Sea of Japan
Sea of Marmara
Sea of Okhotsk
Sea of the Hebrides
Seto Inland Sea
Solomon Sea
South China Sea
Southern Ocean
Spencer Gulf
Sulu Sea
Tasman Sea
Thracian Sea
Timor Sea
Tyrrhenian Sea
Weddell Sea
White Sea
Yellow Sea


Abel Reservoir
Acton Lake
Aliceville Lake
Alkali Lake
Allgunnen
Alturas Lake
Altus Lake
Amelia Lake
Ammersee
Amungen
Apple Canyon Lake
Aral Sea
Arbuckle Lake
Arcadia Lake
Arendsee
Arkabutla Lake
Asunden
Attar Lake
Attersee
Aussenalster
Aylesworth Creek Lake
Bahr al Milh
Bala Lake
Baldeneysee
Ball Mountain Lake
Bankhead Lake
Bantam Lake
Barkhamsted Reservoir
Baron Lake
Barren River Lake
Bassin de Thau
Bayou D'Arbonne Lake
Bear Creek Reservoir
Bear Lake
Beaver Creek Reservoir
Beaver Lake
Beaverdam Creek Reservoir
Beaverdam Swamp Reservoir
Becharof Lake
Bederkesaer See
Beech Fork Lake
Belmont Lake
Beltra Lough
Beseck Lake
Bevin Pond
Big Stone Lake
Big Stone Lake
Binnenalster
Birch Lake
Birkat Qarun
Black Lake
Blue Marsh Lake
Blue Ridge Lake
Bluestone Lake
Bluewater Lake
Boltz Lake
Borith Lake
Bowman Lake
Brady Lake
Brahmsee
Brantley Lake
Briery Creek Lake
Broken Bow Lake
Buckhorn Lake
Buggs Island Lake
Buhayrat al Asad
Buhayrat al Burullus
Buhayrat al Manzilah
Buhayrat Idku
Bull Shoals Lake
Bull Shoals Lake
Bullensee
Bullock Pen Lake
Burke Lake
Burnsville Lake
Burnt Mills Reservoir
Burt Lake
Buttermere
Caballo Lake
Cabora Bassa Lake
Caburgua Lake
Caddo Lake
Caddo Lake
Caesars Creek Lake
Calafquen Lake
Calcasieu Lake
Canadice Lake
Canandaigua Lake
Candlewood Lake
Canonsburg Lake
Canton Lake
Canyon Ferry Lake
Carlyle Lake
Carr Creek Lake
Carrowmore Lake
Caspian Sea
Cass Lake
Cass Lake
Cass Lake
Catahoula Lake
Cave Run Lake
Cayuga Lake
Cayuta Lake
Cazenovia Lake
Cedar Creek Lake
Cedar Creek Lake
Cedar Lake
Cedar Lake
Chachor Lake
Chambri Lake
Chargoggagoggmanchauggagoggchaubunagungamaugg
Chatuge Lake
Chatuge Lake
Chautauqua Lake
Cheat Lake
Chew Valley Lake
Chickahominy Reservoir
Chiemsee
Chilika
Clarence J. Brown Reservoir
Clark Lake
Clayton Lake
Claytor Lake
Clear Lake
Clinton Lake
Cochiti Lake
Cochrane Lake
Cocodrie Lake
Conchas Lake
Conemaugh River Lake
Coniston Water
Conowingo Reservoir
Copan Lake
Cosley Lake
Cowan Lake
Cowanesque Lake
Cranberry Lake
Crater Lake
Creek Lake
Crescent Lake
Crooked Creek Lake
Cross Lake
Crystal Lake
Curwensville Lake
Cypress Lake
Dale Hollow Lake
Dead Sea
Deep Creek Lake
Deer Island Lake
DeGray Lake
Delta Lake
Derwent Water
Detroit Lake
Devils Kitchen Lake
Devil's Lake
Dewey Lake
Diascund Reservoir
Doe Valley Lake
Don Pedro
Donner Lake
Doxa lake
Dudibach Lake
Dudipatsar Lake
Dutch Fork Lake
Eagle Lake
East Branch Clarion River Lake
East Lynn Lake
East Okoboji Lake
Eemmeer
Eibsee
El Vado Lake
Elephant Butte Lake
Elk Fork Lake
Elk Lake
Elmer Davis Lake
Emporia Reservoir
Enid Lake
Etang de Berre
Etang de Carcans
Etang de Cazaux
Etang de Vaccares
Etang d'Hourtin
Eufaula Lake
Faaker See
Fairy Stone Lake
Fall River Lake
Fenton Lake
Fish Lake
Fishtrap Lake
Flannagan Reservoir
Flathead Lake
Fleesensee
Fort Cobb Lake
Fort Gibson Lake
Fort Supply Lake
Fulton Chain Lakes
Fuschlsee
Gainsville Lake
Gantt Lake
Gatewood Reservoir
Gatun Lake
General Carrera Lake
Germantown Lake
Glaslyn
Glen Lake
Gooimeer
Goose Lake
Goose Lake
Gothensee
Grand Lake
Grand Lake o' the Cherokees
Grasmere
Grays Lake
Grayson Lake
Great Bitter Lake
Great Creek Watershed Lake
Great Sacandaga Lake
Great Salt Lake
Green River Lake
Greenbo Lake
Greers Ferry Lake
Grenada Lake
Grevelingenmeer
Guarapiranga
Guist Creek Lake
Gull Lake
Habbaniya
Hackberry Lake
Haleji Lake
Hallstatter See
Halterner See
Hanna Lake
Harlan County Lake
Harry S. Truman Dam and Reservoir
Harwoods Mill Reservoir
Hauser Lake
Hawks Nest Lake
Heart Lake
Hebgen Lake
Helgasjon
Hemlock Lake
Henrys Lake
Heron Lake
Herrington Lake
Heyburn Lake
Higgins Lake
Hjalmaren
Holiday Lake
Holt Lake
Honeyoye Lake
Hornindalsvatnet
Horsehead Lake
Horseshoe Lake
Houghton Lake
Hubbard Lake
Hulah Lake
Humboldt Sink
Hungry Mother Lake
Hunters Lake
Iliamna Lake
Imogene Lake
Indian Lake
Inland Lake
Irrsee
Isabella Lake
Issyk Kul
Jackson Lake
Jassyk Kul
Jennings Randolph Lake
Jimmy Smith Lake
Jordan Lake
Kachura Lake
Kainji Lake
Kallar Kahar
Karambar Lake
Kaw Lake
Keenjhar Lake
Kellersee
Kentucky Lake
Kentucky Lake
Ketelmeer
Keuka Lake
Keystone Lake
Kiantajarvi
Kielder Water
Kinkaid Lake
Kinkaid Lake
Kintla Lake
Klopeiner See
Kutwal Lake
Lac d'Aiguebelette
Lac de Bicarrosse et de Parentis
Lac de Grand Lieu
Lac de Lacanau
Lac de Paladru
Lac de Serre-Poncon
Lac Des Allemands
Lac d'Orient
Lac du Der-Chantecog
Lac du Saint-Point
Lac Vieux Desert
Lago Alto del Flumendosa
Lago Ampollino
Lago Arvo
Lago de Atitlan
Lago de Managua
Lago de Nicaragua
Lago del Coghinas
Lago di Cecita
Lago di Lesina
Lago di Varano
Lago di Varese
Lago di Vico
Lago d'Idro
Lago d'Orta
Lago Omodeo
Lago Puccini
Laguna de Mexico
Laguna Tortuga
Laguna Verde
Lake Abaya
Lake Aci
Lake Agassiz
Lake Agua Milpa
Lake Aksehir
Lake Albert
Lake Alice
Lake Allatoona
Lake Almanor
Lake Amatitlan
Lake Angostura
Lake Anna
Lake Annecy
Lake Apopka
Lake Arthur
Lake Ashtabula
Lake Atitlan
Lake Awendaw
Lake Ayarza
Lake Ba Mau
Lake Babcock
Lake Bacalar 
Lake Baccarac
Lake Bafa
Lake Baikal
Lake Balaton
Lake Balkhash
Lake Bangweulu
Lake Baringo
Lake Barkley
Lake Barkley
Lake Bay
Lake Bay Mau
Lake Bemidji
Lake Berryessa
Lake Beshear
Lake Beysehir
Lake Big Prespa
Lake Bisina
Lake Bistineau
Lake Biwa
Lake Bled
Lake Bogoria
Lake Bohinj
Lake Bolsena
Lake Bowdoin
Lake Bracciano
Lake Brosno
Lake Burdur
Lake Burigi
Lake Burton
Lake Bustillos
Lake Calumet
Lake Catemaco
Lake Cercinitis
Lake Cerknica
Lake Cerro Prieto
Lake Chad
Lake Chad
Lake Chalco
Lake Champlain
Lake Champlain
Lake Chapala
Lake Chapultepec
Lake Charlevoix
Lake Chelan
Lake Chesdin
Lake Chew Bahir
Lake Chichancanab in Quintana Roo
Lake Chilwa
Lake Cildir
Lake Claiborne
Lake Clark
Lake Coeur d'Alene
Lake Comedero in Sinaloa
Lake Como
Lake Conner
Lake Constance
Lake Crescent
Lake Cuchillo in Nuevo Leon
Lake Cuitzco in Michoacan
Lake Cumberland
Lake Dabie
Lake Darling
Lake Daze Co
Lake Dian
Lake Doiran
Lake Doirani
Lake Dominguez
Lake Dongting
Lake Drawsko
Lake Drummond
Lake Dystos
Lake Ecatepec
Lake Edward
Lake Egridir
Lake Egypt
Lake Elmenteita
Lake Elwell
Lake Erie
Lake Espanola
Lake Eufala
Lake Evendim
Lake Eyasi
Lake Fairfax
Lake Fitri
Lake Frederick
Lake Gaillard
Lake Garda
Lake Gardno
Lake Gaston
Lake Gaston
Lake Geneva
Lake George
Lake George
Lake George
Lake George
Lake Giang Vo
Lake Gogebic
Lake Gohar
Lake Goplo
Lake Gordon
Lake Granby
Lake Greenwood
Lake Greeson
Lake Guerrero
Lake Guntersville
Lake Habeeb
Lake Hamun
Lake Harding
Lake Harding
Lake Harney
Lake Harris
Lake Hartwell
Lake Hartwell
Lake Haukivesi
Lake Heviz
Lake Hidalgo
Lake Hirfanli baraji
Lake Hoan Kiem
Lake Hopatcong
Lake Hubert
Lake Huites
Lake Huron
Lake Ikimba
Lake Ilmen
Lake Inari
Lake Ioannina
Lake Iseo
Lake Istokpoga
Lake Itasca
Lake Izabal
Lake Izabal
Lake Iznik
Lake Jackson
Lake Jamno
Lake Jeziorak
Lake Jipe
Lake Kabetogama
Lake Kallavesi
Lake Kariba
Lake Kastoria
Lake Kastoria
Lake Keitele
Lake Kickapoo
Lake Kilby
Lake Kissimmee
Lake Kitangiri
Lake Kivu
Lake Koronia
Lake Koronia
Lake Krn
Lake Kus
Lake Kwania
Lake Kyoga
Lake Ladoga
Lake Ladon
Lake Ladon
Lake Lagkada
Lake Lagkada
Lake Lanao
Lake Lanier
Lake Lappajarvi
Lake Lavaderos
Lake Lebsko
Lake Leelanau
Lake Limboto
Lake Linville
Lake Logipi
Lake Lucerne
Lake Lurleen
Lake Lysimacha
Lake Lysimacha
Lake Macatawa
Lake Magadi
Lake Maggiore
Lake Mai-Ndombe
Lake Malone
Lake Mamry
Lake Managua
Lake Manassas
Lake Maninjau
Lake Manyara
Lake Manyas
Lake Maracaibo
Lake Maratanza
Lake Mareotis
Lake Marion
Lake Matana
Lake Mateos
Lake Maurepas
Lake Maury
Lake McConaughy
Lake McDonald
Lake Mdutu
Lake Mead
Lake Meade
Lake Mendez
Lake Merritt
Lake Michigan
Lake Michigan
Lake Michigan
Lake Michigan
Lake Miedwie
Lake Mimbres
Lake Minnetonka
Lake Mithrim
Lake Mocuzari
Lake Monoun
Lake Moomaw
Lake Moultrie
Lake Muhlenberg
Lake Mweru
Lake Mweru Wantipa
Lake Naivasha
Lake Nakuru
Lake Nasser
Lake Nasser
Lake Natron
Lake Nero
Lake Neuchatel
Lake Ngami
Lake Nicaragua
Lake Niegocin
Lake Novillo
Lake Nubia
Lake Nyasa
Lake Nyos
Lake Obregon
Lake of Bourget
Lake of Lugano
Lake of the Clouds
Lake of the Ozarks
Lake of the Woods
Lake Ohrid
Lake Okeechobee
Lake Onega
Lake Ontario
Lake Orange
Lake Oroville
Lake Ouachita
Lake Oulujarvi
Lake Ozette
Lake Paijanne
Lake Palmito
Lake Paniai
Lake Paranoa
Lake Paztcuaro
Lake Peipus
Lake Peipus
Lake Pend Oreille
Lake Peten Itza
Lake Pickwick
Lake Pielinen
Lake Pihlajavesi
Lake Pillsbury
Lake Pippen
Lake Placid
Lake Pleasant
Lake Pocotopaug
Lake Pogradec
Lake Pontchartrain
Lake Poso
Lake Powai
Lake Powell
Lake Powell
Lake Prince
Lake Pskov
Lake Purdy
Lake Pyhajarvi
Lake Qinghai
Lake Quinault
Lake Quinsigamond
Lake Rabun
Lake Rathbun
Lake Rico
Lake Rukwa
Lake Saganaga
Lake Sagara
Lake Saimaa
Lake Sakakawea
Lake Salto
Lake Salvador
Lake Sammamish
Lake San Lorenzo
Lake Santiaguillo
Lake Seliger
Lake Seminole
Lake Seminole
Lake Sentani Lakes
Lake Sevan
Lake Sherburne
Lake Sherwood
Lake Sidenreng
Lake Sinclair
Lake Singkarak
Lake Skadar
Lake Small Prespa
Lake Smith
Lake Sniardwy
Lake St Clair
Lake St. Martin
Lake Strom Thurmond
Lake Stymfalia
Lake Stymfalia
Lake Sunapee
Lake Superior
Lake Taal
Lake Tahoe
Lake Tahoe
Lake Taihu
Lake Taka
Lake Taka
Lake T'ana
Lake Taneycomo
Lake Tanganyika
Lake Tappan
Lake Teletskoye
Lake Tempe
Lake Terramuggus
Lake Texcoco
Lake Thien Quang
Lake Tholocco
Lake Thunderbird
Lake Thurmond
Lake Tianchi
Lake Tisza
Lake Titicaca
Lake Toba in Sumatra
Lake Tohopekaliga
Lake Tondano
Lake Towuti
Lake Trasimeno
Lake Traverse
Lake Traverse
Lake Travis
Lake Trichoinida
Lake Trichoinida
Lake Truc Bach
Lake Tschida
Lake Tshangalele
Lake Tumba
Lake Turkana
Lake Tuscaloosa
Lake Tuz
Lake Ulubat
Lake Umbagog
Lake Urmia
Lake Vadkert
Lake Van
Lake Vegolitida
Lake Vegolitida
Lake Velencei
Lake Velenje
Lake Verret
Lake Victoria
Lake Vida
Lake Viedma
Lake Vistytis
Lake Voivis
Lake Voivis
Lake Volta
Lake Volvi
Lake Volvi
Lake Vostok
Lake Vyrnwy
Lake Washington
Lake Wedowee
Lake West
Lake Whatcom
Lake Whitehurst
Lake Wigry
Lake Winnebago
Lake Winnibigoshish
Lake Winnipesaukee
Lake Wobegon
Lake Xaltocan
Lake Xochimilco
Lake Yliki
Lake Zarivar
Lake Zaysan
Lake Zoar
Lake Zumpango 
Lake Zurich
Lakes of Belsh
Lakes of Lure
Lakes of Triglav
Laurel Bed Lake
Laurel River Lake
Lauwersmeer
Lay Lake
Leaser Lake
Lee Hall Reservoir
Leech Lake
Leesville Reservoir
Lewis and Clark Lake
Liberty Reservoir
Little Bear Creek Reservoir
Little Bitter Lake
Little Lake Prespa
Little Lake Prespa
Llanquihue Lake
Llyn Cwellyn
Llyn Gwynant
Llyn Ogwen
Llyn Padarn
Loch Awe
Loch Lomond
Loch Maree
Loch Morar
Loch Ness
Loch Pholl an Phuca
Loch Raven Reservoir
Loch Shin
Loch Tay
Locust Lake
Logan-Martin Lake
Logging Lake
Long Lake
Loon Lake
Lop Nur
Lough Allen
Lough Arrow
Lough Boderg
Lough Carra
Lough Conn
Lough Corrib
Lough Cullin
Lough Cutra
Lough Derg
Lough Derravaragh
Lough Eask
Lough Ennell
Lough Erne
Lough Feeagh
Lough Foyle
Lough Gara
Lough George
Lough Gill
Lough Gowner
Lough Mask
Lough Melvin
Lough Neagh
Lough Oughter
Lough Owel
Lough Ramor
Lough Ree
Lough Rynn
Lough Sheelin
Lower Klamath Lake
Lower Ugashik Lake
Loyalhanna Lake
Lulusar Lake
Madden Lake
Mahodand Lake
Mahoning Creek Lake
Maidu Lake
Manchar Lake
Many Farms Lake
Marathon Lake
Marav Lake
Marion Lake
Mark Twain Lake
Martin Lake
Marting Lake
Martins Fork Lake
Martinsville Reservoir
Maschsee
Mauch Chunk Lake
Medicine Lake
Memorial Lake
Milford Lake
Mille Lacs Lake
Millstatter See
Millwood Lake
Minatare Lake
Mona Lake
Moncove Lake
Mondsee
Mono Lake
Monroe Reservoir
Moosehead Lake
Mormon Lake
Mornos Artificial lake
Morphy Lake
Mother Goose Lake
Motts Run Reservoir
Mount Storm Lake
Mountain Lake
Mud Lake
Muggelsee
Mullett Lake
Mundau Lake
Muskegon Lake
Mycklaflon
Naardermeer
Naknek Lake
Naltar Lake
Namal Lake
Nasijarvi
Navajo Lake
Neely Henrey Lake
Neusiedler See
New Melones Lake
Newfound Lake
Ni Reservoir
Nolin River Lake
Norfolk Lake
North Bend Lake
North Fork Pound Reservoir
North Hartland Lake
North Long Lake
North Springfield Lake
Nottely Lake
Nottoway Lake
Nyumba ya Mumgu Reservoir
O'Brien Lake
Occoquan Reservoir
Odertalsperre
O'Higgins Lake
Okertalsperre
Onondaga Lake
Oologah Lake
Oowah Lake
Opossum Lake
Optima Lake
Orchard Lake
Orsasjon
Otsego Lake
Otter Lake
Otter Tail Lake
Owens Lake
Painted Rocks Lake
Paintsville Lake
Palena Lake
Pan Bowl Lake
Panguipulli Lake
Panguitch Lake
Patoka Lake
Payette Lake
Peck Lake
Pelham Reservoir
Peneus Artificial lake
Perry Lake
Petite Lake
Pfaffenteich
Philpott Reservoir
Pine Creek Lake
Plastiras lake
Plauer See
Ploner See
Plotzensee
Plum Orchard Lake
Polyfytos Arfiticial lake
Pomme de Terre Lake
Portage Lake
Portsmouth Mine Pit Lake
Prettyboy Reservoir
Priest Lake
Prompton Lake
Puulavesi
Puyehue Lake
Pyramid Lake
Quabbin Reservoir
R.D. Bailey Lake
Rama Lake
Ranco Lake
Raquette Lake
Rawal Lake
Raystown Lake
Red Lake
Redfish Lake
Rend Lake
Rinihue Lake
Rivanna Reservoir
Roseires Reservoir
Ross Barnett Lake
Rough River Lake
Rupanco Lake
Rush Lake
Rush Phari
Sabbatia Lake
Sabine Lake
Sabine Lake
Saiful Muluk
Saint Mary Lake
Saline Lake
Salton Sea
San Carlos Lake
San Rafael Lake
Sandy Bottom Park Pond
Sandy River Reservoir
Santa Cruz Lake
Santa Rosa Lake
Saral Lake
Sardis Lake
Sardis Lake
Satpara Lake
Saugatuck Reservoir
Saunders Lake
Sawtooth Lake
Scharmutzelsee
Schmollensee
Schweriner See
Scott Lake
Sea of Galilee
Seeley Lake
Seneca Lake
Sevier Lake
Shanty Hollow Lake
Shasta Lake
Shenango River Lake
Ship Island Lake
Silver Lake
Silver Lake
Siranda Lake
Six Mile Lake
Skaneateles Lake
Skeleton Lake
Ski Lake
Skiatook Lake
Skidmore Reservoir
Sleepy Creek Lake
Slotermeer
Smith Lake
Smith Mountain Lake
Soap Lake
South Holston Lake
Spangle Lake
Spirit Lake
Spirit Lake
Spring Lake
Squam Lake
Stanley Lake
Starnberger See
Steinhuder Meer
Stephens Lake
Stockton Lake
Stonecoal Lake
Stonewall Jackson Lake
Stony River Reservoir
Storm Lake
Storrie Lake
Storsjon
Strangford Lough
Stump Lake
Subri Lake
Summer Lake
Summersville Lake
Sutton Lake
Sweetwater Lake
Swift Creek Lake
Szaga Lake
Table Rock Lake
Taylorsville Lake
Tegeler See
Tenaya Lake
Tenkiller Ferry Lake
Teshekpuk Lake
Texoma Lake
Tharthar
Theodore Roosevelt Lake
Thirlmere
Thumb Lake
Tioga-Hammond Lakes
Tionesta Lake
Tisnaren
Todos los Santos Lake
Tom Steed Lake
Tonle Sap Lake
Torch Lake
Torch Lake
Town Lake
Townshend Lake
Toxaway Lake
Traunsee
Trinity Lake
Trout Pond
Tulare Lake
Tule Lake
Tupper Lake
Turquoise Lake
Tuttle Creek Lake
Two Medicine Lake
Tygart Lake
Ullswater
Upper Bear Creek Reservoir
Upper Klamath Lake
Upper Mud Lake
Upper Ugashik Lake
Utah Lake
Ute Lake
Uvs Nuur Lake
Valli di Comacchio
Veluwemeer
Vidostern
Villarrica Lake
W. F. Lake
W.J. van Blommestein Meer Lake
Waconda Lake
Walker Lake
Waller Mill Reservoir
Walloon Lake
Walter F. George Lake
Wannsee
Wast Water
Waterton Lake
Waurika Lake
Weishan Hu
Weiss Lake
West Okoboji Lake
West Point Lake
Western Branch Reservoir
Wheeler Lake
Whiskeytown Lake
White Lake
White Lake
Wild lake
Wildwood Lake
William Bill Danelly Reservoir
William Harsha Lake
Williams Lake
Williamstown Lake
Wilson Lake
Wilson Lake
Windermere
Winnisquam Lake
Wister Lake
Wolfgangsee
Wolgastsee
Wood Creek Lake
Woodcock Creek Lake
Woodrum Lake
Worthersee
Yatesville Lake
Yellow Belly Lake
Yellowstone Lake
Youghiogheny River Lake
Youghiogheny River Lake
Yxningen
Zeller See
Zwischenahner Meer

Aa River
Aare
Aare River
Abens River
Abercrombie
Abercrombie River
Acheloos
Acheloos River
Adda
Adda River
Adige
Adige River
Adour
Adour River
Adur
Adur River
Agout
Agout River
Agri
Agri River
Ahr
Ahr River
Ain River
Aire River
Aisne
Aisne River
Alabama
Alabama River
Alagon
Alagon River
Alamo
Alamo River
Aland
Aland River
Albert River
Albion
Albion River
Alfeios
Alfeios River
Aliakmon
Aliakmon River
Allegheny
Allegheny River
Aller
Aller River
Allier
Allier River
Alligator
Alligator River
Alph River
Alster
Alster River
Altaelva
Altaelva River
Altamaha
Altamaha River
Altmuhl
Altmuhl River
Alzette
Alzette River
Amargosa
Amargosa River
Amazon
Amazon River
Ambleve
Ambleve River
American
American River
Ammer
Ammer River
Amper
Amper River
Amu Darya
Amu Darya River
Amur
Amur River
Anacostia River
Angara
Angara River
Angrapa
Angrapa River
Aniene
Aniene River
Aoos
Aoos River
Apalachicola
Apalachicola River
Applegate
Applegate River
Apure
Apure River
Aragon
Aragon River
Aranyos
Aranyos River
Ararat
Ararat River
Arauca
Arauca River
Arc River
Arda
Arda River
Ardeche
Ardeche River
Argens
Argens River
Arges
Arges River
Ariege
Ariege River
Aries River
Arkansas River
Armancon
Armancon River
Arno
Arno River
Arnon
Arnon River
Arroux
Arroux River
Arun
Arun River
Arve River
Ashburton
Ashburton River
Ashepoo
Ashepoo River
Ashley
Ashley River
Ashuelot River
Assonet
Assonet River
Atchafalaya
Atchafalaya River
atran
atran River
Atrato
Atrato River
Aube
Aube River
Aucilla
Aucilla River
Aude
Aude River
Auglaize
Auglaize River
Aulne
Aulne River
Aurajoki
Aurajoki River
Authie
Authie River
Aveyron
Aveyron River
Avoca
Avoca River
Avon
Avon River
Axios
Axios River
Ayeyarwady River
Bacchiglione
Bacchiglione River
Back River
Bahlui
Bahlui River
Baise
Baise River
Balsas
Balsas River
Bandama
Bandama River
Bann River
Bar River
Barcau
Barcau River
Barcoo
Barcoo River
Barlad
Barlad River
Barrington
Barrington River
Barron
Barron River
Barrow
Barrow River
Barwon
Barwon River
Barycz
Barycz River
Basento
Basento River
Bazavluk
Bazavluk River
Bear Creek
Bear River
Becva
Becva River
Bednja
Bednja River
Beech River
Bega
Bega River
Begna
Begna River
Belaya
Belaya River
Beli Drim
Beli Drim River
Bell River
Bellinger River
Benamor
Benamor River
Berettyo
Berettyo River
Berezayka
Berezayka River
Berezina
Berezina River
Berg River
Berkel River
Berounka
Berounka River
Besbre
Besbre River
Besos
Besos River
Beuvron
Beuvron River
Biebrza
Biebrza River
Big Sandy River
Big Sioux River
Big South Fork
Big South Fork River
Big Sunflower
Big Sunflower River
Bighorn
Bighorn River
Bilina
Bilina River
Bilozerka
Bilozerka River
Bistrita
Bistrita River
Black River
Blackwater River
Blackwood River
Blavet
Blavet River
Blue Nile
Blue Nile River
Bobr
Bobr River
Bode River
Bodrog
Bodrog River
Bogan River
Bojana
Bojana River
Bosna
Bosna River
Bosut
Bosut River
Bou Regreg
Bou Regreg River
Bourne
Bourne River
Boyne
Boyne River
Brahmaputra
Brahmaputra River
Braye
Braye River
Brazos
Brazos River
Brda
Brda River
Breede River
Bremer
Bremer River
Brenta
Brenta River
Brisbane
Brisbane River
Broad River
Brosna
Brosna River
Bug River
Buh River
Bune River
Burdekin
Burdekin River
Burnett
Burnett River
Bush River
Buyuk Menderes
Buyuk Menderes River
Buzau
Buzau River
Bzura
Bzura River
Cagayan
Cagayan River
Cahaba
Cahaba River
Calapooia
Calapooia River
Calliope
Calliope River
Cane River
Caney Fork
Caney Fork River
Cape Fear River
Caras
Caras River
Caroni
Caroni River
Cartecay
Cartecay River
Cashie
Cashie River
Castlereagh
Castlereagh River
Cataract
Cataract River
Catawba
Catawba River
Cavally
Cavally River
Cedar Swamp
Cedar Swamp River
Cere River
Cesma
Cesma River
Cetina
Cetina River
Chagoda
Chagoda River
Chao Phraya
Chao Phraya River
Charente
Charente River
Chattahoochee
Chattahoochee River
Chattooga
Chattooga River
Chauga
Chauga River
Cheoah
Cheoah River
Cher River
Chiers River
Chiese
Chiese River
Chowan
Chowan River
Chowchilla
Chowchilla River
Chubut
Chubut River
Churchill River
Chusovaya
Chusovaya River
Cibin
Cibin River
Cidlina
Cidlina River
Cikola
Cikola River
Cinca
Cinca River
Cirocha
Cirocha River
Civicevac
Civicevac River
Clackamas
Clackamas River
Clain River
Clarence
Clarence River
Clark Fork
Clark Fork River
Clinch
Clinch River
Clyde River
Coatzacoalcos
Coatzacoalcos River
Cocasset
Cocasset River
Coen River
Colo
Colo River
Colorado River
Columbia
Columbia River
Combahee
Combahee River
Conasauga
Conasauga River
Condamine
Condamine River
Congaree
Congaree River
Congo River
Connecticut River
Cooper
Cooper River
Coopers Creek
Coosa
Coosa River
Coosaw
Coosaw River
Coosawattee
Coosawattee River
Coosawhatchie
Coosawhatchie River
Copper River
Coquille
Coquille River
Correze
Correze River
Cosumnes
Cosumnes River
Cotley
Cotley River
Cowlitz
Cowlitz River
Coxs River
Crasna
Crasna River
Creuse
Creuse River
Cris
Cris River
Crisul Alb
Crisul Alb River
Crisul Negru
Crisul Negru River
Crisul Repede
Crisul Repede River
Crni Drim
Crni Drim River
Cuanza
Cuanza River
Cudgegong
Cudgegong River
Cullasaja
Cullasaja River
Cumberland
Cumberland River
Cure River
D River
Dahme
Dahme River
Daintree River
Dal River
Daly
Daly River
Dambovita
Dambovita River
Dan River
Danube
Danube River
Darling River
Dart River
Daugava
Daugava River
Davidson
Davidson River
Dawa
Dawa River
Dawho
Dawho River
Dawson River
De Gray
De Gray River
Dee River
Deep River
Delaware River
Demer
Demer River
Dender
Dender River
Derwent
Derwent River
Des Moines River
Deschutes
Deschutes River
Desna
Desna River
Deule
Deule River
Devoll
Devoll River
Diamantina
Diamantina River
Diemel
Diemel River
Dieze
Dieze River
Dijle
Dijle River
Dinkel
Dinkel River
Dives River
Dnieper
Dnieper River
Dniester
Dniester River
Dobra
Dobra River
Dolores
Dolores River
Dommel
Dommel River
Don
Don River
Donets
Donets River
Dora Baltea
Dora Baltea River
Dora Riparia
Dora Riparia River
Dordogne
Dordogne River
Dore River
Dosse
Dosse River
Doubs
Doubs River
Douro
Douro River
Drac
Drac River
Dramselva
Dramselva River
Drave River
Drawa
Drawa River
Drin
Drin River
Drina
Drina River
Drini i Bardhe
Drini i Bardhe River
Drini i Zi
Drini i Zi River
Drome
Drome River
Dronne
Dronne River
Druc River
Drweca
Drweca River
Duck River
Duero
Duero River
Dumaresq
Dumaresq River
Dunajec
Dunajec River
Durance
Durance River
Durme
Durme River
Dussel
Dussel River
Dyje
Dyje River
Dziwna
Dziwna River
East Fork Pigeon
East Fork Pigeon River
Ebre River
Ebro
Ebro River
Eden River
Eder
Eder River
Edisto
Edisto River
Edward River
Eel River
Eider
Eider River
Eisack
Eisack River
Elbe
Elbe River
Elde
Elde River
Elk River
Ellijay
Ellijay River
Elz
Elz River
Emme
Emme River
Ems
Ems River
Emscher
Emscher River
Enns
Enns River
Eno
Eno River
Enoree
Enoree River
Enz
Enz River
Epte
Epte River
Erdre
Erdre River
Erft
Erft River
Erymanthus
Erymanthus River
Escondido
Escondido River
Esk
Esk River
Essequibo
Essequibo River
Etowah
Etowah River
Etsch
Etsch River
Eucumbene
Eucumbene River
Euphrates
Euphrates River
Eure River
Evros
Evros River
Exe River
Exploits River
Fal River
Fall River
Feather River
Feher-Koros
Feher-Koros River
Fekete-Koros
Fekete-Koros River
Fils
Fils River
Finke
Finke River
First Broad River
Fish River
Fisher River
Fitzroy
Fitzroy River
Flat River
Fluvia
Fluvia River
Fly River
Foix
Foix River
Forge River
Fortescue
Fortescue River
Fowey
Fowey River
Francoli
Francoli River
Franconian Saale
Franconian Saale River
Frankland
Frankland River
Franklin River
Fraser River
Freiberger Mulde
Freiberger Mulde River
French Broad
French Broad River
French River
Frome River
Fuhse
Fuhse River
Fulda
Fulda River
Gabon
Gabon River
Gaia
Gaia River
Gail
Gail River
Gambia
Gambia River
Ganges River
Garcia
Garcia River
Gardon
Gardon River
Garonne
Garonne River
Gartempe
Gartempe River
Gascoyne
Gascoyne River
Gatineau River
Gauja
Gauja River
Gaula
Gaula River
Gave de Pau
Gave de Pau River
Gave d'Oloron
Gave d'Oloron River
Gebele
Gebele River
Geehi
Geehi River
Geer
Geer River
Genesee
Genesee River
Georges
Georges River
Gers
Gers River
Geul
Geul River
Ghaggar River
Gila
Gila River
Gimone
Gimone River
Glina
Glina River
Glogovnica
Glogovnica River
Glomma
Glomma River
Godavari
Godavari River
Goodradigbee
Goodradigbee River
Gordon
Gordon River
Gota alv
Gota alv River
Goulburn
Goulburn River
Grand Morin River
Grand River
Grande de Matagalpa
Grande de Matagalpa River
Great Miami River
Great Ouse
Great Ouse River
Green River
Greenough
Greenough River
Groot River
Grose River
Grosse Laaber
Grosse Laaber River
Guadalentin
Guadalentin River
Guadalquivir
Guadalquivir River
Guadalupe
Guadalupe River
Guadiana
Guadiana River
Guaviare
Guaviare River
Gudbrandsdalslagen
Gudbrandsdalslagen River
Gudena
Gudena River
Gunnison
Gunnison River
Gurk River
Gwydir
Gwydir River
Hai River
Haine
Haine River
Hallingdalselva
Hallingdalselva River
Hamme
Hamme River
Han River
Hari Rud
Hari Rud River
Harpeth
Harpeth River
Hartibaciu
Hartibaciu River
Hase
Hase River
Hastings
Hastings River
Hatchie
Hatchie River
Havel
Havel River
Haw River
Hawkesbury
Hawkesbury River
Herault
Herault River
Hernad
Hernad River
Hers River
Hinterrhein
Hinterrhein River
Hiwassee
Hiwassee River
Hockomock
Hockomock River
Holston
Holston River
Hornad
Hornad River
Horton
Horton River
Housatonic
Housatonic River
Hron
Hron River
Huai
Huai River
Huangpu River
Hudson- New York
Hudson- New York River
Huisne
Huisne River
Humber
Humber River
Hunte
Hunte River
Hunter River
Huon
Huon River
Ialomita
Ialomita River
Ibar
Ibar River
Ihna
Ihna River
Iijoki
Iijoki River
IJssel
IJssel River
Ill River
Iller
Iller River
Illinois River
Ilm
Ilm River
Ilmenau
Ilmenau River
Ilova
Ilova River
Ina
Ina River
Inde
Inde River
Indian River
Indre
Indre River
Indus
Indus River
Ingeegoodbee
Ingeegoodbee River
Inhul
Inhul River
Inhulets
Inhulets River
Inn
Inn River
Innerste River
Inster
Inster River
Instruch
Instruch River
Iowa River
Ipe
Ipe River
Irpin
Irpin River
Irtysh
Irtysh River
Isar
Isar River
Isarco
Isarco River
Isere
Isere River
Iskar
Iskar River
Isle
Isle River
Isonzo
Isonzo River
Istra
Istra River
Itchen
Itchen River
Iton
Iton River
Ivy
Ivy River
Izhora
Izhora River
Jacks
Jacks River
Jagst
Jagst River
James River
Jarama
Jarama River
Jardine
Jardine River
Jeker
Jeker River
Jiu
Jiu River
Jizera
Jizera River
Jock River
John Day
John Day River
Johns
Johns River
Jordan
Jordan River
Jubba
Jubba River
Jucar
Jucar River
Juzna Morava
Juzna Morava River
Kakkalojoki
Kakkalojoki River
Kalajoki
Kalajoki River
Kalamazoo River
Kama
Kama River
Kamp
Kamp River
Kanawha
Kanawha River
Kangaroo
Kangaroo River
Kansas River
Kapuas
Kapuas River
Karakash
Karakash River
Karasica
Karasica River
Karasjohka
Karasjohka River
Karnaphuli
Karnaphuli River
Karuah
Karuah River
Karun Iran
Karun Iran River
Kasai
Kasai River
Kaveri River- India
Kazanka
Kazanka River
Kemijoki
Kemijoki River
Kennebec
Kennebec River
Kentucky
Kentucky River
Keowee
Keowee River
Kerepets
Kerepets River
Kerio
Kerio River
Kerzhenets
Kerzhenets River
Khabur Turkey
Khabur Turkey River
King River
Kinzig
Kinzig River
Kis-Kukullo
Kis-Kukullo River
Kitinen
Kitinen River
Kizil
Kizil River
Klamath
Klamath River
Klaralven
Klaralven River
Klyazma
Klyazma River
Kobuk
Kobuk River
Kocher
Kocher River
Kokemaenjoki
Kokemaenjoki River
Kolva
Kolva River
Kolyma
Kolyma River
Komarnica
Komarnica River
Konka
Konka River
Konkamaeno
Konkamaeno River
Kootenay
Kootenay River
Koprivnica
Koprivnica River
Korana
Korana River
Koros
Koros River
Kostroma
Kostroma River
Kotorosl
Kotorosl River
Kouilou-Niari
Kouilou-Niari River
Kowmung
Kowmung River
Koyukuk
Koyukuk River
Krasnaya
Krasnaya River
Kraszna
Kraszna River
Krishna
Krishna River
Krka
Krka River
Krupa
Krupa River
Kuban
Kuban River
Kuiseb
Kuiseb River
Kukullo
Kukullo River
Kunene
Kunene River
Kunya
Kunya River
Kupa
Kupa River
Kurowka
Kurowka River
Kuskokwim
Kuskokwim River
Kwando
Kwando River
Kwango
Kwango River
Kyll
Kyll River
Kymijoki
Kymijoki River
Kyronjoki
Kyronjoki River
La Peche River
Laba
Laba River
Labe
Labe River
Laborec
Laborec River
Laborets
Laborets River
Lachlan
Lachlan River
Laerdalselvi
Laerdalselvi River
Lahn
Lahn River
Lainoalven
Lainoalven River
Lake Balaton
Lake Balaton River
Lake Ilmen
Lake Ilmen River
Lake Ladoga
Lake Ladoga River
Lake Onega
Lake Onega River
Lake Vanern
Lake Vanern River
Lakselva
Lakselva River
Lane Cove
Lane Cove River
Lataseno
Lataseno River
Latorica
Latorica River
Laurel
Laurel River
Lauter
Lauter River
Lava
Lava River
Leba
Leba River
Lech
Lech River
Lehigh
Lehigh River
Leie
Leie River
Leine
Leine River
Leitha
Leitha River
Lena
Lena River
Lenne
Lenne River
Lesse
Lesse River
Lesum
Lesum River
Liao
Liao River
Liatorytsia
Liatorytsia River
Lielupe
Lielupe River
Liffey
Liffey River
Lijiang
Lijiang River
Limmat
Limmat River
Limpopo
Limpopo River
Linge
Linge River
Linville
Linville River
Lippe
Lippe River
Lishui
Lishui River
Little Alligator River
Little Danube River
Little Lynches River
Little Miami River
Little Pee Dee River
Little Salkahatchie River
Little Saluda River
Little Snake River
Little Tennessee River
Little Yadkin River
Llobregat
Llobregat River
Locknitz
Locknitz River
Logan River
Loing
Loing River
Loir
Loir River
Loire
Loire River
Loiret
Loiret River
Loisach
Loisach River
Lomami
Lomami River
Lonja-Trebez-Veliki Strug
Lonja-Trebez-Veliki Strug River
Los Angeles River
Lot River
Loue
Loue River
Lovat
Lovat River
Lower Little
Lower Little River
Lualaba
Lualaba River
Luga
Luga River
Luiro
Luiro River
Lule River
Lumber
Lumber River
Lusatian Neisse
Lusatian Neisse River
Luznice
Luznice River
Lyna
Lyna River
Lynches
Lynches River
Maas
Maas River
Macdonald
Macdonald River
Mackenzie
Mackenzie River
Macleay
Macleay River
Macquarie
Macquarie River
Mad River
Madawaska River
Madeira
Madeira River
Madon
Madon River
Magdalena
Magdalena River
Main River
Maine River
Mala Panew
Mala Panew River
Malheur
Malheur River
Malselva
Malselva River
Mamberamo River
Manilla
Manilla River
Manning
Manning River
Manych
Manych River
Manzanares
Manzanares River
Maputo
Maputo River
Mara
Mara River
March River
Margaret
Margaret River
Maribyrnong
Maribyrnong River
Maritsa
Maritsa River
Mark River
Markham River
Marne
Marne River
Maros
Maros River
Mary River
Mary's River
Mat River
Matfield
Matfield River
Maumee
Maumee River
Mayenne
Mayenne River
Mayo River
Mbini
Mbini River
Mbomou
Mbomou River
McKenzie River
Meherrin
Meherrin River
Mekong
Mekong River
Memel
Memel River
Merced River
Merrimack
Merrimack River
Mersey
Mersey River
Mesta
Mesta River
Meta River
Metauro
Metauro River
Meurthe
Meurthe River
Meuse
Meuse River
Mezen
Mezen River
Middle Tyger
Middle Tyger River
Mill River
Mills River
Mincio
Mincio River
Mindanao
Mindanao River
Minho
Minho River
Minnesota River
Mino
Mino River
Mississippi River
Missouri River
Mitchell River
Mitta Mitta
Mitta Mitta River
Mius
Mius River
Mobile River
Mohawk
Mohawk River
Mokelumne
Mokelumne River
Moksha
Moksha River
Molalla
Molalla River
Moldova
Moldova River
Moldovita
Moldovita River
Mologa
Mologa River
Molonglo
Molonglo River
Molopo
Molopo River
Mondego
Mondego River
Monnow
Monnow River
Monongahela
Monongahela River
Morava
Morava River
Moruya
Moruya River
Morwell River
Moselle
Moselle River
Moselotte
Moselotte River
Moskva
Moskva River
Motala strom
Motala strom River
Motru
Motru River
Moulouya River
Mountain Nile
Mountain Nile River
Mreznica
Mreznica River
Msta
Msta River
Mstino Lake
Mstino Lake River
Muchawiec
Muchawiec River
Mukhavets
Mukhavets River
Mula
Mula River
Mulde
Mulde River
Mundo
Mundo River
Muonionjoki
Muonionjoki River
Mura
Mura River
Murchison
Murchison River
Mures
Mures River
Murg
Murg River
Murray
Murray River
Murrumbidgee
Murrumbidgee River
Murz
Murz River
Naab
Naab River
Nagy-Kukullo
Nagy-Kukullo River
Nahe
Nahe River
Nambucca
Nambucca River
Namoi
Namoi River
Namsen
Namsen River
Nantahala
Nantahala River
Napa
Napa River
Narew
Narew River
Narva
Narva River
Nattai
Nattai River
Navarro
Navarro River
Neckar
Neckar River
Neidenelva
Neidenelva River
Nelson
Nelson River
Nemasket
Nemasket River
Nemunas
Nemunas River
Nenana
Nenana River
Nene
Nene River
Nepean
Nepean River
Nera
Nera River
Nerang
Nerang River
Neretva
Neretva River
Neris
Neris River
Nervion
Nervion River
Nestos
Nestos River
Nete River
Neuse
Neuse River
Neva
Neva River
Niagara River
Niamiha
Niamiha River
Nida
Nida River
Nidda
Nidda River
Nidelva
Nidelva River
Nied
Nied River
Niers
Niers River
Niger River
Nile
Nile River
Niobrara
Niobrara River
Nioman
Nioman River
Nissan
Nissan River
Nistru
Nistru River
Nitra
Nitra River
Nogat
Nogat River
Nogoa
Nogoa River
Noguera Pallaresa
Noguera Pallaresa River
Noguera Ribargorzana
Noguera Ribargorzana River
Nolichucky
Nolichucky River
Nore River
North Edisto River
North Esk River
North Fork Edisto River
North Platte River
North Saluda River
North Tyger River
North Tyne River
Northeast Cape Fear River
Northern Dvina
Northern Dvina River
Notec River
Nottoway
Nottoway River
Noyo
Noyo River
Ntem
Ntem River
Numedalslagen
Numedalslagen River
Nyanga
Nyanga River
Nymboida
Nymboida River
Nysa Klodzka
Nysa Klodzka River
Nysa Luzycka
Nysa Luzycka River
Ob River
Obed
Obed River
Obion
Obion River
Obra
Obra River
Ocmulgee
Ocmulgee River
Oconaluftee
Oconaluftee River
Oconee
Oconee River
Oder
Oder River
Odet
Odet River
Odon
Odon River
Odra
Odra River
Ofanto
Ofanto River
Oglio
Oglio River
Ognon
Ognon River
Ogooue
Ogooue River
Ohio River
Ohm River
Ohre
Ohre River
Oise
Oise River
Oka
Oka River
Okanagan
Okanagan River
Okavango
Okavango River
Oker
Oker River
Okhta
Okhta River
Old Salinas River
Olt River
Om River
Ombrone
Ombrone River
Ondava
Ondava River
Onega
Onega River
Onyx River
Oolenoy
Oolenoy River
Oostanaula
Oostanaula River
Opava
Opava River
Orange River
Orara
Orara River
Orava
Orava River
Orb River
Orco River
Ord River
Oredezh
Oredezh River
Orinoco
Orinoco River
Orkla River
Ornain
Ornain River
Orne
Orne River
Orontes
Orontes River
Osam
Osam River
Oste
Oste River
osterdalalven
osterdalalven River
Otay
Otay River
Otra
Otra River
Otta
Otta River
Ottawa River
Oude IJssel
Oude IJssel River
Oueme
Oueme River
Oulujoki
Oulujoki River
Oum Er-Rbia River
Ounasjoki
Ounasjoki River
Our River
Ourthe
Ourthe River
Ouse
Ouse River
Oust
Oust River
Oyat
Oyat River
Paar River
Pajaro
Pajaro River
Pakhra
Pakhra River
Pakra
Pakra River
Pamilico
Pamilico River
Panaro
Panaro River
Panuco
Panuco River
Parana
Parana River
Parnaiba
Parnaiba River
Parnu
Parnu River
Paroo
Paroo River
Parramatta
Parramatta River
Parseta
Parseta River
Pasha
Pasha River
Pasleka
Pasleka River
Pasquotank
Pasquotank River
Pasvikelva
Pasvikelva River
Patterson
Patterson River
Patuca
Patuca River
Pearl River
Pechora
Pechora River
Peconic
Peconic River
Pecos
Pecos River
Pee Dee River
Peel River
Peene
Peene River
Pegnitz
Pegnitz River
Pend Oreille
Pend Oreille River
Pennefather
Pennefather River
Perquimans
Perquimans River
Petaluma
Petaluma River
Piave
Piave River
Pigeon River
Pilica
Pilica River
Pine River
Pinega
Pinega River
Pineios
Pineios River
Pioneer
Pioneer River
Pissa
Pissa River
Pisuerga
Pisuerga River
Piva
Piva River
Platte
Platte River
Pleisse
Pleisse River
Plitvica
Plitvica River
Po
Po River
Pocotaligo
Pocotaligo River
Pola
Pola River
Polist
Polist River
Polota
Polota River
Poprad
Poprad River
Potomac
Potomac River
Pra
Pra River
Prahova
Prahova River
Pregolya
Pregolya River
Prosna
Prosna River
Prum
Prum River
Prut
Prut River
Prypiat
Prypiat River
Pslo
Pslo River
Pudding River
Pulau River
Quinnipiac
Quinnipiac River
Raab River
Raba
Raba River
Rama
Rama River
Rance
Rance River
Ranelva
Ranelva River
Rappahannock
Rappahannock River
Raritan
Raritan River
Rauma
Rauma River
Ravan
Ravan River
Recknitz
Recknitz River
Red River
Reddies
Reddies River
Rednitz
Rednitz River
Reedy River
Rega
Rega River
Regen
Regen River
Regge
Regge River
Regnitz
Regnitz River
Reisaelva
Reisaelva River
Renaelva
Renaelva River
Reno River
Republican River
Reuss
Reuss River
Rhein
Rhein River
Rhin
Rhin River
Rhine
Rhine River
Rhone
Rhone River
Ribble
Ribble River
Richmond River
Rideau River
Rio de la Plata
Rio de la Plata River
Rio Grande
Rio Grande River
Rio Negro
Rio Negro River
Risle
Risle River
River Aa
River Aare
River Abens
River Abercrombie
River Acheloos
River Adda
River Adige
River Adour
River Adur
River Agout
River Agri
River Ahr
River Ain
River Aire
River Aisne
River Alabama
River Alagon
River Alamo
River Aland
River Albert
River Albion
River Alfeios
River Aliakmon
River Allegheny
River Aller
River Allier
River Alligator
River Alster
River Altaelva
River Altamaha
River Altmuhl
River Alzette
River Amargosa
River Amazon
River Ambleve
River American
River Ammer
River Amper
River Amu Darya
River Amur
River Angara
River Angrapa
River Aniene
River Aoos
River Apalachicola
River Applegate
River Apure
River Aragon
River Aranyos
River Ararat
River Arauca
River Arc
River Arda
River Ardeche
River Argens
River Arges
River Ariege
River Aries
River Arkansas
River Armancon
River Arno
River Arnon
River Arroux
River Arun
River Arve
River Ashburton
River Ashepoo
River Ashley
River Assonet
River Atchafalaya
River atran
River Atrato
River Aube
River Aucilla
River Aude
River Auglaize
River Aulne
River Aurajoki
River Authie
River Aveyron
River Avoca
River Avon
River Axios
River Bacchiglione
River Back
River Bahlui
River Baise
River Balsas
River Bandama
River Bann
River Bar
River Barcau
River Barcoo
River Barlad
River Barrington
River Barron
River Barrow
River Barwon
River Barycz
River Basento
River Bazavluk
River Becva
River Bednja
River Beech
River Bega
River Begna
River Belaya
River Beli Drim
River Bell
River Benamor
River Berettyo
River Berezayka
River Berezina
River Berg
River Berkel
River Berounka
River Besbre
River Besos
River Beuvron
River Biebrza
River Big Sandy
River Big Sioux
River Big South Fork
River Big Sunflower
River Bighorn
River Bilina
River Bilozerka
River Bistrita
River Black
River Blackwater
River Blackwood
River Blavet
River Blue Nile
River Bobr
River Bode
River Bodrog
River Bogan
River Bojana
River Bosna
River Bosut
River Bou Regreg
River Bourne
River Boyne
River Brahmaputra
River Braye
River Brazos
River Brda
River Breede
River Bremer
River Brenta
River Brisbane
River Broad
River Brosna
River Bug
River Buh
River Bune
River Burdekin
River Burnett
River Bush
River Buyuk Menderes
River Buzau
River Bzura
River Cagayan
River Cahaba
River Calapooia
River Calliope
River Cane
River Caney Fork
River Cape Fear
River Caras
River Caroni
River Cartecay
River Cashie
River Castlereagh
River Cataract
River Catawba
River Cavally
River Cedar Swamp
River Cere
River Cesma
River Cetina
River Chagoda
River Chao Phraya
River Charente
River Chattahoochee
River Chattooga
River Chauga
River Cheoah
River Cher
River Chiers
River Chiese
River Chowan
River Chowchilla
River Chubut
River Chusovaya
River Cibin
River Cidlina
River Cikola
River Cinca
River Cirocha
River Civicevac
River Clackamas
River Clain
River Clarence
River Clark Fork
River Clinch
River Coatzacoalcos
River Cocasset
River Coen
River Colo
River Colorado
River Columbia
River Combahee
River Conasauga
River Condamine
River Congaree
River Congo
River Connecticut
River Cooper
River Coosa
River Coosaw
River Coosawattee
River Coosawhatchie
River Copper
River Coquille
River Correze
River Cosumnes
River Cotley
River Cowlitz
River Coxs
River Crasna
River Creuse
River Cris
River Crisul Alb
River Crisul Negru
River Crisul Repede
River Crni Drim
River Cuanza
River Cudgegong
River Cullasaja
River Cumberland
River Cure
River Dahme
River Daly
River Dambovita
River Dan
River Danube
River Darling
River Dart
River Daugava
River Davidson
River Dawa
River Dawho
River Dawson
River De Gray
River Dee
River Deep
River Delaware
River Demer
River Dender
River Derwent
River Des Moines
River Deschutes
River Desna
River Deule
River Devoll
River Diamantina
River Diemel
River Dieze
River Dijle
River Dinkel
River Dives
River Dnieper
River Dniester
River Dobra
River Dolores
River Dommel
River Don
River Donets
River Dora Baltea
River Dora Riparia
River Dordogne
River Dore
River Dosse
River Doubs
River Douro
River Drac
River Dramselva
River Drave
River Drawa
River Drin
River Drina
River Drini i Bardhe
River Drini i Zi
River Drome
River Dronne
River Druc
River Drweca
River Duck
River Duero
River Dumaresq
River Dunajec
River Durance
River Durme
River Dussel
River Dyje
River Dziwna
River East Fork Pigeon
River Ebre
River Ebro
River Eden
River Eder
River Edisto
River Edward
River Eel
River Eider
River Eisack
River Elbe
River Elde
River Elk
River Ellijay
River Elz
River Emme
River Ems
River Emscher
River Enns
River Eno
River Enoree
River Enz
River Epte
River Erdre
River Erft
River Erymanthus
River Escondido
River Esk
River Essequibo
River Etowah
River Etsch
River Eucumbene
River Euphrates
River Eure
River Evros
River Exe
River Fal
River Feather
River Feher-Koros
River Fekete-Koros
River Fils
River Finke
River First Broad
River Fish
River Fisher
River Fitzroy
River Flat
River Fluvia
River Foix
River Forge
River Fortescue
River Fowey
River Francoli
River Franconian Saale
River Frankland
River Franklin
River Fraser
River Freiberger Mulde
River French
River French Broad
River Frome
River Fuhse
River Fulda
River Gabon
River Gaia
River Gail
River Gambia
River Garcia
River Gardon
River Garonne
River Gartempe
River Gascoyne
River Gauja
River Gaula
River Gave de Pau
River Gave d'Oloron
River Gebele
River Geehi
River Geer
River Genesee
River Georges
River Gers
River Geul
River Gila
River Gimone
River Glina
River Glogovnica
River Glomma
River Godavari
River Goodradigbee
River Gordon
River Gota alv
River Goulburn
River Grand
River Grand Morin
River Grande de Matagalpa
River Great Miami
River Great Ouse
River Green
River Greenough
River Groot
River Grose
River Grosse Laaber
River Guadalentin
River Guadalquivir
River Guadalupe
River Guadiana
River Guaviare
River Gudbrandsdalslagen
River Gudena
River Gunnison
River Gurk
River Gwydir
River Hai
River Haine
River Hallingdalselva
River Hamme
River Hari Rud
River Harpeth
River Hartibaciu
River Hase
River Hastings
River Hatchie
River Havel
River Haw
River Hawkesbury
River Herault
River Hernad
River Hers
River Hinterrhein
River Hiwassee
River Hockomock
River Holston
River Hornad
River Horton
River Housatonic
River Hron
River Huai
River Hudson- New York
River Huisne
River Humber
River Hunte
River Hunter
River Huon
River Ialomita
River Ibar
River Ihna
River Iijoki
River IJssel
River Ill
River Iller
River Illinois
River Ilm
River Ilmenau
River Ilova
River Ina
River Inde
River Indre
River Indus
River Ingeegoodbee
River Inhul
River Inhulets
River Inn
River Innerste
River Inster
River Instruch
River Iowa
River Ipe
River Irpin
River Irtysh
River Isar
River Isarco
River Isere
River Iskar
River Isle
River Isonzo
River Istra
River Itchen
River Iton
River Ivy
River Izhora
River Jacks
River Jagst
River James
River Jarama
River Jardine
River Jeker
River Jiu
River Jizera
River John Day
River Johns
River Jordan
River Jubba
River Jucar
River Juzna Morava
River Kakkalojoki
River Kalajoki
River Kama
River Kamp
River Kanawha
River Kangaroo
River Kansas
River Kapuas
River Karakash
River Karasica
River Karasjohka
River Karnaphuli
River Karuah
River Karun Iran
River Kasai
River Kazanka
River Kemijoki
River Kennebec
River Kentucky
River Keowee
River Kerepets
River Kerio
River Kerzhenets
River Khabur Turkey
River King
River Kinzig
River Kis-Kukullo
River Kitinen
River Kizil
River Klamath
River Klaralven
River Klyazma
River Kobuk
River Kocher
River Kokemaenjoki
River Kolva
River Kolyma
River Komarnica
River Konka
River Konkamaeno
River Kootenay
River Koprivnica
River Korana
River Koros
River Kostroma
River Kotorosl
River Kouilou-Niari
River Kowmung
River Koyukuk
River Krasnaya
River Kraszna
River Krishna
River Krka
River Krupa
River Kuban
River Kuiseb
River Kukullo
River Kunene
River Kunya
River Kupa
River Kurowka
River Kuskokwim
River Kwando
River Kwango
River Kyll
River Kymijoki
River Kyronjoki
River Laba
River Labe
River Laborec
River Laborets
River Lachlan
River Laerdalselvi
River Lahn
River Lainoalven
River Lake Balaton
River Lake Ilmen
River Lake Ladoga
River Lake Onega
River Lake Vanern
River Lakselva
River Lane Cove
River Lataseno
River Latorica
River Laurel
River Lauter
River Lava
River Leba
River Lech
River Lehigh
River Leie
River Leine
River Leitha
River Lena
River Lenne
River Lesse
River Lesum
River Liao
River Liatorytsia
River Lielupe
River Liffey
River Lijiang
River Limmat
River Limpopo
River Linge
River Linville
River Lippe
River Lishui
River Little Alligator
River Little Danube
River Little Lynches
River Little Miami
River Little Pee Dee
River Little Salkahatchie
River Little Saluda
River Little Snake
River Little Tennessee
River Little Yadkin
River Llobregat
River Locknitz
River Logan
River Loing
River Loir
River Loire
River Loiret
River Loisach
River Lomami
River Lonja-Trebez-Veliki Strug
River Los Angeles
River Lot
River Loue
River Lovat
River Lower Little
River Lualaba
River Luga
River Luiro
River Lumber
River Lusatian Neisse
River Luznice
River Lyna
River Lynches
River Maas
River Macdonald
River Mackenzie
River Macleay
River Macquarie
River Mad
River Madeira
River Madon
River Magdalena
River Main
River Maine
River Mala Panew
River Malheur
River Malselva
River Manilla
River Manning
River Manych
River Manzanares
River Maputo
River Mara
River March
River Margaret
River Maribyrnong
River Maritsa
River Mark
River Marne
River Maros
River Mary
River Mat
River Matfield
River Maumee
River Mayenne
River Mayo
River Mbini
River Mbomou
River McKenzie
River Meherrin
River Mekong
River Memel
River Merced
River Merrimack
River Mersey
River Mesta
River Meta
River Metauro
River Meurthe
River Meuse
River Mezen
River Middle Tyger
River Mill
River Mills
River Mincio
River Mindanao
River Minho
River Minnesota
River Mino
River Mississippi
River Missouri
River Mitchell
River Mitta Mitta
River Mius
River Mobile
River Mohawk
River Mokelumne
River Moksha
River Molalla
River Moldova
River Moldovita
River Mologa
River Molonglo
River Molopo
River Mondego
River Monnow
River Monongahela
River Morava
River Moruya
River Moselle
River Moselotte
River Moskva
River Motala strom
River Motru
River Mountain Nile
River Mreznica
River Msta
River Mstino Lake
River Muchawiec
River Mukhavets
River Mula
River Mulde
River Mundo
River Muonionjoki
River Mura
River Murchison
River Mures
River Murg
River Murray
River Murrumbidgee
River Murz
River Naab
River Nagy-Kukullo
River Nahe
River Nambucca
River Namoi
River Namsen
River Nantahala
River Napa
River Narew
River Narva
River Nattai
River Navarro
River Neckar
River Neidenelva
River Nelson
River Nemasket
River Nemunas
River Nenana
River Nene
River Nepean
River Nera
River Nerang
River Neretva
River Neris
River Nervion
River Nestos
River Nete
River Neuse
River Neva
River Niagara
River Niamiha
River Nida
River Nidda
River Nidelva
River Nied
River Niers
River Niger
River Nile
River Niobrara
River Nioman
River Nissan
River Nistru
River Nitra
River Nogat
River Nogoa
River Noguera Pallaresa
River Noguera Ribargorzana
River Nolichucky
River Nore
River North Edisto
River North Esk
River North Fork Edisto
River North Platte
River North Saluda
River North Tyger
River North Tyne
River Northern Dvina
River Notec
River Nottoway
River Noyo
River Ntem
River Numedalslagen
River Nyanga
River Nymboida
River Nysa Klodzka
River Nysa Luzycka
River Ob
River Obed
River Obion
River Obra
River Ocmulgee
River Oconaluftee
River Oconee
River Oder
River Odet
River Odon
River Odra
River Ofanto
River Oglio
River Ognon
River Ogooue
River Ohio
River Ohm
River Ohre
River Oise
River Oka
River Okanagan
River Okavango
River Oker
River Okhta
River Old Salinas
River Olt
River Om
River Ombrone
River Ondava
River Onega
River Oolenoy
River Oostanaula
River Opava
River Orange
River Orara
River Orava
River Orb
River Orco
River Ord
River Oredezh
River Orinoco
River Ornain
River Orne
River Orontes
River Osam
River Oste
River osterdalalven
River Otay
River Otra
River Otta
River Oude IJssel
River Oueme
River Oulujoki
River Ounasjoki
River Our
River Ourthe
River Ouse
River Oust
River Oyat
River Paar
River Pajaro
River Pakhra
River Pakra
River Pamilico
River Panaro
River Panuco
River Parana
River Parnaiba
River Parnu
River Paroo
River Parramatta
River Parseta
River Pasha
River Pasleka
River Pasquotank
River Pasvikelva
River Patterson
River Patuca
River Pechora
River Peconic
River Pecos
River Pee Dee
River Peel
River Peene
River Pegnitz
River Pend Oreille
River Pennefather
River Perquimans
River Petaluma
River Piave
River Pigeon
River Pilica
River Pine
River Pinega
River Pineios
River Pioneer
River Pissa
River Pisuerga
River Piva
River Platte
River Pleisse
River Plitvica
River Po
River Pocotaligo
River Pola
River Polist
River Polota
River Poprad
River Potomac
River Pra
River Prahova
River Pregolya
River Prosna
River Prum
River Prut
River Prypiat
River Pslo
River Pudding
River Quinnipiac
River Raab
River Raba
River Rama
River Rance
River Ranelva
River Rappahannock
River Raritan
River Rauma
River Ravan
River Recknitz
River Reddies
River Rednitz
River Reedy
River Rega
River Regen
River Regge
River Regnitz
River Reisaelva
River Renaelva
River Reno
River Republican
River Reuss
River Rhein
River Rhin
River Rhine
River Rhone
River Ribble
River Richmond
River Rio de la Plata
River Rio Grande
River Rio Negro
River Risle
River Roanoke
River Roaring
River Rock
River Rockcastle
River Rocky
River Roer
River Rogue
River Roper
River Ros
River Rother
River Rott
River Rufiji
River Ruhr
River Rupel
River Rur
River Ruvuma
River Ruwer
River Saalach
River Saale
River Saane
River Saar
River Sabine
River Sacandaga
River Sacramento
River Sado
River Saint John
River Saint Paul
River Sajo
River Sakarya
River Sal
River Salinas
River Salisbury Plain
River Salkahatchie
River Salm
River Salmon
River Saluda
River Salween
River Salzach
River Samara
River Sambre
River San
River San Diego
River San Dieguito
River San Gabriel
River San Jacinto
River San Joaquin
River San Juan
River San Luis Rey
River Sanaga
River Sandy
River Sangro
River Santa Clara
River Santa Margarita
River Santee
River Santiam
River Sao Francisco
River Saone
River Sarine
River Sarthe
River Saskatchewan
River Satucket
River Sauer
River Sauldre
River Saulx
River Sava
River Savannah
River Save
River Savinja
River Scarpe
River Schelde
River Scheldt
River Schunter
River Schwalm
River Schwarze Elster
River Scioto
River Scott
River Sebes-Koros
River Secchia
River Second Broad
River Sefid Rud Iran
River Segre
River Segreganset
River Segura
River Seille
River Seim
River Seine
River Selenga
River Seman
River Semois
River Semoy
River Seneca
River Senegal
River Seret
River Sesia
River sesupe
River Severn
River Sevre Nantaise
River Sevre Niortaise
River Shabele
River Shannon
River Shatt al-Arab
River Shchara
River Sheksna
River Shelon
River Shenandoah
River Shkumbin
River Shoalhaven
River Sieg
River Sieu
River Sil
River Sinni
River Sio
River Sioule
River Siret
River Skien
River Slana
River Slaney
River Slupia
River Smith
River Snake
River Snowy
River Soca
River Somes
River Somesul Mare
River Somesul Mic
River Somme
River Songhua
River South Edisto
River South Esk
River South Fork Catawba
River South Fork Edisto
River South Fork New
River South Platte
River South Saluda
River South Toe
River South Tyger
River South Tyne
River South Yadkin
River Southern Bug
River Sozh
River Spercheios
River Spey
River Spokane
River Spree
River St. Croix
River St. Johns
River St. Joseph
River St. Lawrence
River St. Mary's
River Stara
River Stepenitz
River Stones
River Stor
River Stour
River Strimonas
River Struma
River Stuhna
River Stura di Demonte
River Suceava
River Suck
River Sudost
River Suir
River Sukhona
River Sula
River Sunja
River Supiy
River Sura
River Susitna
River Susquehanna
River Sutla
River Suwannee
River sventoji
River Svir
River Svislac
River Sviyaga
River Swalm
River Swan
River Swannanoa
River Syas
River Sylva
River Syr Darya
River Szamos
River Tagus
River Talbragar
River Tallapoosa
River Tamar
River Tamega
River Tana
River Tanana
River Tanaro
River Tanger
River Tar
River Tara
River Tarn
River Tarnava
River Tarnava Mare
River Tarnava Mica
River Taro
River Tauber
River Taunton
River Tavy
River Tees
River Teign
River Temes
River Ten Mile
River Tengelionjoki
River Tennessee
River Ter
River Terek
River Test
River Tet
River Teteriv
River Tevere
River Thames
River Thaya
River Thomson
River Three Mile
River Thur
River Tiasmyn
River Tiber
River Ticino
River Tiffin
River Tigoda
River Tigris
River Tijuana
River Timis
River Tinn
River Tinto
River Tisa
River Tisza
River Tocantins
River Tollense
River Tombigbee
River Tooma
River Toplica
River Tordera
River Torne alv
River Torrens
River Tosna
River Touques
River Town
River Toxaway
River Traun
River Trave
River Trebbia
River Trent
River Trigno
River Trinity
River Tronto
River Trothy
River Trubizh
River Truyere
River Trysilelva
River Tsna
River Tualatin
River Tuckasegee
River Tugaloo
River Tugela
River Tumut
River Tundzha
River Tuolumne
River Turia
River Tweed
River Tyger
River Tyne
River Ubangi
River Uele
River Ufa
River Uftyuga
River Uh
River Umpqua
River Una
River Unstrut
River Unzha
River Upa
River Ural
River Uruguay
River Usa
River Usumacinta
River Uver
River Uwharrie
River Uzh
River Vaal
River Vaga
River Vah
River Valdayka
River Valira
River Valley
River Var
River Vardar
River Vasterdalalven
River Vecht
River Vedea
River Vefsna
River Velika Morava
River Vendee
River Ventura
River Verdon
River Vesdre
River Vesle
River Vetluga
River Vezere
River Viaur
River Vicha
River Victoria
River Vienne
River Vilaine
River Vils
River Vire
River Virgin
River Vishera
River Vistula
River Vit
River Vjose
River Vltava
River Vodla
River Volga
River Volkhov
River Vologne
River Volta
River Volturno
River Vorderrhein
River Vorma
River Voronezh
River Vorskla
River Vrbas
River Vucica
River Vuoksi
River Vyatka
River Vychegda
River Vytegra
River Wabash
River Waccamaw
River Wacissa
River Wando
River Warnow
River Warrego
River Warta
River Watauga
River Wateree
River Wda
River Weisse Elster
River Wenatchee
River Werra
River Werre
River Wertach
River Wesenitz
River Weser
River West Fork Pigeon
River White Nile
River White Oak
River Whitewater
River Wiccacon
River Wied
River Wieprz
River Wieprza
River Wiese
River Willamette
River Williams
River Wilson
River Wingecarribee
River Winnetuxet
River Wisconsin
River Wisla
River Wislok
River Wisloka
River Wkra
River Wolf
River Wollondilly
River Wornitz
River Woronora
River Wumme
River Wupper
River Wurm
River Wye
River Xi
River Xiang
River Xuquer
River Yadkin
River Yakima
River Yalu
River Yamhill
River Yampa
River Yangtze
River Yantra
River Yaquina
River Yarra
River Yazoo
River Ybbs
River Yellowstone
River Yenisei
River Yomtsa
River Yonne
River Yser
River Ythan
River Yuan
River Yug
River Yukon
River Zagyva
River Zala
River Zambezi
River Zancara
River Zapadna Morava
River Zapadnaya Dvina
River Zbruch
River Zenne
River Zeravshan
River Zezere
River Zijiang
River Ziller
River Zrmanja
River Zschopau
River Zwarte Water
River Zwickauer Mulde
Roanoke
Roanoke River
Roaring
Roaring River
Rock Creek
Rock River
Rockcastle
Rockcastle River
Rocky River
Roer
Roer River
Rogue
Rogue River
Roper River
Ros River
Rother
Rother River
Rott River
Rufiji
Rufiji River
Ruhr
Ruhr River
Rupel
Rupel River
Rur River
Ruvuma
Ruvuma River
Ruwer
Ruwer River
Saalach
Saalach River
Saale
Saale River
Saane
Saane River
Saar
Saar River
Sabine
Sabine River
Sacandaga
Sacandaga River
Sacramento
Sacramento River
Sado River
Saguenay River
Saint John River
Saint Paul River
Sajo
Sajo River
Sakarya
Sakarya River
Sal River
Salinas River
Salisbury Plain River
Salkahatchie
Salkahatchie River
Salm River
Salmon River
Saluda
Saluda River
Salween
Salween River
Salzach
Salzach River
Samara
Samara River
Sambre
Sambre River
San Diego River
San Dieguito River
San Gabriel River
San Jacinto River
San Joaquin River
San Juan River
San Luis Rey River
San River
Sanaga
Sanaga River
Sandy River
Sangro River
Santa Clara
Santa Clara River
Santa Margarita
Santa Margarita River
Santee
Santee River
Santiam
Santiam River
Sao Francisco
Sao Francisco River
Saone
Saone River
Sarine
Sarine River
Sarthe
Sarthe River
Saskatchewan
Saskatchewan River
Satucket
Satucket River
Sauer River
Sauldre
Sauldre River
Saulx
Saulx River
Sava
Sava River
Savannah River
Save River
Savinja
Savinja River
Scarpe
Scarpe River
Schelde
Schelde River
Scheldt
Scheldt River
Schunter
Schunter River
Schwalm
Schwalm River
Schwarze Elster
Schwarze Elster River
Scioto
Scioto River
Scott River
Sebes-Koros
Sebes-Koros River
Sebou River
Secchia
Secchia River
Second Broad River
Sefid Rud Iran
Sefid Rud Iran River
Segre
Segre River
Segreganset
Segreganset River
Segura
Segura River
Seille
Seille River
Seim River
Seine
Seine River
Selenga
Selenga River
Seman
Seman River
Semois
Semois River
Semoy
Semoy River
Seneca
Seneca River
Senegal River
Sepik River
Seret
Seret River
Sesia
Sesia River
sesupe
sesupe River
Severn
Severn River
Sevre Nantaise
Sevre Nantaise River
Sevre Niortaise
Sevre Niortaise River
Shabele
Shabele River
Shannon River
Shatt al-Arab
Shatt al-Arab River
Shchara
Shchara River
Sheksna
Sheksna River
Shelon
Shelon River
Shenandoah
Shenandoah River
Shkumbin
Shkumbin River
Shoalhaven
Shoalhaven River
Sieg River
Sieu
Sieu River
Sil River
Sinni
Sinni River
Sio River
Sioule
Sioule River
Siret
Siret River
Skien
Skien River
Slana
Slana River
Slaney
Slaney River
Slupia
Slupia River
Smith River
Snake River
Snowy River
Soca
Soca River
Somes
Somes River
Somesul Mare
Somesul Mare River
Somesul Mic
Somesul Mic River
Somme
Somme River
Songhua
Songhua River
South Edisto River
South Esk River
South Fork Catawba River
South Fork Edisto River
South Fork New River
South Platte River
South River
South Saluda River
South Toe River
South Tyger River
South Tyne River
South Yadkin River
Southern Bug River
Sozh
Sozh River
Spercheios
Spercheios River
Spey River
Spokane
Spokane River
Spree
Spree River
St. Croix River
St. Johns River
St. Joseph River
St. Lawrence River
St. Mary's River
Stara
Stara River
Stepenitz
Stepenitz River
Stones
Stones River
Stor
Stor River
Stour
Stour River
Strimonas
Strimonas River
Struma
Struma River
Stuhna
Stuhna River
Stura di Demonte
Stura di Demonte River
Suceava
Suceava River
Suck River
Sudost River
Suir
Suir River
Sukhona
Sukhona River
Sula
Sula River
Sunja
Sunja River
Supiy
Supiy River
Sura
Sura River
Susitna
Susitna River
Susquehanna
Susquehanna River
Sutla
Sutla River
Suwannee
Suwannee River
sventoji
sventoji River
Svir
Svir River
Svislac
Svislac River
Sviyaga
Sviyaga River
Swalm
Swalm River
Swan River
Swannanoa
Swannanoa River
Syas
Syas River
Sylva
Sylva River
Syr Darya
Syr Darya River
Szamos
Szamos River
Tagus
Tagus River
Talbragar
Talbragar River
Tallapoosa
Tallapoosa River
Tamar
Tamar River
Tamega
Tamega River
Tana
Tana River
Tanana
Tanana River
Tanaro
Tanaro River
Tanger River
Tar River
Tara River
Tarn River
Tarnava
Tarnava Mare
Tarnava Mare River
Tarnava Mica
Tarnava Mica River
Tarnava River
Taro River
Tauber
Tauber River
Taunton
Taunton River
Tavy River
Tay River
Tees River
Teign
Teign River
Temes
Temes River
Ten Mile River
Tengelionjoki
Tengelionjoki River
Tennessee River
Ter River
Terek
Terek River
Test River
Tet River
Teteriv
Teteriv River
Tevere
Tevere River
Thames
Thames River
Thaya
Thaya River
Thomson
Thomson River
Three Mile
Three Mile River
Thur River
Tiasmyn
Tiasmyn River
Tiber
Tiber River
Ticino
Ticino River
Tiffin
Tiffin River
Tigoda
Tigoda River
Tigris
Tigris River
Tijuana
Tijuana River
Timis
Timis River
Tinn
Tinn River
Tinto
Tinto River
Tisa
Tisa River
Tisza
Tisza River
Tocantins
Tocantins River
Tollense
Tollense River
Tombigbee
Tombigbee River
Tooma
Tooma River
Toplica
Toplica River
Tordera
Tordera River
Torne alv
Torne alv River
Torne River
Torrens
Torrens River
Tosna
Tosna River
Touques
Touques River
Town River
Toxaway
Toxaway River
Traun
Traun River
Trave
Trave River
Trebbia
Trebbia River
Trent River
Trigno
Trigno River
Trinity River
Tronto River
Trothy River
Trubizh
Trubizh River
Truyere
Truyere River
Trysilelva
Trysilelva River
Tsna
Tsna River
Tualatin
Tualatin River
Tuckasegee
Tuckasegee River
Tugaloo
Tugaloo River
Tugela
Tugela River
Tumen River
Tumut
Tumut River
Tundzha
Tundzha River
Tuolumne
Tuolumne River
Turia
Turia River
Tweed River
Tyger
Tyger River
Tyne
Tyne River
Ubangi
Ubangi River
Uele
Uele River
Ufa River
Uftyuga
Uftyuga River
Uh River
Ume River
Umpqua
Umpqua River
Una
Una River
Unstrut
Unstrut River
Unzha
Unzha River
Upa
Upa River
Ural River
Uruguay River
Usa
Usa River
Usumacinta
Usumacinta River
Uver
Uver River
Uwharrie
Uwharrie River
Uzh
Uzh River
Vaal
Vaal River
Vaga
Vaga River
Vah
Vah River
Vaigai River
Valdayka
Valdayka River
Valira
Valira River
Valley River
Var River
Vardar
Vardar River
Vasterdalalven
Vasterdalalven River
Vecht
Vecht River
Vedea
Vedea River
Vefsna
Vefsna River
Velika Morava
Velika Morava River
Vendee River
Venta River
Ventura River
Verdon
Verdon River
Vermillion River
Vesdre
Vesdre River
Vesle
Vesle River
Vetluga
Vetluga River
Vezere
Vezere River
Viaur
Viaur River
Vicha
Vicha River
Victoria
Victoria River
Vienne
Vienne River
Vilaine
Vilaine River
Vils
Vils River
Vire River
Virgin
Virgin River
Vishera
Vishera River
Vistula
Vistula River
Vit River
Vjose
Vjose River
Vltava
Vltava River
Vodla
Vodla River
Volga
Volga River
Volkhov
Volkhov River
Vologne
Vologne River
Volta
Volta River
Volturno
Volturno River
Vorderrhein
Vorderrhein River
Vorma
Vorma River
Voronezh
Voronezh River
Vorskla
Vorskla River
Vrbas
Vrbas River
Vucica
Vucica River
Vuoksi
Vuoksi River
Vyatka
Vyatka River
Vychegda
Vychegda River
Vytegra
Vytegra River
Wabash
Wabash River
Waccamaw
Waccamaw River
Wacissa
Wacissa River
Wading River
Wando
Wando River
Warnow
Warnow River
Warrego
Warrego River
Warta
Warta River
Watauga
Watauga River
Wateree
Wateree River
Wda
Wda River
Weisse Elster
Weisse Elster River
Wenatchee
Wenatchee River
Werra
Werra River
Werre
Werre River
Wertach
Wertach River
Wesenitz
Wesenitz River
Weser
Weser River
West Fork Pigeon
West Fork Pigeon River
White Jade River
White Nile
White Nile River
White Oak River
Whitewater
Whitewater River
Wiccacon
Wiccacon River
Wied River
Wieprz
Wieprz River
Wieprza
Wieprza River
Wiese River
Willamette
Willamette River
Williams River
Wilson River
Wingecarribee
Wingecarribee River
Winnetuxet
Winnetuxet River
Wisconsin
Wisconsin River
Wisla
Wisla River
Wislok
Wislok River
Wisloka
Wisloka River
Wkra
Wkra River
Wolf River
Wollondilly
Wollondilly River
Wornitz
Wornitz River
Woronora
Woronora River
Wumme
Wumme River
Wupper
Wupper River
Wurm River
Wye River
Xi River
Xiang
Xiang River
Xuquer
Xuquer River
Yadkin
Yadkin River
Yakima
Yakima River
Yalu
Yalu River
Yamhill
Yamhill River
Yampa
Yampa River
Yangtze
Yangtze River
Yantra
Yantra River
Yaquina
Yaquina River
Yarra
Yarra River
Yazoo
Yazoo River
Ybbs
Ybbs River
Yellow River
Yellowstone River
Yenisei
Yenisei River
Yomtsa
Yomtsa River
Yonne
Yonne River
Yser River
Ythan
Ythan River
Yuan River
Yug River
Yukon
Yukon River
Zagyva
Zagyva River
Zala
Zala River
Zambezi
Zambezi River
Zancara
Zancara River
Zapadna Morava
Zapadna Morava River
Zapadnaya Dvina
Zapadnaya Dvina River
Zbruch
Zbruch River
Zenne
Zenne River
Zeravshan
Zeravshan River
Zezere
Zezere River
Zijiang
Zijiang River
Ziller
Ziller River
Zrmanja
Zrmanja River
Zschopau
Zschopau River
Zwarte Water
Zwarte Water River
Zwickauer Mulde
Zwickauer Mulde River
