A. en P.
A.C.
A.F.C.
A.G.
A.S.
A/L
A/S
AB
ACE
AD
AE
AENP
AFC
AG
AG & COKG
AG & Co KG
AG &AMP; COKG
AG &AMP; Co KG
AMBA
ANS
ASA
ASSOCIATES
AVV
AY
Ab
Ag
AmbA
ApS
ApS & Co.
Apb
Associates
Ay
B.V.
BHD
BROS
BROTHERS
BV
BVBA
Bhd
Bpk
Bros
Brothers
Bt
Bv
C.V.
C.de R.L.
C.por A.
CA
CDERL
CO
COOP
COOPERATIVE
CORP
CORPORATION
COS
CPORA
CV
CVA
CVoA
Co
Co-op
Co-operative
Compagnie
Company
Coop
Cooperative
Corp
Corp.
Corporation
Cos
Cos.
DA
EE
EEG
EGMBH
EIRL
ELP
EPE
EURL
F.C.
FC
G.M.B.H.
G.S.C.
G.m.b.H.
G.m.b.H.& CO, KG
G.m.b.H.&AMP; CO, KG
GCV
GIE
GMBH
GMBH & COKG
GMBH &AMP; COKG
GSC
GbR
GesmbH
GmbH
GmbH & Co. KG
Gmbh
HB
HMIG
HVER
I/S
IBC
INC
INCORPORATED
INDUSTRIES
Inc
Incorporated
Industries
K/S
KA/S
KD
KDA
KG
KGaA
KK
Kb
Kft
Kk
Kkt
Kol. SrK
Kom. SrK
Kv
Ky
L.L.C.
L.P.
LDA
LDC
LIMITADA
LIMITED
LLC
LLP
LP
LTD
Limitada
Limited
Lp
Ltd
Ltda
M.B.H.
MBH
MBH & COKG
MBH &AMP; COKG
MIJ
Mfg
N.A.
N.A>
N.V.
NA
NT
NV
Na
Nv
OE
OHG
OU **
OY
OYAB
OYJ
Oy
P/L
PC Ltd
PERJAN
PERSERO
PERUM
PLC
PMA
PMDN
PN
PP
PT
PTE LTD
PTY
PTY LTD
Plc
PrC
Prp. Ltd.
Pte ltd
Pty
Pty ltd
Pty.
R.F.C.
RAS
RFC
Rt
S. de R.L.
S. en C.
S. en N.C.
S.A.
S.A.C.
S.A.I.C.A.
S.A.L.
S.A.R.L.
S.C.
S.C.S.
S.P.A.
S.p.A.
S/A
SA
SA de CV
SAC
SAFI
SAL
SARL
SAS
SApA
SC
SCA
SCP
SCS
SENC
SGPS
SK
SNC
SOPARFI
SPA
SPRL
SV
Sa
Sarl
Sdn Bhd
Societe
Société
Sons
Sons Co
Sp.z.o.o.
SpA
Spa
Srl
TECHNOLOGIES
TLS
Technologies
VEB
VOF
a.d.
corp
d.d
d.n.o.
d.o.o.
d/b/a
e.V.
eGmbh
gGmbH
hf
k.d.
k.d.d.
k.s.
lda
m.b.H.
m.b.H.& CO, KG
m.b.H.&AMP; CO, KG
mbH
mbh
ocD
plc
sa
sp
spols.r.o.
td
v.o.s.A.B.
