United Nations
UNESCO
UK Atomic Energy Authority
U.N.
Organization of Petroleum Exporting Countries
Organization for Economic Cooperation and Development
OPEC
North Atlantic Treaty Organization
NATO
Museum of Flight
Japanese Space Agency
Japan International Development Organization
Japan Industrial Development Organization
Italian Space Agency
Hezbollah
General Agreement on Tariffs and Trade
European Union
European Space Agency
European Community
Electronics Research and Service Organization
Electronics Research &AMP; Service Organization
Electronics Research & Service Organization
ESA
Association of South East Asian Nations
Association of Flight Attendants

