AALIYAH

ABA

ABABUO

ABAGBE

ABAIGEAL

ABANA

ABAYOMI

ABBEY

ABBIE

ABBY

ABEBI

ABEGAILA

ABEJE

ABEKE

ABELIA

ABENA

ABENI

ABEO

ABHA

ABICHAYIL

ABIDEMI

ABIELA

ABIGAIL

ABIGAYIL

ABIHAIL

ABIKANILE

ABILENE

ABIMBOLA

ABIONA

ACACIA

ACANTHA

ACENITH

ACHALA

ACHAVA

ACHSAH

ADA

ADAH

ADALGISA

ADALHEID

ADALINA

ADALINE

ADAMMA

ADARA

ADDIEL

ADDOLORATA

ADDY

ADEBOLA

ADEDAGBO

ADELA

ADELAIDA

ADELE

ADELEKE

ADELINA

ADELINE

ADEOLA

ADESIMBO

ADESINA

ADHIKA

ADHITA

ADIA

ADIEL

ADIRA

ADONIA

ADORA

ADORABLE

ADOWA

ADRIA

ADRIANA

ADRIANNA

ADRIANNE

ADRIENNE

ADZO

AEGEA

AEMILIA

AEOLA

AERIN

AESHA

AFAFA

AFIYA

AFRYEA

AFUA

AGALIA

AGATA

AGATHA

AGATHE

AGENETI

AGHNA

AGNELLA

AGNES

AGNIESZKA

AH-LAM

AHALYA

AHAVAH

AHILYA

AHONUI

AHULANI

AHYANA

AIDEEN

AIFRIC

AIGNEIS

AIKATERINE

AIKO

AILEEN

AILIANNA

AILIS

AIMEE

AIMILIONA

AINA

AINAKEA

AINALANI

AINANANI

AINGEAL

AIRINA

AIRYN

AISHA

AIYETORO

AJA

AJALAA

AJEYA

AKA

AKA'ULA

AKAHANA

AKAHELE

AKAKO

AKALA

AKAMAI

AKANKE

AKASUKI

AKEAKAMAI

AKEMI

AKHILA

AKILAH

AKILINA

AKOSUA

AKUA

AKWETE

AKWOKWO

ALABA

ALAINA

ALAKE

ALALA

ALANA

ALANNAH

ALANNIS

ALASTRINA

ALASTRIONA

ALAULA

ALBA

ALCINDA

ALDORA

ALEASE

ALEBETA

ALECX

ALEI

ALEKANEDERINA

ALEMA

ALENA

ALESA

ALESSA

ALESSANDRA

ALESSIA

ALETHEA

ALETIA

ALEXA

ALEXANDRA

ALEXANDRIA

ALEXIA

ALEXINE

ALFREDA

ALICE

ALICIA

ALIDA

ALILE

ALINA

ALINDA

ALINE

ALISA

ALISHA

ALISON

ALISSA

ALITZAH

ALKE

ALLANNAH

ALLEGRA

ALLEGRIA

ALLIE

ALLISON

ALLY

ALLYSON

ALMA

ALOHALANI

ALOHANANI

ALOHILANI

ALOISIA

ALOKA

ALONA

ALPHA

ALTHAIA

ALTHEA

ALTHENA

ALUNA

ALYSEN

ALYSON

ALYSSA

ALZBETA

AMA

AMADI

AMALA

AMALIA

AMANA

AMANDA

AMARANTE

AMARANTH

AMARIAH

AMARJAA

AMARYLLIS

AMBER

AMBERLEE

AMBIKA

AMBRE

AMBROSIA

AMBROSINA

AMEE

AMELIA

AMELINA

AMETHYST

AMICE

AMIDAH

AMIELA

AMILEE

AMINA

AMINAH

AMIRA

AMISHA

AMITY

AMOLI

AMPARO

AMY

AMY-SUE

ANA

ANADARIA

ANAIS

ANALA

ANALISE

ANASTASIA

ANASTAZIE

ANATASIA

ANATOLIA

ANATONIA

ANDELA

ANDRA

ANDREA

ANDRIA

ANDRIANA

ANDRINE

ANDROMEDA

ANDROMEDE

ANELA

ANEMONE

ANEZKA

ANGANAA

ANGEL

ANGELA

ANGELE

ANGELICA

ANGELIKA

ANGELIKI

ANGELINA

ANGELIQUE

ANGIE

ANGYALKA

ANGèLE

ANI

ANIA

ANIANA

ANIKE

ANIKO

ANILA

ANIMA

ANISE

ANISHA

ANITA

ANITARA

ANKE

ANN

ANNA

ANNABEL

ANNABELLE

ANNABETH

ANNALEE

ANNALIESE

ANNALISA

ANNE

ANNELI

ANNELLA

ANNEMARIE

ANNESSA

ANNETTE

ANNICK

ANNIE

ANNIS

ANNITTA

ANNMARIE

ANNUNZIATA

ANSELMA

ANTHEA

ANTHEIA

ANTJE

ANTOINETTE

ANTONELLA

ANTONIA

ANUERIN

ANUHEA

ANULI

ANURA

ANUSHEELA

ANYA

AOI

AOLANI

APERILA

APHRAEL

APHRODITE

APOLLINE

APOLLONIA

APPHIA

APPLE

APSARA

ARA

ARABELLA

ARACELIS

ARADHANA

ARAN

ARANA

ARETE

ARETHA

ARIA

ARIADNE

ARIANE

ARIANNA

ARIANNE

ARIEH

ARIELLE

ARLENE

ARLIE

ARTEMISIA

ARTIA

ARUNA

ARUNIKA

ASABI

ASAKO

ASCELINE

ASENATA

ASENATH

ASHA

ASHLING

ASHNI

ASHURA

ASISYA

ASMA

ASMEE

ASPASIA

ASSUMPTA

ASSUNTA

ASTA

ASTAROTH

ASTER

ASTRA

ASTRID

ASTRITHR

ASYA

ATALANTE

ATARAH

ATHALIA

ATHANASIA

ATHENA

AUBREY

AUDE

AUDERE

AUDRA

AUGUSETA

AUGUSTA

AUGUSTEEN

AUINA

AURA

AURE

AURELIA

AURORA

AURORE

AVA

AVANI

AVELINE

AVEZA

AVIA

AVILA

AVRA

AYAH

AYAKO

AYAMEKO

AYELET

AYESHA

AYOBUNMI

AYODELE

AYOFEMI

AYOKA

AYOLUWA

AYOOLA

AYUMI

AZARIA

AZIZA

AZUBA

AZUCENA

BAAKO

BABA

BACALL

BACHIKO

BADERINWA

BADRIYYAH

BAHAAR

BAHATI

BAHIJA

BAHIRA

BAIRBRE

BAKARA

BAKUL

BAKURA

BALBINA

BALINKA

BAMBI

BAMBINA

BANAN

BANHI

BANITA

BANO

BAPTISTA

BAPTISTE

BARBARA

BARBIE

BARBORA

BARBRO

BARI

BARIKA

BARKAIT

BARRAN

BASHIYRA

BASILA

BASIMA

BASMA

BASTIENNE

BAT

BATESEBA

BATHILDA

BATHSHEBA

BATHSHUA

BATINI

BATYA

BATZRA

BAYO

BEA

BEARNAS

BEATA

BEATARISA

BEATE

BEATHA

BEATHAG

BEATRICE

BEATRISSA

BEATRIX

BEBHINN

BECCA

BECHIRA

BECKI

BECKY

BEDELIA

BEDRISKA

BEEJA

BEITIDH

BEITIRIS

BEJIDE

BELA

BELIA

BELIAROSA

BELINDA

BELLA

BELLE

BELVA

BENEDETTA

BENEDIKTA

BENEDYKTA

BENIGNA

BENITA

BENTE

BERACHAH

BERDINE

BERECYNTIA

BERENADETA

BERENICE

BERENIKE

BERENT

BERETA

BERNADETTE

BERNARDINE

BERNEEN

BERNICE

BERNITA

BERRIN

BERTA

BERTHA

BERTHE

BERUCHIYA

BERYL

BESS

BESSIE

BET

BETA

BETH

BETHAN

BETHANY

BETHEL

BETRYS

BETSABE

BETSY

BETTINA

BETTY

BETUEL

BETULA

BETULAH

BETYA

BEULAH

BEV

BEVERLEY

BEVERLY

BEVERLYN

BEVIN

BHAMINI

BHANUMATI

BHARATI

BHAVIKA

BHICTORIA

BHUMA

BHUMIKA

BIANCA

BIBI

BIBIANE

BICH

BIDELIA

BIDINA

BILHAH

BILLIE JO

BINA

BINALI

BINYAMINA

BIONDA

BIRA

BIRDIE

BIRGIT

BIRGITTA

BIRIGITA

BITHIAH

BITHYNIA

BJORK

BLAHE

BLAIR

BLANCA

BLANCHE

BLANKA

BLATH

BLATHNAID

BLISS

BLODWEN

BLOSSOM

BLYTHE

BOADICEA

BOBBIE

BOBINA

BOBO

BODIL

BOGDANA

BOGUMILA

BOGUSLAWA

BOHDANA

BOINAIV

BOLADE

BOLANILE

BOLESLAWA

BONA

BONG-CHA

BONITA

BONNIE

BORBALA

BORGNY

BOUPHA

BOZIDARA

BRAELYN

BRANDE

BRANDI

BRANDY

BRANWEN

BREEDA

BRENDA

BRENNA

BRETISLAVA

BRIANA

BRIANN

BRIANNA

BRIANNE

BRIDE

BRIDGET

BRIEANNA

BRIGANTIA

BRIGHID

BRIGIDA

BRIGITTE

BRISEIS

BRITES

BRITNEY

BRITTA

BRITTANY

BRITTIAN

BRONISLAVA

BRONWEN

BRUNA

BRUNELLA

BRUNETTE

BRUNHILDE

BRYGID

BRYLIEVA

BRYNHILD

BRYONY

BUA

BUFFY

BUNMI

BUNNY

BUSEJE

BUTHAYNA

BYHALIA

CABALINA

CACHAY

CACI

CACILIA

CADI

CAI

CAIMILE

CAINWEN

CAIRISTIONA

CAIT

CAITIR

CAITLIN

CAITRIA

CAITRIONA

CALANDRA

CALANTHA

CALEDONIA

CALEIGH

CALIDA

CALIOPA

CALLA

CALLE

CALLI

CALLIE

CALLIFAE

CALLIGENIA

CALLIRRHOE

CALLISTA

CALTHA

CALUMINA

CAMELIA

CAMELLA

CAMI

CAMILA

CAMILLA

CAMILLE

CAMMIE

CAMMY

CANAEDEA

CANDACE

CANDEE

CANDELARIA

CANDI

CANDICE

CANDIDA

CANDIE

CANDIS

CANDITA

CANDRA

CANDUCHA

CANDY

CANTARA

CAPARINA

CAPRI

CAPRICE

CARA

CAREN

CARESSE

CARI

CARILLA

CARIN

CARINA

CARINE

CARISA

CARISSA

CARITA

CARLA

CARLANA

CARLEE

CARLEIGH

CARLEN

CARLENE

CARLEY

CARLIE

CARLIN

CARLINE

CARLING

CARLITA

CARLOTA

CARLOTTA

CARLY

CARMA

CARMANIA

CARMEA

CARMEL

CARMELA

CARMELI

CARMELINA

CARMELITA

CARMELLA

CARMEN

CARMENCITA

CARMIA

CARMIE

CARMILINA

CARMINA

CARMITA

CARMIYA

CARMY

CARNA

CARNI

CARNIA

CARNIELA

CARNY

CARO

CAROL

CAROLA

CAROLIANA

CAROLINA

CAROLINE

CAROLYN

CARON

CAROON

CARRIE

CARROL

CARROLA

CARRY

CARSTEN

CARYL

CARYS

CASIPHIA

CASSANDRA

CASSANDRE

CASSARAH

CASSIA

CASSIE

CASTALIA

CAT

CATALINA

CATARINA

CATAVA

CATE

CATERINA

CATH

CATHARINA

CATHARINE

CATHERINE

CATHIE

CATHLEEN

CATHLIN

CATHRYN

CATHWEG

CATHWG

CATHY

CATIE

CATLEE

CATLIN

CATRENA

CATRIN

CATRINA

CATRIONA

CAVANNA

CAYE

CAYOYA

CEARA

CECCA

CECCARELLA

CECELIA

CECILE

CECILIA

CECILIE

CECILY

CECINA

CEIT

CEITEAG

CELADONIA

CELANDINE

CELE

CELENA

CELENE

CELESTA

CELESTE

CELESTINA

CELESTINE

CELESTYN

CELESTYNA

CELIA

CELIE

CELINA

CELINDA

CELINDE

CELINE

CELINEE

CELLA

CELVIA

CENDRINE

CERELLA

CERES

CERIDWEN

CERISE

CEVANNA

CHAANACH

CHAFSIYA

CHAHNA

CHAITALI

CHAITRA

CHALCEDONY

CHALESE

CHAMANIA

CHAMELI

CHAN

CHANDA

CHANDANI

CHANDELLE

CHANDI

CHANDNI

CHANDRA

CHANDRAKANTA

CHANDRIMA

CHANDRJAA

CHANEL

CHANIA

CHANINA

CHANIT

CHANNA

CHANNARY

CHANTAL

CHANTEL

CHANTERELLE

CHANTIL

CHANTOU

CHANTREA

CHANYA

CHAONAINE

CHAPA

CHAPAWEE

CHARIS

CHARISE

CHARISMA

CHARISSA

CHARITA

CHARITY

CHARLA

CHARLAINE

CHARLEEN

CHARLENE

CHARLIE

CHARLINA

CHARLINE

CHARLOT

CHARLOTTA

CHARLOTTE

CHARLY

CHARMAIN

CHARMAINE

CHARMIAN

CHARMION

CHARNA

CHARNETTE

CHARRON

CHARU

CHARUMATI

CHARYL

CHASHMONA

CHASIA

CHASIDA

CHASINA

CHASTITY

CHAU

CHAUSIKU

CHAVA

CHAVI

CHAYA

CHAZMIN

CHAZONA

CHEDRA

CHEFTZIYA

CHEIFA

CHEIRON

CHEL

CHELLE

CHELSEA

CHELSEY

CHEMDA

CHEMDIAH

CHENIA

CHENOA

CHER

CHERE

CHERI

CHERIE

CHERIL

CHERILYN

CHERISA

CHERISE

CHERISH

CHERLYN

CHERMONA

CHERRY

CHERYL

CHERYLL

CHESNA

CHEVONNE

CHIARA

CHIBA

CHICHI

CHIKA

CHIKAKO

CHIKU

CHILALI

CHIMALIS

CHIMENE

CHIN-SUN

CHINUE

CHIPO

CHIRIGA

CHITA

CHITSA

CHIYO

CHIYOKO

CHIZU

CHIZUKO

CHLOE

CHLORIS

CHO

CHOKO

CHOLA

CHOLENA

CHONSIE

CHOOMIA

CHOON-HEE

CHOYO

CHRISLYNE

CHRISPY

CHRISSIE

CHRISSY

CHRISTA

CHRISTABEL

CHRISTAL

CHRISTEL

CHRISTELLE

CHRISTIANA

CHRISTIANE

CHRISTIANNE

CHRISTIE

CHRISTIN

CHRISTINA

CHRISTINE

CHRISTINHA

CHRISTY

CHRYSANTA

CHRYSSA

CHRYSTAL

CHRYSTE

CHU HUA

CHUKI

CHULA

CHULDA

CHUMA

CHUMANI

CHUNBAI

CHUNG-AE

CHUNG-CHA

CIANNAIT

CIARA

CIARRA

CICELY

CICILY

CIEL

CIERA

CIERRA

CILEHE

CILI

CILICIA

CILKA

CILLA

CINDA

CINDI

CINDIE

CINDRA

CINDY

CINNAMON

CINOFILA

CINTHIA

CINZIA

CIPRIANA

CISSIE

CISSY

CLAIRE

CLAIRETTE

CLARA

CLARABELLE

CLARE

CLARENDA

CLARETA

CLAREY

CLARIBEL

CLARICE

CLARIN

CLARINA

CLARINDA

CLARINE

CLARISA

CLARISSA

CLARITA

CLARIVEL

CLAROTTE

CLARRISSA

CLARY

CLAUDETTE

CLAUDIA

CLAUDINA

CLAUDINE

CLEA

CLEMATIA

CLEMENCE

CLEMENCIA

CLEMENTINE

CLEO

CLEOPATRA

CLIODHNA

CLO

CLORINDA

CLOTHILDE

CLOTILDA

CLOVIA

CLYTIE

COAHOMA

COCHETA

COELFINNIA

COHILA

COLANDA

COLEEN

COLENA

COLENE

COLETTA

COLETTE

COLIE

COLLEEN

COLLETTE

COLLINE

COLLY

COLOMBA

COLOMBE

COLOMBINA

CON

CONCEPCION

CONCETTA

CONCHOBARRE

CONCORDIA

CONNIE

CONNIE-LYNNE

CONNY

CONSEJA

CONSILIA

CONSOLACION

CONSOLATA

CONSTACIA

CONSTANCE

CONSTANCY

CONSTANTIA

CONSTANTINA

CONSTANTINE

CONSTANZA

CONSTANZE

CONSUELA

CONSUELO

CORA

CORAH

CORAL

CORALIE

CORAZON

CORDELIA

CORDULA

COREEN

CORENE

CORETTA

CORETTE

CORI

CORINA

CORINE

CORINNA

CORINNE

CORLISS

CORN

CORNELA

CORNELIA

CORNELLA

CORNELLE

CORNIE

CORNILIA

CORONA

CORYNN

COSETA

COSIMA

COURTENEY

COZETTE

CREIRWY

CRESCENTIA

CRESSA

CRESSIDA

CRESSIE

CRICKET

CRISSIE

CRISSY

CRISTEN

CRISTINA

CRISTIONA

CRISTY

CRUZA

CRYSTAL

CYBELE

CYBIL

CYBILL

CYBILLE

CYD

CYMA

CYMONE

CYNARA

CYNDEL

CYNDI

CYNDIE

CYNDY

CYNSA

CYNTH

CYNTHERIA

CYNTHIA

CYPRIA

CYRA

CYRENE

CYRILLE

CYTHEREA

CZENZI

D'ARCY

DA-XIA

DACIANA

DAFFODIL

DAGMAR

DAGNA

DAGNY

DAHLIA

DAI

DAISY

DAKARAI

DALIBORA

DALILA

DALILI

DALYA

DAMALIS

DAMARIS

DAMAYANTI

DAMHNAIT

DAMIA

DAMIANA

DANACIA

DANAE

DANEAN

DANELL

DANETTE

DANIA

DANIAH

DANICA

DANIELA

DANIELLE

DANIKA

DANITA

DANNA

DANNAH

DANNIELA

DANUTA

DANYA

DAO-MING

DAPHNE

DARA

DARAH

DARBI

DARCEE

DARENDA

DARIA

DARICE

DARIE

DARLA

DARLEEN

DARLENE

DARLONNA

DARPITAA

DARSEY

DARSHA

DARSHELLE

DASHA

DATIAH

DAVINA

DAWN

DAYAA

DAYANITA

DAYNA

DAYO

DEANDRA

DEANNA

DEANNE

DEAVON

DEB

DEBBIE

DEBBY

DEBORAH

DEBRA

DECEMBRA

DECLA

DEEANN

DEEMA

DEENA

DEIANIRA

DEIDRE

DEIRDRE

DEITRA

DELA

DELANEY

DELFINA

DELIA

DELICIA

DELILAH

DELJA

DELLA

DELORES

DELORIS

DELPHIA

DELPHINE

DELPHINIA

DELWYN

DELYTH

DEMETRIA

DEMI

DENA

DENELL

DENISE

DEOLINDA

DERVILA

DESIREE

DESTA

DESTINA

DESTINY

DEVA

DEVAHUTI

DEVAKI

DEVAL

DEVANEE

DEVASHA

DEVI

DEVIKA

DEVIN

DEVNET

DEVORAH

DEVORGILLA

DEYANIRA

DEZBA

DHANADAA

DHARA

DHARINEE

DHARITRI

DHAVALA

DIANA

DIANE

DIANNA

DIANTHA

DIEDERIKE

DIET

DIEU-KIEM

DIJA

DILWEN

DILYS

DIMONA

DINA

DINAH

DIONE

DIONISA

DIONNE

DISA

DIVONAH

DIVYA

DIXIE

DMYPHNAH

DOBRILA

DOBROMILA

DOBROMIRA

DOBROSLAVA

DOFI

DOIREANN

DOLI

DOLLY

DOLORES

DOMINIKA

DOMINO

DOMITILLA

DONALDA

DONATA

DONATELLA

DONDI

DONELLA

DONNA

DONNAG

DONOMA

DONYA

DORA

DOREAN

DOREEN

DOREKA

DORES

DORETTA

DORIA

DORIE

DORINA

DORINDA

DORINNIA

DORIS

DOROLINDA

DOROTA

DOROTEA

DOROTHEA

DOROTHEE

DOROTHY

DOROTHYA

DOSYA

DOTO

DOVE

DOVEVA

DOWANHOWEE

DOWNETT

DRAHOMIRA

DRAUPADI

DRISANA

DRUSILLA

DULAREE

DULCE

DULCIE

DULCINEA

DUMIA

DURGA

DURIYE

DUSANA

DUSCHA

DWYNWEN

DYANI

DYMPHNA

DYVETTE

DZIKO

DüRIYE

E'EPA

EABHA

EADAOIN

EALASAID

EALGA

EAMHAIR

EANNA

EARLEEN

EARLENE

EARTHA

EAVAN

EBBA

EBONY

EBUN

ECATERINA

ECHO

EDA

EDANA

EDE

EDELMIRA

EDEN

EDENA

EDENIA

EDIAH

EDITH

EDMEE

EDNA

EDNAH

EDUARDA

EDVIGE

EDWINA

EDYTA

EFAH

EFFEMY

EFFIE

EFIA

EFRATA

EGLAH

EHANI

EHAWEE

EIBHLIN

EIDDWEN

EILAH

EILEANOR

EILEEN

EILEITHYIA

EILIDH

EILIS

EILONA

EIMHEAR

EIMILE

EINMYRIA

EIRA

EIREANN

EIREEN

EIRENE

EIRWEN

EISTIR

EITHNE

EKATERINA

ELA

ELAINE

ELAKSHI

ELAMA

ELBA

ELEANOR

ELECTA

ELECTRA

ELEFTHERIA

ELEKTRA

ELEN

ELENA

ELEONOR

ELEONORE

ELERI

ELETTRA

ELEU

ELEUTHERA

ELFA

ELFLEDA

ELFREDA

ELIANA

ELIANE

ELIANORA

ELIAVAH

ELIEZRA

ELILI

ELIN

ELINA

ELINOR

ELIORA

ELISA

ELISABET

ELISABETA

ELISABETH

ELISE

ELISHEBA

ELISSA

ELIZA

ELIZABETH

ELKE

ELLA

ELLEN

ELLENA

ELLI

ELLICE

ELLIE

ELLINOR

ELMA

ELOISA

ELOISE

ELPIDA

ELSA

ELSE

ELSIE

ELSPET

ELUNED

ELVA

ELVIRA

ELYSE

ELZBIETA

EMALIA

EMALINDA

EMEL

EMELDA

EMELIA

EMELINDA

EMELINE

EMENY

EMER

EMERALD

EMERENCIANA

EMERENZIA

EMILIA

EMILY

EMMA

EMMANUELLE

EMMELINE

EMMIE

EMMYLOU

EMON

EMUNAH

ENA

ENAKAI

ENCARNACION

ENEIDA

ENFIANIA

ENFYS

ENGRACIA

ENOLA

ENOMWOYI

ENRICA

ENRIQUA

ENYA

ENYONYAM

EOGHANIA

EPIFANIA

ERELA

ERENDIRA

ERIANTHE

ERICA

ERIKA

ERIN

ERINA

ERISHA

ERMA

ERMINA

ERNA

ERNEST

ERNESTA

ERNESTINE

ERNESZTINA

ERZSEBET

ESENIA

ESETERA

ESHANA

ESHE

ESI

ESMEE

ESMERALDA

ESPERANZA

ESPIRIDIANA

ESTEBANA

ESTELLA

ESTELLE

ESTEPHANIA

ESTER

ESTERA

ESTHER

ESTRELLA

ESYLLT

ESZTER

ETAIN

ETEL

ETELA

ETENIA

ETHALYN

ETHEL

ETHELDREDA

ETHETE

ETHNA

ETIENNETTE

ETNI

ETSU

ETSUKO

ETSUYO

ETTA

EUBH

EUDORA

EUDOSIA

EUFEMIA

EUFENJA

EUGENIA

EUGENIE

EULALIA

EULALJA

EUN-YOUNG

EUNA

EUNICE

EUNIKA

EUNIKE

EUPHEMIA

EUPHENIA

EUTROPIA

EUZEBIA

EVA

EVADNE

EVALINA

EVANEGELINA

EVANGELIA

EVANGELINE

EVANI

EVANTHE

EVDOKIYA

EVE

EVELEEN

EVELIEN

EVELINA

EVELLIA

EVELYN

EVETTE

EVFEMIYA

EVGENIYA

EVIE

EVINA

EVITA

EVLALIYA

EVRIM

EVZENIE

EWA

EWANGELINA

EWELINA

FABIA

FABIANA

FABIENNE

FABIOLA

FAE

FAHIMA

FAHIMEE

FAITH

FAIVA

FAKAPELEA

FAKIH

FALAKIKA

FANG

FANG-HUA

FANNY

FANUA

FANYA

FAOILTIARNA

FARAJI

FARAKIKA

FARDOOS

FARIDA

FARIHA

FARINA

FARRAH

FATHIYYA

FATIMA

FATIN

FATMA

FATUIMOANA

FAUNA

FAUNIA

FAUSTA

FAUSTINA

FAUSTYNA

FAWN

FAWZIYYA

FAY

FAYE

FAYINA

FAYOLA

FAYRUZ

FAYTH

FAYZA

FEDORA

FEDOSYA

FEIDHELM

FEIGE

FEIGEL

FELICIA

FELICIE

FELICITE

FELICITY

FELINA

FELIXA

FELORA

FELORENA

FENELLA

FENG

FENIA

FENYANG

FEODORIYA

FERDINANDA

FERIDA

FERN

FERNANDA

FETUU

FFLEUR

FFRAID

FIALKA

FIAMMETTA

FIDELA

FIDELIA

FIDELJA

FIDELMA

FIELIKI

FIFI

FIHAKI

FILIA

FILIKITATA

FILIPINA

FILIPPA

FILOMENA

FINA

FINEEVA

FINELLA

FINEONGO

FINOLA

FIONA

FIONNGHUALA

FIONNUALA

FIORELLA

FIPE

FISI

FLANNERY

FLAVIA

FLEUR

FLO

FLOELLA

FLORA

FLORALIA

FLORAMARIA

FLORENCE

FLORENCIA

FLORENS

FLORENTINA

FLORENTYNA

FLORENZ

FLORENZA

FLOWER

FOLUKE

FORTUNA

FORTUNATA

FOTINA

FRAN

FRANCA

FRANCES

FRANCESCA

FRANCI

FRANCINA

FRANCINE

FRANCISES

FRANCOISE

FRANCZISKA

FRANTISKA

FRANZISKA

FRAYDA

FREDA

FREDERICA

FREDERIQUE

FREFERIKA

FREIDA

FREYA

FRIDA

FRIEDA

FRIEDE

FRIEDELINDE

FRIEDERIKE

FRYDA

FRYDERYKA

FUENSANTA

FUJIKO

FULANDE

FULANGI

FULLA

FULUMIRANI

FULVIA

FUNSANI

FUSI

FUSILEKA

FUYU

FUYUKO

GABRIELA

GABRIELL

GABRIELLA

GABRIELLE

GACQUETTA

GAENOR

GAETANE

GAFNA

GAIA

GAIL

GAILA

GALA

GALADRIEL

GALATEA

GALE

GALI

GALIENA

GALILANI

GALINA

GALYA

GAMBHIRA

GANESA

GARIMA

GARNETTE

GARUDA

GAURI

GAVRIELA

GAVRILA

GAVRILLA

GAY

GAYAN

GAYE

GAYLA

GAYLE

GAYNOR

GAYORA

GAZELLE

GAZIT

GEELA

GEFEN

GEFJUN

GELILAH

GELSOMINA

GELYA

GEMINA

GEMMA

GEN

GENA

GENAIDA

GENEA

GENEROSA

GENESEE

GENEVIEVE

GENEVRA

GENISTA

GENNISHEYO

GENOVEVA

GEOGIANA

GEONA

GEORGEANNA

GEORGEANNE

GEORGETA

GEORGETTE

GEORGIA

GEORGIANNA

GEORGIE

GEORGINA

GEORGINE

GERALDA

GERALDINE

GERALYN

GERD

GERDA

GERI

GERLINDE

GERSEMI

GERTA

GERTRAUD

GERTRUD

GERTRUDA

GERTRUDE

GERTRUDES

GERTRUIDA

GERUSHAH

GEVA

GEVIRAH

GHALIYA

GHISLAIN

GHISLAINE

GHITA

GHUFRAN

GIA

GIACINTA

GIANINA

GIANNA

GIBORAH

GIGI

GILADA

GILADAH

GILANAH

GILBERTA

GILBERTINA

GILDA

GILIAH

GILLIAN

GIMRA

GIN

GINA

GINELLE

GINEVRA

GINGER

GINNEH

GINNIE

GINNY

GIOCONDA

GIOVANNA

GISA

GISELA

GISELLE

GISLAUG

GITA

GITANA

GITANJALI

GITEL

GITIKA

GIUDITTA

GIULIA

GIULIETTA

GIUSEPPINA

GIUSTINA

GIVOLA

GIZELLA

GIZEM

GJUZEL

GLADI

GLADIOLA

GLADYS

GLENDA

GLENNA

GLENNETTE

GLENYS

GLORIA

GLORIANA

GLORY

GLYNIS

GLYNN

GOBNAIT

GOBNATA

GODELIVA

GODIVA

GOITSEMEDIME

GOLDA

GOLDARINA

GOLDIE

GOLDINA

GOLORIA

GOSLING

GOYA

GOZALA

GRACE

GRACIE

GRACIELA

GRACJA

GRAINNE

GRANIA

GRATIA

GRAZIA

GRAZIELLA

GRAZYNA

GRESSA

GRETA

GRETCHEN

GRETE

GRETEL

GRIET

GRISELDA

GRáINNE

GUADALUPE

GUDRUN

GUILHERMMA

GUILLELMINA

GUILLERMINA

GUINEVERE

GULIELMA

GULL

GUNDA

GUNDULA

GUNILLA

GUNNHILD

GUSTAVA

GWEN

GWENDA

GWENDOLEN

GWENDOLINE

GWENDOLYN

GWENEAL

GWENETH

GWENFREWI

GWENHWYFAR

GWENLLIAN

GWENOLA

GWENYTH

GWYNETH

GYANDA

GYORGYI

GYPSY

GYöRGYI

HA'IKU

HABIBA

HABIBAH

HACHI

HADASSAH

HADI

HADIYA

HADLEY

HADYA

HAE-WON

HAEMI

HAFSAH

HAGAN

HAGIA

HAGNE

HAIDEE

HAIDI

HAIMI

HAIWEE

HAJAR

HAJNA

HAJNAL

HAKUMELE

HALA

HALAPUA

HALCYON

HALCYONE

HALDIS

HALEAKUA

HALEIGH

HALEY

HALIMA

HALINA

HALLEY

HALLIE

HALOLANI

HALONA

HAMA

HAMAKO

HAMIDA

HANA

HANAA

HANAE

HANAKO

HANG

HANH

HANIFA

HANITA

HANIYYA

HANKA

HANNA

HANNAH

HANSA

HANSIKA

HANSILA

HANSINE

HANTAYWEE

HAQIKAH

HARALDA

HARIATA

HARITA

HARMONIA

HARMONY

HARRIET

HARRIETTA

HARSHA

HARSHIDA

HARSHIKA

HARU

HARUE

HARUKO

HARUMI

HASANA

HASANATI

HASIKA

HASINA

HASNA

HATEYA

HATHOR

HATSU

HATTIE

HAU'OLI

HAUKEA

HAULANI

HAUNANI

HAVA

HAWA

HAYA

HAYAT

HAYFA

HAYLEY

HAZEL

HEATHER

HEBE

HEDA

HEDDA

HEDIA

HEDIAH

HEDVIG

HEDVIGA

HEDVIKA

HEDWIG

HEDWIGA

HEE-YOUNG

HEIDE

HEIDI

HEIDRUN

HEIKE

HELAH

HELAINE

HELANA

HELEN

HELENA

HELENE

HELGA

HELGE

HELIA

HELMINE

HELOISE

HEMALI

HEMBADOON

HENDRIKA

HENRIETTA

HENRIKE

HENRIQUETA

HENRYKA

HEPHZIBAH

HERA

HERLINDIS

HERMIA

HERMINA

HERMINE

HERMIONE

HERSILIA

HESPER

HESTER

HESTHER

HIALEAH

HIAWASSEE

HIBA

HIDE

HIDEYO

HIERONYMUS

HIKMAT

HIKULEO

HILALIA

HILARIA

HILARY

HILDA

HILDEGARD

HILLARY

HILLEVI

HIMANI

HIND

HINDA

HIPAKEIKI

HIRAL

HIRENA

HIROKO

HISA

HISAE

HISAKO

HISANO

HISAYO

HISOLDA

HIVA

HIWAHIWAKEIKI

HJORDIS

HLIN

HO'OLANA

HO-SOOK

HOA

HOAKA

HOALOHALANI

HOALOHANANI

HOKU'ALOHI

HOKUAO

HOKUAONANI

HOKULANI

HOLA

HOLLIE

HOLLY

HOLOMAKANI

HONEKAKALA

HONEY

HONORATA

HONORIA

HONOUR

HONOVI

HOPE

HORACIA

HORTENCIA

HORTENSE

HORTENSIA

HOSHI

HOSHIKO

HOSHIYO

HUA

HUALI

HUATA

HUBERTA

HUDA

HUE

HUETTE

HUGHINA

HUGUETTE

HUI-FANG

HULDA

HULUAVA

HUMITA

HUONG

HURRIYYAH

HUSN

HUSNIYA

HUYANA

HUYNH

HWA-YOUNG

HYACINTH

HYACINTHE

HYO-SONN

HYOUN

HYPATIA

HYUN-AE

HYUN-OK

HYUNWOO

I'TIDAL

IANETE

IANTHA

IANTHE

IBBY

IBTIHAJ

IBTISAM

ICHCHANI

IDA

IDAA

IDALIA

IDALINA

IDELLE

IDES

IDESTA

IDETTE

IDOLINA

IDONA

IDONEA

IDONIA

IDONY

IDOWU

IDRA

IDRIS

IDRIYA

IEDA

IENIPA

IFAMA

IFE

IFETAYO

IFIGENIA

IHSAN

IKU

IKUKO

IKUSEGHAN

ILA

ILANA

ILARIA

ILEANA

ILENE

ILESHA

ILIA

ILKA

ILONA

ILSA

ILSE

ILVIRA

IMA

IMAE

IMAGINA

IMAKO

IMALA

IMAN

IMELDA

IMEN

IMMA

IMMACOLATA

IMOGEN

IMOGENE

IN'AM

INA

INANNA

INAS

INAYA

INDIRA

INDRA

INDRANEE

INDRAYANI

INE

INES

INESSA

INETTE

INEZ

INGA

INGE

INGEBORG

INGEGERD

INGRID

INIS

INNY

INOA

IO

IO'ANA

IOANNA

IOKE

IOLA

IOLANA

IOLANDA

IOLANTHE

IONA

IONE

IONIA

IOSEPINE

IPHIGENEIA

IRENA

IRENE

IRENEE

IRINA

IRIS

IRISA

IRMA

ISA

ISABEAU

ISABEL

ISABELITA

ISABELLE

ISADORA

ISAMU

ISAURA

ISEABAIL

ISEULT

ISHA

ISHANA

ISHI

ISHIKO

ISIBEAL

ISIDORA

ISIS

ISLA

ISMAT

ISMENE

ISOKE

ISOLDE

ISRA

ITIAH

ITINSA

ITUHA

IUANA

IUDITA

IUGINIA

IUILE

IULALIA

IULIA

IULIANA

IUNE

IUSITINA

IVANA

IVELISSE

IVEREM

IVEY-LYNN

IVONNE

IVRIA

IVY

IWA

IWALANI

IWILLA

IWONA

IZA

IZABEL

IZABELLA

IZDIHAR

IZEGBE

JAAMINI

JACALYN

JACARANDA

JACINDA

JACINTA

JACINTE

JACINTHE

JACKELINE

JACKELYN

JACKIE

JACLYN

JACOBA

JACQUELINE

JACQUI

JACYNTH

JADA

JADE

JADELIA

JADELLA

JADWIGA

JAE-HWA

JAHA

JAI

JAIN

JAKOVA

JALA '

JALAJAA

JALANEELI

JALEEN

JALEESA

JALILA

JALINDA

JALINI

JALITAA

JAMAY

JAMESINA

JAMIKA

JAMILA

JAMILLA

JANA

JANAE

JANAKI

JANAN

JANE

JANEL

JANELLE

JANET

JANEY

JANHEA

JANICE

JANIE

JANIKAA

JANILENY

JANINA

JANINE

JANIS

JANITA

JANNA

JANNAH

JANNE

JANNIKE

JANOAH

JANY

JAPERA

JAPHET

JARITA

JARKA

JARMILA

JARNSAXA

JAROSLAVA

JASMIN

JASMINE

JASSAMYN

JASWINDER

JATHIBIYYA

JAUSTIN

JAWAHIR

JAYA

JAYAMALA

JAYANTI

JAYASHREE

JAYLENE

JAYMA

JAYNA

JAYNE

JAYTI

JAYVANTI

JAZMIN

JEANA

JEANETTE

JEANIE

JEANINE

JEANNE

JEANNIE

JEANNINE

JECOLIAH

JEINA

JEKATERINA

JELENA

JELLYBEAN

JEMIMA

JEMIMAH

JEMINA

JEMMA

JEMSA

JEN

JENA

JENDAYI

JENELLE

JENESSA

JENIFARI

JENINE

JENNA

JENNI

JENNIE

JENNIFER

JENNY

JENSINE

JERRI

JERRILYNN

JERUSHA

JERUSHAH

JESSA

JESSAMINE

JESSICA

JETHRA

JETTA

JETTE

JETTY

JEWEL

JEZEBEL

JEZREEL

JIA

JIJABAI

JILL

JILLIAN

JIN-KYONG

JINAN

JINDRISKA

JINELLE

JINNAT

JINNY

JIRINA

JIVANTA

JOAN

JOANNA

JOANNE

JOCASTA

JOCELINE

JOCELYN

JODHA

JODI

JODIE

JOELLE

JOETTA

JOHANA

JOHANNA

JOHNA

JOLAN

JOLANDA

JOLANTA

JOLEEN

JOLENE

JOLETTA

JOLINE

JONIE

JONNA

JONOVA

JOQUINA

JORDANA

JORDIE

JORIE

JOSEE

JOSEFA

JOSEPHA

JOSEPHINA

JOSEPHINE

JOSIE

JOSS

JOSSELYN

JOWANDA

JOY

JOYCE

JOYITA

JOYOUS

JOZEFA

JOZEFINA

JOZSEFA

JUANA

JUANITA

JUBILEE

JUDIT

JUDITA

JUDITH

JUDY

JUDYTA

JUHI

JULI

JULIA

JULIANA

JULIANJA

JULIANNA

JULIANNE

JULIE

JULIENNE

JULIET

JULIETA

JULIETTE

JULJANA

JUMANA

JUMAPILI

JUMOKE

JUN

JUNIA

JUNIPER

JUSTINA

JUSTINE

JUSTYNA

JUTTA

JYLLIAN

JYOTI

JYOTSANA

JYOTSNA

K'SEA

KA'AONA

KAAMILEE

KAANAN

KAASU

KAAT

KACHINA

KACIA

KADIAH

KAELYN

KAEMOXMITH

KAETHE

KAGAMI

KAGISO

KAHLUA

KAHOKU

KAIA

KAILASH

KAILI

KAILYN

KAIMALIE

KAITCHKMA-WINEMA

KAITLIN

KAIYA

KAJSA

KAKALINA

KAKIELEKEA

KAKRA

KALALA

KALALIKA

KALAMA

KALAMELA

KALANA

KALANI

KALAUDIA

KALAUDINA

KALI

KALIDAS

KALIGENIA

KALIKA

KALILA

KALILEA

KALILINOE

KALINA

KALINDA

KALINI

KALINO

KALIONA

KALISKA

KALITA

KALLIE

KALLIOPE

KALLIROE

KALLISTO

KALLIYAN

KALLOLE

KALOLA

KALONICE

KALOTA

KALOTE

KALPANA

KALUWA

KALYANI

KALYCA

KALYSTA

KAMALA

KAMALIKA

KAMANIKA

KAMANIYA

KAMARIA

KAMATA

KAMEKO

KAMELI

KAMELIA

KAMIKA

KAMILLA

KAMLA

KAMOANA

KANANI

KANARA

KANDI

KANEESHA

KANESTIE

KANIKA

KANIQUA

KANJANAA

KANNITHA

KANOA

KANTA

KANTI

KANTIMATI

KANYA

KAORI

KAPONIANANI

KAPUA

KAPUA'ULA

KARA

KARAS

KARAYAN

KAREN

KARENA

KARIN

KARINA

KARLA

KARLENE

KARLI

KARLOTTA

KARLY

KARMA

KARMIL

KARMITI

KARNEETSA

KAROLA

KAROLAINA

KAROLINA

KAROLINE

KAROLYN

KARPURA

KARREN

KARUNA

KASA

KASI

KASIENKA

KASINDA

KASOTA

KASSANDRA

KASSIA

KASTURBA

KAT

KATA

KATANIYA

KATARINA

KATARZYNA

KATE

KATELIN

KATERINA

KATH

KATHARINA

KATHE

KATHERINE

KATHIE

KATHLEEN

KATHRYN

KATHY

KATIE

KATINA

KATJA

KATLA

KATREN

KATRINA

KATRYA

KATURA

KATYA

KATYAYANI

KAU-AU-OINTY

KAULANA

KAULUWEHI

KAUSALYA

KAVERI

KAVINDRA

KAWA

KAWAIMOMONA

KAWENA

KAWENA'ULA

KAY

KAYA

KAYLA

KAYLEEN

KAYLEIGH

KAYLEY

KAYLYNN

KAZIMIERA

KAZUYO

KE'ALOHI

KEA

KEAHDINEKEAH

KEALANI

KEALOHA

KEDMA

KEEAOLA

KEEHABAH

KEELEY

KEELIN

KEELYNN

KEEZHEEKONI

KEFIRA

KEHACHIWINGA

KEHINDE

KEI

KEIKI

KEIKIKALANI

KEILAH

KEISHA

KEKE

KEKILIA

KELALANI

KELDA

KELEKA

KELETINA

KELIA

KELILA

KELLEY

KELLIE

KELSI

KENDRA

KENIA

KENNA

KEOHI

KEOLA

KEOLAKUPAIANAHA

KERANI

KEREM

KEREN

KERENSA

KERI

KERRI

KERRIE

KERSTIN

KES

KESAVA

KESHET

KESHIA

KESI

KESIA

KESSEM

KESSIE

KETIFA

KETINA

KETURAH

KETZIA

KETZIAH

KEWANEE

KEZIA

KHADIJA

KHALIDA

KHALILA

KHAPKHAPONIMI

KHARA

KHATIJAH

KHLOE

KHRISTINA

KIANA

KIARA

KIBIBI

KICHI

KIELE

KIELEKEA

KIERA

KIERCE

KIERSTYN

KIEU

KIFIMBO

KIKELIA

KIKILIA

KIKU

KILEY

KILIA

KIMAMA

KIMAYA

KIMBERLEE

KIMBERLIN

KIMBERLY

KIMBRA

KIMI

KIMIMELA

KIMMI

KIMMIE

KINITIA

KINSHASHA

KINTA

KIRA

KIRAN

KIRI

KIRIAH

KIRITINA

KIRSI

KIRSTEN

KIRSTI

KIRSTIN

KIRSTY

KISA

KISAKYE

KISHA

KISHI

KISHORI

KISMET

KISSA

KITRA

KITTY

KJERSTIN

KLARA

KLARIKA

KLARISSA

KLARISZA

KLARYBEL

KLARYSA

KLAUDIA

KLAUDIJA

KLAVDIYA

KLEMENTINA

KLEMENTYNA

KLESA

KLOTILD

KNASGOWA

KNESHIA

KODELIA

KOHINOOR

KOKUMO

KOLAB

KOLENYA

KOLINA

KOLOE

KOLOUR

KOMA

KOMAL

KONSTANCZIA

KOOSKOOSKIA

KORA

KORDELJA

KORE

KORENELIA

KORI

KORINA

KORINNA

KORNELIA

KORREN

KOSTYA

KOTHA

KRISLYN

KRISSY

KRISTA

KRISTAL

KRISTEN

KRISTI

KRISTIE

KRISTIN

KRISTINA

KRISTY

KRISTYANNA

KRISZTINA

KRYSIA

KRYSTA

KRYSTAL

KRYSTJANA

KRYSTYNA

KSENIA

KSENYA

KUALI

KUALI'I

KUKUA

KULANI

KULIRAGA

KULSOOM

KULUKULUTEA

KULWA

KULYA

KUMARI

KUNANI

KUNIGONDE

KUNTHEA

KUNTO

KUSHALI

KUSUM

KVETA

KWAMINA

KWANIESHA

KWANITA

KYALAMBOKA

KYLA

KYLIE

KYNTHIA

KYOKO

KYRA

KYUNG-SOON

KäETHE

L'ABANA

LABHAOISE

LACHELLE

LACHINA

LACY

LADAWN

LADEAN

LADELLE

LADONNA

LAGINA

LAHONDA

LAILA

LAJILI

LAJINI

LAKEISHA

LAKEN

LAKIA

LAKSHA

LAKSHANA

LAKSHMI

LALA

LALAGE

LALIKA

LALITA

LAMIS

LAMYA

LAN

LANA

LANAKILA

LANEESHA

LANGIKULA

LANIE

LANIUMA

LARA

LAREYNA

LARISA

LARISSA

LARK

LARRINA

LARSHELL

LASHAUNA

LASHAUNDA

LATA

LATASHA

LATEEFA

LATIKA

LATISHA

LATONA

LATONYA

LATOYA

LAUFEIA

LAURA

LAURALEE

LAURALYNN

LAURE

LAUREEN

LAUREL

LAURENE

LAURENTIA

LAURENZA

LAURETTA

LAURIE

LAURINDA

LAURYN

LAVERNE

LAVINA

LAVINIA

LAVITA

LAVON

LAVONE

LAWAHIZ

LAWN

LAWUAN

LAYLA

LEA

LEA-ELLAN

LEAH

LEALIKI

LEANDRA

LEANNA

LEANNE

LECHSINSKA

LEDA

LEE ANN

LEELA

LEENA

LEHUA

LEI

LEIANA

LEIGH

LEIKO

LEILA

LEILANI

LEISHA

LEISI

LELIA

LENA

LENICE

LENORA

LENORE

LENUSYA

LEOCADIA

LEOKADIA

LEOLANI

LEONA

LEONARDA

LEONCIA

LEONNE

LEONOR

LEONORA

LEONORE

LEONTINE

LEOPOLDA

LESIA

LESIELI

LETICIA

LETITIA

LETIZIA

LETO

LETYCJA

LEVANA

LEVIAH

LEVONA

LEWANNA

LEXA

LEXI

LEXINE

LEXY

LEYI

LI

LIA

LIADAN

LIAN

LIANA

LIANE

LIANNE

LIBANIA

LIBBY

LIBE

LIBENA

LIBERADA

LICIA

LIDA

LIDIYA

LIDWINA

LIEN

LIEN-HUA

LIESA

LIESEL

LIESELOTTE

LIGIA

LIHWA

LILA

LILAVATI

LILE

LILI

LILIA

LILIAN

LILIANA

LILIANE

LILIKA

LILIKE

LILITH

LILLI

LILLY

LILO

LILY

LIN

LIN LIN

LINA

LINDA

LINDY

LINETTE

LING

LINH

LINIT

LINNEA

LINNETTE

LINNIE

LIOR

LIORA

LISA

LISABETH

LISANNE

LISBET

LISETTE

LISHA

LISSA

LITONYA

LIVNA

LIZ

LIZA

LIZOLET

LIZZIE

LOFN

LOIS

LOKOMAIKA'I

LOKOMAIKA'INANI

LOLA

LOLITA

LONE

LONNA

LORA

LORE

LOREEN

LORELEI

LORENA

LORETTA

LORI

LORINDA

LORNA

LORRAINE

LORRIE

LOSA

LOSAKI

LOSANA

LOTTE

LOTTIE

LOUELLA

LOUISA

LOUISE

LUAN

LUANA

LUANNA

LUBA

LUBOMIRA

LUCE

LUCERNE

LUCETTA

LUCIA

LUCIANNA

LUCIENNE

LUCILLA

LUCILLE

LUCINA

LUCINDA

LUCINDE

LUCITA

LUCJA

LUCRETIA

LUCY

LUCYNA

LUCZA

LUDMILA

LUDOVICA

LUDWIKA

LUIGINA

LUIGSEACH

LUISA

LUJAYN

LUJZA

LULU

LUMINOSA

LUMUSI

LUNA

LUNED

LUPE

LUPITA

LURETTE

LUSEANE

LUSELA

LUTE

LUTRICIA

LUZ

LUZIA

LYCIA

LYDA

LYDIA

LYDIE

LYNDSLEY

LYNELLE

LYNETTE

LYNN

LYNN ANNE

LYNNA

LYRIS

LéONIE

LéONNE

LéONORE

LéONTINE

MAAYAN

MABEL

MACARIA

MACHI

MACKENZIE

MADA

MADAILEIN

MADELEINE

MADELIENE

MADELINE

MADELYN

MADGE

MADHAVI

MADHULEKHA

MADHUR

MADIHA

MADONNA

MAE

MAEDRA

MAEGAN

MAEVE

MAGAIDH

MAGALI

MAGAN

MAGASKAWEE

MAGDA

MAGDALA

MAGDALENA

MAGDALENE

MAGDOLNA

MAGENA

MAGGIE

MAGNOLIA

MAHA

MAHALA

MAHALATH

MAHALIA

MAHASIN

MAHASKA

MAHESA

MAHI

MAHIKA

MAHIMA

MAHIRA

MAHO

MAHWAH

MAI

MAI LY

MAIA

MAIBA

MAIDIE

MAIKA'I

MAILLE

MAILSE

MAIRA

MAIRE

MAIREAD

MAIRI

MAIRONA

MAIRSILE

MAISIE

MAITERYI

MAIYA

MAJA

MAJD

MAKA

MAKA'ALOHI

MAKADISA

MAKALEKA

MAKANAAKUA

MAKANAMAIKA'I

MAKAWEE

MAKIKO

MALA

MALAK

MALALANI

MALATI

MALAVIKA

MALCOLMINA

MALEAH

MALGORZATA

MALIA

MALIKA

MALINA

MALKA

MALKOSHA

MALLAIDH

MALUHIA

MALVINA

MAMA

MAMAKIAEH

MAMIE

MAMIKO

MANA'O'I'O

MANA'OLANA

MANA'OLANKEIKI

MANAALI'I

MANALANI

MANAWALE'A

MANDARA

MANDI

MANDISA

MANDY

MANGENA

MANIKARNIKA

MANJIKA

MANJULIKA

MANJUSHA

MANON

MANSI

MANUELA

MANWANGOPATH

MANYA

MAPIYA

MAPUANA

MARA

MARAALIKA

MARAEA

MARAH

MARANELA

MARATA

MARATINA

MARAVILLA

MARCELA

MARCELINA

MARCELINE

MARCELLA

MARCELLINE

MARCI

MARCIA

MARCIANNA

MARCIANNETTE

MARCILLE

MARCY

MARE

MAREA

MARGARET

MARGARETHE

MARGARITA

MARGARITE

MARGARTA

MARGE

MARGEA

MARGERY

MARGHERITA

MARGI

MARGIE

MARGITA

MARGO

MARGOT

MARGUERITE

MARI

MARI JO

MARIA

MARIABELLA

MARIAH

MARIAM

MARIAMNE

MARIAN

MARIANA

MARIANDRE

MARIANNE

MARIBEL

MARIBETH

MARIE

MARIE-JOSE

MARIEL

MARIELLA

MARIETTA

MARIGOLD

MARIJA

MARIJKE

MARIKA

MARIKO

MARILEE

MARILENA

MARILYN

MARINA

MARIS

MARISA

MARISHA

MARISOL

MARISSA

MARISTELA

MARITA

MARIYA

MARJA

MARJANI

MARJOLAINE

MARJORIE

MARKETA

MARLA

MARLENA

MARLENE

MARLIS

MARLO

MARLYN

MARNI

MARNIE

MARNINA

MARONA

MARSAILI

MARSHA

MARSHAN

MARTA

MARTHA

MARTHE

MARTINA

MARTINE

MARVA

MARWA

MARY

MARY LOU

MARYA

MARYANNE

MARYGRACE

MARYVONNE

MARíANDRE

MASA

MASAGO

MASALINA

MASAMI

MASELA

MASHA

MASHAVU

MASIKA

MASILO

MASKINI

MASSIMA

MASUMI

MATHILDA

MATHILDE

MATILDA

MATOAKA

MATRIKA

MATRIONA

MATSU

MATSUKO

MATSUYO

MATYLDA

MAUD

MAUDE

MAUDISA

MAUDLIDI

MAUDLIN

MAURA

MAUREEN

MAURINI

MAURYA

MAVIS

MAWIYAH

MAWUSI

MAXIE

MAXIMILLA

MAXINE

MAYA

MAYALEN

MAYBEL

MAYGAN

MAYIM

MAYSA

MAYUMI

MAZHIRA

MCKENNA

ME JEONG

ME'SHELL

MEAD

MEADOW

MEAGHAN

MECHOLA

MECISLAVA

MEDEA

MEDINA

MEE-KYONG

MEE-YON

MEENA

MEENATCHI

MEG

MEGAN

MEGHAN

MEHAL

MEHIRA

MEHLI

MEI

MEI-HUA

MEI-LIEN

MEI-XING

MEI-ZHEN

MEINWEN

MEIRA

MEIRIONA

MEIRONA

MELANIE

MELANIYA

MELBA

MELI

MELIA

MELICE

MELINA

MELINDA

MELISA

MELISSA

MELITTA

MELODIE

MELODY

MELONY

MELPHINE

MENA

MENASHA

MENG

MEONAH

MEOQUANEE

MEORAH

MERAV

MERCY

MERELINA

MERIMA

MERLA

MERLETTA

MERRIELLE

MERRY

MERRYANNE

MERSERA

MERYL

MESI

META

METTE

MEUY

MI-CHA

MI-HI

MI-OK

MIA

MIARY

MICA

MICAELA

MICHAELA

MICHAIAH

MICHALINA

MICHELA

MICHELLE

MICHELYNE

MICHIKO

MICHIYO

MICKI

MIDORI

MIEKO

MIEU

MIGINA

MIGISI

MIGUELA

MIKA

MIKALA

MIKAYLA

MIKAZUKI

MIKI

MIKIE

MIKIKO

MIKILANA

MIKKA

MILA

MILAGROS

MILCAH

MILDRED

MILENA

MILI

MILILANI

MILIMILI

MILISENA

MILKA

MILLA

MILLICENT

MILLIE

MILOSLAVA

MIMITEH

MIN

MINA

MINAKO

MINAMI

MINDY

MINEKO

MINERVA

MINETTE

MING

MINNEHAHA

MINNIE

MIQUELA

MIRA

MIRABELLA

MIRABELLE

MIRANDA

MIREIO

MIRENA

MIRIAM

MIRIAMA

MIROSLAVA

MIROSLAWA

MIRYAM

MISAE

MISAO

MISHA

MISHAILA

MISKAELA

MISOKA

MISSY

MISTY

MITENA

MITRA

MITSU

MITSUKO

MITZI

MIULANA

MIYO

MIYUKI

MIZUKO

MLISS

MOANA

MOANANANI

MOANI

MOHALA

MOHANA

MOHINI

MOINA

MOIRA

MOLLY

MOMONE

MON

MONA

MONEKA

MONICA

MONIFA

MONIKA

MONIQUE

MONISHA

MONNA

MONTA

MORA

MORAINN

MORASHA

MOREEN

MORGWEN

MORI

MORIAH

MORIKO

MORIYA

MORIYO

MOROWA

MORWENNA

MOSHIE

MOTOKO

MOWEAQUA

MUDIWA

MUHAYYA

MUHTEREM

MUIKA

MUIREALL

MUIREANN

MUIRGHEAL

MUIRNE

MULIYA

MUMINAH

MUN-HEE

MUNA

MUNIRAH

MURA

MURASAKI

MURDAG

MURIEL

MUTETELI

MWAJUMA

MWANAHAMISI

MWANAJUMA

MY

MY-KHANH

MYFANWY

MYRA

MYRIAM

MYRNA

MYRTLE

MYUNG-HEE

MYUNG-OK

N'URA

NA'ILA

NA'IMA

NAAMAH

NAAMIAH

NAARAH

NABIHA

NABILA

NADA

NADEZDA

NADEZHDA

NADIA

NADIDA

NADINE

NADIRA

NADYA

NADYAN

NADZIEJA

NAEEMAH

NAFSHIYA

NAGIDA

NAHARA

NAHIDA

NAHLA

NAI'A

NAILAH

NAJAT

NAJIA

NAJIBA

NAJLA

NAJWA

NALIN

NALUKEA

NAMARA

NAMONO

NAMPEYO

NAN

NANA

NANABAH

NANALA

NANCE

NANCY

NANDANA

NANEKI

NANETA

NANETTE

NANI

NANIAHIAHI

NANISE

NANYAMKA

NANYE-HI

NAOKO

NAOMI

NARA

NAREN

NARESHA

NARMADA

NASCHA

NASEEM

NASHIRA

NASHOTA

NASRIN

NASTALYA

NASTASIA

NASTASSIA

NASTASSJA

NASTENKA

NASYA

NATA

NATALA

NATALIA

NATALIE

NATALINA

NATALIYA

NATALYA

NATANE

NATANIAH

NATANIELA

NATASHA

NATASJA

NATESA

NATHALIA

NATHALIE

NATHIFA

NATIA

NATILLE

NATKA

NATSU

NATSUKO

NATSUYO

NATYA

NAUASIA

NAWAL

NAYANA

NAZIHAH

NAZIRA

NECEDAH

NECHAMA

NECHE

NECHONA

NECI

NEDA

NEDAVIAH

NEDIVA

NEELAY

NEEMA

NEENAH

NEHA

NEHANDA

NEILINA

NEIMA

NEKA

NEKOMA

NEL

NELDA

NELIA

NELINA

NELITA

NELL

NELLA

NELLI

NELLIE

NELLY

NEMERA

NEMESIO

NENET

NEOMA

NEPA

NERA

NERIAH

NERISSA

NERTHUS

NERYS

NESIAH

NESSA

NEST

NETANA

NETANIAH

NETIA

NETTA

NETTIE

NEVA

NEVARA

NEVES

NEVIAH

NEYSA

NEZIKA

NGOC

NGOZI

NGUYET

NI'MATU-ALLAH

NIABI

NIAMH

NIBAL

NICCOLA

NICHELE

NICHOLA

NICHOLE

NICIA

NICKIE

NICOLA

NICOLE

NICOLETA

NICOLETTE

NIHAL

NIKA

NIKEESHA

NIKI

NIKKI

NIKOLA

NIKOLETA

NILSINE

NIMA

NIMAH

NIMESHA

NINA

NINEL

NINETTE

NINIA

NINIANE

NINOCHKA

NINON

NINOVAN

NIOBE

NIRANJANA

NISHA

NISHI

NISHIE

NISHIKO

NISHIYO

NISSA

NISSE

NITA

NITARA

NITSA

NITUNA

NIU

NIVA

NIYA

NJEMILE

NKOSAZANA

NNEKA

NOBANTU

NOBUYUKI

NOELANI

NOELLA

NOELLE

NOEMIE

NOIRIN

NOLA

NOLCHA

NOLLAIG

NOMALANGA

NOMBEKO

NOMBESE

NOMBLE

NOMUSA

NONA

NONIE

NONOOKTOWA

NONYAMEKO

NOOR

NORA

NORAH

NORANNE

NORBERTA

NOREEN

NORIKO

NORINE

NORITA

NORIYUKI

NORLENE

NORMA

NORMINA

NOURA

NOURBESE

NOVA

NOVIA

NTSEKHE

NUALA

NUDAR

NUHA

NUKULUVE

NUMA

NUNCIATA

NUNZIA

NURYA

NYDIA

NYE

NYSA

NYURA

OBIOMA

OCEANA

OCTAVIA

ODDVEIG

ODE

ODELIA

ODESSA

ODETTE

ODILA

ODILE

ODINA

ODIYA

OFA

OFELIA

OFELJA

OFILIA

OFRA

OHEO

OJASVEE

OJINJINTKA

OKALANI

OKRIKA

OKSANA

OKTAWJA

OLABISI

OLANIYI

OLATHE

OLAUG

OLAYINKA

OLDRISKA

OLENA

OLENKA

OLESIA

OLGA

OLIA

OLIANA

OLICIA

OLIMPIADA

OLISA

OLIVE

OLIVETTE

OLIVIA

OLIWJA

OLUFEMI

OLYMPE

OLYMPIA

OMA

OMADA

OMANA

OMEKAO

OMEMEE

OMENA

OMINOTAGO

OMOROSE

OMUSA

OMUSUPE

ONA

ONAIWAH

ONAWA

ONEIDA

ONELLA

ONI

ONIDA

OONA

OONAGH

OPAL

OPALINA

OPALINE

OPHELIA

OPRAH

ORA

OREDOLA

ORELIA

ORIANA

ORIETTE

ORILLA

ORINDA

ORITHYIA

ORLA

ORLAINE

ORLENA

ORLENDA

ORMONDA

ORNICE

ORPAH

ORSELINE

ORSOLYA

ORTENSIA

ORTHIA

OSEYE

OSKALOOSA

OSKANA

OSYKA

OTILIE

OTTAVIA

OTTILA

OTYLIA

OURANIA

OVELIA

OYA

OZERA

PAAVANA

PAAVANI

PACIENCIA

PACIFICA

PADMA

PADMASUNDARA

PADMAVATI

PADRAIGIN

PAGE

PAIGE

PAILI

PAKA

PALILA

PALLAS

PALOMA

PAM

PAMELA

PANDASALA

PANDITA

PANDORA

PANGIOTA

PANNA

PANOLA

PANSY

PANTHEA

PANYA

PANYIN

PAOLA

PAOLINA

PAPINA

PARADISE

PARASKEVA

PARKY

PARTHENIA

PARTHENIE

PARVANI

PASCALE

PASCUALA

PASUA

PATEIZIA

PATEREKIA

PATI

PATIA

PATIENCE

PATRICE

PATRICIA

PATRIZIA

PATSY

PATTI

PATTIE

PATTY

PAULA

PAULETTE

PAULINA

PAULINE

PAULITA

PAUSHA

PAVANA

PAVLA

PAZIA

PEARL

PEBBLES

PEDZI

PEFILIA

PEG

PEGAH

PEGGY

PEIGI

PELAGIA

PELAGIYA

PELCIA

PELIAH

PELIPA

PENELOPE

PENI

PENINA

PENNINGTON

PENNY

PENTEA

PEONY

PEPITA

PEPPER

PERESILA

PERLA

PERPETUA

PERSEPHONE

PERSIS

PETA

PETRA

PETRINA

PETRONELA

PETRONILHA

PETRONILLA

PETULA

PETULIA

PHAEDRA

PHAIDRA

PHANESSA

PHEAKKLEY

PHEBE

PHELISIANA

PHEMIA

PHILANA

PHILANTHA

PHILENE

PHILIPPA

PHILLIDA

PHILLIS

PHILOMENA

PHOEBE

PHOTINE

PHURBA

PHYLICIA

PHYLLIS

PIA

PIERINA

PIERRETTE

PIKKA

PILAKA

PILIKI

PILIPA

PILISI

PINEKI

PINQUANA

PIPKINS

PIPPA

PIPPY

PIROSKA

PITA

PIXY

POCAHONTAS

POKII

POLETE

POLI

POLINA

POLLY

POLLYAM

POLLYANNA

POLYXENA

POMAIKA'I

POPPY

PORTIA

POSALA

PRAGYATA

PRAIRIE

PRARTHANA

PRATIBHA

PRECIOSA

PREMA

PREMLATA

PRESENCIA

PRESENTACION

PRESENTACIóN

PRIMROSE

PRISCA

PRISCILLA

PRISCYLLA

PRIYA

PROTIMA

PRUDENCE

PRUDENCIA

PRUNELLA

PSYCHE

PTOLEMA

PUA

PUAKAI

PUAKEA

PUALANI

PUKANA

PULUPAKI

PURIFICACION

PURIFICACIóN

PURNIMA

PUTA

PYRRHA

QUAH AH

QUANDA

QUANNA

QUEEN

QUEENA

QUEENIE

QUENBY

QUENNA

QUENTILLA

QUERIDA

QUILLA

QUINNA

QUINTANA

QUINTINA

RA'IDAH

RA'KEISHA

RAANANA

RABI'AH

RACHAEL

RACHAV

RACHEL

RACHELINE

RACHELLE

RADHA

RADHIYA

RADINKA

RADMILLA

RADOMIRA

RADOSLAVA

RAELEEN

RAFYA

RAGHDA

RAGNA

RAGNHILD

RAHELA

RAI

RAICHEAL

RAIKO

RAIN

RAINA

RAINE

RAISA

RAIZEL

RAJA

RAJALAKSHMI

RAJANI

RAJATA

RAJNANDINI

RAJYA

RAKEL

RAKU

RAMAA

RAMANA

RAMLA

RAMONA

RAN

RANA

RANDA

RANDELLE

RANE

RANI

RANIA

RANIELLE

RANITA

RANJANA

RANYA

RAQUEL

RASCHELLE

RASHA

RASHEDA

RASHIDA

RASIA

RATHNAIT

RATI

RATRI

RAVENNA

RAVIJA

RAWIYA

RAWNI

RAYA

RAYLENE

RAYNA

RAYYA

REBECCA

REBECCANNE

REBEKAH

REBEKKA

REENA

REENE

REGAN

REGINA

REGINE

REGINY

REHEMA

REI

REICHANA

REINA

REINE

REMAZIAH

REN

RENA

RENAE

RENATA

RENEE

RENIA

RENITA

RENéE

REPHAELA

RESEDA

RESI

REUMA

REVA

REVAYA

REVEKA

REXANNE

REXELLA

REYNA

RHEA

RHEA SILVA

RHEANNA

RHEBA

RHIANNON

RHODA

RHODE

RHONDA

RIA

RICA

RICCARDA

RICHELLE

RICKENA

RICKI

RIDA

RIESA

RIHANA

RIJU

RIKKI

RIKU

RIKUYO

RIMONA

RINA

RINATYA

RIONA

RISA

RISHA

RISHONA

RISSA

RITA

RITIKA

RITSA

RITZPAH

RIVA

RIVKA

ROANNA

ROBENA

ROBERTA

ROBETA

ROBYN

ROCHELLE

ROCIO

RODERICA

ROHANA

ROHINI

ROIS

ROISIN

ROKSANA

ROKUKO

ROLANDA

ROMAINE

ROMANA

RONDA

RONIYA

RONNA

RONNI

ROS

ROSA

ROSABEL

ROSABELLA

ROSALBA

ROSALEEN

ROSALIA

ROSALIE

ROSALIND

ROSALINDA

ROSALINE

ROSALYN

ROSAMARIA

ROSAMOND

ROSAMUND

ROSANA

ROSANNE

ROSARITA

ROSCHAN

ROSE

ROSE ANGEL

ROSE-MARIE

ROSEANNE

ROSELANI

ROSELLE

ROSEMARY

ROSEMERE

ROSETTA

ROSHANARA

ROSIE

ROSINA

ROSITA

ROSLYN

ROSTISLAVA

ROSWITHA

ROWENA

ROWYN

ROXANA

ROXANN

ROXANNA

ROXANNE

ROXIE

ROXY

ROZ

ROZA

ROZALIA

ROZELE

ROZENE

ROZSA

RUANA

RUBINA

RUBY

RUCHI

RUCHIKA

RUDRA

RUFINA

RUKIYA

RUKMINI

RUMIKO

RUPAL

RUPERTA

RUPINDER

RUQAYYA

RUSALKA

RUTA

RUTH

RUWAYDAH

RUZENA

RYA

RYBA

RéGINE

SAADA

SABA

SABAH

SABELLA

SABETHA

SABIA

SABINA

SABLE

SABRA

SABRINA

SABRIYYA

SACAJAWAE

SACHI

SACHIKO

SADE

SADELLA

SADIE

SADIRA

SADZI

SAED

SAEED

SAFIA

SAFIYYA

SAGA

SAGARA

SAGE

SAGITTA

SAHARA

SAHPOOLY

SAI

SAIDAH

SAIPHIN

SAKAE

SAKARI

SAKI

SAKURA

SALA

SALALI

SALAMA

SALAMANDRINA

SALENA

SALIHAH

SALLY

SALMA

SALOMA

SAMANTHA

SAMARA

SAMEH

SAMHAOIR

SAMINA

SAMJUANA

SAMYA

SANA

SANANDA

SANCHIA

SANDI

SANDRA

SANDYHA

SANGITA

SANIYYA

SANJANA

SANTAVANA

SANTUZZA

SANURA

SANUYE

SANYA

SANYOGITA

SAPATA

SAPPHIRA

SAPPHIRE

SARA

SARADA

SARAFINA

SARAH

SARALA

SARASWATI

SARAT

SARAVANAN

SARI

SARIL

SARITA

SARMA

SAROJA

SAROJINI

SAROL

SARONNA

SASAGU

SASKIA

SASSACUS

SATINKA

SATORIA

SATOSHI

SATYARUPA

SAUDA

SAUMITRA

SAURA

SAVANNAH

SAVENA

SAVINA

SAVITRI

SAWA

SAWNI

SCARLET

SCARLETT

SCENANKI

SCHWANHILD

SCOUT

SEARLAIT

SEBASTIANA

SECUNDA

SEDA

SEDNA

SEIKO

SEKANINA

SEKELAGA

SEKI

SELDA

SELENA

SELENE

SELIMA

SELINA

SELMA

SEMEICHA

SEPTIMA

SERAFINA

SERAPHINA

SERAPHINE

SEREN

SERENA

SERENITY

SERITA

SESHADRI

SETEPANIA

SETSU

SETSUKO

SHACHARIYA

SHAFIQA

SHAHAR

SHAHINA

SHAHIRA

SHAHNAZ

SHAILA

SHAINA

SHAKIYLA

SHAKONDA

SHAKTI

SHAKUNTALA

SHALEELA

SHALONDA

SHALONVIA

SHALVAH

SHALVIYA

SHAMEENA

SHAMEIKA

SHAMIKA

SHAMIRA

SHAMMARA

SHANA

SHANASA

SHANDRA

SHANEE

SHANI

SHANINGO

SHANIQUE

SHANIYA

SHANNA

SHANNAH

SHANTA

SHANTAE

SHANTAINA

SHANTAL

SHANTELLE

SHANTHI

SHAPIRA

SHARADA

SHARAI

SHARAMA

SHARANEE

SHARDA

SHARI

SHARIFA

SHARISE

SHARLEEN

SHARLON

SHARLOTTE

SHARNA

SHARON

SHARYL

SHASHI

SHASHIBALA

SHASHIN

SHASTA

SHAUNA

SHAUNDA

SHAVONDA

SHAWANA

SHAWANNAH

SHAWNA

SHAWNEE

SHAYLA

SHAYLEEN

SHAYNAH

SHEAUGA

SHEBA

SHEELA

SHEENA

SHEHERAZADE

SHEILA

SHEILAGH

SHEILAH

SHEINA

SHEKEDA

SHELA

SHELAGH

SHELAVYA

SHELENA

SHELIYA

SHELLIE

SHELLY

SHENANDOAH

SHENNA

SHERAZ

SHEREEN

SHERI

SHERI LYNN

SHERIDAN

SHERIDON

SHERILYN

SHERRI

SHERRIE

SHERRY

SHERYL

SHEVON

SHIELA

SHIERYL

SHIFA

SHIFRAH

SHIGESHI

SHIKA

SHIMONA

SHINA

SHINJI

SHINYA

SHIOW-CHEN

SHIRA

SHIREE

SHIREEN

SHIRELL

SHIRI

SHIRIN

SHIRLEEN

SHIRLEY

SHIRRAL

SHIZU

SHIZUKO

SHIZUYO

SHLAY

SHOBHA

SHOBHANA

SHONA

SHOSHANA

SHOSHANNAH

SHOUSHAN

SHRILEKHA

SHUKURA

SHUMANA

SHURA

SHUWANI

SHY-ANNE

SHYAMA

SHYLA

SIAN

SIANI

SIANY

SIBEAL

SIBELAN

SIBETA

SIBILA

SIBONGILE

SIBYL

SIDONY

SIDRA

SIEGFRIDA

SIEGHILD

SIERRA

SIERRE

SIGELE

SIGISMONDA

SIGNA

SIGNY

SIGOURNEY

SIGRID

SIGRUN

SIHU

SIKO

SILE

SILIVIA

SILLY

SILPE

SILVANA

SILVER

SILVIA

SIMI

SIMONA

SIMONE

SIMPLICIA

SINAKO

SINDY

SINEAD

SINEENUCH

SINOPA

SIOBHAN

SIONED

SIRI

SISI

SISIKA

SISLEY

SISSEY

SISSIE

SISSY

SITA

SITALA

SITI

SITULA

SIU

SKY

SKYE

SLAINE

SLOAN

SLYVIA

SLYVIE

SOBESLAVA

SOCKS

SOCORRA

SOFI

SOFRONIA

SOLANA

SOLANGE

SOLEDAD

SOLIEL

SOLIMAR

SOLVEIG

SOMA

SOMMER

SONA

SONAL

SONDRA

SONDYA

SONEL

SONIA

SONJA

SONJE

SONYA

SOOK-JOO

SOOKETOO

SOON-BOK

SOPHEARY

SOPHIA

SOPHIE

SOPHRONIA

SOPHY

SORA

SORCHA

SOREKA

SOREL

SORREL

SOSHANNAH

SPERANZA

SPICA

SPRING

SREE

SRI

SRIRAM

SRIVATSAN

STACEY

STACI

STACIA

STACIE

STACY

STANISLAVA

STEF

STEFANA

STEFANIA

STEFANIE

STEFFIE

STEFFY

STELLA

STELLARA

STEPH

STEPHANA

STEPHANIA

STEPHANIE

STEPHáNA

STESHA

STINA

STORMY

SUBIRA

SUDARSHANA

SUDHAKARA

SUE

SUELA

SUGI

SUHAILAH

SUJATA

SUJI

SUKHTEJ

SUKIE

SUKY

SULA

SULAKHNA

SULEIKA

SULEIMA

SULETA

SUMA

SUMIKO

SUN-HI

SUNAH

SUNAYANA

SUNDARI

SUNG

SUNIL

SUNITA

SUNNIVA

SUNNY

SUNSHINE

SUNY

SURAGANA

SURATA

SURAYA

SURENDRA

SURI

SURINA

SURYA

SUSAN

SUSANA

SUSANNA

SUSANNAH

SUSANNE

SUSE

SUSHANTI

SUSHOBHANA

SUSIE

SUTKI

SUZAMNI

SUZANNA

SUZANNAH

SUZANNE

SUZETTA

SUZIE

SUZU

SUZUKI

SUZUME

SUZY

SVANHILD

SVANNI

SVEA

SVETA

SVETLA

SVETLANA

SWANHILDA

SWARUP

SYBIL

SYBILLA

SYBILLE

SYDNIE

SYEIRA

SYENNA

SYLVA

SYLVANA

SYLVIA

SYONA

SèARLAIT

T'ANAY

TAB

TABATHA

TABBY

TABIA

TABITA

TABITHA

TACI

TADEWI

TADITA

TAEGAN

TAGHRID

TAHANEE

TAHCAWIN

TAHIRAH

TAHIYYA

TAIMA

TAIPA

TAISIYA

TAIWO

TAJUANA

TAKALA

TAKAYREN

TAKEKO

TAKENYA

TAKIYAH

TALA

TALASI

TALAYA

TALE

TALETTA

TALIA

TALIBA

TALISA

TALISE

TALITHA

TALLIE

TALLOU

TALLULA

TALLULAH

TALLY

TALMA

TALULA

TALULLA

TALYA

TAMA

TAMAH

TAMAKI

TAMAKO

TAMALENI

TAMANNA

TAMARA

TAMARY

TAMAYO

TAMI

TAMICA

TAMIKA

TAMIKO

TAMINEH

TAMMI

TAMMIE

TAMMY

TAMOHARA

TAMRIKA

TAMSIN

TAMSON

TAMZEN

TANAYA

TANE

TANEISHA

TANESHA

TANESHEA

TANIA

TANICHA

TANIESHA

TANISHA

TANITH

TANNISHTHA

TANSY

TANVI

TANYA

TANé

TAPASYA

TARA

TARAL

TARALYNN

TARANA

TARANI

TARAVIA

TAREEN

TARIA

TARIKA

TARJA

TARLA

TARUNIKA

TARYN

TASARLA

TASHA

TASHANEE

TASHINA

TASIDA

TASINA

TASNIMA

TASSOS

TASYA

TATIANA

TAULAKI

TAURA

TAVI

TAWIA

TAWNIE

TAWNY

TAYANITA

TAZU

TCU MANA

TEAL

TEAMHAIR

TEASAG

TEDA

TEDDI

TEDDIE

TEDRA

TEENA

TEGWEN

TEKAHIONWAKE

TEKLA

TELERI

TELEZA

TEMINA

TEMIRA

TEMPEST

TEMYKA

TENECIA

TENISHA

TENUVAH

TEODORA

TEPHANIA

TERA

TERESA

TERESIA

TERESINA

TERESITA

TERESSA

TEREZA

TEREZINHA

TERI

TERIAH

TERILEE

TERRA

TERRI

TERRYL

TERYN

TESHUAH

TESIA

TESS

TESSA

TESSI

TEVY

THADDEA

THAIS

THALASSA

THALEIA

THANA '

THANDIWE

THAO

THEA

THEKLA

THELMA

THEMA

THEMBA

THENA

THEODORA

THEODOSIA

THEONE

THEOPHANIA

THEOPHILIA

THERESA

THETIS

THOMASINA

THURAYYA

THYRA

TIARA

TIBERIA

TIFARA

TIFF

TIFFANY

TIGRIS

TILDA

TILL

TIMOTHA

TIMOTHEA

TINA

TIPONYA

TIRA

TIRION

TIRTHA

TIRZA

TIRZAH

TISA

TISH

TISHA

TISHRA

TITIA

TITILAYO

TIVIAN

TIVONA

TIWA

TOBE

TOHUIA

TOINI

TOIREASA

TOIRESA

TOIVO

TOLETTA

TOLGA

TOLIKNA

TOMASA

TOMAZJA

TOMINA

TONI

TONJA

TONYA

TOOKA

TOOKAYO

TORA

TORAH

TORHILD

TORI

TORIL

TOSHALA

TOSHI

TOSIA

TOSKI

TOSYA

TOTSI

TOVIA

TRACEE

TRACEY

TRACI

TRACIE

TRACY

TRAVA

TREASURE

TRECIA

TREISE

TRELLA

TRESA

TRESHA

TRESILIANA

TRI

TRIA

TRICIA

TRINA

TRINH

TRINI

TRINIDAD

TRIONA

TRIPTA

TRISH

TRISHA

TRISKA

TRISTA

TRIX

TRIXIE

TRUDA

TRUDIE

TRUDY

TRíONA

TSOMAH

TSUHGU

TSULA

TSUNOU

TSURUKO

TUA

TUALAU

TUESDAY

TUHINA

TUKIKO

TUKIYO

TULA

TULANI

TULANN

TULIA

TULINAGWE

TULIP

TULSI

TUPPER

TUSA

TUSAJIGWE

TUSLA

TUYET

TWYLA

TYANA

TYCHE

TYFANY

TYFFANY

TYNA

TYRA

TYRENE

TZADIKA

TZAFRA

TZAHALA

TZEIRA

TZEMICHA

TZEVIYA

TZIGANA

TZILI

TZIVYA

TZOFIA

UCHENNA

UDIYA

UJALA

UJILA

UJVALA

ULA

ULAMI

ULARIA

ULINA

ULLA

ULRIKA

ULRIKE

ULRYKA

ULU

ULYSSIA

UM-KALTHUM

UMA

UMALI

UMAYMA

UME

UMEEKA

UMEKI

UMEKO

UMIKO

UMM

UMNIYA

UNA

UNDINE

UNESS

UNICE

UNITY

UNN

UNQUIE

UPALA

URANIA

URANJA

URBANA

URBI

URIELA

URMI

URSA

URSEL

URSLEY

URSOLA

URSULA

URSULINA

URSY

URSZULA

USCHI

USHA

USHI

USHMIL

USHRIYA

UT

UTA

UTAKO

UTE

UTINA

UVONDA

UWIMANA

VACHYA

VACLAVA

VAILEA

VALAREE

VALDA

VALDIS

VALE

VALEDA

VALENDA

VALENTIA

VALENTINA

VALERIA

VALERIE

VALERIYA

VALERY

VALESKA

VALETTA

VALIDA

VALINDA

VALLI

VALLY

VALMA

VALORA

VALORY

VAMANA

VANA

VANAJA

VANALIKA

VANDA

VANDANI

VANDELIA

VANESSA

VANI

VANIA

VANIKA

VANJA

VANNA

VANORA

VANYA

VARA

VARANA

VARAZA

VARENKA

VARINA

VARINKA

VARONIKA

VARSHA

VARUNA

VARVARA

VASHTI

VASILISA

VASUNDHARA

VATUSIA

VEATA

VEDA

VEDIS

VEERA

VEGA

VEGENIA

VELDA

VELESLAVA

VELIA

VELINDA

VELINDE

VELMA

VELORA

VELSIE

VELVET

VELVINA

VENCESLAVA

VENERANDA

VENESSA

VENETIA

VENUS

VEOLA

VERA

VERENA

VERIFY

VERINA

VERITY

VERLA

VERNA

VERNADINE

VERNESTA

VERNETTA

VERONICA

VERONIKA

VERONIQUE

VESTA

VEVINA

VI

VIANCA

VIANNA

VIATRICIA

VIATRIX

VICA

VICKI

VICKIE

VICKY

VICTOIRE

VICTORIA

VICTORINE

VICTORIYA

VIDONIA

VIDYA

VIERA

VIGDIS

VIK

VIKA

VIKAHEILALA

VIKI

VIKKIE

VIKKY

VIKTORIA

VILHELMINA

VILMA

VIMALA

VINA

VINCENTA

VINETTE

VINYA

VIOLA

VIOLANTE

VIOLE

VIOLET

VIOLETA

VIOLETTA

VIORICA

VIRA

VIRGEE

VIRGINIA

VIRGINIE

VIRIDIA

VISOLELA

VITA

VITORIA

VITTORIA

VIV

VIVACA

VIVECA

VIVEKA

VIVIAN

VIVIANA

VIVIENNE

VIVITA

VIVYAN

VLADIMIRA

VLADIMíRA

VLADISLAVA

VONDA

VONDILA

VRENI

VRIJEDA

VRINDA

VYOMA

VYOMIKA

VYVIAN

VáCLAVA

WACHIWI

WAFA

WAFIYYA

WAHCHINTONKA

WAIPSHWA

WAJIHA

WAKANA

WAKANDA

WAKENDA

WALENTYA

WALIDA

WALIDAH

WALTRAUD

WANA'AO

WANA'AONANI

WANAKA

WANDA

WANETA

WANITA

WAPIN

WARRI

WASEME

WASHTA

WASULA

WATSEKA

WAUNA

WAYLAHSKISE

WAYNOKA

WEAYAYA

WEEKO

WEETAMOO

WEHINAHPAY

WENDA

WENDELINE

WENDI

WENDIE

WENDY

WENONA

WENONAH

WERONIKIA

WHOOPI

WIBEKE

WICAHPI

WICAHPI ISNALA

WICAHPI WAKAN

WICHASTA

WIDAD

WIEBKE

WIGBURG

WIHAKAYDA

WIKTORIA

WILFREDA

WILHEMA

WILHEMINA

WILHEMINE

WILIMA

WILIMINA

WILLA

WILLABELLE

WILLAMENA

WILLAMINA

WILLANN

WILLEMYN

WILLETA

WILLETTE

WILLOW

WILMA

WINDA

WINEMA

WINIFRED

WINNIE

WINNIE-COMAC

WINNIFRED

WINONA

WIOLETTA

WISIA

WITASHNAH

WIYAKA-WASTEWIN

WYANET

WYETTA

WYLMA

WYN

WYNELLE

WYNN

WYNNE

WYNONNA

WYOME

WYVONNE

XANDRA

XANDRINE

XANTHE

XANTHO

XAVIERA

XENA

XENIA

XIAO-NIAO

XIAO-XING

XILONEN

XIMENA

XIN

XINH

XIOPARA

XUAN

XYLIA

YAA

YAARA

YACHI

YACHNE

YAEL

YAKIRA

YALUTA

YAMINA

YAMINI

YAMKA

YAMUNA

YANA

YANAHA

YARDENA

YARDENIYA

YARKONA

YARMILLA

YASHILA

YASHNA

YASHODHARA

YASHWINA

YASIMAN

YASMEEN

YASMIN

YASMINE

YASU

YASUKO

YAWA

YE

YEHUDIT

YEJIDE

YEKATERINA

YELDA

YELENA

YEMIMA

YEMINA

YENDELELA

YENENE

YENTA

YEPA

YERUSHA

YESHARA

YETTA

YEVA

YEVETHA

YI

YIN

YNES

YNEZ

YOCHANA

YOCHEVED

YOELA

YOKI

YOKKAKO

YOKO

YOLANDA

YOLANDE

YOLANTA

YOLATHE

YOLETTE

YOLYVETTE

YONINA

YONKELA

YORI

YOSEFA

YOSHE

YOSHI

YOSHIKO

YOSHINO

YOUNG-IL

YOUNG-SOON

YOVELA

YOW

YOYA

YRENIA

YSABEL

YSANNE

YSEULT

YSOLDA

YSONDE

YU

YUE

YUKARI

YUKI

YUKIE

YUKIKO

YULIYA

YUMIKO

YUNLONG

YUSRA

YUè

YVETTE

YVONNE

Yí

YíN

ZABRINA

ZADA

ZADEE

ZAFIRA

ZAHARA

ZAHRA

ZAHRAH

ZAINAB

ZAINABU

ZAIRA

ZAKAH

ZAKELINA

ZAKIYA

ZAKIYYA

ZALEYA

ZALIKA

ZALTANA

ZANDRA

ZANEDA

ZANETA

ZANNA

ZANNAH

ZARA

ZARAH

ZARAY

ZARIFA

ZARINA

ZARITA

ZARYA

ZAWADI

ZAYIT

ZAYLIE

ZAYNAB

ZAZA

ZBYHNEVA

ZBYHNêVA

ZDESLAVA

ZEA

ZEBORAH

ZEFIRYN

ZEHARA

ZEHAVA

ZEHIRA

ZEL

ZELDA

ZELENKA

ZELFA

ZELIA

ZELIE

ZELMA

ZELPAH

ZEMIRA

ZEMORAH

ZENA

ZENAIDA

ZENAIDE

ZENANA

ZENDA

ZENEVIEVA

ZENOBIA

ZENOBJA

ZEPHYRA

ZEPHYRINE

ZERA

ZERALDINA

ZERDALI

ZERESH

ZEVIDA

ZHANE

ZHANé

ZHENJIAN

ZHI

ZHì

ZIA

ZIGANA

ZIHNA

ZIL

ZILLAH

ZILPAH

ZILPHA

ZILVIA

ZIMRIAH

ZINA

ZINAIDA

ZINNIA

ZINOBIYA

ZINOVIA

ZIPPORAH

ZIRACUNY

ZIRAH

ZITA

ZITKALA-SA

ZITOMIRA

ZITOMíRA

ZIVANKA

ZLATA

ZOE

ZOFIA

ZOFIE

ZOHERET

ZOHRA

ZOILA

ZOLA

ZONTA

ZORA

ZORAIDA

ZORINA

ZOSIA

ZOZI

ZOë

ZSA ZSA

ZSAZSA

ZSUZSANNA

ZSUZSáNNA

ZUBAIDA

ZUBAIDAH

ZULA

ZULEICA

ZULEIKA

ZULJETA

ZUWENA

ZUZANA

ZUZANNA

ZUZELA

ZUZETH

ZUZI

ZUZU

ZYTKA

ZàN

ZéPHYRINE

ÍDE

ÖZGE

