Africa
Antarctica
Ashmore and Cartier Islands
Asia
Atlantic Coast
Bahamas
Baker Island
Balkans
Bassin Pacifique
Bay Area
Bay of Pigs
Bouvet Island
British Virgin Islands
Cayman Islands
Christmas Island
Clipperton Island
Cocos Islands
Cook Island
Coral Sea Islands
East Asia
Eastern Europe
Europa Island
Europe
Falkland Islands
Faroe Islands
Gilbert and Ellice Islands
Glorioso Islands
Gulf Coast
Heard and McDonald Islands
Hispaniola
Howland Island
Indochina
Jarvis Island
Juan de Nova Island
Marshall Islands
Mediterranean
Middle East
Midway Islands
Navassa Island
New England
Norfolk Island
North America
Northern Mariana Islands
Pacific Basin
Paracel Islands
Pitcairn Islands
Providencia
San Andres
Silicon Valley
Solomon Islands
South America
South East Asia
Spitsbergen
Spratly Islands
Svalbard
Tromelin Island
Turks and Caicos Islands
Virgin Islands
W Indies
W. Indies
Wake Island
West Europe
West Indies
Western Europe
the Far East

