A. Bertram Chandler
A. E. van Vogt
A. Merritt
A. N. Wilson
A. S. Byatt
A.A. Milne
A.J. Cronin
Abbie Hoffman
Abe Goldstein
Abraham Ortelius
Adam Smith
Adam Wisniewski
Adele Parks
Adelle Davis
Aesop
Agatha Christie
Agustin Yanez
Ahmet Hamdi Tanpinar
Ahmet Vefik Pas
Aidan Mathews
Aimee Thurlo
Ajmal Khattak
Akira Toriyama
Al Purdy
Al Sarrantonio
Alamgir Hashmi
Alan Dean Foster
Alan E. Nourse
Alan Garner
Alan Moore
Alasdair Alpin MacGregor
Alastair Reynolds
Albert Camus
Albert Einstein
Albert Speer
Aldous Huxley
Aleister Crowley
Aleksandar Ziljak
Alev Alatli
Alex Haley
Alex Hutchinson
Alex Kava
Alex Sanchez
Alexander Kent
Alexander Masters
Alexander McCall Smith
Alexander Pope
Alexander Shirvanzade
Alexander Solzhenitsyn
Alexandra Motschmann
Alexandre Dumas
Alexei Panshin
Alexis A. Gilliland
Alfred Bester
Alfred V. Aho
Alfred Lansing
Algis Budrys
Alice Duncan
Alice Fulton
Alice Munro
Alice Orr
Alice Walker
Alicia Scott
Alireza Jafarzadeh
Alison Blank
Alison Weir
Alistair and Henrietta Taylor
Allan R. Bosworth
Allan W. Eckert
Allen Say
Allen Steele
Allison Lane
Alvin Toffler
Amanda Craig
Amanda Quick
Amanda Scott
Amartya Sen
Amber Rigby Grosjean
Amelia Atwater
Amin Maalouf
Amita Kanekar
Amos Oz
Amy Fetzer
Amy Tan
Ana Leigh
Anatole Broyard
Andre Norton
Andrea Barrett
Andrea Cagan
Andrea Kane
Andrei Lubensky
Andrej Amalrik
Andrew Blake
Andrew Greeley
Andrew Lang
Andrew Mango
Andrew Morton
Andrew Murray Scott
Andrew Robinson
Andrew Taylor
Andrew Vachss
Andre Maurois
Angela Benson
Angus Wilson
Anita Brookner
Anita Burgh
Anita Loos
Ann Brashares
Ann Jane Taylor
Ann M. Martin
Ann Scott
Anna Jacobs
Anna Kavan
Anna Sewell
Anne Baker
Anne Barbour
Anne Bronte
Anne Fine
Anne Frank
Anne Mather
Anne Mayfield
Anne McAllister
Anne McCaffrey
Anne Morrow Lindbergh
Anne Rice
Annette Broadrick
Annie Dillard
Annie Groves
Anthony Boucher
Anthony Buckeridge
Anthony Burgess
Anthony Horowitz
Anthony Neil Smith
Anthony Powell
Antoine de Saint
Anton Chekhov
Antonia Forest
Antonia Fraser
Anu Garg
Anya Seton
Aristophanes
Aristotle
Arnette Lamb
Arnold Bennett
Arnold Lobel
Arrabal
Art Linkletter
Arthur Bradford
Arthur C. Clarke
Arthur Conan Doyle
Arthur Hailey
Arthur Ransome
Arthur Schnitzler
Astrid Lindgren
Athol Fugard
Atilla Ilhan
August Blanche
August Derleth
Avram Davidson
Ayn Rand
Aziz Nesin
Banana Yoshimoto
Barbara Bretton
Barbara Cartland
Barbara Dawson Smith
Barbara Delinsky
Barbara Erskine
Barbara Faith
Barbara Freethy
Barbara G. Walker
Barbara Hambly
Barbara Levick
Barbara McMahon
Barbara Michaels
Barbara Park
Barbara Pym
Barbara Samuel
Barbara Sanger
Barbara Taylor Bradford
Barbara Wood
Barry B. Longyear
Barry Gifford
Barry Malzberg
Beatrix Potter
Belva Plain
Ben Bova
Ben Marcus
Benjamin Sehene
Berechiah ha
Bernard Cornwell
Bernard Shaw
Bernard Werber
Bernhard Grzimek
Bertrice Small
Beryl Kingston
Betty Berzon
Betty G. Miller
Betty MacDonald
Betty Neels
Beverly Cleary
Bilge Karasu
Bill Bryson
Bill Peet
Bill Ransom
Bill Robinson
Blue Balliet
Bob Shaw
Boles?aw Prus
Boo Heisey
Boris Pasternak
Boris and Arkady Strugatsky
Bram Stoker
Brandon Wilson
Brenda Clough
Brenda Hiatt
Brenda Hill
Brenda Joyce
Brian Aldiss
Brian Callison
Brian Cleeve
Brian Daley
Brian Jacques
Brian Killick
Bronwen Wallace
Bruce Barrymore Halpenny
Bruce Coville
Bruce Holland Rogers
Bruce Robinson
Bruce Sterling
Bruno Frank
Bryant H. McGill
Bryn Colvin
Burton Silver
C. E. Murphy
C. J. Cherryh
C. L. Moore
C. S. Forester
C. S. Friedman
C. S. Lewis
C.L. Mareydt
CDB Bryan
Calvin Trillin
Camil Petrescu
Candace Camp
Candice Hern
Candice Poarch
Capt. S.P. Meek
Cardine Fleming
Carl Hiaasen
Carl Sagan
Carla Kelly
Carla Neggers
Carlo "Collodi" Lorenzini
Carly Phillips
Carol Biberstein
Carol Finch
Carol Matas
Carol Moore
Carola Dunn
Carole Mortimer
Carole Nelson Douglas
Caroline B. Cooney
Caroline Fleming
Caroline Harvey
Caroline Paul
Caroline Vernon
Carolyn Cooper
Carolyn Keene
Cassie Edwards
Catharine Sedgwick
Catherine Anderson
Catherine Asaro
Catherine Cookson
Catherine Coulter
Catherine Fisher
Catherine George
Catherine Palmer
Catherine Provenza
Catherine Webb
Cathy Gillen Thacker
Cathy Kelly
Catie Birmingham
Cecelia Ahern
Cem Akas
Charity Bishop
Charles Beaumont
Charles Brockden Brown
Charles Chilton
Charles Dickens
Charles E. Silberman
Charles Harness
Charles Kingsley
Charles L. Grant
Charles Oberndorf
Charles Pellegrino
Charles Perrault
Charles Sheffield
Charles Stross
Charles de Lint
Charlie May Simon
Charlie Steel
Charlotte Bingham
Charlotte Bronte
Charlotte Grey
Charlotte Lamb
Charlotte MacLeod
Charlotte Vale Allen
Charlotte Zolotow
Cheryl Biggs
Cheryl Bolen
China Mieville
Chinua Achebe
Chris Van Allsburg
Christiane Heggan
Christie Ridgway
Christina Abernathy
Christina Dodd
Christina Skye
Christopher Anvil
Christopher Bird
Christopher Hart
Christopher Hinz
Christopher Isherwood
Christopher Kasparek
Christopher Largen
Christopher Paul Curtis
Christopher Ross
Christopher Rowley
Christopher Stasheff
Chuck Klosterman
Chuck Palahniuk
Claire Delacroix
Clark Ashton Smith
Clement Clarke Moore
Clement Wilson
Cletus W. Gress
Clifford D. Simak
Colin Anderson
Colin Kapp
Compton N. Crook
Conn Iggulden
Connie Briscoe
Connie Brockway
Connie Flynn
Connie Mason
Connie Willis
Constance O'Day
Cordwainer Smith
Corinne Everett
Cornel West
Cornelia Funke
Cory Doctorow
Cory Panshin
Curtiss Ann Matlock
Cynthia Haseloff
Cynthia Victor
Cyril M. Kornbluth
D. F. Jones
D. H. Lawrence
Dafydd ab Hugh
Dag Solstad
Dalibor Perkovic
Damian Conway
Damien Broderick
Damon Knight
Dan Brown
Dan Roodt
Dan Simmons
Danelle Harmon
Daniel Amor
Daniel C. Juster
Daniel Defoe
Daniel F. Galouye
Daniel Handler
Daniel Kehlmann
Daniel Keyes
Daniel Keys Moran
Daniel Pambianchi
Daniel Poliquin
Daniel Terdiman
Danielle Steel
Daphne du Maurier
Darin Strauss
Dario de Judicibus
Darko Macan
Darko Zlebnik
Dary Matera
Dav Pilkey
Dave Barry
Dave Pelzer
David Anthony Durham
David Brin
David D. Friedman
David Drake
David Foster Wallace
David Gauthier
David Gerrold
David Graham Phillips
David Hackworth
David Langford
David Saperstein
David Shannon
David Vernon
David Weber
David Wingrove
David Zindell
Day Leclaire
Dean Ing
Dean R. Koontz
Deb Stover
Debbie Macomber
Deborah Ellis
Deborah Lewis
Deborah Mathis
Deborah Smith
Debra Dier
Debra Dixon
Debra Weinstein
Dee Williams
Deepak Chopra
Delia Parr
Denise Domning
Dennis Cooper
Dennis Lee
Dennis Lynds
Dennis Wheatley
Denton Welch
Denys Cazet
Diana Gabaldon
Diana Palmer
Diana Wynne Jones
Dinesh D'Souza
Dixie Browning
Don Bendell
Don DeLillo
Don Herold
Don Rossignol
Don Sobol
Donald A. Wollheim
Donald Grant Mitchell
Donald J. Wheeler
Donald Moffitt
Donna Leon
Donnie Wallen Born 1977
Dorianne Sager
Doris Lessing
Doris Mortman
Doris Piserchia
Dornford Yates
Dorothy Garlock
Dorothy Hewett
Doug Beason
Douglas Adams
Douglas Coupland
Douglas Hill
Douglas Reeman
Douglas S. Freeman
Drew J. Cormack
Dupe Olorunjo
Dwight Hamilton
E. Annie Proulx
E. E. Smith
E. Lynn Harris
E. M. Forster
E.B. White
E.J. Montini
E.J. Pratt
E.L. Konigsburg
E.V. Thompson
Eando Binder
Earl Derr Biggers
Ed Hooper
Ed Young
Edgar Allan Poe
Edgar Pangborn
Edgar Rice Burroughs
Edgar Wallace
Edith Layton
Edith Nesbit
Edmond Hamilton
Edmund Carpenter
Edward Abbey
Edward Gibson
Edward L. Stratemeyer -
Edward Lear
Edwin A. Abbott
Edwin E. Smith
Eileen Goudge
Eileen Wilks
Elaine Barbieri
Elgin Groseclose
Elie Wiesel
Elina Patane
Elinor Lipman
Elisabeth Ogilvie
Elizabeth Bevarly
Elizabeth Buchan
Elizabeth Gage
Elizabeth Gaskell
Elizabeth Graham
Elizabeth Grayson
Elizabeth Jane Howard
Elizabeth Keckley
Elizabeth Lowell
Elizabeth Mansfield
Elizabeth Moon
Elizabeth Thornton
Elizabeth Walker
Ellen G. White
Elliot Paul
Ellis Amburn
Elmer Kelton
Eloisa James
Elvi Rhodes
Emile Zola
Emilie Richards
Emily Bronte
Emily Colas
Emily Hahn
Emily Rands
Emma Darcy
Emma Helen Blair
Emma Maree Urquhart
Emma Merritt
Emmanuel Burgin
Emmanuel Dongala
Enheduanna
Enid Bagnold
Enid Blyton
Enis Batur
Enrico Antiporda
Eran Ben
Eric Brown
Eric Carle
Eric Flint
Eric Frank Russell
Eric Layman
Erich Maria Remarque
Erich von Daniken
Ernest Haycox
Ernest Hemingway
Esther Delisle
Esther Forbes
Ethan Hawke
Ethel Pedley
Ethel Turner
Eugene Field
Eugene Jolas
Eugeniusz Zytomirski
Eve Byron
Eve Gaddy
Evelyn Whitaker
Evliya celebi
Ezra Jack Keats
F. Scott Fitzgerald
Faith Baldwin
Fern Michaels
Fitz Hugh Ludlow
Forrest J. Ackerman
Frances Hodgson Burnett
Francesca Simon
Francine Biere
Francis Durbridge
Francis Lockridge
Franco Mimmi
Frank Daniel
Frank Fiore
Frank Herbert
Frank L. Holt
Frank McCourt
Frank R. Stockton
Frank Wilson
Frank Yerby
Franklin W. Dixon
Franz Kafka
Fred Gipson
Fred Hoyle
Fred Mustard Stewart
Fred Saberhagen
Freda Lightfoot
Frederick A. Babb
Frederick Nolan
Frederick Philip Grove
Frederik Pohl
Fredric Brown
Friedrich Neznansky
Fritz Leiber
Frederic Bastiat
Fulvio Melia
Fyodor Dostoevsky
G.K. Chesterton
Gail Godwin
Gardner Dozois
Garth Nix
Gary Davison
Gary Shipman
Gayle Lynds
Gene Roddenberry
Gene Stratton Porter
Gene Wolfe
Geoff Gilpin
Geoffrey Chaucer
Geoffrey Landis
Geoffrey Marsh
George Alec Effinger
George Clayton Johnson
George F. Ellis
George Gissing
George Lippard
George O. Smith
George Orwell
George R. R. Martin
George Zebrowski
Georges Courteline
Georgette Heyer
Geraldine Brooks
Geralyn Dawson
Gerard Windsor
Gerina Dunwich
Gilda O'Neill
Gina Robins
Gina Wilkins
Ginny Rorby
Glen A. Larson
Glen Cook
Godfried Bomans
Gordon Basichis
Gordon Kirkland
Gordon Korman
Gordon R. Dickson
Gosho Aoyama
Grace Livingston Hill
Graham Base
Grazyna Miller
Greg Bear
Greg Egan
Greg Palast
Gregory Benford
Groff Conklin
Gustav BenJava
Gustav Meyrink
Guy de Maupassant
Gwynne Forster
Gunter Grass
H. Beam Piper
H. G. Wells
H. P. Lovecraft
H. Rider Haggard
H.A. Rey
H.L. Gold
Hailey North
Hal Clement
Halide Edip Adivar
Hanif Kureishi
Hannah Howell
Hanne Blank
Hans Christian Andersen
Hans Herbjornsrud
Hardie Gramatky
Harlan Ellison
Harold Norse
Harold Sin
Harold Sonny Ladoo
Harriet Doerr
Harriet Theresa Comstock
Harry Bowling
Harry Browne
Harry Glasper
Harry Harrison
Harry Turtledove
Harry de Windt
Harry de Windt Explorer
Havank
Hayford Peirce
Heather Graham
Heather Graham Pozzessere
Hector Malot
Helen Baker
Helen Bannerman
Helen Fielding
Helen Forrester
Helen Mittermeyer
Helmut Krausser
Hendrik Willem van Loon
Henry A. Giroux
Henry David Thoreau
Henry Hasse
Henry James
Henry Kuttner
Herman Charles Bosman
Herman Melville
Hermann Hesse
Hilary Norman
Holdemar Menezes
Howard Fast
Howard Waldrop
Hubert Selby Jr.
Hugh Laurie
Hugh Lofting
Hugo Claus
Hugo Gernsback
Hunter S. Thompson
I.bni Kemal
Iain M. Banks
Ian Fleming
Ian R. MacLeod
Ian Wallace
Ignacy Krasicki
Ilkka Tuomi
Ingo Sundmacher
Iris Chang
Iris Gower
Iris Rainer Dart
Irvine Welsh
Irving Johnson
Isaac Asimov
Isabel Wolffe
Ismet ozel
Italo Calvino
Ivan Turgenev
Ivan Vazov
Ivor Hanson
J. K. Rowling
J. M. Barrie
J. Michael Straczynski
J. R. R. Tolkien
J.G. Ballard
J.P. Martin
J.R. Ward
JC De La Torre
Jack C. Haldeman II
Jack Dann
Jack Higgins
Jack Kerouac
Jack King
Jack L. Chalker
Jack Lait
Jack London
Jack McDevitt
Jack Miles
Jack Vance
Jack Williamson
Jack Womack
Jackie Collins
Jacob Abbott
Jacob Larson
Jacob and Wilhelm Grimm
Jacqueline Diamond
Jacqueline Lichtenberg
Jacques Poulin
James A. Strecker
James Alan Gardner
James Blish
James Boswell
James Bovard
James Brock
James Chapman
James Frey
James H. Schmitz
James Hearst 1900 - 1983
James Herriot
James Joyce
James Kelman
James Oliver Curwood
James P. Blaylock
James P. Hogan
James Phelan
James Robert Baker
James Russell Miller
James Sites
James Spix
James Thurber
James Tiptree
James V. Downton
James White
Jan Axelson
Jan Karon
Jan Narveson
Jan and Stan Berenstain
Janaki Ram
Jane Austen
Jane Bonander
Jane Feather
Jane Heller
Jane Jacobs
Jane Lane
Jane Leslie Conly
Jane Peart
Jane Toombs
Jane Yolen
Janelle Denison
Janelle Taylor
Janet Asimov
Janet Dailey
Janet Lynnford
Janet Norris
Janette Oke
Janusz A. Zajdel
Janwillem van de Wetering
Jared Diamond
Jasmine Cresswell
Jason Roberts
Jasper Fforde
Jaspreet Singh
Javier Abril Espinoza
Javier Marias
Jayne Ann Krentz
Jean Baptiste Proulx
Jean Edward Smith
Jean George
Jean Henry
Jean Lorrah
Jean Overton Fuller
Jean R. Ewing
Jean Shinoda Bolen
Jean de Brunhoff
Jeanette Baker
Jeanne Savery
Jeanne Wakatsuki Houston
Jeff Noon
Jeffrey A. Nesbit
Jeffrey Carver
Jeffrey Deaver
Jeffrey E. Barlough
Jeffrey Guterman
Jenna McKnight
Jennifer Blake
Jennifer Wilde
Jerome Bixby
Jerome David Salinger
Jerry Ahern
Jerry Ordway
Jerry Pinkney
Jerry Pournelle
Jerry Sohl
Jerzy Kosinski
Jesse Liberty
Jessica Gregson
Jessica Stirling
Jessica Zafra
Jill Barnett
Jill Mansell
Jill Marie Landis
Jill Paton Walsh
Jillian Hunter
Jilly Cooper
Jim Hargan
Jim Murphy
Jo Beverley
Jo Clayton
Joan D. Vinge
Joan Johnston
Joan Slonczewski
Joan Wolf
Joanna Russ
Joanne Harris
Jodi Thomas
Joe Haldeman
Joel Chandler Harris
Joel Rosenberg
Joel Shepherd
Joey Fanelli
Johann Gottfried von Herder
Johanna Lindsey
Johanna Sinisalo
Johanna Spyri
John Barnes
John Bellairs
John Brunner
John Bunyan
John C. Dvorak
John Christopher
John Cotton
John Creasey
John D. Fitzgerald
John D. MacDonald
John Dalmas
John Grisham
John Harrington
John Jakes
John Locke
John Marsden
John Maxwell Coetzee
John Newbery
John Norman
John O'Hara
John Ostrander
John Rawls
John S. C. Abbott
John Shirley
John Sladek
John Stuart Mill
John Taine
John Taylor Gatto
John Updike
John Varley
John W. Campbell Jr.
John Wyndham
Johnny Lovewisdom
Jon Haylett
Jonathan Lethem
Jonathan Swift
Jorge Luis Borges
Jose Luis Rodriguez Pitti
Jose Y. Dalisay
Joseph Alexander Altsheler
Joseph Conrad
Joseph Jacobs
Joseph Mitchell
Josephine Cox
Josie Dew
Joy Fielding
Jude Deveraux
Judith A. Lansdowne
Judith Gould
Judith Ivory
Judith Krantz
Judith Lennox
Judith McNaught
Judith Merril
Judith Michael
Judith Pella
Judith Viorst
Judy Blume
Jules Verne
Julia Quinn
Julian Green
Julian May
Julian Rathbone
Juliana Garnett
Julie Elizabeth Leto
Julie Ellis
Julie Garwood
Julie Moffett
Julio Carreras
June Lund Shiplett
Jurgen Habermas
K. A. Applegate
K. D. Wentworth
K. Sello Duiker
K. W. Jeter
Kadri Kousaar
Kage Baker
Karen A. Bale
Karen Harbaugh
Karen Hawkins
Karen Hesse
Karen Joy Fowler
Karen Kay
Karen Platt
Karen Robards
Karen Rose Smith
Kari
Karl Marx
Karry Ross
Karyn Monk
Kas
Kasey Hargan
Kasey Michaels
Kat Martin
Kat Meads
Kate Allan
Kate Douglas Wiggin
Kate Grenville
Kate Klise
Kate Thompson
Kate Wilhelm
Katherine Kingsley
Katherine Maclean
Katherine Mansfield
Katherine Stone
Katherine Sutcliffe
Kathleen Baldwin
Kathleen Eagle
Kathleen Harrington
Kathleen Kane
Kathleen Maxwell
Kathleen Winsor
Kathleen Woodiwiss
Kathryn Grant
Kathryn H. Kidd
Kathryn Ptacek
Kathy Marks
Kathy Tyers
Katie Fforde
Katip celebi
Kay Boyle
Kay Hooper
Kay Kenyon
Kaye Thompson
Keith Laumer
Keith Moreau
Keith Roberts
Keith Rosier
Ken Grimwood
Ken Kesey
Ken MacLeod
Ken Rexford
Kenneth Goldsmith
Kenneth Grahame
Kenneth McGuigan
Kenneth S. Deffeyes
Kenneth Walton
Kerianne Lyons
Kevin J. Anderson
Kevin Prufer
Kieron Connolly
Kilburn Hall
Kim Stanley Robinson
Kimmo Lehtonen
Kingsley Amis
Kirsty Brooks
Knut Hamsun
Kobo Abe
Krishek Aryeh
Kristen Kyle
Kristi Brooks
Kurt Vonnegut
L. E. Modesitt
L. Frank Baum
L. Neil Smith
L. Ron Hubbard
L. Sprague de Camp
LaVyrle Spencer
Larry Mike Garmon
Larry Niven
Laura Ingalls Wilder
Laura Jean Libbey
Laura Matthews
Laura Numeroff
Lauren Brooke
Lauren Myracle
Laurence Janifer
Laurence Manning
Laurence Sterne
Lawrence M. Stratton
Lawrence Shainberg
Lawrence Watt
Lee Iacocca
Lee Spence
LeeLinda Francis
Leigh Brackett
Leigh Greenwood
Leigh Michaels
Leigh Somers
Lemony Snicket
Len Deighton
Len Peterson
Lena Kennedy
Leo Margulies
Leo Tolstoy
Leon Trotsky
Leon Uris
Leonard Kip
Les Roberts
Les Simons
Lesley Pearse
Leslie Esdaile
Leslie McFarlane
Lester Dent
Lester del Rey
Lewis Carroll
Libby Rees
Lin Carter
Lin Yutang
Linda Francis Lee
Linda Haldeman
Linda Howard
Linda Ladd
Linda Lael Miller
Linda Lewis
Linda Nagata
Linda O. Johnston
Lionel Curtis
Lionel Fenn
Lisa Ann Verge
Lisa Appignanesi
Lisa Kleypas
Lisa Pulizter
Lisa Unger
Liz Kessler
Lloyd Alexander
Lois Faye Dyer
Lois Kleinsasser
Lois Lowry
Lois McMaster Bujold
Lori Copeland
Lori Foster
Louis Bromfield
Louis Sachar
Louis emond
Louisa May Alcott
Louise Bagshawe
Louise Titchener
Lucia St. Clair Robson
Lucius Shepard
Lucy M. Boston
Lucy Maud Montgomery
Ludwig von Mises
Luis Sepulveda
Lynda Page
Lynn Abbey
Lynn Kerstan
Lynn Kurland
Lynne Barrett
Lynne Rae Perkins
Lynne Reid Banks
Lysander Spooner
Lytton Strachey
M. F. Korn
M. John Harrison
Mack Reynolds
Maddox
Madeleine L'Engle
Madeline Baker
Madeline Hunter
Madge Swindells
Maeve Binchy
Maggie Shayne
Malorie Blackman
Mandalyn Kaye
Marc Abrahams
Marcel Marceau
Marcia Brown
Marcia Willett
Marek Oramus
Margaret Brownley
Margaret Dickinson
Margaret Evans Porter
Margaret Murphy
Margaret St. Clair
Margaret Thornton
Margery Williams
Margot Early
Marguerite Hamilton
Marguerite Henry
Marguerite Yourcenar
Marguerite de Angeli
Maria Barrett
Mariah Stewart
Marian Keyes
Marie
Marie Ferrarella
Marilyn Pappano
Marilyn Singer
Marin Preda
Mario Puzo
Marion Chesney
Marion Zimmer Bradley
Maris Soule
Marjorie Pickthall
Marjorie Rawlings
Mark Budman
Mark Clifton
Mark Crockett
Mark Hayhurst
Mark Helprin
Mark Lindquist
Mark S. Geston
Martha Downer Ellis
Martha Kirkland
Martha Mphahlele
Martha Wells
Martin Amis
Martin Ebbertz
Martin Gilbert
Martin Roberts
Mary Alice Pritchard
Mary Balogh
Mary Beth Lundgren
Mary Bly
Mary Cholmondeley
Mary Doria Russell
Mary Gentle
Mary Hallock Foote
Mary Jane Staples
Mary Jo Putney
Mary Lynn Baxter
Mary Mapes Dodge
Mary Norton
Mary Pope Osborne
Mary Ruwart
Mary Shelley
Mary Spencer
Mary Stewart
Marylyle Rogers
Matthew Reilly
Matthew Roberson
Matthew Stadler
Maureen F. McHugh
Maureen Lee
Maurice Sendak
Max Allan Collins
Max Barry
Max Ruback
May McGoldrick
Meagan McKinney
Melanie Rae Thon
Melynda Beth Skinner
Mercedes Lackey
Merline Lovelace
Merrill Jensen
Meryl Sawyer
Michael A. Stackpole
Michael Alfred Peszke
Michael Bond
Michael Collins
Michael Crichton
Michael Flynn
Michael Johns
Michael Kenyon
Michael Marr
Michael Moorcock
Michael O'Neill
Michael Palmer
Michael Shaara
Michael Swanwick
Michael Szameit
Michael Wiesenberg
Michael Z. Williamson
Michele Bardsley
Miguel angel Asturias
Miha Remec
Mike Resnick
Milan Kundera
Mildred Grieveson
Millie Criswell
Milorad Pavic
Milton Abramowitz
Miranda Jarrett
Miranda Lee
Mo Foster
Mohamad Latiff
Mona Telor
Montague Summers
Mordecai Richler
Moudar Nassour
Munir Moosa Sewani
Munro Leaf
Murray Leinster
Naguib Mahfouz
Najiba Ahmad
Nam?k Kemal
Nancy Farmer
Nancy Kress
Nancy Richards
Nancy Taylor Rosenberg
Nassim Nicholas Taleb
Nat Schachner
Nathalie Gray
Nathaniel Hawthorne
Neal Stephenson
Necip Faz?l K?sakurek
Neel Doff
Neil Gaiman
Nelson S. Bond
Nerida Newton
Nevada Barr
Nevil Shute
Nicholas Fisk
Nicholas Kulish
Nick Catalano
Nick Sagan
Nikolai Gogol
Nikos Kazantzakis
Nina Liedtke
Nirad C. Chaudhuri
Nirpal Singh Dhaliwal
Noam Chomsky
Nolla
Nora Roberts
Norah Hess
Norma Lehmeier Hartie
Norman Douglas
Norman Spinrad
Norton Juster
O'Connor
O. Douglas
O.R.Melling
Octavia E. Butler
Olaf Stapledon
Oliver Goldsmith
Olivia Fontayne
Omer Seyfettin
Onat Kutlar
Orhan Pamuk
Orson Scott Card
Oscar Wilde
Otto Maria Carpeaux
Ouida Sebestyen
P. D. James
P. G. Wodehouse
P. Schuyler Miller
P.K. Page
Pam McCutcheon
Pamela Dean
Pamela Sargent
Pamela Travers
Pamela Wallace
Pat Booth
Pat Cadigan
Pat Murphy
Pat Warren
Patricia C. Wrede
Patricia Cornwell
Patricia Gaffney
Patricia Grasso
Patricia Highsmith
Patricia L. Scott
Patricia MacLachlan
Patricia Maxwell
Patricia Oliver
Patricia Rice
Patricia Scanlan
Patricia Veryan
Patricia Wynn
Patrick Elkins
Patrick Hamilton
Patrick Moore
Patrick Suskind
Patrick Tilley
Patrick White
Patty Salier
Paul B. Lowney
Paul Bailey
Paul Burman
Paul Craig Roberts
Paul Guimard
Paul J. McAuley
Paul Levinson
Paul Marlowe
Paul Preuss
Paula Byrne
Paula Danziger
Paula Tanner Girard
Pedro Juan Gutierrez
Penelope Farmer
Penelope Fitzgerald
Penelope Williamson
Penny Jordan
Peride Celal
Perry T. Ryan
Peter Carey
Peter Corey
Peter Danielson
Peter Dickinson
Peter F. Hamilton
Peter May
Peter Pohl
Phaswane Mpe
Philip Gwynne
Philip Jose Farmer
Philip K. Dick
Phillip Pullman
Phyllis Gotlieb
Piers Anthony
Plato
Poul Anderson
Quinn Taylor Evans
Qurratulain Haider
R. A. Lafferty
R. Austin Freeman
R. Foster Winans
R. L. Stine
Rachel Wilson
Rachel Zadok
Rafal A. Ziemkiewicz
Ralph Chubb
Ralph Waldo Emerson
Ramsey Campbell
Randall Frakes
Randall Garrett
Randall Kenan
Ranj Dhaliwal
Ray Bradbury
Ray Buttigieg
Ray Melnik
Ray Palmer
Ray Sahelian
Raymond F. Jones
Raymond Feist
Raymond Fraser
Raymond Khoury
Raymond Z. Gallun
Rebecca Baldwin
Rebecca Brandewyne
Rebecca Rosenblat
Rebecca Sinclair
Rebecca St. James
Rebecca York
Reginald Bretnor
Renald Iacovelli
Rene Villanueva
Renee Roszel
Rennie Davis
Rexanne Becnel
Rhoda Broughton
Rhoda Shipman
Riad Nassour
Richard Elliott Friedman
Richard Forno
Richard Lockridge
Richard Matheson
Richard Maybury
Richard Paul Russo
Richard Preston
Richard S. Shaver
Richard Scarry
Richard Yates
Richard Zimler
Richmal Crompton
Rick Bayan
Rick Law
Rick Raphael
Rick Walton
Ridley Pearson
Rina Brundu
Rinker Buck
Roald Dahl
Robert A. Heinlein
Robert Abernathy
Robert Anton Wilson
Robert Anwood
Robert Asprin
Robert Bloch
Robert Bly
Robert C. O'Brien
Robert Charles Wilson
Robert Crais
Robert E. Howard
Robert Frost
Robert Fulghum
Robert Goddard
Robert Irwin
Robert J. Sawyer
Robert Kiyosaki
Robert L. Forward
Robert Lacey
Robert Lawson
Robert Lissauer
Robert Louis Stevenson
Robert McAlmon
Robert McCloskey
Robert Menasse
Robert Muchamore
Robert Munsch
Robert Palmer
Robert Priest
Robert Rius
Robert Shaw
Robert Sheckley
Robert Silverberg
Robert Thurston
Robin Lee Hatcher
Robin Schone
Robyn Carr
Robyn Donald
Robyn Heirtzler
Rochelle Alers
Rod Serling
Roger Dean Kiser
Roger Elwood
Roger Hargreaves
Roger MacBride Allen
Roger Zelazny
Roland C. Wagner
Roland Schimmelpfennig
Ron Goulart
Ron Silliman
Ronald Firbank
Ronald James Marsh
Rosamunde Pilcher
Rosanne Bittner
Rosemary Edghill
Rosemary Rogers
Rosie Malek
Rosie Thomas
Ross Lockridge
Ross Rocklynne
Roz Denny Fox
Rudolfo Anaya
Rudolph Wurlitzer
Rudy Rucker
Rudyard Kipling
Rumer Godden
Ruskin Bond
Russell Hoban
Ruth Hamilton
Ruth Jean Dale
Ruth Langan
Ruth Owen
Ruth Ryan Langan
Ruth Wind
Ryu
S. M. Stirling
S.E. Hinton
Saadat Saeed
Sabrina Jeffries
Sachchidananda Hirananda Vatsyayana
Sadat Hasan Manto
Sait Faik
Sait Faik Abasyank
Sally Beauman
Sally Steward
Sally Tyler Hayes
Salman Rushdie
Sam Moskowitz
Samuel "Mark Twain" Clemens
Samuel Clemens
Samuel Johnson
Samuel R. Delany
Sandra Brown
Sandra Cisneros
Sandra Kitt
Sandra Marton
Sarah Kane
Sarah Zettel
Saranne Dawson
Satyabrata Rai Chowdhuri
Scott O'Dell
Scott Westerfeld
Sebastian Haffner
Serdar Turkeli
Sergey Lukyanenko
Sergio Troncoso
Shannon Drake
Sharon Creech
Sharon Ihle
Sharon Kendrick
Sharon Lee
Sharon Pollock
Sharon Schulze
Sheila Burnford
Shel Silverstein
Shelly Thacker
Sherrilyn Kenyon
Shirl Henke
Shirley Hazzard
Shirley Jackson
Sidney Sheldon
Silver Soul
Simon Ings
Simon Lake
Simon Reeve
Simone Poirier
Sir Thomas Browne
Sir Walter Scott
Somtow Sucharitkul
Spider Robinson
St. Augustine of Hippo
Stacey Levine
Stanis?aw Lem
Stanley Booth
Stanley G. Weinbaum
Stanley Schmidt
Stanton A. Coblentz
Stephanie Laurens
Stephanie Mittman
Stephen Baxter
Stephen Dixon
Stephen Elliott
Stephen Hunt
Stephen Jay Gould
Stephen King
Stephen R. Lawhead
Stephen T. Chang
Steve Almond
Steve Alten
Steve Erickson
Steve Miller
Steve Perry
Steve Rasnic Tem
Steve White
Steven Barnes
Steven Brust
Steven Erikson
Steven Pressfield
Stobie Piel
Stuart Dybek
Sue Grafton
Susan Andersen
Susan Bulkeley Butler
Susan Cooper
Susan Elizabeth Phillips
Susan Ericksen
Susan Johnson
Susan Kearney
Susan King
Susan Krinard
Susan LawKay
Susan Leslie Liepitz
Susan Lewis
Susan Mallery
Susan Paul
Susan Sallis
Susan Sizemore
Susan Smith
Susan Wiggs
Suzanne Enoch
Suzanne Forster
Suzanne Lieurance
Suzanne Robinson
Suzanne Somers
Suzette Haden Elgin
Suzy Rice
Szilvia Molnar
T R Pearson
T. J. Bass
T.L. Sherred
Tabitha King
Tamar Yellin
Tami Hoag
Tamora Pierce
Tanith Lee
Tao Lin
Taylor Ryan
Ted Chiang
Ted Plantos
Terence McKenna
Teresa Medeiros
Terry Bisson
Terry Brooks
Terry Carr
Terry Davis
Terry Goodkind
Terry Pratchett
Terry Southern
Terry W. Burns
Tess Gerritsen
Theodor "Dr. Seuss" Geisel
Theodore Sturgeon
Theodore White
Theresa Scott
Theresa Weir
Thom Jones
Thomas Brezina
Thomas D. Clark
Thomas DiLorenzo
Thomas Fink
Thomas Hardy
Thomas Harris
Thomas M. Disch
Thomas N. Scortia
Thomas Pynchon
Thomas Sullivan
Tim LaHaye
Tim Lucas
Timothy Fish
Timothy Zahn
Todhunter Ballard
Tom Clancy
Tom Godwin
Tom Reamy
Tom Sharpe
Tom Terry
Tony Barrell
Tony Rothman
Tove Jansson
Tracy Grant
Trisha Alexander
Tucker Max
Ugonna Wachuku
Umberto Eco
Ursula K. Le Guin
Veli Karahoda
Vella Munn
Vernor Vinge
Vesna Dencic
Vicki Lewis Thompson
Victor Heck
Victoria Barrett
Victoria Holt
Vincent Brome
Virginia C. Andrews
Virginia Henley
Virginia Lee Burton
Vivian Jeanette Kaplan
Vivian Leiber
Vladimir Megre
Voltaire
W. E. B. Griffin
W. Richard Stevens
W. Somerset Maugham
W.P. Kinsella
W?adys?aw Tatarkiewicz
Walid Soliman
Wallace Breem
Wallace West
Walter Brueggemann
Walter Dean Meyers
Walter Jon Williams
Walter M. Miller
Walter S. Zapotoczny
Walter Scott Story
Walter Tevis
Ward Moore
Washington Irving
Wayne Federman
Wayne Ray
Wendy Coakley
Wendy Holden
Will Cuppy
Will Shetterly
William B. Ellern
William Black
William Bueller Seabrook
William Burroughs
William Butler Yeats
William Direen
William F. Nolan
William F. Temple
William Faulkner
William Gibson
William H. Armstrong
William Lawhead
William Levy
William Pene du Bois
William R. Forstchen
William Ralph Inge
William Shakespeare
William Shatner
William Shunn
William Sleator
William Tenn
William Upski Wimsatt
William Winter
Wilson Tucker
Winston Churchill
Wladimir Kaminer
Wolfgang W.E. Samuel
Wyman Guin
Yaruch Bann
Yevgeny Zamyatin
Yoshiyuki Tomino
Yusuf Akcura
Yusuf Has Hajib
ZZ Packer
Zahid Hussain
Zenna Henderson
Zillur Rahman John
Zilpha Keatley Snyder
Ziya Gokalp
Zoe Barnes
