Acai
Acerola
Acorn squash
African cherry orange
Akee
Alemow
Amanatsu
Amazon Grape
American grape
American Mayapple
American persimmon
Angelica
Apple
Apple and crabapple
Apricot
aprium
Araza
Arhat
Avocado
Babaco
Bael
Bael
Banana
Barbados Cherry
Barberry
Bearberry
Bergamot orange 
Berry
Bilberry
Bilimbi
Bitter orange
Black mulberry
Blackberry
Blood orange
Blueberry
Breadfruit
Buddha's hand, 
Buffaloberry
Burmese grape
Buttercup squash
Butternut squash
Cacti
Calabash
Calamondin
CamuCamu
Canistel
Cape Gooseberry
Carabao lime
Carambola
Cempedak
Che
Cherimoya
Cherry
Chinese gooseberry
Chokeberry
Chokecherry
Citron
Citron Citrus medica
Citrus aurantium
Clementine
Clementine
Cloudberry
Coconut
Cocoplum
Colo
cooking apple
Cornelian cherry
Cranberry
Cranberry
Crowberry
Currant
currant
Cushaw squash
Custard apple
Daidai
Damson Plum
Dancy
Date palm
Date-plum
Dekopon
Djeruk limau, 
Dragonfruit
Dragonfruit
Durian
Eggfruit
Elderberry
Elephant apple
False-mastic
Feijoa
Fig
Gajanimma
Garden Peach Tomato
Gooseberry
Goumi
Gourds
Grape
Grapefruit
Grapefruit, 
Grapes
Grenadilla
Ground Plum
Guarana
Guava
Guavaberry
Hackberry
Hawthorn
Hirami lemon
Honeysuckle
Horned melon
Horned melon
Hubbard squash
Huckleberry
Ice Plant
Ichang Lemon
Indian Prune
Ivy
Iyokan
Jaboticaba
Jackfruit
Jambul
Jatoba
Jenipapo
Jujube
Kabosu
Kaffir lime
Kaffir lime
Kahikatea
Kandis
Keppel fruit
Key Lime
Key lime
Khasi pepeda
Kinnow
Kiwifruit
Kumquat
Kumquat
Kundong
Langsat
Lemanderin
Lemon
Lime
Limequat
Limes
limetta
Linden
Lingonberry
Loganberry
Longan
Loquat
Lulo
Lychee
Mabolo,
Mamey sapote
Mamoncillo
Mandarin
Mandarin Lime 
Mandarin Orange
Mango
Mangosteen
Manoao
Marang
Mayapple
Medlar
Melon
Meyer Lemon
Mikan
Monstera
Mulberry
Murta
Nageia
Nannyberry
Naranjilla
Natsumikan
Olive
Orange
Orange
Orangelo
Orangelo
Orangequat
Oregon grape
Oroblanco
Osage-orange
Papaya
Papayas
Passion fruit
Pawpaw
Peach
peach-palm
peacotum
Peanut butter fruit
Pear
Pequi
Persian lime
Persian lime
Persimmon
Pigeon plum
Pineapple
Pitomba
Plum
pluot
Podocarp
Podocarpus
Poha
Poisonleaf
Pomegranate
Pomelo
Pomelo
Pond-apple
Ponkan
Prickly pear
Privet
Prumnopitys
Pummelo
Pumpkins
Pupunha
Quince
raisin
Raisin tree
Rambutan
Rangpur
Rangpur
Raspberries
Raspberry
Red Mombin
Rhubarb
Riberry
Rimu
Rose apple
Rose-hip
Rough Lemon 
Rowan
Rumberry
Sageretia
Saguaro
Salak
Salal berry
Salmonberry
Salmonberry
Santol
Sapodilla
saskatoon
Satsuma
Saw Palmetto
Sea Grape
Sea-buckthorn
Service tree
Serviceberry
Seville
Seville Orange
Shaddock
sheepberry
Shekwasha
Shipova
Silverbells
Snowberry
Soapberry
Souari Nut
Sour Orange
Soursop
Star apple
Stone fruits
Strawberry
Strawberry guava
Strawberry Tree
Sudachi
Suenkat
Sugar apple
sultana
Summer squash
Sunki
Surinam Cherry
Sweet Lemon 
Sweet Lime
Sweetie
Tachibana Orange
Tahiti lime
Taiwan tangerine
Tamarillo
Tamarind
Tangelo
Tangelo
Tangerine
Tangerine
Tangor 
Texas persimmon
Thimbleberry
Timberry
Tree Tomato
Ugli fruit
Ugli fruit
Wahoo
Watermelon
Watermelon
whortleberry
Wineberry
Wolfberry
Yangmei
Yuzu 
