Afghanish
Albanian
Algerian
American
American Samoan
Andorran
Angleterrenish
Angolan
Antigua and Barbudan
Argentinian
Armenian
Aruban
Australian
Austrian
Azerbadjanish
Azerbaijanish
Bahamish
Bahrainish
Bangladesian
Barbadosian
Belarussian
Belgish
Belizenish
Beninish
Bermudan
Bhoutanish
Bhutanish
Birmanian
Bolivian
Boran
Bosnian
Botswanan
Brasilian
Brazilian
British
Bruneish
Bulgarian
Burkina Fasoian
Burkinan
Burman
Burundian
Cambodian
Cameroonish
Camerounish
Canadian
Cape Verdenish
Central African
Chadish
Chilenish
Chinese
Chyprish
Cocosian
Colombian
Comorian
Congolese
Congolesian
Cookian
Coreanish
Costa Rican
Croatian
Cuban
Cyprish
Czech
Czechoslovakian
Danish
Djiboutian
Dominican
Dutch
East German
East Timorian
Ecuadorian
Egyptish
El Salvadorish
Equatorial Guinean
Eritrean
Estonian
Ethiopian
Ethiopienish
Falklandish
Faroeish
Fidjianish
Fijianish
Finnish
French
French Guianan
French Polynesian
Gabonish
Gambian
Gambienish
Georgian
German
Ghanan
Gibraltish
Greec
Greenlandish
Grenadan
Groenlandish
Guadeloupish
Guamish
Guatemalan
Guinean
Guyanan
Guyanenish
Haitian
Herzegovian
Hondurasian
Hong Kong Chinese
Hungarian
Icelandish
Indian
Indonesian
Iranish
Iraqish
Irish
Israeli
Italian
Ivorian
Jamaican
Japaneese
Johnstonish
Jordan
Katarish
Kazakhish
Kazakhstanish
Kirghizish
Korean
Koweitish
Kuwaitish
Kyrgyzish
Laotish
Latin American
Latvian
Lebanoniian
Lesothonian
Lettish
Liberian
Libyan
Liechtensteinish
Luxembourgish
Macaoish
Macauish
Macedoish
Macedonian
Macedonian
Madagascarian
Malaysian
Maldivian
Malian
Maltan
Marocanish
Mauritanian
Mauritish
Mexican
Micronesian
Micronesian
Moldavian
Monegasse
Mongolian
Montenegrian
Montserratian
Moroccanish
Namibian
Nepalese
New Caledonian
New Zealandish
Nicaraguan
Nigerian
Nigerian
North Korean
Norvegian
Omanian
Ougandan
Ouzbekistanish
Pakistan
Pakistanish
Palestinan
Palestinensish
Palmyran
Palmyran
Panaman
Papouan
Papouasienish
Papua New Guinean
Paraguayan
Peruan
Philippinean
Polish
Polynesian
Portugese
Puerto Rican
Qatarian
Romanian
Ruandish
Russian
Rwandan
Saint Helenan
Saint Kitts and Nevisian
Saint Lucian
Samoan
San Marinean
Saudi Arabian
Senegalese
Serbian
Sierra Leonenish
Singaporenish
Slovakian
Slovenian
Somalian
Souazilandish
Soudanish
South African
South Korean
Spanish
Sri Lankan
Sudanese
Surinamish
Swedish
Swiss
Syrian
Tadjikish
Taiwanese
Tajikish
Tanzanian
Tchadian
Thai
Thailandish
Tibetian
Togoish
Tongan
Trinidadish
Tunisian
Turkish
Turkmenish
Ugandan
Ukrainish
Uruguayan
Uzbekish
Venezuelan
Vietnamese
Virgin Islandish
West German
Western Saharan
Western Samoan
Yemenitish
Yugoslavian
Zairian
Zambian
Zimbabwian

Zimbabwean
Zambian
Zairian
Yugoslavian
Yugoslav
Yemeni
Western Samoan
West German
Welsh
Vietnamese
Venezuelan
Vanuatuan
Uzbek
Uruguayan
Ukrain
Ugandan
Tuvaluan
Turkmenistani
Turkish
Tunisian
Tswana
Trinidadian
Tongan
Tokelauan
Togolese
Thai
Tanzanian
Tajikistani
Taiwanese
Syrian
Swiss
Swedish
Swazi
Surinamese
Sudanese
St. Lucian
Sri Lankan
Spanish
Southern Irish
South Korean
South African
Sotho
Somali
Slovakian
Slovak
Singaporian
Sierra Leonean
Senegalese
Scottish
Scots
Scotch
Saudi Arabian
Saudi
Sanmarinese
Salvadoran
Rwandan
Russian
Romanian
Reunionese
Qatari
Puerto Rican
Portuguese
Polish
Philippine
Peruvian
Papua New Guinean
Panamanian
Pakistani
Omani
Norwegian
Northern Irish
North Korean
Niuean
Nigerien
Nigerian
Nicaraguan
New Zealand
New Caledonian
Nepalese
Nauruan
Namibian
Mozambican
Motswana
Moroccan
Montserratian
Mongolian
Monagasque
Monacan
Micronesian
Mexican
Mauritian
Mauritanian
Martiniquais
Maltese
Malian
Maldivian
Malaysian
Malawian
Malagasy
Mahoran
Macau
Luxembourg
Lithuanian
Libyan
Liberian
Lebanese
Latvian
Laotian
Kuwaiti
Korean
Kenyan
Kazakhstani
Jordanian
Japanese
Jamaican
Ivorian
Italian
Israeli
Irish
Iraqi
Iranian
Indonesian
Indian
Icelandic
Haitian
Guyanese
Guinean
Guinea Bissauan
Guatemalan
Guamanian
Grenadian
Greenlandic
Greenlander
Ghanaian
German
Georgian
Gambian
French Polynesian
French
Finnish
Fijian
Faroese
Ethiopian
Estonian
Equatorial Guinean
English
Emirian
Egyptian
Ecuadorian
East German
Dutch
Dominican
Djiboutian
Danish
Czechoslovakian
Czechoslovak
Czech
Cypriot
Cuban
Costa Rican
Congolese
Comoran
Colombian
Chinese
Chilean
Channel Islander
Chadian
Central African
Caymanian
Cape Verdean
Canadian
Cameroonian
Cambodian
Burundi
Burmese
Burkinabe
Bulgarian
Bruneian
British
Brazilian
Bolivian
Bhutanese
Bermudian
Beninese
Belizean
Belgian
Barbadian
Bangladesh
Bahraini
Bahamian
Azerbaijani
Austrian
Aruban
Argentinian
Argentine
Antiguan
Anguillan
Angolan
Andorran
American Samoan
American
Algerian
Albanian
Afghan
Afghan
Afghane
Afghanes
Afghano
Afghans
Africain
Africaine
Africaines
Africains
Africo
Albanais
Albanaise
Albaniases
Albano
Algerien
Algerienne
Algeriennes
Algeriens
Algero
Allemand
Allemande
Allemandes
Allemands
Americain
Americaine
Americaines
Americains
Americano
Andorran
Andorrane
Andorranes
Andorrans
Andorro
Anglais
Anglaise
Anglaises
Anglo
Angolais
Angolaise
Angolaises
Angolo
Antillais
Antillaise
Antillaises
Antillo
Argentin
Argentine
Argentines
Argentino
Argentins
Asiatique
Asiatiques
Australien
Australienne
Australiennes
Australiens
Australo
Austro
Autrichien
Autrichienne
Autrichiennes
Autrichiens
Belge
Belges
Belgo
Bermudeen
Bermudeenne
Bermudeennes
Bermudeens
Bielorusse
Bielorusses
Birman
Birmane
Birmanes
Birmano
Birmans
Bolivien
Bolivienne
Boliviennes
Boliviens
Bolivo
Botswanais
Botswanaise
Botswanaises
Botswano
Bresilien
Bresilienne
Bresiliennes
Bresiliens
Bresilo
Britannique
Britanniques
Britanno
Bulgare
Bulgares
Bulgaro
Burkina
Burundais
Burundaise
Burundaises
Burundo
Caledonien
Caledonienne
Caledoniennes
Caledoniens
Cambodgien
Cambodgienne
Cambodgiennes
Cambodgiens
Camerounais
Camerounaise
Camerounaises
Canadien
Canadienne
Canadiennes
Canadiens
Canado
Centrafricain
Centrafricaine
Centrafricaines
Centrafricains
Chilien
Chilienne
Chiliennes
Chiliens
Chinois
Chinoise
Chinoises
Chypriote
Chypriotes
Cisjordanien
Cisjordanienne
Cisjordaniennes
Cisjordaniens
Cisjordano
Clermont
Colombien
Colombienne
Colombiennes
Colombiens
Comoreen
Comoreenne
Comoreennes
Comoreens
Congolais
Congolaise
Congolaises
Coreen
Coreenne
Coreennes
Coreens
Croate
Croates
Cubain
Cubaine
Cubaines
Cubains
Danois
Danoise
Danoises
Dominicain
Dominicaine
Dominicaines
Ecossais
Ecossaise
Ecossaises
Egyptien
Egyptienne
Egyptiennes
Egyptiens
Egypto
Emirats Arabes
Espagnol
Espagnole
Espagnoles
Espagnols
Estonien
Estonienne
Estoniennes
Estoniens
Ethiopien
Ethiopienne
Ethiopiennes
Ethiopiens
Europeano
Europeen
Europeenne
Europeennes
Europeens
Finlandais
Finlandaise
Finlandaises
Finlando
Finois
Finoise
Finoises
Francais
Francaise
Francaises
Franco
Gabonnais
Gabonnaise
Gabonnaises
Gambien
Gambienne
Gambiennes
Gambiens
Germano
Ghaneen
Ghaneenne
Ghaneennes
Ghaneens
Grec
Greco
Grecque
Grecques
Grecs
Guadelopeen
Guadelopeenne
Guadelopeennes
Guadelopeens
Guatemalteque
Guatemalteques
Guineen
Guineenne
Guineennes
Guineens
Guyanais
Guyanaise
Guyanaises
Haitien
Haitienne
Haitiennes
Haitiens
Helvetico
Helvetique
Helvetiques
Hispano
Hollandais
Hollandaise
Hollandaises
Hongro
Hongrois
Hongroise
Indien
Indienne
Indiennes
Indiens
Indo
Indonesien
Indonesienne
Indonesiennes
Indonesiens
Indonesio
Irakien
Irakienne
Irakiennes
Irakiens
Irako
Iranien
Iranienne
Iraniennes
Iraniens
Irano
Iraqien
Iraqienne
Iraqiennes
Iraqiens
Iraqo
Irlandais
Irlandaise
Irlandaises
Irlando
Islandais
Islandaise
Islandaises
Islando
Israelien
Israelienne
Israeliennes
Israeliens
Israelo
Italien
Italienne
Italiennes
Italiens
Italo
Ivoirien
Ivoirienne
Ivoiriennes
Ivoiriens
Jamaicain
Jamaicainne
Jamaicainnes
Jamaicains
Jamaico
Japonais
Japonaise
Japonaises
Japono
Jordanien
Jordanienne
Jordaniennes
Jordaniens
Jordano
Kenyan
Kenyane
Kenyanes
Kenyans
Koweitien
Koweitienne
Koweitiennes
Koweitiens
Koweito
Letton
Lettonne
Lettonnes
Lettons
Libanais
Libanaise
Libanaises
Libano
Liberien
Liberienne
Liberiennes
Liberiens
Lithuanien
Lithuanienne
Lithuaniennes
Lithuaniens
Luxembourgeois
Luxembourgeoise
Luxembourgeoises
Malaisien
Malaisienne
Malaisiennes
Malaisiens
Maldive
Maldives
Malgache
Malgaches
Malien
Malienne
Maliennes
Maliens
Maltais
Maltaise
Maltaises
Margarita
Marocain
Marocaine
Marocaines
Marocains
Martiniquais
Martiniquaise
Martiniquaises
Mauritanien
Mauritanienne
Mauritaniennes
Mauritaniens
Mexicain
Mexicaine
Mexicaines
Mexicains
Monegasque
Monegasques
Mongolien
Mongolienne
Mongoliennes
Mongoliens
Namibien
Namibienne
Namibiennes
Namibiens
Nepalais
Nepalaise
Nepalaises
Nicaraguayen
Nicaraguayenne
Nicaraguayennes
Nicaraguayens
Nigerian
Nigeriane
Nigerianes
Nigerians
Nigerien
Nigerienne
Nigeriennes
Nigeriens
Nippon
Nippone
Nippones
Nippons
Norvegien
Norvegienne
Norvegiennes
Norvegiens
Peruvien
Peruvienne
Peruviennes
Peruviens
Philippin
Philippine
Philippines
Philippins
Portugais
Portugaise
Portugaises
Quebeco
Quebecois
Quebecoise
Quebecoises
Reunionais
Reunionaise
Reunionaises
Roumain
Roumaine
Roumaines
Roumains
Roumano
Russo
Rwandais
Rwandaise
Rwandaises
Saoudien
Saoudienne
Saoudiennes
Saoudiens
Senegalais
Senegalaise
Senegalaises
Senegalo
Serbe
Serbes
Sino
Somalien
Somalienne
Somaliennes
Somaliens
Soudanais
Soudanaise
Soudanaises
Sovietique
Sovietiques
Sovieto
Sri-Lankais
Sri-Lankaise
Sri-Lankaises
Suedo
Suedois
Suedoise
Suedoises
Suisse
Suisses
Syrien
Syrienne
Syriennes
Syriens
Taiwanais
Taiwanaise
Taiwanaises
Tanzanien
Tanzanienne
Tanzaniennes
Tanzaniens
Tchadien
Tchadienne
Tchadiennes
Tchadiens
Tcheco
Tchecoslovaque
Tchecoslovaques
Tcheque
Tcheques
Thailandais
Thailandaise
Thailandaises
Togolais
Togolaise
Togolaises
Tunisien
Tunisienne
Tunisiennes
Tunisiens
Tunisio
Turc
Turco
Turcs
Turque
Turques
Ukrainien
Ukrainienne
Ukrainiennes
Ukrainiens
Venezuelien
Venezuelienne
Venezueliennes
Venezueliens
Vietnamien
Vietnamienne
Vietnamiennes
Vietnamiens
Yougoslave
Yougoslaves
Zairois
Zairoise
Zairoises
Zambien
Zambienne
Zambiennes
Zambiens
