2001
1x2
20 Minuten
24 Chasa
24 horas
525ci
7 Dney
7 dni sport
7DAYS
A Bola
Aachener Nachrichten
Aachener Zeitung
Aafathis Daily
Aaj
Aaj Kal
Aajeet
Aajker Kagoj
Aamulehti
Aargauer Zeitung
Abante Tonite
Abante Una Sa Balita
ABC
ABC Color
Abrar
Ad-Dustour
AdDyar
Adevarul
Adresseavisen
Adrian
Adrian
Adrian
Affari Italiani
Afghanistan
Afrika
Afrikaans
Aftab Yazd
Aftenposten
Afternoon
Aftonbladet
Ag Journal Online.com
Agefi
Agym
Aiken
Aiken Standard
Ajo Copper News
Akron Beacon Journal
Aksam
Al Ahdath Al Maghribia
Al Alam
Al Anbaa
Al Arabi
Al Ayyam
Al bayan
Al Bayane
Al Dia
Al Fadjr
Al Hayat Al Jadida
Al Ittihad Al Ichtiraki
Al Qabas
Al Qamar Online
Al Quds
Al Ra'ee
Al Raialaam
Al Seyassah
Al Talea
Al-Ahly
Al-Ahram
Al-Akhbar
Al-Akhbar
Al-Amal
Alameda Times-Star
Al-Anwar
Al-Arabimag
Alaska Journal of Commerce
Al-Bait
Albany Democrat-Herald
Albuquerque Journal
Albuquerque Tribune
Alcester Union and Hudsonite
AL-Dostour
Al-Esboo'e
Al-Fajr Al Jadeed
Algemeen Dagblad
Algemeiner Journal
Alghad
Al-ghad
Al-Hoda
Al-Jamahiria
Al-Jamahiria EL-Youm
Allegan
Almanac Panorama
Al-Masry Al-Youm
Al-Mustakbal
Alpena
Alshames
Alto Adige
Altoona Mirror
Al-Wafd
Al-Waqae'a Al-Masreya
Al-Watan
Al-Watan
Al-Zahf Al Akhdar
am730
Amadal Amazigh
Amandala
Amar Desh
Ambato
ambito Financiero
America Oggi
American News
American Srbobran
Americke Listy
Amerika Woche
Amerika/America
Amerikai Magyar Szo
Ananda Bazar Patrika
Anchorage Daily News
Andhra Bhoomi
Andhra Jyothi
Andhra Jyothi
Angelioforos of Thessaloniki
Ann Arbor
Ann Arbor
An-Nahar
Antelope Valley Press
Antigo Daily Journal
Antrim County News
Apogevmatini
Appeal-Democrat
Appenzeller Zeitung
Apple Daily
Apple Daily
Arab American News
Arab News
Arab Times'
Arctic Sounder
Arecibo Star
Argentinisches Tageblatt
Argumenti i fakti
Argus Leader
Argus Observer
Argus-Press Daily
aripaev
Arizona Business Gazette
Arizona Daily Star
Arizona Daily Sun
Arizona Range News
Arizona Silver Belt
Arkansas Business
Arkansas Democrat-Gazette
Arkansas Times
Armenian Observer
Armenian Reporter International
As
Asaba
Asahi Shimbun
Asbarez
Asbury Park Press
Asheville Citizen-Times
Ashland Daily Press
Ashland Daily Tidings
Ashley County Ledger
Asia Times
Asian Age
Aspen Daily News
Asr-e Azadegan
Assabah
Assafir
assahifa
Atchison Daily Globe
Athens Banner Herald - Athens daily
Athens News weekly
Athol Daily News
Atlanta Daily World  - Atlanta weekly
Attajdid
Auburn Journal
Augusta Chronicle - Augusta daily
Aujourd'hui Le Maroc
Aurora Daily Sentinel & Daily Sun
Austin American-Statesman
Austin Chronicle
Averea
Avgi
Avvenire
Ayna-Zerkalo
Azadlig
Azeri language:
B.T.
B.Z.
Babahoyo
Bad Axe
Badische Zeitung
Bahia de Caraquez
Bajo el Sol
Baker City Herald
Bakersfield Californian
Bakinski rabochi
Bakinskie vedomosti
Baku Sun
Baku Today
Balochistan Post
Baltimore Afro-American
Baltimore City Paper
Bangkok Post
Bangor Daily News
Banker
Banner-News
Baraboo News Republic
Barquisimeto
Barranquilla
Barre Montpelier Times Argus
Bartaman
Basellandschaftliche Zeitung
Basler Zeitung
Batesville Guard
Battle Creek
Bay City
Bayane Al Yaoume
Bayonne Community News
BDG
Beaver County Times
Beaver Dam Daily Citizen
Beaverton Valley Times
Beebe News
Beeld
Beijing Youth Daily
Belaruski Chas
Belarussian language:
BelGazeta
Bellaire
Belleville
Belleville Area Independent
Belleville News-Democrat
Beloit Daily News
Belorusskaya Lesnaya Gazeta
Belorusy i Rynok
Bennington Banner
Benton County Daily Record
Benton Courier
Beresford Republic
Bergens Tidende
Bergensavisen
Berita Harian
Berita Harian
Berkeley Daily Planet
Berliner Morgenpost
Berliner Zeitung
Berlingske Tidende
Berner Zeitung
Berria
Berthoud Weekly Surveyor
BH Dani
BharatSamachar.com
Bhroer Kagoj
Bhutantimes
Bi-County Herald
Bieler Tagblatt
BILD
Bilingual
Bilingual newspapers:
Billings Gazette
Billings Outpost
BirGun
Birmingham
Birmingham News
Bisbee Observer
Bismarck Tribune
Bisnis Indonesia
Bizim Asr-Nash Vek-Our Century
Blaoio
Blesk
Blic
Blick
Blissfield
Blue Mountains Gazette
Blytheville Courier-News
Bobruyskiy Kurier
Bogota
Bohol Bantay Balita
Borba
Borneo Post
Boston Herald
Boston Herald
Boulder City News
Boulder County Business Report
Boulder Weekly
Brandon Valley Challenger
Brattleboro Reformer
Brimley
Bristol Bay Times
Brooklyn
Broomfield Enterprise
Brush News-Tribune
Bucaramanga
Budapest Sun
Buenos Aires Herald
Burlingame Daily News
Burlington County Times
Burlington Free Press
Burlington Hawk Eye
Bush Blade
Business
Business Day
Business Lexington
Business Line
Business Mirror
Business Recorder
Business Standard
Business Update
BusinessWorld
Cabot Star-Herald
Cadillac
Cadillac Evening News
Caledonian-Record
Calgary Herald
Calgary Sun
Cali
California Staats-Zeitung
Camden News
Cannon Beach Gazette
Canon Cafe
Canon City Daily Record
Canton Observer
Canyon Courier
Cape Argus
Cape Cod Times
Cape May County Herald
Cape Times
Capital
Capital City Weekly
Capital Journal
Capital Press
Capital Times
Caracas
Carbondale Valley Journal
Caribbean Business
Carlisle Independent
Cartagena
Casa Grande Dispatch
Casper Star-Tribune
Catholic Sentinel
Catholic Sun
Cebu Daily News
Cedar Rapids Gazette
Central Daily News
Central Oregonian
Central Penn Business Journal
Centre Daily Times
Char-Koosta News
Charleston Daily Mail
Charlotte Observer
Chattanooga Times/Chattanoogo Free Press  or
Cheboygan Daily Tribune
Chelsea Standard
Cherry Hill Courier-Post
Chiamami Citta
Chicago Sun-Times
Chicago Sun-Times
Chicago Tribune
Chicago Tribune
Chico Enterprise-Record
Chilkat Valley News
China Daily
China Post
China Times
Chinese
Chinese
Chinese
Chinese
Chinese Commercial News
Chino Champion
Chippewa Herald
Chosun Ilbo
Chronicle-Herald
Chungang Ilbo
Chungcheong Daily
Citizens' Voice
City News Los Angeles
City Press
Ciudad Guayana
Clackamas Review
Claridad
Clarin
Clarion-Ledger
Clarkston
Clave
Cleburne County Sun-Times
Cleveland Plain Dealer
Clinton
Coldwater
Colorado Daily
Colorado Springs Independent
Columbia City Paper
Columbia Daily Tribune
Columbia Flier web site
Columbia Missourian
Columbus Ledger-Enquirer
Columbus Telegram
Comercio do Porto
Commercial Appeal
Commercial Dispatch
Communist Party of Vietnam Website
Compact
Concord Monitor
Cong An Police
Connecticut Post
Contra Costa Times
Copper River Record
Cordele Dispatch
Cordova Times
Corpus Christi Caller-Times
Correio Braziliense
Correio da Manha
Correio do Minho
Correio Popular
Correo del Caroni
Corriere del Ticino
Corriere della Sera
Corriere delle Alpi
Corriere dell'Umbria
Cortez Journal
Corvallis Gazette-Times
Cotidianul
County Press
Courier News
Courrier International
Crain's Detroit Business
Cranbury Press
Crawford County Avalanche
Creative Loafing - Atlanta weekly
Critica En Linea
Cronica de la tarde
Cuenca
Cuget Liber (Free Thought
Cumberland Times-News
Cumhuriyet
Curry Coastal Pilot
Cyprus Mail
Cyprus Weekly
Daejeon Ilbo
Dagblad van het Noorden
Dagbladet
Dagbladet Arbejderen
Dagbladet Borsen
Dagbladet Information
Dagbladet Politiken
Dagens Nyheter.
Daily Akhbar
Daily Annis
Daily Asaas
Daily Ausaf
Daily Awaz
Daily Azadi
Daily Camera
Daily Capital News/Post-Tribune
Daily Cheragh
Daily Din
Daily Dispatch
Daily Express
Daily Express
Daily Express
Daily Hampshire Gazette
Daily Herald
Daily Ibrat
Daily Intekhab
Daily Ireland
Daily Jang
Daily Jasarat
Daily Jefferson County Union
Daily Jinnah
Daily Kawish
Daily Khabrain
Daily Mail
Daily Mail
Daily Mashriq
Daily Mehran
Daily Messenger
Daily Mirror
Daily Mirror
Daily Nation
Daily Nebraskan
Daily News
Daily News
Daily News
Daily News
Daily News
Daily News
Daily News
Daily News-Sun
Daily O'Collegian
Daily Oklahoman
Daily Pakistan
Daily Press
Daily Press and Argus
Daily Record / Sunday Mail
Daily Siftings Herald
Daily Sports
Daily Star
Daily Star
Daily Star
Daily Sun
Daily Telegraph
Daily Times
Daily Times Chronicle
Daily Times-Call
Daily Tribune
Daily Ummat
Daily Voice
Daily Wahdat
Daily WIZMEN
Dainik Bhaskar
Dainik Jagran
Dainik Sahara
Dallas Times Herald
Damascus/Boring Observer
Dan
Danas
Danville News
Dawn
Dayton Daily News
Daytona Beach News Journal
De Gentenaar
De Morgen
De Mujer A Mujer
De Queen Bee
De Queen Daily Citizen
De Standaard
De Telegraaf
De Tijd
De Volkskrant
Dearborn Times-Herald
Deccan Chronicle
Deccan Herald
Decision
Decorah Posten
Deepika
Delaware State News
Delo
Delo ?
Delovaya Stolitsa
Delta County Independent
Delta Discovery
Delta Wind
Democrat and Chronicle
Den
Denver Business Journal
Denver Daily News
Denver Post
Der Bund
Der Standard
Der Tagesspiegel
Der Yid
Des Moines Register
Deseret Morning News
Desert Voice
Destak
Detroit Free Press
Detroit Jewish News
Detroit Metropolitan Airport News
DeWitt Era-Enterprise
Dexter Leader
Dia a Dia
Diamond Field Advertiser
Diario Co Latino
Diario de Noticias
Diario del Norte
Diario do Nordeste
Diario do Povo
Diario Economico
Diario El Mundo
Diario Extra
Diario Extra
Diario HOY
Diario las Americas
Diario Libre
Diario Rio Negro
Diario Super
Diario VEA
Die Burger
Die Presse
Die Sudostschweiz
die tageszeitung
Die Welt
Die Weltwoche
Die Zeit
Diena
Dillon Tribune
Dimanche.ch
Din Kal
Dina Bhoomi
Dina Malar
Dina Thandi
Dinakaran
Divayina
DNA
Dneven Trud
Dnevni Avaz
Dnevni List
Dnevnik
Dnevnik
Dnevnik
Dnyaprovets
Dolomiten
Dominion Post
Dong-a Ilbo
Dongyang Ilbo
Donyaye eqtesad
Door County Advocate
Dothan Eagle
Douglas County Business Magazine
Douglas County News-Press
Dover Post
Dresdner Neueste Nachrichten
Dubuque Telegraph Herald
Duluth News Tribune
Dunden Bugune Tercuman
Dunya
Dutch Harbor Fisherman
Dutch language:
DV
Dziennik Baltycki
Dziennik Polska-Europa-Swiat
Eagle Times
Eagle Valley Enterprise
East African Business Week
East African Business Week
East African Business Week
East African Standard
East Bay Daily News
East Clackamas County Gazette
East County News
East Oregonian
East Valley & Scottsdale Tribune
Eastern Oklahoma Catholic
Eau Claire Leader-Telegram
Ech-Chaab
Echo
Economic Daily News
Ecos
Ecostiera
Edmonton Journal
Edmonton Sun
Eenadu
Eesti Ekspress
Eesti Paevaleht
Ekspres Politika
Ekstra Bladet
El Aragueno
El Carabobeno
El Caribe
El Central Hispanic News
El Clarin
El Colombiano
EL COLOMBIANO
El Colono
El Comercio
El Comercio from Lima
El Correo
El Defensor-Chieftain
El Dia
El Diario
El Diario
El Diario de Caracas
El Diario de El Paso  -- El Paso
El Diario de Hoy
El Diario La Prensa
El Dorado News-Times
El Economista
El Economista
El Espacio
El Espectador
El Espectador
El Excelsior
El Faro
El Financiero
El Financiero
El Globo
El Heraldo
El Heraldo
El Heraldo
El Imparcial
El Impulso
El Informador
El Khabar
El Massa
El Mercurio
El Mercurio
EL Mercurio de Manta
El Mercurio de Valparaiso
El Meridiano
El Meridiano de Cordoba
El Metro
El Metropolitano
El Miami Post
El Mundo
El Mundo
El Mundo
El Mundo
El Mundo Deportivo
El Nacional
El Nacional
El Norte
El Nuevo Dia
El Nuevo Herald
El Nuevo Pais
El Nuevo Siglo
El Observador
El Pais
El Pais
El Panama America
El Paso Times
El Periodico
El Pilon
El Planeta
El Reportero
El Siglo
El Siglo
El Sol de Margarita
El Sur
El Telegrafo
El Tiempo
EL Tiempo
El Tiempo from Chiclayo
El Todo Bayamon
El Todo Carolina
El Universal
El Universal
El Universal
El Universo
El Vocero
El Watan
El-Arabi
Electronic Times
Eleftheros Kosmos
Eleftheros Typos
Eleftherotypia
Elkhart Truth
Elko Daily Free Press
Emirates Today
Emporia Gazette
English
English
English
English
English
English
English
English
English language:
Entekhab
Eqtedaare Melli Weekly
Ergatiki Alleligi
Erhvervsbladet
Erie Times-News
Estacada News
Ester Republic
Estes Park Trail-Gazette
Estia
Etemad
Ethnos
Ettelaat Int.
Evansville Courier & Press
Evenimentul Zilei
Evening Times
Evrensel
Evrofutbol
Expreso
Expreso from Lima
Express
Express Post
Expressen
Expresso
Fairbanks Daily News-Miner
Fakt
Fakty i Kommentarii
Fanatik
Farmington Daily Times
Farmington Observer
Fath
Fayetteville Observer
Feral Tribune
Filipino Reporter
Finance
Financial and Economics
Financial Express
Financial Mirror
Financial Times
Financial Times Deutschland
Florida Jewish News
Florida Keys Keynoter
Florida Times-Union
Florida Today
Foinse
Folha de Sao Paulo
Fort Myers News-Press
Fort Scott Tribune
Fort Worth Star Telegram
Foster's Daily Democrat
Fotomac
Frankfurter Allgemeine Zeitung
Frankfurter Neue Presse
Frankfurter Rundschau
Free Newspapers
Free Press Journal
Free Tabloid
Freiburger Nachrichten
Fremont Tribune
French language:
Frettablaoio
Friday Times
Frontera
Frontiersman
Gadsden Times
Gainesville Sun
Galapagos
Galveston County Daily News
Gana Shakti
Gandul
Gangwon Ilbo
Gara
Garden City Observer
Garden City Telegram
Gardianul
Gaylord Herald Times
Gazet Van Antwerpen
Gazeta
Gazeta de Sud
Gazeta Polska
Gazeta Pomorska
Gazeta Prawna
Gazeta Slonimskaya
Gazeta Sporturilor
Gazeta Wyborcza
Gazette van Detroit
Gazzetta del Mezzogiorno
Gazzetta del Sud
Gazzetta di Mantova
Gazzetta di Modena
Gazzetta di Reggio
Gestion from Lima
Gibraltar Chronicle
Gilroy Dispatch
Giornale del Popolo
Giornale del Popolo
Giornale di Brescia
Giornale di Sicilia
Gladwin County Record
Glas javnosti
Glas Koncila
Glas Slavonije
Globes
Globus
Gloucester County Times
Gloucester Daily Times
God's Field
Golas Radzimy
Gomhoria
Good News in South Florida
Goshen News
Goteborgs-Posten
Grand County's Sky-Hi News
Grand Forks Herald
Grand Haven Tribune
Grand Island Independent
Grand Junction Free Press
Grand Rapids Business Journal
Grand Rapids Press
Grand Traverse Herald
Granma
Grants Pass Daily Courier
Great Falls Tribune
Green Bay Press-Gazette
Green Left Weekly
Green Valley News
Green Valley News & Sun
Greensboro News & Record
Grosse Pointe News
Grunion Gazette
GT
Guangzhou Daily
Guayaquil
Gujarat Samachar
Gulf Daily News
Gulf News
Gulf Times
Gunes
Gunnison County Times
Guo Ji Ri Bao
Gwinnett Daily Post
Gyeonghyang Shinmun
Haama Daily
Haaretz
Halka ve Olaylara Tercuman
Hambastegi
Hamburger Abendblatt
Hamburger Morgenpost
Ha-meuaker
Hamshahri
Hamvatan salam
Handelsblatt
Hankook Gyeongjae
Harakah
Haravgi
Harian Metro
Harrison Daily Times
Hartford Courant
Hastings Tribune
Haveeru Daily
Hawaii Catholic Herald
Hawaii Free Press
Hawaii Island Journal
Hawaii Tribune-Herald
Haxtun-Fleming Herald
Hayat-e nou eco.
Headlight-Herald
Headline Daily
Helena Independent Record
Hellenic Journal
Hellenic Times
Helsingin Sanomat
Henderson Gleaner
Henderson Home News
Herald & Tribune
Herald and News
Herald Democrat
Herald Economy
Herald-Mail
Herald-Tribune
Hermiston Herald
Het Belang van Limburg
Het Laatste Nieuws
Het Nieuwsblad
Het Parool
Het Volk
High Country News
High Plains Reader
Hillsboro Argus
Hillsborough Beacon
Hillsdale Daily News
hizbollah
Hoboken Reporter
Hochi Shimbun
Hollister Free Lance
Holos Ukrayiny
Home News Tribune
Homer News
Homer Tribune
Honduras This Week
Hong Kong Commercial Daily
Hong Kong Economic Journal
Hong Kong Economic Times
Honolulu Advertiser
Honolulu Star-Bulletin
Honolulu Weekly
Hood River News
Hope Star
Hopewell Valley News
Hospodarske Noviny
Hot Springs Village Voice
Houghton Lake Resorter
Houston Chronicle
Houston Chronicle
Houston Post
Hoy
Hrisi Avgi
Hua Mei Jih Pao
Hudson Post-Gazette
Hufvudstadsbladet
Huntsville Times
Huron Daily Tribune
Huron Plainsman
Huron River Weekly
Hurriyet
Hurriyet
Ibarra
Idaho Mountain Express
Idaho State Journal
Idaho Statesman
Il Centro
Il Corriere dello sport
Il Foglio
Il Giornale
Il Giornale di Vicenza
Il Golfo
Il Manifesto
Il Mattino
Il Messaggero
Il Piccolo
Il Resto del Carlino
Il Risorgimento
Il Sole 24 Ore
Il Tempo
Il Tirreno
Ilanga
Ilanga Langesonto
Ile Camera
Ilgan Sports
Il-Gens
Illum
Iltalehti
Ilta-Sanomat
Imperial Valley Press
In Amazigh:
In Arabic:
In French:
In Our Country's Defense
Independent
Independent Evening News
Independent on Saturday
Indian Country Today
India-West
Indo Pos
Indonesia Shang Bao
Indonesian
Inland Valley Daily Bulletin
In-Nazzjon / Il-Mument
Inqilab
Intelnews
International Herald Tribune
International Herald Tribune
Intex-Press
Iosco County News-Herald
Iowa Bystander
Iowa City Press-Citizen
Iran
Iran Times International
Iraq Sun
Irish Examiner
Irish Voice
Ironwood Daily Globe
Isolezwe
Italian Tribune News
Italian Tribune-La Tribuna del Popolo
ItaliaOggi
Ittefaq
Izvestia
J News
J Nuus
Jackson County Legal News
Jacksonville Patriot
Jag Bani
Jamaica Observer
Janakantha
Janathavani
Janesville Gazette
Jansatta
Japanese
Japanese
Japanese
Javan
Jawa Pos
Jazeeraa Daily
Jednota
Jefferson Post
Jersey City Reporter
Jersey Journal
Jerusalem Times
Jewish Herald-Voice
Jewish News of Greater Phoenix
Jewish Press
Jewish Review
Johnson County Graphic
Jomhoury
Jonesboro Sun
Joongang Ilbo
Joplin Globe
Jordan Times
Jornal de Negocios
Jornal de Noticias
Jornal do Brasil
Jornal do Fundao
Journal and Courier
Journal du Jura
Journal Gazette
Journal Inquirer
Journal of Commerce
Journal Times
Journal Tribune
Journal-Advocate
Jugantor
Juneau Empire
Jurnalul National
Jutarnji list
Juventud Rebelde
Ka Leo O Hawaii
Kabul Weekly
Kach Nazar
Kalamazoo County Wide Newspaper
Kalamazoo Gazette
Kaleva
Kannada Prabha
Kannapolis Citizen
Kapital
Kashmir Post
Kathimerini
Kathimerini
Kauno diena
Kayhan
Kearney Hub
Keene Sentinel
Kennebec Journal
Kenosha News
Kent County Daily Times
Kenya Times
Ketchikan Daily News
Key West Citizen
Khabran
Khaleej Times
Khane Mellat
Khorasan
Khordad
Kibris
King County Journal
Kingston Whig Standard
Kinmen Daily News
Kiowa County Press
Kitchener-Waterloo Record
Kitsap Sun
Kitsap Sun
Kleine Zeitung
Knoxville News Sentinel
Knoxville News-Sentinel
Kodiak Daily Mirror
Koh Santepheap Daily
Kol Al-Fenoun
Kolner Express
Kolner Stadt-Anzeiger
Kommersant
Kompas
Komsomolskaya Pravda
Kook
Koran Tempo
K'orio Chyonal
Korrespondent
Kosmo!
Krasnaya Zvezda
Kristeligt Dagblad
Kronenzeitung
Kronika
Kuensel
Kukje Shinmun
Kullhadd
Kurier
Kurir
Kuwait Times
Kvalls-Posten
Kyiv Post
Kyrgyz language
La
La Capital
La Croix
La Cronica de hoy
La Crosse Tribune
La Democracia
La Derniere Heure
La Estrella de Nicaragua
La Estrella de Panama
La Estrella Norte
La Estrella Oeste
La Gaceta
La Gaceta
La Gazette Du Maroc
La Gazzetta dello Sport
La Hora
La Hora
La Hora
La Jornada
La Junta
La Junta Tribune Democrat
La Libre Belgique
La Meuse
La Nacion
La Nacion
La Nacion
La Nacion
La Nacion
La Nation
La Nouvelle Republique
La Nouvelle Tribune
La Nueva Cuba
La Nueva Provincia
La Nuova Sardegna
La Opinion
La Opinion
La Opinion
La Opinion del Sur
La Padania
La Perla del Sur
La Prensa
La Prensa
La Prensa
La Prensa
La Prensa Grafica
La Prensa Libre
La Presse
La Provincia
La Provincia-Guanacaste
La Razon
la Regione Ticino
La Repubblica
La Republica
La Republica from Lima
La Segunda del Meridiano
La Semana
La Sicilia
La Stampa
La Tarde
La Tercera
La Tribuna de New Jersey & New York
La Tribune
La Tribune
La Vanguardia
La Verdad
La Verdad
La Vie Eco
La Voce del Popolo
La Voz
La Voz
La Voz del Interior
Lafayette County Press
Laiks
Lake County Examiner
Lake Orion Eccentric
Lake Oswego Review
Lake Powell Chronicle
Lamar Daily News
Lankadeepa
L'Anse Sentinel
Lansing State Journal
Lao o?ng Labour
Laramie Boomerang
Laredo Morning Times  Laredo
Las Cruces Sun-News
Las ultimas Noticias
Las Vegas Review-Journal
Las Vegas Sun
Latacunga
Latino Press
Lauku Avize
Lawton Constitution
Le Canard enchaine
Le Courrier
Le Devoir
Le Droit
Le Figaro
Le Matin
Le Matin
Le Monde
Le Monde diplomatique
Le Nouvelliste
Le Parisien
Le Peuple
Le Quotidien d'Oran
Le Quotidien Jurassien
Le Renovateur
Le Soir
Le Soir d'Algerie
Le Soleil
Le Temps
Leadership E-Magazine
Leadville Chronicle
Lebanon Express
L'Echo de la Bourse
L'Eco di Bergamo
L'Economiste
L'equipe
Les echos
Les Nouvelles du Nord
L'Espresso
Lewiston Morning Tribune
Lexington Herald-Leader
L'Express
L'Humanite
Lianhe Wanbao
Lianhe Zaobao
Liberation
Liberation
Libero
Liberta
Libertatea
Liberte
Liberty Times
Lidove Noviny
Liechtensteiner Vaterland
Liechtensteiner Volksblatt
Lien Ho Jih Pao
Lietuvos Rytas
L'Impartial
Lincoln Journal Star
L'Informazione della Valconca
L'Informazione di San Marino
Linzer Zeitung
Listin Diario
Livonia Observer
Ljiljan
L'observateur
Local and Regional
Local and Regional Newspapers
Lodi News-Sentinel
Log Cabin Democrat
Loja
Loksatta
Long Beach Press-Telegram
Long Island Business News
Long Island Exchange
Lonoke Democrat
L'Opinion
l'Orient le Jour
L-Orizzont / It-Torca
Los Andes
Los Andes
Los Angeles Daily Journal
Los Angeles Herald-Tribune
Los Angeles Sentinel
Los Angeles Times
Los Angeles Times
Los Gatos Daily News
Los Gatos Observer
Los Gatos Weekly Times
L'Osservatore Romano
Lraper
Lubbock Avalanche-Journal
Ludington Daily News
L'Unione Sarda
L'Unita
Lush For Life
Luso-Americano
Lytle Leader News  Lytle
Maalai Murasu
MaalaiMalar
Maariv
Macao Daily News
Macas
Machala
Mackinac Island Town Crier
Macomb
Macomb Daily
Macon Telegraph  - Macon daily
Maeil Gyeongjae
Maghreb Arab Press
Maghreb Confidential
Maghreb Confidentiel
Magyar Hirlap
Magyar Nemzet
Magyar Szo
Magyarsag
Maharashtra Times
Mail & Guardian
Mail Tribune
Maine Sunday Telegram
Mainichi Shimbun
Makedonia
Makedonska Tribuna
Makkal Kural
Malay
Malay
Malaya
Malayala Manorama
Malden Evening News
Malibu Surfside News
Malibu Times
Malta Business Weekly
MaltaToday
Malvern Daily Record
Manager
Manavzamin
Manchester Daily Express
Manchester Enterprise
Mandarin Daily News
Manila Bulletin
Manila Times
Manitowoc Herald Times Reporter
Manta
Manteca Bulletin
Maracaibo
Maracay
Marca
Marianas Business Journal
Marianas Variety
Marin Independent Journal
Marinette-Menominee Eagle Herald
Maroc hebdo
Marshfield News-Herald
Mason City Globe-Gazette
Mathrubhumi
Matichon
Matsu Daily
Mat-Su Valley Frontiersman
Maui News
Mayaguez Star
McClusky Gazette
Medellin
Medford Daily Mercury
Media Indonesia
Merced Sun-Star
Meridian Mach
Meridiano
Metro
Metro
Metro
Metro Hoy
Metro International
Metro International
Metro Times
Metro Weekly
Metropolis Daily
metroXpress
Mi Diario
Miadhu Daily
Miami Herald
Miami New Times
Michigan Christian Advocate
Michigan Chronicle
Mid-Day
Middle East Economic Digest
Middle East Times
Midland Daily News
Miju Han'guk
Milagro
Milan News
Milano Finanza
Mile High News.Com
Milenio
Milford Times
Milli Gazete
Milliyet
Milwaukee Journal-Sentinel
Min Sheng Bao
Mindanao Daily Mirror
Mindanao Gold Star Daily
Mindanao Times
Ming Pao
Mining Journal
Minivan Daily
Minju Joson
Minot Daily News
Minskiy Kurier
Mint
Missoula Independent
Missoulian
Mlada fronta DNES
Moffat County News
Mohave Valley Daily News
Molalla Pioneer
Molokai Island Times
Monday Magazine
Monday Morning
Monitor
Monroe Business Journal
Monroe Evening News
Monroe Guardian
Monroe Times
Montana Standard
Monterey County Weekly
Monterey Herald
Monteria
Montgomery Advertiser
Montmorency County Tribune
Montreal Gazette
Montrose Daily Press
Morenci
Morgenavisen Jyllands-Posten
Morgunblaoio
Morning Herald
Morning News
Morning Sentinel
Morning Sun
Moro Information Agency
Moscow News
Moscow Times
Moskovskiy Komsomolets
Moskovskiye Novosti
Mount Airy News
Mountain Mail
Movement for Democratic Change
MSN
Multi-language:
Musavat
Muskegon Chronicle
Muzykalnaya Gazeta
My Paper
Najwyzszy Czas
Nam Vietnam Government Portal
Nanfang Daily
Nanyang Siang Pau
Naples Daily News
Narodna Volia
Narodne Noviny
Narodnye Naviny Vitsebska
Nashville Leader
Nasz Dziennik
National
National
National Broadsheets and Berliners
National Herald
National Jewish Post and Opinion
National Post
National Tabloids
Natsional'na Trybuna/Shliakh Peremohy
Navajo Hopi Observer
Navajo Times
Navbharat Times
Navigator
Nawai Watan
Nawa-i-Waqt
Naya Diganta
Neatkariga Rita Avize
Neatkarigas Tukuma Zinas
Nederlands Dagblad
Nemzeti Sport
Nepszabadsag
Nepszava
Nepujsag
Neue Luzerner Zeitung
Neue Osnabrucker Zeitung
Neue Westfalische
Neue Zurcher Zeitung
Neues Deutschland
Nevada Appeal
Nevada County Picayune
New Age
New Baltimore
New Hampshire Union Leader
New Haven Register
New Hungarian Word
New Pittsburgh Courier
New Sabah Times
New Straits Times
New York Amsterdam News
New York Daily News
New York Post
New Yorker Staats-Zeitung
New Yorkin Uutiset
New Zealand Herald
Newark Star-Ledger
Newport Daily Express
Newport Daily Independent
News Chief
NEWS Frankfurt
News Herald
News India Times
News-Bulletin
Newsday
Newsday
Newsday
News-Leader
Newsline
News-Times
News-Topic
Newton Citizen  - Covington
Nezavisimaya Gazeta
Nezavisne Novine
Nhan Dan The People
Nichi Bei Times
Nihon Keizai Shimbun
Nikkan Sports
Niles
Nine O' Clock
Nogales International
Nome Nugget
Nor Serund
Nordamerikansiche Wochen-post
Norden
Nordstjernan-Svea
Norfolk Daily News
Norrkopings Tidningar
North Adams Transcript
North Africa Journal
North Bergen Reporter
North County Times
North Forty News
North Platte Telegraph
Northern Colorado Business Report
Northern Express
Northville Record
Northwest Arkansas Times
Norway
Norway Post
Norway Times-Nordisk Tidende
Norwich Bulletin
Noshten Trud
Noticias del Mundo
Notitarde
Novaya Gazeta
Novi
Novi list
Novi Plamen
Novinar
Novoe Russkoe Slovo
Novoye Vremya
Novy Chas
Novye Izvestia
Nowy Dziennik
NRC Handelsblad
Nuova Ferrara
O Dia
O Estado de Minas
O Estado de Sao Paulo
O Globo
O Independente
O Jogo
O Povo
O Primeiro de Janeiro
Oakland Tribune
Oberosterreichische Nachrichten
Obschestvennyi reyting
Observer Eccentric
Ocala Star-Banner
Ocean County Observer
Oceana's Herald-Journal
Ojo from Lima
Oklahoma Gazette
Omaha Star
Omaha World-Herald
Ontario Community News
Orange County Register
Oregon City News
Oriental Daily News
Oriental Daily News
Oriental Sports Daily
Orlando Sentinel
Oroville Mercury-Register
Orthodoxos Tipos
Ortodogu
Oscoda
Oshkosh Northwestern
Oslobodenje
Otago Daily Times
Ottawa Citizen
Ottawa Sun
Ouest-France
Out Front Colorado
Outreach
Owensboro Messenger-Inquirer
Oxford Eccentric
Oxford Leader
Pacific Business News
Pacific Citizen
Pacific Daily News
Pacific Daily News
Pagina 12
Pahonia
Pahrump Valley Times
Pakistan Observer
Pakistan Times
Palau Horizon
Palestine Times
Palm Beach Post
Palo Alto Daily News
Palos Verdes Peninsula News
Panorama
Paragould Daily Press
Pari
Paris Express
Park City Daily News
Pawnee Chief
Payson Roundup
Peninsula Clarion
Peninsula Daily News
Pensacola News Journal
People's Daily
People's Weekly World
Periodico 26
Periodico Hoy
Petersburg Pilot
Petit Jean County Headlight
Petoskey
Philadelphia Daily News
Philadelphia Tribune
Phileleftheros
Philippine Daily Inquirer
Philippine Headline News
Philippine News
Philippine News
Philippine Star
Phnom Penh Post
Phoenix Gazette
Phoenix New Times
Phong Liberated Saigon
Piggott Times
Pine Bluff Commercial
Pine River Times
Pioneer
Pittsburgh Post-Gazette
Pittsburgh Post-Gazette
Pittsburgh Tribune-Review
Pittsburgh Tribune-Review
Plain Talk
Plymouth
Pohjois-Amerikan Uutiset
Politika
Politiken
Politis
Polityka
Ponce Star
Porlamar
Portage Daily Register
Porterville Recorder
Portland Press Herald
Portland Tribune
Portoviejo
Positanonews
Post
Post Independent
Post Today
Post-Bulletin- Rochester
Postimees
Post-Tribune
Poughkeepsie Journal
Prabhat Khabar
Praja Vani
Prati Din
Pravda
Pravda
Pravo
Prensa La Verdad
Prensa Libre
Presque Isle County Advance
Press
Press & Sun-Bulletin
Press and Guide
Press and Journal
Press Argus-Courier
Press Enterprise
Press of Atlantic City
Press-Register
Pretoria News
Primera Hora
Primera Hora
Primorske novice
Primorski Dnevnik
Primorski dnevnik
ProSport
Prothom Alo
Publico
Published from bathinda Punjab
Pueblo Chieftain
Puls Biznesu
Punjab Kesari
Punjabi
Purbanchal
Quad-City Times
Quds
Quebec Chronicle-Telegraph
Quevedo
Quito
Radikal
Raices
Rajoul-Echaree
Rancho Cucamonga
Rapid City Journal
Rapport
Rawlins Daily Times
Re Ji Ri Bao
Reading Eagle
Real Detroit Weekly
Record
Record Courier
Record Searchlight
Record-Journal
Red Bluff Daily News
Redford Observer
Redlands Daily Facts
Redwood City Daily News
Reforma
Reformatorisch Dagblad
Regional
Reno Gazette-Journal
Reporter-Herald.com
Republican-American
Republika
Resalat
Respublika
Review Republican
Rheinische Post
Rhinelander Daily News
Richland Express
Richmond Times-Dispatch
Rigas Balss
Rigas Balss
Rio Blanco Herald Times
Riobamba
Riyadh Daily
Rizospastis
Rochester Eccentric
Rockdale Citizen
Rockdale Neighbor
Rocky Mount Telegram
Rocky Mountain News
Rodong Sinmun
Rola Boza
Romania libera
Rossiyskaya Gazeta
Roswell Daily Record
Rudge Ramos Jornal
Rumbo de Mexico
Russellville Courier
Russkaia Zhizn
Russkii Kurier
Russky Golos
Rutland Herald
Rzeczpospolita
Saamna
Sabah
Sachsische Zeitung
Sacramento Observer
Sada al-Watan
Saipan Tribune
Sajjan
Sakal
Saline Reporter
Salisbury Post
Salzburger Nachrichten
Samoa News
Samoa Observer
San Antonio Current
San Antonio Express-News
San Antonio Light
San Cristobal
San Diego Jewish Times
San Francisco Chronicle
San Francisco Daily
San Francisco Examiner
San Francisco Herald
San Gabriel Valley Tribune
San Jose Mercury News
San Mateo County Times
San Mateo Daily News
San Pedro Valley News-Sun
Sangbad
Sangram
Sankei Shimbun
Sankei Sports
Santa Barbara Daily Sound
Santa Barbara News-Press
Santa Cruz Sentinel
Santa Fe New Mexican
Santa Fe Times
Santa Maria Sun
Santa Maria Times
Santa Monica Daily Press
Saptamana Financiara
Saturday Dispatch
Saudi Gazette
Savannah Morning News
Saymukta Karnataka
Scotland on Sunday
Scranton Times
Scranton Tribune
Seaside Signal
Seattle Post-Intelligencer
Seattle Weekly
Secaucus Reporter
Sedona Red Rock News
Sega
Segodnya
Segye Ilbo
Semanario Universidad
Sentinel & Enterprise
Sentinel-Record
Seoul Shinmun
Seputar Indonesia
Serichon Prachamiti
Seven Days
Seward Phoenix Log
Shabab Yemeni
Shakti
Shanghai Daily
Shanghai Xinmin Evening News
Sharg
Shargh
Shawano Leader
Sheboygan Press
Sherwood Voice
Shih Chieh Jih Pao
Shihan
Showtime
Sierra Vista Herald
Siglo XXI
Silski Visti
Silumina
Silver City Online News
Simerini
Sin Chew Jit Poh
Sinar Harapan
Sinar Harian
Sing Pao
Sing Tao Daily
Sinhala
Sinhan Minbo
Sioux City Journal
Siskiyou Daily News
Sitka Sentinel
Siuslaw News
Skagit Valley Herald
Skagway News
SL Õhtuleht
Slobodna Bosna
Slobodna Dalmacija
Slovak Spectator
Slovenske novice
Slovo Kyrgyzstana
SME
Snowmass Village Sun
Snyder Daily News
Soccer-Laduma
Sokol Times
Sol
Son
Sooner Catholic
Source/Advisor Newspaper
South Bend Tribune
South Brunswick Post
South China Morning Post
South Florida Sun-Sentinel
South Lyon
South Valley News
South Wales Echo
Southbridge Evening News
Southfield
Southside Reporter
Southwest Times Record
Sovetskaya Belorussia
Sovetskaya Rossiya
Sovetskiy Sport
Sowetan
Sparks Tribune
Specified
Spinal Column Newsweekly
Spokesman-Review
Sport
Sport
Sports
Sports Chosun
Sports Nippon
Sports Seoul
Sportske novosti
Sportski zurnal
St. Albans Messenger
St. Galler Tagblatt
St. Louis Post-Dispatch
St. Paul Pioneer Press
St. Petersburg Times
Standard-Examiner
Standard-Journal
Standard-Times
Standart
Star
Star Gazette
Star News McCall
Star Tribune
Star-Herald
Star-News
Star-News
Stars and Stripes
State Journal
Statesboro Herald
Statesman Journal
Stavanger Aftenblad
Steamboat Pilot & Today
Stevens Point Journal
Stillwater NewsPress
Stilos Orthodoxias
Stockbridge
Stohos
Straitsland Resorter
Straitsland Resorter
Streats
Sturgis
Suara Pembaruan
Sudan Tribune
Suddeutsche Zeitung
Summerlin News
Summit Daily News
Sun Journal
Sun News
Sun Post
Sunday Independent
Sunday Observer
Sunday Punch
Sunday Punch
Sunday Sun
Sunday Tribune
Sunday World
Sun-Sentinel
Sunstar Daily
Superior Telegram
Svenska Dagbladet
Svoboda
Swiss American Review
Sydsvenska Dagbladet
Syracuse Post-Standard
Syria Times
Szabadsag
Ta Kung Pao
Ta Kung Pao
Ta Nea
Tages Anzeiger
Tahoe Daily Tribune
Taipei Times
Taiwan Daily
Taiwan News
Taiwan Times
Tal & Qual
Tal Cual
Tallahassee Democrat
Tamil
Tamil
Tamil
Tamil Murasu
Tamil Nesan
Tampa Tribune
Taos News
Taunton Daily Gazette
Tawiza
Taylor Daily Press
Tecumseh Herald
Tehran Times
Telegram & Gazette
Telegram Newspaper
Temple Daily Telegram
Tempo
Terre Haute Tribune-Star
Thai Post
Thai Rath
Thanh Nien website  Youth
The  Capital
The  Daily Times
The 50 states and Washington
The Advertiser
The Advocate
The Advocate
The Age
The Albany Herald
The Anniston Star
The Argus
The Arizona Republic
The Arizona Republic
The Ashley News Observer
The Asian Reporter
The Atkins Chronicle
The Atlanta Journal-Constitution
The Atlanta Journal-Constitution
The Australian
The Australian Financial Review
The Azeri Times
The Badger Herald
The Baltic Times
The Baltimore Examiner
The Baltimore Sun
The Baltimore Sun
The Bangladesh Observer
The Banner-News
The Barbados Advocate
The Barefoot Tattler
The Baxter Bulletin
The Bay City Times
The Beacon
The Beaufort Gazette
The Belfast Telegraph
The Belize Times
The Bellingham Herald
The Benton Courier
The Berkshire Eagle
The Berlin Daily Sun
The Bhutan Times
The Blade
The Blast
The Bohol Standard
The Boston Globe
The Boston Globe
The Bridgeton News
The Bristol Press
The Brooklyn Rail
The Brown Daily Herald
The Brunei Times
The Buffalo News
The Building Tradesman
The Bulletin
The Business Journal
The Cairns Bulletin .
The Cairns Northern News .
The Call
The Cambodia Daily
The Canberra Times
The Cavalier Daily
The Chapel Hill News
The Charleston Gazette
The Cheney Free Press
The Christian Science Monitor
The Chronicle
The Chronicle
The Cincinnati Enquirer
The Cincinnati Post
The Citizen
The Citizen
The Citizen
The Citizen
The Citizen Telegraph
The Coeur d'Alene Press
The Colorado Springs Business Journal
The Colorado Statesman
The Coloradoan
The Columbian
The Columbus Dispatch
The Columbus Dispatch
The Conway Daily Sun
The Courier
The Courier
The Courier Index
The Courier-Journal
The Courier-Mail
The Craig Daily Press
The Crested Butte News
The Creston Valley Advance
The Cullman Times
The Daily Advance
The Daily Advertiser
The Daily Astorian
The Daily Barbados
The Daily Breeze
The Daily Bruin Los Angeles
The Daily Californian
The Daily Campus  at UConn.
The Daily Cardinal
The Daily Citizen
The Daily Courier
The Daily Democrat
The Daily Dispatch
The Daily Dispatch
The Daily Independent
The Daily Item
The Daily Item
The Daily Journal
The Daily Journal
The Daily Journal
The Daily Local News
The Daily Messenger
The Daily Mining Gazette
The Daily Nation
The Daily News
The Daily News
The Daily News
The Daily News
The Daily News
The Daily News Journal Murfreesboro
The Daily News of Newburyport
The Daily News Transcript
The Daily News Tribune
The Daily Press
The Daily Record
The Daily Record
The Daily Republic
The Daily Sentinel
The Daily Star
The Daily Telegram
The Daily Telegraph
The Daily Territorial
The Daily Texan
The Daily Triplicate
The Daily World
The Daily World
The Daily Yomiuri
The Dallas Morning News
The Dallas Morning News
The Dalles Chronicle
The Dartmouth  at Dartmouth College
The Davis Enterprise
The Day
The Decatur Daily
The Denver Post
The Desert Advocate
The Desert Sun
The Detroit Free Press
The Detroit News
The Detroit News
The Dispatch
The Dominion Post
The Durango Herald
The Eagle-Tribune
The East African
The East Carolinian
The Eastern Arizona Courier
The Economic Observer
The Economic Times
The Enterprise
The Eureka Reporter
The Evening News
The Exponent
The Express-Times
The Financial Gazette
The Finger Lakes Times
The Flint Journal
The Flume
The Fort Morgan Times
The Forum of Fargo-Moorhead
The Forward/Forverts
The Fountain Hills Times
The Frederick News-Post
The Free Lance-Star
The Freeman
The Fresno Bee
The Frontier Post
The Gardner News
The Gazette
The Gleaner
The Globe and Mail
The Goldsboro News-Argus
The Greenville News
The Guardian
The Guardian
The Guardian Weekly
The Gurdon Times
The Hankyoreh
The Hartford Courant
The Herald
The Herald
The Herald
The Herald
The Herald
The Herald
The Herald / Sunday Herald
The Herald Journal
The Herald News
The Herald News
The Herald Palladium
The Herald Sun
The Herald-Dispatch
The Herald-Journal
The Herald-Leader
The Herald-Sun
The Hindu
The Hindu Business Line
The Hindustan Times
The Holland Sentinel
The Hour
The Idaho Press-Tribune
The Illawarra Mercury
The Independent
The Independent
The Independent
The Independent-Mail
The Index-Journal
The Indian Express
The Indianapolis Star
The Inlander
The Intelligencer
The Inter-Mountain
The Irish Independent
The Irish News
The Irish Times
The Iron County Reporter
The Island
The Island Packet
The Item
The Jackson Citizen Patriot
The Jackson Sun
The Jakarta Post
The Jamestown Sun
The Japan Times
The Jerusalem Post
The Johnstown Breeze
The Jonesboro Sun
The Journal News
The Kalkaskian
The Kansas City Star
The Kent Island Bay Times
The Kentucky Kernel
The Kingman Daily Miner
The Kinston Free Press
The Knoxville Journal
The Korea Herald
The Korea Times
The Laconia Daily Sun
The Lansing State Journal
The Lawrence Journal-World
The Lawrence Ledger
The Leelanau Enterprise
The Louisville Voice-Tribune
The Madras Pioneer - Madras
The Malta Independent
The Malta Independent on Sunday
The Maneater
The Manhattan Mercury
The Manville News
The Marlette Leader
The Mercury
The Messenger-Press
The MetroWest Daily News
The Miami Herald
The Middletown Press
The Milford Daily News
The Modesto Bee
The Monitor
The Morgan County Citizen
The Morning Call
The Morning News
The Morning Quick
The Morning Star
The Morning Sun
The Mountain Democrat
The Mountain Ear
The Mountain Mail
The Mountain Press
The Mountain Times
The Napa Valley Register
The Nation
The Nation
The Navajo Times
The New Anatolian
The New Indian Express
The New Jersey Herald
The New Nation
The New Paper
The New Vision
The New York Daily News
The New York Observer
The New York Post
The New York Times
The New York Times
The Newark Post
The Newark Star-Ledger
The Newberg Graphic
The Newport Daily News
The News
The News & Observer
The News Letter
The News of Mexico City
The News Star
The News Tribune
The News-Enterprise
The News-Item
The News-Register
The News-Review
The News-Sentinel
The News-Times
The Newzimbabwe
The North Coast Citizen
The Northwest Arkansas Times
The Oakland Press
The Observer
The Observer
The Oklahoma Daily
The Olathe News
The Olympian
The Ontonogan Herald
The Orange County Register
The Oregonian
The Oregonian
The Outlook
The Outlook Afghanistan
The Paducah Sun
The Pagosa Springs Sun
The Parker Pioneer
The Parkersburg News
The Parkersburg Sentinel
The Patriot Ledger
The Patriot-News
The Philadelphia Daily News
The Philadelphia Inquirer
The Philadelphia Inquirer
The Plain Dealer
The Polk County Itemizer Observer
The Portland Alliance
The Portsmouth Herald
The Post and Courier
The Post and Courier
The Post-Crescent
The Post-Journal
The Prague Daily Monitor
The Prague Post
The Press
The Press and Journal
The Press Republican
The Press-Democrat
The Press-Enterprise
The Princeton Packet
The Providence Journal
The Record
The Record
The Recorder
The Record-Observer
The Red and Black
The Register Citizen
The Register-Guard
The Register-News
The Reidsville Review
The Reporter
The Reporter
The Reporter
The Republican
The Republican & Herald
The Rico Bugle
The Roanoke Times
The Robesonian
The Romeo Observer
The Sacramento Bee
The Saginaw News
The Salem News
The Salinas Californian
The Salt Lake Tribune
The San Diego Union-Tribune
The San Francisco Chronicle
The San Juan Star
The Sandy Post
The Sanford Herald
The Scotsman
The Search
The Seattle Post-Intelligencer
The Seattle Times
The Seattle Times
The Sentinel
The Sentinel
The Sentinel-Record
The Sharon Advocate
The Signal
The Skanner
The Southern Herald .
The Southern Star
The Sowetan
The Spartan Daily
The Spectator
The St. Paul Pioneer Press
The Stageman International
The Standard
The Stanly News and Press
The Star
The Star
The Star
The Star
The Star
The Star Democrat
The Star Extra
The Star Tribune
The State
The State News
The Staten Island Advance
The Statesman
The Straits Times
The Stranger
The Stuttgart Daily Leader
The Sun
The Sun
The Sun
The Sun
The Sun
The Sun
The Sun / News of the World
The Sun Chronicle
The Sun Herald
The Sun Journal
The Sun News
The Sunday Post
The Sunday Telegraph
The Sunday Times
The Sunday Times
The Sunday Times
The Sunday Times
The Sundaymail
The Sun-Herald
The Sun-Times
The Sydney Morning Herald
The Technique
The Telegraph
The Telegraph
The Telluride Watch
The Tennessean
The Tico Times
The Times
The Times
The Times
The Times
The Times
The Times and Democrat
The Times Herald
The Times of India
The Times of Malta
The Times of Northwest Indiana
The Times Record
The Times Record
The Times-News Twin Falls
The Times-Picayune
The Times-Tribune
The Trentonian
The Tribune
The Tribune
The Tribune
The Tribune-Democrat
The Trinidad Times Independent
The Union
The Union-Democrat
The Vail Trail
The Vientiane Times
The Vindicator
The Virginian-Pilot
The Virginian-Pilot
The Voice of Cambodia
The Wall Street Journal
The Washington Post
The Washington Times
The Weekender
The Weekly Herald Angels Sing
The Weekly Musician
The Weekly Observer
The Weekly Vista
The Wenatchee World
The West Australian
The Westerly Sun
The Western Mail
The Wichita Eagle
The Wickenburg Sun
The Winslow Mail
The Wood River Journal
The World
The Yellow Scene
The York Dispatch
The Zimbabwean
The Zimmirror
The Zimobserver
The Zimstandard
TheWeek
This Day
Thurgauer Zeitung
Tiempos del Mundo
Tiesa
Times Herald Record
Times Indicator
Times Leader
Times News
Times of Grass Lake
Times of Oman
Times Union
Times West Virginian
TimesDaily
Times-Herald
Times-Herald
Times-News
Timpolis
Tiroler Tageszeitung
TNT Mirror
To Vima
Tobago News
Today
Today
Today's Local News
Today's News Herald
Today's Sunbeam
Todo Norte
Tokyo Sports
Topeka Capital-Journal
Toronto Star
Toronto Sun
Tory Eccentric
Tous
Town Meeting
Town Topics
Trabajadores
Tracy Press
Traverse City Record-Eagle
Trenton Times
Tribun Kaltim
Tribuna
Tribuna da Imprensa
Tribune Chronicle
Tribune de Geneve
Tri-City Herald
Tri-County Times
Trierischer Volksfreund
Tri-Lakes Tribune
Trilingual
Trinidad and Tobago Express
Trinidad and Tobago Newsday
Trinidad and Tobago Review
Trinidad Guardian
Tri-Valley Herald
Trouw
Trud
Trust Post
Tsaytung/Zeitung
Tucson Citizen
Tulare Advance-Register
Tulcan
Tulsa World
Tundra Drums
Turkish Daily News
Turkish Times
Turkiye
Turlock Journal
Turun Sanomat
Tuscaloosa News
Uch nogta
Udaya Vani
uj Magyar Szo
Ukrain'ski Visti
Ukrains'ki Visti
Ukrayina Moloda
Ukrayinska Pravda
Ultimas Noticias
ultimas Noticias
Ultime Notizie
UmAfrika
UNIAN
Union City Reporter
Union Daily Times
United Daily News
Urban
Uryadovy Kuryer
USA Today
USA Today
Usha Kirana
Utica Daily Press
Utica Observer-Dispatch
Uttaranchal
Utusan Malaysia
Utusan Melayu
Utusan Sarawak
Va Kio Daily
Vaartha
Vaartha Bhaarathi
Vaba Eesti Sona
Vaghaye Etefaghyeh
Vail Daily News
Vakaru ekspresas
Vakit
Valdez Star
Valencia
Valledupar
Valley Courier
Valley News
Vancouver Courier
Vancouver Province
Vancouver Sun
Vanderbilt
Vanguardia Liberal
Vassar
Vatan
Vecer
Vecernje novosti
Vecernji list
Vecherniy Bishkek
Vecherniy Brest
Vecherniy Grodno
Vecherniy Minsk
Vecherniye Vesti
Vedomosti
Ventura County Star
Verde Independent
Verdens Gang
Vers l'Avenir
Vi?t Bao Vietnam News online
Victoria Times-Colonist
VietNamNet VietNamNet
Vijay Times  also e-paper
Vijaya Karnataka  also e-paper
Villager Journal
Virakesari
Visalia Times-Delta
Visayan Daily Star
Vitebskiy Kurier
Viva Vietnam VivaVietnam
Vjesnik
VnExpress VnExpress
Vo Slavu Rodiny
Volksblad
Voruta
Vradini
Vremya
Vremya Novostei
Vyapaar
Vyshka
Waco Tribune-Herald
Waikato Times
Wakefield Daily Item
Wales on Sunday
Wall Street Journal
Wall Street Journal
Walla Walla Union-Bulletin
Warwick Daily Times
Washington Afro-American
Washington Blade
Washington City Paper
Washington Post
Washington Times
Washington Tribune
Watauga Democrat
Waterloo-Cedar Falls Courier
Watertown Daily Times
Watsonville Register-Pajaronian
Watts Star-Review
Waukesha Freeman
Wausau Daily Herald
Wayland
WAZ
WB
Weehawken Reporter
Weekendavisen
Wen Wei pao
Wen Wei Po
West Bend Daily News
West Bloomfield Eccentric
West Linn Tidings
West New York Reporter
West Valley News
Westdeutsche Allgemeine Zeitung
Westfalenblatt
Westfield Evening News
Westland Observer
Westword
Wet Mountain Tribune
Wheeling News-Register
White Mountain Independent
Wiener Zeitung
Wilkes Journal-Patriot
Willamette Week
Williams-Grand Canyon News
Williamsport Sun Gazette
Wilmington News Journal
Wilsonville Spokesman
Windsor-Hights Herald
Winston-Salem Journal
Wisconsin Rapids Daily Tribune
Wisconsin State Journal
World Sikh News
Wprost
Wyoming Tribune-Eagle
Xalg Gazeti
Xinhua
Xinmin Ribao
Xinmin Wanbao
XPRESS
Yakima Herald-Republic
Yale Daily News  at Yale
Yangcheng Evening Post
Yas-e-no
Yated Ne'eman
Yated Ne'eman
Yedioth Ahronoth
Yemen Observer
Yemen Times
Yeni Asya
Yeni cag
Yeni Mesaj
Yeni Safak
Yomiuri Shimbun
York Daily Record 
Ypsilanti Courier 
Yuma Daily Sun 
Zajednicar
Zaman
Zerkalo Nedeli
Zero Hora
Ziarul 
Ziarul Financiar 
Ziua 
ZOCALO
Zulu
Zvyazda  
Zycie Warszawy
