Adriatic Sea
Aegean Sea
Alboran Sea
Amundsen Gulf
Amundsen Sea
Andaman Sea
Arabian Sea
Arafura Sea
Aral Sea
Arctic Ocean
Atlantic Ocean
Baffin Bay
Baltic Sea
Banda Sea
Barents Sea
Bay of Bengal
Bay of Biscay
Bay of Fundy
Beaufort Sea
Bellingshausen Sea
Bering Sea
Bismarck Sea
Black Sea
Bohai Sea
Bohol Sea
Caribbean Sea
Caspian Sea
Catalan Sea
Celebes Sea
Celtic Sea
Ceram Sea
Chilean Sea
Chukchi Sea
Coral Sea
Davis Sea
Dead Sea
East China Sea
East Siberian Sea
Flores Sea
Great Australian Bight
Great Salt Lake
Greenland Sea
Gulf of Aden
Gulf of Alaska
Gulf of Bothnia
Gulf of California
Gulf of Carpentaria
Gulf of Guinea
Gulf of Mexico
Gulf of Oman
Gulf of Sidra
Gulf of St. Lawrence
Gulf of Thailand
Gulf St. Vincent
Halmahera Sea
Hudson Bay
Indian Ocean
Ionian Sea
Irish Sea
James Bay
Java Sea
Kara Sea
Laptev Sea
Ligurian Sea
Lincoln Sea
Mediterranean Sea
Mindanao Sea
Mirtoon Sea
Molucca Sea
North Sea
Norwegian Sea
Pacific Ocean
Persian Gulf
Philippine Sea
Red Sea
Ross Sea
Salish Sea
Salton Sea
Sargasso Sea
Savu Sea
Scotia Sea
Sea of Azov
Sea of Cortez
Sea of Crete
Sea of Galilee
Sea of Japan
Sea of Marmara
Sea of Okhotsk
Sea of the Hebrides
Seto Inland Sea
Solomon Sea
South China Sea
Southern Ocean
Spencer Gulf
Sulu Sea
Tasman Sea
Thracian Sea
Timor Sea
Tyrrhenian Sea
Weddell Sea
White Sea
Yellow Sea
