Abraham Lincoln
Andrew Jackson
Andrew Johnson
Benjamin Harrison
Bill Clinton
Calvin Coolidge
Chester Arthur
Dwight Eisenhower
Franklin Pierce
Franklin Roosevelt
George H. W. Bush
George W. Bush
George Washington
Gerald Ford
Grover Cleveland
Harry Truman
Herbert Hoover
James Buchanan
James Garfield
James Madison
James Monroe
James Polk
Jimmy Carter
John Adams
John Kennedy
John Quincy Adams
John Tyler
Lyndon Johnson
Martin Van Buren
Millard Fillmore
Richard Nixon
Ronald Reagan
Rutherford Hayes
Theodore Roosevelt
Thomas Jefferson
Ulysses Grant
Warren Harding
William Harrison
William McKinley
William Taft
Woodrow Wilson
Zachary Taylor
Adams
Arthur
Buchanan
Bush
Carter
Cleveland
Clinton
Coolidge
Eisenhower
Fillmore
Ford
Garfield
Grant
Harding
Harrison
Harrison
Hayes
Hoover
Jackson
Jefferson
Johnson
Kennedy
Lincoln
Madison
McKinley
Monroe
Nixon
Pierce
Polk
Reagan
Roosevelt
Taft
Taylor
Truman
Tyler
Van Buren
Washington
Wilson
