This file contains any messages produced by compilers while
running configure, to aid debugging if configure makes a mistake.

configure:730: checking for a BSD compatible install
configure:783: checking whether build environment is sane
configure:840: checking whether make sets ${MAKE}
configure:886: checking for working aclocal
configure:899: checking for working autoconf
configure:912: checking for working automake
configure:925: checking for working autoheader
configure:938: checking for working makeinfo
configure:972: checking for gcc
configure:1085: checking whether the C compiler (gcc  ) works
configure:1101: gcc -o conftest    conftest.c  1>&5
configure:1127: checking whether the C compiler (gcc  ) is a cross-compiler
configure:1132: checking whether we are using GNU C
configure:1160: checking whether gcc accepts -g
configure:1196: checking for c++
configure:1228: checking whether the C++ compiler (c++  ) works
configure:1244: c++ -o conftest    conftest.C  1>&5
configure:1270: checking whether the C++ compiler (c++  ) is a cross-compiler
configure:1275: checking whether we are using GNU C++
configure:1303: checking whether c++ accepts -g
configure:1352: gcc -c -g -O2  conftest.c 1>&5
configure:1369: gcc -c -g -O2  conftest.c 1>&5
configure: In function 'main':
configure:1365:1: warning: incompatible implicit declaration of built-in function 'exit' [enabled by default]
configure:1386: checking how to run the C preprocessor
configure:1467: checking whether gcc needs -traditional
configure:1513: checking whether make sets ${MAKE}
configure:1541: checking for Cygwin environment
configure:1574: checking for mingw32 environment
configure:1678: checking host system type
configure:1699: checking build system type
configure:1728: checking for ld used by GCC
configure:1796: checking if the linker (/usr/bin/ld) is GNU ld
configure:1813: checking for /usr/bin/ld option to reload object files
configure:1825: checking for BSD-compatible nm
configure:1863: checking whether ln -s works
configure:1884: checking how to recognise dependant libraries
configure:2057: checking for object suffix
configure:2083: checking for executable suffix
configure:2124: checking command to parse /usr/bin/nm -B output
configure:2300: checking for dlfcn.h
configure:2478: checking for ranlib
configure:2545: checking for strip
configure:3053: checking for objdir
configure:3080: checking for gcc option to produce PIC
configure:3232: checking if gcc PIC flag                          -fPIC works
configure:3298: checking if gcc static flag -static works
configure:3340: checking if gcc supports -c -o file.o
configure:3388: checking if gcc supports -c -o file.lo
configure:3453: checking if gcc supports -fno-rtti -fno-exceptions
configure:3466: gcc -c -g -O2 -fno-rtti -fno-exceptions -c conftest.c  conftest.c 1>&5
cc1: warning: command line option '-fno-rtti' is valid for C++/ObjC++ but not for C [enabled by default]
cc1: warning: command line option '-fno-rtti' is valid for C++/ObjC++ but not for C [enabled by default]
configure:3493: checking whether the linker (/usr/bin/ld) supports shared libraries
configure:4109: checking how to hardcode library paths into programs
configure:4137: checking whether stripping libraries is possible
configure:4151: checking dynamic linker characteristics
configure:4537: checking if libtool supports shared libraries
configure:5030: checking whether -lc should be explicitly linked in
configure:5629: checking for strerror in -lcposix
configure:5671: checking for Cygwin environment
configure:5713: checking how to run the C++ preprocessor
configure:5756: checking for ANSI C header files
configure:5865: checking for string.h
configure:5865: checking for stdlib.h
configure:5865: checking for unistd.h
configure:5865: checking for fcntl.h
configure:5865: checking for math.h
configure:5865: checking for ctype.h
configure:5865: checking for sys/types.h
configure:5865: checking for sys/stat.h
configure:5865: checking for sys/mman.h
configure:5865: checking for sys/times.h
configure:5865: checking for windows.h
configure:5906: checking for mmap
configure:5963: checking for pow in -lm
configure:6006: checking for main in -lstdc++
configure:6046: checking whether make is GNU Make
configure:6074: checking for perl5
configure:6130: checking for svm_learn
configure:6179: checking for gzip
configure:6220: checking if c++ supports stl <vector> (required)
configure:6233: c++ -c -O3 -Wall  conftest.C 1>&5
configure:6252: checking if c++ supports stl <map> (required)
configure:6265: c++ -c -O3 -Wall  conftest.C 1>&5
configure:6284: checking if c++ supports stl <functional> (required)
configure:6297: c++ -c -O3 -Wall  conftest.C 1>&5
configure:6316: checking if c++ supports stl <algorithm> (required)
configure:6329: c++ -c -O3 -Wall  conftest.C 1>&5
configure:6348: checking if c++ supports stl <string> (required)
configure:6361: c++ -c -O3 -Wall  conftest.C 1>&5
configure:6380: checking if c++ supports stl <iostream> (required)
configure:6393: c++ -c -O3 -Wall  conftest.C 1>&5
configure:6412: checking if c++ supports stl <strstream> (required)
configure:6425: c++ -c -O3 -Wall  conftest.C 1>&5
In file included from /usr/include/c++/4.6/backward/strstream:52:0,
                 from configure:6416:
/usr/include/c++/4.6/backward/backward_warning.h:33:2: warning: #warning This file includes at least one deprecated or antiquated header which may be removed without further notice at a future date. Please use a non-deprecated interface with equivalent functionality instead. For a listing of replacement headers and interfaces, consult the file backward_warning.h. To disable this warning use -Wno-deprecated. [-Wcpp]
configure:6444: checking if c++ supports stl <fstream> (required)
configure:6457: c++ -c -O3 -Wall  conftest.C 1>&5
configure:6476: checking if c++ supports stl <iterator> (required)
configure:6489: c++ -c -O3 -Wall  conftest.C 1>&5
configure:6508: checking if c++ supports stl <stdexcept> (required)
configure:6521: c++ -c -O3 -Wall  conftest.C 1>&5
configure:6541: checking if c++ supports template <class T> (required)
configure:6556: c++ -c -O3 -Wall  conftest.C 1>&5
configure:6575: checking if c++ supports const_cast<> (required)
configure:6589: c++ -c -O3 -Wall  conftest.C 1>&5
configure: In function 'int main()':
configure:6584:9: warning: unused variable 'c1' [-Wunused-variable]
configure:6608: checking if c++ supports static_cast<> (required)
configure:6622: c++ -c -O3 -Wall  conftest.C 1>&5
configure: In function 'int main()':
configure:6617:10: warning: unused variable 'c1' [-Wunused-variable]
configure:6641: checking if c++ supports dynamic_cast<> (required)
configure:6656: c++ -c -O3 -Wall  conftest.C 1>&5
configure: In function 'int main()':
configure:6651:9: warning: unused variable 'c1' [-Wunused-variable]
configure:6675: checking if c++ supports exception handler (required)
configure:6695: c++ -c -O3 -Wall  conftest.C 1>&5
configure: In function 'int main()':
configure:6684:11: warning: unused variable 'i' [-Wunused-variable]
configure:6714: checking if c++ supports namespaces (required) 
configure:6728: c++ -c -O3 -Wall  conftest.C 1>&5
configure: In function 'int main()':
configure:6723:3: warning: unused variable 'a' [-Wunused-variable]
configure:6748: checking if c++ uses std namespace 
configure:6763: c++ -c -O3 -Wall  conftest.C 1>&5
configure:6821: checking if c++ environment provides all required features
